[ 2017-10-26T11:16:04+08:00 ] 127.0.0.1 /statics/js/common.js?
ERR: 无法加载控制器:Statics

[ 2017-10-26T11:16:13+08:00 ] 127.0.0.1 /statics/js/common.js?
ERR: 无法加载控制器:Statics

[ 2017-10-26T11:16:24+08:00 ] 127.0.0.1 /statics/js/common.js?
ERR: 无法加载控制器:Statics

[ 2017-10-26T11:16:26+08:00 ] 127.0.0.1 /statics/js/common.js?
ERR: 无法加载控制器:Statics

[ 2017-10-26T11:31:27+08:00 ] 127.0.0.1 /index.php?g=&m=AdminPost&a=delete&id=3
INFO: [ app_begin ] --START--
INFO: Run Behavior\ReadHtmlCacheBehavior [ RunTime:0.000388s ]
INFO: Run Behavior\CheckLangBehavior [ RunTime:0.001071s ]
INFO: Run Common\Behavior\UrldecodeGetBehavior [ RunTime:0.000231s ]
INFO: [ app_begin ] --END-- [ RunTime:0.002129s ]
INFO: [ admin_begin ] --START--
INFO: Run Common\Behavior\AdminDefaultLangBehavior [ RunTime:0.001230s ]
INFO: [ admin_begin ] --END-- [ RunTime:0.001311s ]
SQL: SHOW COLUMNS FROM `xcx_users` [ RunTime:0.0006s ]
SQL: SELECT * FROM `xcx_users` WHERE `id` = '1' LIMIT 1   [ RunTime:0.0003s ]
SQL: SHOW COLUMNS FROM `xcx_posts` [ RunTime:0.0006s ]
SQL: SHOW COLUMNS FROM `xcx_terms` [ RunTime:0.0005s ]
SQL: SHOW COLUMNS FROM `xcx_term_relationships` [ RunTime:0.0006s ]
SQL: UPDATE `xcx_posts` SET `post_status`='3' WHERE `id` = 3 [ RunTime:0.0004s ]

[ 2017-10-26T11:32:16+08:00 ] 127.0.0.1 /index.php?g=&m=AdminPost&a=restore&id=3
INFO: [ app_begin ] --START--
INFO: Run Behavior\ReadHtmlCacheBehavior [ RunTime:0.000402s ]
INFO: Run Behavior\CheckLangBehavior [ RunTime:0.000953s ]
INFO: Run Common\Behavior\UrldecodeGetBehavior [ RunTime:0.000240s ]
INFO: [ app_begin ] --END-- [ RunTime:0.002017s ]
INFO: [ admin_begin ] --START--
INFO: Run Common\Behavior\AdminDefaultLangBehavior [ RunTime:0.001130s ]
INFO: [ admin_begin ] --END-- [ RunTime:0.001208s ]
SQL: SHOW COLUMNS FROM `xcx_users` [ RunTime:0.0006s ]
SQL: SELECT * FROM `xcx_users` WHERE `id` = '1' LIMIT 1   [ RunTime:0.0002s ]
SQL: SHOW COLUMNS FROM `xcx_posts` [ RunTime:0.0006s ]
SQL: SHOW COLUMNS FROM `xcx_terms` [ RunTime:0.0005s ]
SQL: SHOW COLUMNS FROM `xcx_term_relationships` [ RunTime:0.0005s ]
SQL: UPDATE `xcx_posts` SET `post_status`='1' WHERE `id` = 3 AND `post_status` = 3 [ RunTime:0.0004s ]

[ 2017-10-26T11:33:33+08:00 ] 127.0.0.1 /index.php?g=&m=AdminPost&a=delete&id=3
INFO: [ app_begin ] --START--
INFO: Run Behavior\ReadHtmlCacheBehavior [ RunTime:0.000529s ]
INFO: Run Behavior\CheckLangBehavior [ RunTime:0.001179s ]
INFO: Run Common\Behavior\UrldecodeGetBehavior [ RunTime:0.000343s ]
INFO: [ app_begin ] --END-- [ RunTime:0.002443s ]
INFO: [ admin_begin ] --START--
INFO: Run Common\Behavior\AdminDefaultLangBehavior [ RunTime:0.001411s ]
INFO: [ admin_begin ] --END-- [ RunTime:0.001508s ]
SQL: SHOW COLUMNS FROM `xcx_users` [ RunTime:0.0005s ]
SQL: SELECT * FROM `xcx_users` WHERE `id` = '1' LIMIT 1   [ RunTime:0.0002s ]
SQL: SHOW COLUMNS FROM `xcx_posts` [ RunTime:0.0006s ]
SQL: SHOW COLUMNS FROM `xcx_terms` [ RunTime:0.0011s ]
SQL: SHOW COLUMNS FROM `xcx_term_relationships` [ RunTime:0.0005s ]
SQL: UPDATE `xcx_posts` SET `post_status`='3' WHERE `id` = 3 [ RunTime:0.0003s ]

[ 2017-10-26T11:42:03+08:00 ] 127.0.0.1 /index.php?g=&m=AdminAds&a=delete&id=429
INFO: [ app_begin ] --START--
INFO: Run Behavior\ReadHtmlCacheBehavior [ RunTime:0.000686s ]
INFO: Run Behavior\CheckLangBehavior [ RunTime:0.001311s ]
INFO: Run Common\Behavior\UrldecodeGetBehavior [ RunTime:0.000737s ]
INFO: [ app_begin ] --END-- [ RunTime:0.003573s ]
INFO: [ admin_begin ] --START--
INFO: Run Common\Behavior\AdminDefaultLangBehavior [ RunTime:0.000949s ]
INFO: [ admin_begin ] --END-- [ RunTime:0.001034s ]
SQL: SHOW COLUMNS FROM `xcx_users` [ RunTime:0.0005s ]
SQL: SELECT * FROM `xcx_users` WHERE `id` = '1' LIMIT 1   [ RunTime:0.0003s ]
SQL: SHOW COLUMNS FROM `xcx_ads` [ RunTime:0.0007s ]
SQL: SHOW COLUMNS FROM `xcx_categorys` [ RunTime:0.0005s ]
SQL: SHOW COLUMNS FROM `xcx_ads_relationships` [ RunTime:0.0009s ]
SQL: UPDATE `xcx_ads` SET `post_status`='3' WHERE `id` = 429 [ RunTime:0.0004s ]

[ 2017-10-26T11:45:06+08:00 ] 127.0.0.1 /index.php?g=&m=AdminAds&a=delete
INFO: [ app_begin ] --START--
INFO: Run Behavior\ReadHtmlCacheBehavior [ RunTime:0.000448s ]
INFO: Run Behavior\CheckLangBehavior [ RunTime:0.001373s ]
INFO: Run Common\Behavior\UrldecodeGetBehavior [ RunTime:0.000307s ]
INFO: [ app_begin ] --END-- [ RunTime:0.002604s ]
INFO: [ admin_begin ] --START--
INFO: Run Common\Behavior\AdminDefaultLangBehavior [ RunTime:0.001142s ]
INFO: [ admin_begin ] --END-- [ RunTime:0.001230s ]
SQL: SHOW COLUMNS FROM `xcx_users` [ RunTime:0.0009s ]
SQL: SELECT * FROM `xcx_users` WHERE `id` = '1' LIMIT 1   [ RunTime:0.0008s ]
SQL: SHOW COLUMNS FROM `xcx_ads` [ RunTime:0.0011s ]
SQL: SHOW COLUMNS FROM `xcx_categorys` [ RunTime:0.0005s ]
SQL: SHOW COLUMNS FROM `xcx_ads_relationships` [ RunTime:0.0004s ]

[ 2017-10-26T11:45:25+08:00 ] 127.0.0.1 /index.php?g=&m=AdminAds&a=delete
INFO: [ app_begin ] --START--
INFO: Run Behavior\ReadHtmlCacheBehavior [ RunTime:0.000571s ]
INFO: Run Behavior\CheckLangBehavior [ RunTime:0.000973s ]
INFO: Run Common\Behavior\UrldecodeGetBehavior [ RunTime:0.001092s ]
INFO: [ app_begin ] --END-- [ RunTime:0.003427s ]
INFO: [ admin_begin ] --START--
INFO: Run Common\Behavior\AdminDefaultLangBehavior [ RunTime:0.000967s ]
INFO: [ admin_begin ] --END-- [ RunTime:0.001057s ]
SQL: SHOW COLUMNS FROM `xcx_users` [ RunTime:0.0006s ]
SQL: SELECT * FROM `xcx_users` WHERE `id` = '1' LIMIT 1   [ RunTime:0.0003s ]
SQL: SHOW COLUMNS FROM `xcx_ads` [ RunTime:0.0006s ]
SQL: SHOW COLUMNS FROM `xcx_categorys` [ RunTime:0.0019s ]
SQL: SHOW COLUMNS FROM `xcx_ads_relationships` [ RunTime:0.0005s ]

[ 2017-10-26T11:45:51+08:00 ] 127.0.0.1 /index.php?g=&m=AdminAds&a=delete
INFO: [ app_begin ] --START--
INFO: Run Behavior\ReadHtmlCacheBehavior [ RunTime:0.000627s ]
INFO: Run Behavior\CheckLangBehavior [ RunTime:0.001214s ]
INFO: Run Common\Behavior\UrldecodeGetBehavior [ RunTime:0.000517s ]
INFO: [ app_begin ] --END-- [ RunTime:0.003332s ]
INFO: [ admin_begin ] --START--
INFO: Run Common\Behavior\AdminDefaultLangBehavior [ RunTime:0.005851s ]
INFO: [ admin_begin ] --END-- [ RunTime:0.006085s ]
SQL: SHOW COLUMNS FROM `xcx_users` [ RunTime:0.0006s ]
SQL: SELECT * FROM `xcx_users` WHERE `id` = '1' LIMIT 1   [ RunTime:0.0003s ]
SQL: SHOW COLUMNS FROM `xcx_ads` [ RunTime:0.0008s ]
SQL: SHOW COLUMNS FROM `xcx_categorys` [ RunTime:0.0007s ]
SQL: SHOW COLUMNS FROM `xcx_ads_relationships` [ RunTime:0.0005s ]

[ 2017-10-26T20:44:05+08:00 ] 127.0.0.1 /index.php?g=&m=AdminAds&a=add_post
INFO: [ app_begin ] --START--
INFO: Run Behavior\ReadHtmlCacheBehavior [ RunTime:0.001482s ]
INFO: Run Behavior\CheckLangBehavior [ RunTime:0.002318s ]
INFO: Run Common\Behavior\UrldecodeGetBehavior [ RunTime:0.001124s ]
INFO: [ app_begin ] --END-- [ RunTime:0.005587s ]
INFO: [ admin_begin ] --START--
INFO: Run Common\Behavior\AdminDefaultLangBehavior [ RunTime:0.002610s ]
INFO: [ admin_begin ] --END-- [ RunTime:0.002706s ]
SQL: SHOW COLUMNS FROM `xcx_users` [ RunTime:0.0007s ]
SQL: SELECT * FROM `xcx_users` WHERE `id` = '1' LIMIT 1   [ RunTime:0.0003s ]
SQL: SHOW COLUMNS FROM `xcx_ads` [ RunTime:0.0006s ]
SQL: SHOW COLUMNS FROM `xcx_categorys` [ RunTime:0.0005s ]
SQL: SHOW COLUMNS FROM `xcx_ads_relationships` [ RunTime:0.0005s ]
SQL: INSERT INTO `xcx_ads` (`post_title`,`post_keywords`,`post_excerpt`,`post_discount`,`start_time`,`end_time`,`store_name`,`store_addr`,`store_contact`,`store_phone`,`post_date`,`post_content`,`post_modified`,`post_author`,`smeta`,`post_status`) VALUES ('广告1','广告1','广告1','广告1','2017-10-26 20:43','2017-10-31 20:43','广告1','广告1','广告1','广告1','2017-10-26 20:43:39','<p>广告1</p>','2017-10-26 20:44:05','1','portal/20171026/59f1d8934fa7a.png','0') [ RunTime:0.0016s ]
SQL: INSERT INTO `xcx_ads_relationships` (`cg_id`,`object_id`) VALUES ('4','430') [ RunTime:0.0005s ]

[ 2017-10-26T20:44:32+08:00 ] 127.0.0.1 /index.php?g=&m=AdminAds&a=add_post
INFO: [ app_begin ] --START--
INFO: Run Behavior\ReadHtmlCacheBehavior [ RunTime:0.001360s ]
INFO: Run Behavior\CheckLangBehavior [ RunTime:0.002203s ]
INFO: Run Common\Behavior\UrldecodeGetBehavior [ RunTime:0.001100s ]
INFO: [ app_begin ] --END-- [ RunTime:0.005357s ]
INFO: [ admin_begin ] --START--
INFO: Run Common\Behavior\AdminDefaultLangBehavior [ RunTime:0.003239s ]
INFO: [ admin_begin ] --END-- [ RunTime:0.003361s ]
SQL: SHOW COLUMNS FROM `xcx_users` [ RunTime:0.0014s ]
SQL: SELECT * FROM `xcx_users` WHERE `id` = '1' LIMIT 1   [ RunTime:0.0007s ]
SQL: SHOW COLUMNS FROM `xcx_ads` [ RunTime:0.0007s ]
SQL: SHOW COLUMNS FROM `xcx_categorys` [ RunTime:0.0006s ]
SQL: SHOW COLUMNS FROM `xcx_ads_relationships` [ RunTime:0.0004s ]
SQL: INSERT INTO `xcx_ads` (`post_title`,`post_keywords`,`post_excerpt`,`post_discount`,`start_time`,`end_time`,`store_name`,`store_addr`,`store_contact`,`store_phone`,`post_date`,`post_content`,`post_modified`,`post_author`,`smeta`,`post_status`) VALUES ('广告2','广告2','广告2','广告2','2017-10-26 20:44','2017-10-31 20:44','广告2','广告2','广告2','广告2','2017-10-26 20:44:10','<p>广告2</p>','2017-10-26 20:44:32','1','portal/20171026/59f1d8ad6add5.png','0') [ RunTime:0.0004s ]
SQL: INSERT INTO `xcx_ads_relationships` (`cg_id`,`object_id`) VALUES ('4','431') [ RunTime:0.0003s ]

[ 2017-10-26T20:45:11+08:00 ] 127.0.0.1 /index.php?g=&m=AdminAds&a=delete
INFO: [ app_begin ] --START--
INFO: Run Behavior\ReadHtmlCacheBehavior [ RunTime:0.001407s ]
INFO: Run Behavior\CheckLangBehavior [ RunTime:0.002148s ]
INFO: Run Common\Behavior\UrldecodeGetBehavior [ RunTime:0.001109s ]
INFO: [ app_begin ] --END-- [ RunTime:0.005314s ]
INFO: [ admin_begin ] --START--
INFO: Run Common\Behavior\AdminDefaultLangBehavior [ RunTime:0.002689s ]
INFO: [ admin_begin ] --END-- [ RunTime:0.002843s ]
SQL: SHOW COLUMNS FROM `xcx_users` [ RunTime:0.0011s ]
SQL: SELECT * FROM `xcx_users` WHERE `id` = '1' LIMIT 1   [ RunTime:0.0004s ]
SQL: SHOW COLUMNS FROM `xcx_ads` [ RunTime:0.0006s ]
SQL: SHOW COLUMNS FROM `xcx_categorys` [ RunTime:0.0004s ]
SQL: SHOW COLUMNS FROM `xcx_ads_relationships` [ RunTime:0.0004s ]
SQL: DELETE FROM `xcx_ads` WHERE `id` IN (429) [ RunTime:0.0003s ]
SQL: DELETE FROM `xcx_ads_relationships` WHERE `object_id` IN (429) [ RunTime:0.0002s ]

[ 2017-10-26T20:45:36+08:00 ] 127.0.0.1 /index.php?g=&m=AdminAds&a=delete
INFO: [ app_begin ] --START--
INFO: Run Behavior\ReadHtmlCacheBehavior [ RunTime:0.003487s ]
INFO: Run Behavior\CheckLangBehavior [ RunTime:0.002691s ]
INFO: Run Common\Behavior\UrldecodeGetBehavior [ RunTime:0.001164s ]
INFO: [ app_begin ] --END-- [ RunTime:0.009852s ]
INFO: [ admin_begin ] --START--
INFO: Run Common\Behavior\AdminDefaultLangBehavior [ RunTime:0.005521s ]
INFO: [ admin_begin ] --END-- [ RunTime:0.005651s ]
SQL: SHOW COLUMNS FROM `xcx_users` [ RunTime:0.0009s ]
SQL: SELECT * FROM `xcx_users` WHERE `id` = '1' LIMIT 1   [ RunTime:0.0005s ]
SQL: SHOW COLUMNS FROM `xcx_ads` [ RunTime:0.0008s ]
SQL: SHOW COLUMNS FROM `xcx_categorys` [ RunTime:0.0005s ]
SQL: SHOW COLUMNS FROM `xcx_ads_relationships` [ RunTime:0.0004s ]
SQL: DELETE FROM `xcx_ads` WHERE `id` IN (431,428) [ RunTime:0.0004s ]
SQL: DELETE FROM `xcx_ads_relationships` WHERE `object_id` IN (431,428) [ RunTime:0.0003s ]

[ 2017-10-26T20:45:52+08:00 ] 127.0.0.1 /index.php?g=&m=AdminAds&a=delete&id=430
INFO: [ app_begin ] --START--
INFO: Run Behavior\ReadHtmlCacheBehavior [ RunTime:0.000682s ]
INFO: Run Behavior\CheckLangBehavior [ RunTime:0.001179s ]
INFO: Run Common\Behavior\UrldecodeGetBehavior [ RunTime:0.000715s ]
INFO: [ app_begin ] --END-- [ RunTime:0.003004s ]
INFO: [ admin_begin ] --START--
INFO: Run Common\Behavior\AdminDefaultLangBehavior [ RunTime:0.002064s ]
INFO: [ admin_begin ] --END-- [ RunTime:0.002148s ]
SQL: SHOW COLUMNS FROM `xcx_users` [ RunTime:0.0007s ]
SQL: SELECT * FROM `xcx_users` WHERE `id` = '1' LIMIT 1   [ RunTime:0.0003s ]
SQL: SHOW COLUMNS FROM `xcx_ads` [ RunTime:0.0006s ]
SQL: SHOW COLUMNS FROM `xcx_categorys` [ RunTime:0.0010s ]
SQL: SHOW COLUMNS FROM `xcx_ads_relationships` [ RunTime:0.0005s ]
SQL: DELETE FROM `xcx_ads` WHERE `id` = 430 [ RunTime:0.0003s ]
SQL: DELETE FROM `xcx_ads_relationships` WHERE `object_id` = 430 [ RunTime:0.0002s ]

[ 2017-10-26T20:47:01+08:00 ] 127.0.0.1 /index.php?g=&m=AdminAds&a=add_post
INFO: [ app_begin ] --START--
INFO: Run Behavior\ReadHtmlCacheBehavior [ RunTime:0.000617s ]
INFO: Run Behavior\CheckLangBehavior [ RunTime:0.001483s ]
INFO: Run Common\Behavior\UrldecodeGetBehavior [ RunTime:0.000709s ]
INFO: [ app_begin ] --END-- [ RunTime:0.003354s ]
INFO: [ admin_begin ] --START--
INFO: Run Common\Behavior\AdminDefaultLangBehavior [ RunTime:0.001452s ]
INFO: [ admin_begin ] --END-- [ RunTime:0.001544s ]
SQL: SHOW COLUMNS FROM `xcx_users` [ RunTime:0.0013s ]
SQL: SELECT * FROM `xcx_users` WHERE `id` = '1' LIMIT 1   [ RunTime:0.0004s ]
SQL: SHOW COLUMNS FROM `xcx_ads` [ RunTime:0.0007s ]
SQL: SHOW COLUMNS FROM `xcx_categorys` [ RunTime:0.0005s ]
SQL: SHOW COLUMNS FROM `xcx_ads_relationships` [ RunTime:0.0003s ]
SQL: INSERT INTO `xcx_ads` (`post_title`,`post_keywords`,`post_excerpt`,`post_discount`,`start_time`,`end_time`,`store_name`,`store_addr`,`store_contact`,`store_phone`,`post_date`,`post_content`,`post_modified`,`post_author`,`smeta`,`post_status`) VALUES ('广告1','广告1','广告1','广告1','2017-10-26 20:46','2017-10-31 20:46','广告1','广告1','广告1','广告1','2017-10-26 20:46:36','<p>广告1</p>','2017-10-26 20:47:01','1','portal/20171026/59f1d93ecde70.png','0') [ RunTime:0.0003s ]
SQL: INSERT INTO `xcx_ads_relationships` (`cg_id`,`object_id`) VALUES ('5','432') [ RunTime:0.0002s ]

[ 2017-10-26T20:47:27+08:00 ] 127.0.0.1 /index.php?g=&m=AdminAds&a=add_post
INFO: [ app_begin ] --START--
INFO: Run Behavior\ReadHtmlCacheBehavior [ RunTime:0.001071s ]
INFO: Run Behavior\CheckLangBehavior [ RunTime:0.001860s ]
INFO: Run Common\Behavior\UrldecodeGetBehavior [ RunTime:0.000552s ]
INFO: [ app_begin ] --END-- [ RunTime:0.004192s ]
INFO: [ admin_begin ] --START--
INFO: Run Common\Behavior\AdminDefaultLangBehavior [ RunTime:0.001438s ]
INFO: [ admin_begin ] --END-- [ RunTime:0.001525s ]
SQL: SHOW COLUMNS FROM `xcx_users` [ RunTime:0.0009s ]
SQL: SELECT * FROM `xcx_users` WHERE `id` = '1' LIMIT 1   [ RunTime:0.0006s ]
SQL: SHOW COLUMNS FROM `xcx_ads` [ RunTime:0.0006s ]
SQL: SHOW COLUMNS FROM `xcx_categorys` [ RunTime:0.0004s ]
SQL: SHOW COLUMNS FROM `xcx_ads_relationships` [ RunTime:0.0004s ]
SQL: INSERT INTO `xcx_ads` (`post_title`,`post_keywords`,`post_excerpt`,`post_discount`,`start_time`,`end_time`,`store_name`,`store_addr`,`store_contact`,`store_phone`,`post_date`,`post_content`,`post_modified`,`post_author`,`smeta`,`post_status`) VALUES ('广告2','广告2','广告2','广告2','2017-10-26 20:47','2017-10-31 20:47','广告2','广告2','广告2','广告2','2017-10-26 20:47:02','<p>广告2</p>','2017-10-26 20:47:27','1','portal/20171026/59f1d95ce3962.png','0') [ RunTime:0.0004s ]
SQL: INSERT INTO `xcx_ads_relationships` (`cg_id`,`object_id`) VALUES ('4','433') [ RunTime:0.0003s ]

[ 2017-10-26T20:47:39+08:00 ] 127.0.0.1 /index.php?g=&m=AdminAds&a=edit_post
INFO: [ app_begin ] --START--
INFO: Run Behavior\ReadHtmlCacheBehavior [ RunTime:0.000598s ]
INFO: Run Behavior\CheckLangBehavior [ RunTime:0.001302s ]
INFO: Run Common\Behavior\UrldecodeGetBehavior [ RunTime:0.000609s ]
INFO: [ app_begin ] --END-- [ RunTime:0.002989s ]
INFO: [ admin_begin ] --START--
INFO: Run Common\Behavior\AdminDefaultLangBehavior [ RunTime:0.002831s ]
INFO: [ admin_begin ] --END-- [ RunTime:0.003129s ]
SQL: SHOW COLUMNS FROM `xcx_users` [ RunTime:0.0006s ]
SQL: SELECT * FROM `xcx_users` WHERE `id` = '1' LIMIT 1   [ RunTime:0.0003s ]
SQL: SHOW COLUMNS FROM `xcx_ads` [ RunTime:0.0008s ]
SQL: SHOW COLUMNS FROM `xcx_categorys` [ RunTime:0.0006s ]
SQL: SHOW COLUMNS FROM `xcx_ads_relationships` [ RunTime:0.0005s ]
SQL: UPDATE `xcx_ads` SET `post_title`='广告2',`post_keywords`='广告2',`post_excerpt`='广告2',`post_discount`='广告2',`start_time`='2017-10-26 20:47:00',`end_time`='2017-10-31 20:47:00',`store_name`='广告2',`store_addr`='广告2',`store_contact`='广告2',`store_phone`='广告2',`post_date`='2017-10-26 20:47:02',`post_content`='<p>广告2</p>',`post_modified`='2017-10-26 20:47:39',`smeta`='portal/20171026/59f1d95ce3962.png' WHERE `id` = '433' [ RunTime:0.0004s ]
SQL: UPDATE `xcx_ads_relationships` SET `cg_id`='4' WHERE `object_id` = '433' [ RunTime:0.0002s ]

[ 2017-10-26T20:48:07+08:00 ] 127.0.0.1 /index.php?g=&m=AdminAds&a=recommend&recommend=1
INFO: [ app_begin ] --START--
INFO: Run Behavior\ReadHtmlCacheBehavior [ RunTime:0.000543s ]
INFO: Run Behavior\CheckLangBehavior [ RunTime:0.001131s ]
INFO: Run Common\Behavior\UrldecodeGetBehavior [ RunTime:0.000590s ]
INFO: [ app_begin ] --END-- [ RunTime:0.002707s ]
INFO: [ admin_begin ] --START--
INFO: Run Common\Behavior\AdminDefaultLangBehavior [ RunTime:0.001725s ]
INFO: [ admin_begin ] --END-- [ RunTime:0.002138s ]
SQL: SHOW COLUMNS FROM `xcx_users` [ RunTime:0.0006s ]
SQL: SELECT * FROM `xcx_users` WHERE `id` = '1' LIMIT 1   [ RunTime:0.0003s ]
SQL: SHOW COLUMNS FROM `xcx_ads` [ RunTime:0.0005s ]
SQL: SHOW COLUMNS FROM `xcx_categorys` [ RunTime:0.0004s ]
SQL: SHOW COLUMNS FROM `xcx_ads_relationships` [ RunTime:0.0017s ]
SQL: UPDATE `xcx_ads` SET `recommended`='1' WHERE `id` IN ('433') [ RunTime:0.0018s ]

[ 2017-10-26T20:48:15+08:00 ] 127.0.0.1 /index.php?g=&m=AdminAds&a=recommend&recommend=1
INFO: [ app_begin ] --START--
INFO: Run Behavior\ReadHtmlCacheBehavior [ RunTime:0.000607s ]
INFO: Run Behavior\CheckLangBehavior [ RunTime:0.001101s ]
INFO: Run Common\Behavior\UrldecodeGetBehavior [ RunTime:0.000598s ]
INFO: [ app_begin ] --END-- [ RunTime:0.002735s ]
INFO: [ admin_begin ] --START--
INFO: Run Common\Behavior\AdminDefaultLangBehavior [ RunTime:0.001586s ]
INFO: [ admin_begin ] --END-- [ RunTime:0.001684s ]
SQL: SHOW COLUMNS FROM `xcx_users` [ RunTime:0.0010s ]
SQL: SELECT * FROM `xcx_users` WHERE `id` = '1' LIMIT 1   [ RunTime:0.0006s ]
SQL: SHOW COLUMNS FROM `xcx_ads` [ RunTime:0.0006s ]
SQL: SHOW COLUMNS FROM `xcx_categorys` [ RunTime:0.0004s ]
SQL: SHOW COLUMNS FROM `xcx_ads_relationships` [ RunTime:0.0004s ]
SQL: UPDATE `xcx_ads` SET `recommended`='1' WHERE `id` IN ('433') [ RunTime:0.0002s ]

[ 2017-10-26T20:48:21+08:00 ] 127.0.0.1 /index.php?g=&m=AdminAds&a=recommend&recommend=1
INFO: [ app_begin ] --START--
INFO: Run Behavior\ReadHtmlCacheBehavior [ RunTime:0.000553s ]
INFO: Run Behavior\CheckLangBehavior [ RunTime:0.001089s ]
INFO: Run Common\Behavior\UrldecodeGetBehavior [ RunTime:0.000572s ]
INFO: [ app_begin ] --END-- [ RunTime:0.002647s ]
INFO: [ admin_begin ] --START--
INFO: Run Common\Behavior\AdminDefaultLangBehavior [ RunTime:0.001409s ]
INFO: [ admin_begin ] --END-- [ RunTime:0.001493s ]
SQL: SHOW COLUMNS FROM `xcx_users` [ RunTime:0.0009s ]
SQL: SELECT * FROM `xcx_users` WHERE `id` = '1' LIMIT 1   [ RunTime:0.0003s ]
SQL: SHOW COLUMNS FROM `xcx_ads` [ RunTime:0.0005s ]
SQL: SHOW COLUMNS FROM `xcx_categorys` [ RunTime:0.0004s ]
SQL: SHOW COLUMNS FROM `xcx_ads_relationships` [ RunTime:0.0005s ]
SQL: UPDATE `xcx_ads` SET `recommended`='1' WHERE `id` IN ('433','432') [ RunTime:0.0003s ]

[ 2017-10-26T20:48:25+08:00 ] 127.0.0.1 /index.php?g=&m=AdminAds&a=recommend&unrecommend=1
INFO: [ app_begin ] --START--
INFO: Run Behavior\ReadHtmlCacheBehavior [ RunTime:0.000575s ]
INFO: Run Behavior\CheckLangBehavior [ RunTime:0.005217s ]
INFO: Run Common\Behavior\UrldecodeGetBehavior [ RunTime:0.001256s ]
INFO: [ app_begin ] --END-- [ RunTime:0.007788s ]
INFO: [ admin_begin ] --START--
INFO: Run Common\Behavior\AdminDefaultLangBehavior [ RunTime:0.001496s ]
INFO: [ admin_begin ] --END-- [ RunTime:0.001581s ]
SQL: SHOW COLUMNS FROM `xcx_users` [ RunTime:0.0006s ]
SQL: SELECT * FROM `xcx_users` WHERE `id` = '1' LIMIT 1   [ RunTime:0.0003s ]
SQL: SHOW COLUMNS FROM `xcx_ads` [ RunTime:0.0008s ]
SQL: SHOW COLUMNS FROM `xcx_categorys` [ RunTime:0.0005s ]
SQL: SHOW COLUMNS FROM `xcx_ads_relationships` [ RunTime:0.0003s ]
NOTIC: [8] Undefined index: recommend D:\Work\thinkcmf\ThinkCMFX\application\Portal\Controller\AdminAdsController.class.php 第 270 行.
SQL: UPDATE `xcx_ads` SET `recommended`='0' WHERE `id` IN ('433','432') [ RunTime:0.0003s ]

[ 2017-10-26T20:48:41+08:00 ] 127.0.0.1 /index.php?g=&m=AdminAds&a=top&top=1
INFO: [ app_begin ] --START--
INFO: Run Behavior\ReadHtmlCacheBehavior [ RunTime:0.000622s ]
INFO: Run Behavior\CheckLangBehavior [ RunTime:0.001760s ]
INFO: Run Common\Behavior\UrldecodeGetBehavior [ RunTime:0.000978s ]
INFO: [ app_begin ] --END-- [ RunTime:0.004035s ]
INFO: [ admin_begin ] --START--
INFO: Run Common\Behavior\AdminDefaultLangBehavior [ RunTime:0.001590s ]
INFO: [ admin_begin ] --END-- [ RunTime:0.001694s ]
SQL: SHOW COLUMNS FROM `xcx_users` [ RunTime:0.0008s ]
SQL: SELECT * FROM `xcx_users` WHERE `id` = '1' LIMIT 1   [ RunTime:0.0005s ]
SQL: SHOW COLUMNS FROM `xcx_ads` [ RunTime:0.0006s ]
SQL: SHOW COLUMNS FROM `xcx_categorys` [ RunTime:0.0004s ]
SQL: SHOW COLUMNS FROM `xcx_ads_relationships` [ RunTime:0.0004s ]
SQL: UPDATE `xcx_ads` SET `istop`='1' WHERE `id` IN ('433','432') [ RunTime:0.0004s ]

[ 2017-10-26T20:48:46+08:00 ] 127.0.0.1 /index.php?g=&m=AdminAds&a=top&untop=1
INFO: [ app_begin ] --START--
INFO: Run Behavior\ReadHtmlCacheBehavior [ RunTime:0.000536s ]
INFO: Run Behavior\CheckLangBehavior [ RunTime:0.001074s ]
INFO: Run Common\Behavior\UrldecodeGetBehavior [ RunTime:0.001516s ]
INFO: [ app_begin ] --END-- [ RunTime:0.003652s ]
INFO: [ admin_begin ] --START--
INFO: Run Common\Behavior\AdminDefaultLangBehavior [ RunTime:0.001503s ]
INFO: [ admin_begin ] --END-- [ RunTime:0.001595s ]
SQL: SHOW COLUMNS FROM `xcx_users` [ RunTime:0.0009s ]
SQL: SELECT * FROM `xcx_users` WHERE `id` = '1' LIMIT 1   [ RunTime:0.0005s ]
SQL: SHOW COLUMNS FROM `xcx_ads` [ RunTime:0.0006s ]
SQL: SHOW COLUMNS FROM `xcx_categorys` [ RunTime:0.0004s ]
SQL: SHOW COLUMNS FROM `xcx_ads_relationships` [ RunTime:0.0003s ]
NOTIC: [8] Undefined index: top D:\Work\thinkcmf\ThinkCMFX\application\Portal\Controller\AdminAdsController.class.php 第 248 行.
SQL: UPDATE `xcx_ads` SET `istop`='0' WHERE `id` IN ('433','432') [ RunTime:0.0003s ]

[ 2017-10-26T20:48:50+08:00 ] 127.0.0.1 /index.php?g=&m=AdminAds&a=top&top=1
INFO: [ app_begin ] --START--
INFO: Run Behavior\ReadHtmlCacheBehavior [ RunTime:0.000536s ]
INFO: Run Behavior\CheckLangBehavior [ RunTime:0.001115s ]
INFO: Run Common\Behavior\UrldecodeGetBehavior [ RunTime:0.000574s ]
INFO: [ app_begin ] --END-- [ RunTime:0.002642s ]
INFO: [ admin_begin ] --START--
INFO: Run Common\Behavior\AdminDefaultLangBehavior [ RunTime:0.003214s ]
INFO: [ admin_begin ] --END-- [ RunTime:0.003445s ]
SQL: SHOW COLUMNS FROM `xcx_users` [ RunTime:0.0006s ]
SQL: SELECT * FROM `xcx_users` WHERE `id` = '1' LIMIT 1   [ RunTime:0.0003s ]
SQL: SHOW COLUMNS FROM `xcx_ads` [ RunTime:0.0005s ]
SQL: SHOW COLUMNS FROM `xcx_categorys` [ RunTime:0.0004s ]
SQL: SHOW COLUMNS FROM `xcx_ads_relationships` [ RunTime:0.0008s ]
SQL: UPDATE `xcx_ads` SET `istop`='1' WHERE `id` IN ('433') [ RunTime:0.0006s ]

[ 2017-10-26T20:49:03+08:00 ] 127.0.0.1 /index.php?g=&m=AdminAds&a=check&check=1
INFO: [ app_begin ] --START--
INFO: Run Behavior\ReadHtmlCacheBehavior [ RunTime:0.000602s ]
INFO: Run Behavior\CheckLangBehavior [ RunTime:0.001269s ]
INFO: Run Common\Behavior\UrldecodeGetBehavior [ RunTime:0.000731s ]
INFO: [ app_begin ] --END-- [ RunTime:0.003140s ]
INFO: [ admin_begin ] --START--
INFO: Run Common\Behavior\AdminDefaultLangBehavior [ RunTime:0.002656s ]
INFO: [ admin_begin ] --END-- [ RunTime:0.003172s ]
SQL: SHOW COLUMNS FROM `xcx_users` [ RunTime:0.0006s ]
SQL: SELECT * FROM `xcx_users` WHERE `id` = '1' LIMIT 1   [ RunTime:0.0003s ]
SQL: SHOW COLUMNS FROM `xcx_ads` [ RunTime:0.0005s ]
SQL: SHOW COLUMNS FROM `xcx_categorys` [ RunTime:0.0006s ]
SQL: SHOW COLUMNS FROM `xcx_ads_relationships` [ RunTime:0.0007s ]
SQL: UPDATE `xcx_ads` SET `post_status`='1' WHERE `id` IN ('433','432') [ RunTime:0.0004s ]

[ 2017-10-26T20:49:06+08:00 ] 127.0.0.1 /index.php?g=&m=AdminAds&a=check&uncheck=1
INFO: [ app_begin ] --START--
INFO: Run Behavior\ReadHtmlCacheBehavior [ RunTime:0.001663s ]
INFO: Run Behavior\CheckLangBehavior [ RunTime:0.001707s ]
INFO: Run Common\Behavior\UrldecodeGetBehavior [ RunTime:0.000779s ]
INFO: [ app_begin ] --END-- [ RunTime:0.004717s ]
INFO: [ admin_begin ] --START--
INFO: Run Common\Behavior\AdminDefaultLangBehavior [ RunTime:0.001452s ]
INFO: [ admin_begin ] --END-- [ RunTime:0.001539s ]
SQL: SHOW COLUMNS FROM `xcx_users` [ RunTime:0.0013s ]
SQL: SELECT * FROM `xcx_users` WHERE `id` = '1' LIMIT 1   [ RunTime:0.0005s ]
SQL: SHOW COLUMNS FROM `xcx_ads` [ RunTime:0.0006s ]
SQL: SHOW COLUMNS FROM `xcx_categorys` [ RunTime:0.0005s ]
SQL: SHOW COLUMNS FROM `xcx_ads_relationships` [ RunTime:0.0004s ]
NOTIC: [8] Undefined index: check D:\Work\thinkcmf\ThinkCMFX\application\Portal\Controller\AdminAdsController.class.php 第 226 行.
SQL: UPDATE `xcx_ads` SET `post_status`='0' WHERE `id` IN ('433','432') [ RunTime:0.0003s ]

[ 2017-10-26T20:49:08+08:00 ] 127.0.0.1 /index.php?g=&m=AdminAds&a=check&check=1
INFO: [ app_begin ] --START--
INFO: Run Behavior\ReadHtmlCacheBehavior [ RunTime:0.000543s ]
INFO: Run Behavior\CheckLangBehavior [ RunTime:0.001121s ]
INFO: Run Common\Behavior\UrldecodeGetBehavior [ RunTime:0.000573s ]
INFO: [ app_begin ] --END-- [ RunTime:0.002657s ]
INFO: [ admin_begin ] --START--
INFO: Run Common\Behavior\AdminDefaultLangBehavior [ RunTime:0.003759s ]
INFO: [ admin_begin ] --END-- [ RunTime:0.004003s ]
SQL: SHOW COLUMNS FROM `xcx_users` [ RunTime:0.0006s ]
SQL: SELECT * FROM `xcx_users` WHERE `id` = '1' LIMIT 1   [ RunTime:0.0003s ]
SQL: SHOW COLUMNS FROM `xcx_ads` [ RunTime:0.0006s ]
SQL: SHOW COLUMNS FROM `xcx_categorys` [ RunTime:0.0009s ]
SQL: SHOW COLUMNS FROM `xcx_ads_relationships` [ RunTime:0.0005s ]
SQL: UPDATE `xcx_ads` SET `post_status`='1' WHERE `id` IN ('432') [ RunTime:0.0003s ]

[ 2017-10-26T20:49:11+08:00 ] 127.0.0.1 /index.php?g=&m=AdminAds&a=check&uncheck=1
INFO: [ app_begin ] --START--
INFO: Run Behavior\ReadHtmlCacheBehavior [ RunTime:0.000538s ]
INFO: Run Behavior\CheckLangBehavior [ RunTime:0.001067s ]
INFO: Run Common\Behavior\UrldecodeGetBehavior [ RunTime:0.000571s ]
INFO: [ app_begin ] --END-- [ RunTime:0.002598s ]
INFO: [ admin_begin ] --START--
INFO: Run Common\Behavior\AdminDefaultLangBehavior [ RunTime:0.001811s ]
INFO: [ admin_begin ] --END-- [ RunTime:0.002054s ]
SQL: SHOW COLUMNS FROM `xcx_users` [ RunTime:0.0007s ]
SQL: SELECT * FROM `xcx_users` WHERE `id` = '1' LIMIT 1   [ RunTime:0.0003s ]
SQL: SHOW COLUMNS FROM `xcx_ads` [ RunTime:0.0005s ]
SQL: SHOW COLUMNS FROM `xcx_categorys` [ RunTime:0.0005s ]
SQL: SHOW COLUMNS FROM `xcx_ads_relationships` [ RunTime:0.0005s ]
NOTIC: [8] Undefined index: check D:\Work\thinkcmf\ThinkCMFX\application\Portal\Controller\AdminAdsController.class.php 第 226 行.
SQL: UPDATE `xcx_ads` SET `post_status`='0' WHERE `id` IN ('432') [ RunTime:0.0004s ]

[ 2017-10-26T20:54:34+08:00 ] 127.0.0.1 /index.php?g=&m=AdminAds&a=add_post
INFO: [ app_begin ] --START--
INFO: Run Behavior\ReadHtmlCacheBehavior [ RunTime:0.000650s ]
INFO: Run Behavior\CheckLangBehavior [ RunTime:0.002057s ]
INFO: Run Common\Behavior\UrldecodeGetBehavior [ RunTime:0.000590s ]
INFO: [ app_begin ] --END-- [ RunTime:0.003830s ]
INFO: [ admin_begin ] --START--
INFO: Run Common\Behavior\AdminDefaultLangBehavior [ RunTime:0.001449s ]
INFO: [ admin_begin ] --END-- [ RunTime:0.001541s ]
SQL: SHOW COLUMNS FROM `xcx_users` [ RunTime:0.0010s ]
SQL: SELECT * FROM `xcx_users` WHERE `id` = '1' LIMIT 1   [ RunTime:0.0006s ]
SQL: SHOW COLUMNS FROM `xcx_ads` [ RunTime:0.0006s ]
SQL: SHOW COLUMNS FROM `xcx_categorys` [ RunTime:0.0004s ]
SQL: SHOW COLUMNS FROM `xcx_ads_relationships` [ RunTime:0.0003s ]
SQL: INSERT INTO `xcx_ads` (`post_title`,`post_keywords`,`post_excerpt`,`post_discount`,`start_time`,`end_time`,`store_name`,`store_addr`,`store_contact`,`store_phone`,`post_date`,`post_content`,`post_modified`,`post_author`,`smeta`,`post_status`) VALUES ('广告3','广告3','广告3','广告3','2017-10-26 20:54','2017-10-31 20:54','广告3','广告3','广告3','广告3','2017-10-26 20:54:09','<p>广告3</p>','2017-10-26 20:54:34','1','portal/20171026/59f1db0370309.png','0') [ RunTime:0.0004s ]
SQL: INSERT INTO `xcx_ads_relationships` (`cg_id`,`object_id`) VALUES ('4','434') [ RunTime:0.0002s ]

[ 2017-10-26T21:09:19+08:00 ] 127.0.0.1 /index.php?g=&m=AdminAds&a=index
ERR: 1054:Unknown column 'b.cg_id' in 'where clause'
 [ SQL语句 ] : SELECT a.*,c.user_login,c.user_nicename,b.listorder,b.tid FROM xcx_ads a INNER JOIN xcx_users c ON a.post_author = c.id INNER JOIN xcx_term_relationships b ON a.id = b.object_id  WHERE b.cg_id = 4 ORDER BY a.post_date DESC LIMIT 0,20  

[ 2017-10-26T21:10:42+08:00 ] 127.0.0.1 /index.php?g=&m=AdminAds&a=index
ERR: 1054:Unknown column 'b.adsid' in 'field list'
 [ SQL语句 ] : SELECT a.*,c.user_login,c.user_nicename,b.listorder,b.adsid FROM xcx_ads a INNER JOIN xcx_users c ON a.post_author = c.id INNER JOIN xcx_term_relationships b ON a.id = b.object_id  WHERE b.cg_id = 4 ORDER BY a.post_date DESC LIMIT 0,20  

[ 2017-10-26T21:10:42+08:00 ] 127.0.0.1 /index.php?g=&m=AdminAds&a=index
ERR: 1054:Unknown column 'b.adsid' in 'field list'
 [ SQL语句 ] : SELECT a.*,c.user_login,c.user_nicename,b.listorder,b.adsid FROM xcx_ads a INNER JOIN xcx_users c ON a.post_author = c.id INNER JOIN xcx_term_relationships b ON a.id = b.object_id  WHERE b.cg_id = 4 ORDER BY a.post_date DESC LIMIT 0,20  

[ 2017-10-26T21:10:43+08:00 ] 127.0.0.1 /index.php?g=&m=AdminAds&a=index
ERR: 1054:Unknown column 'b.adsid' in 'field list'
 [ SQL语句 ] : SELECT a.*,c.user_login,c.user_nicename,b.listorder,b.adsid FROM xcx_ads a INNER JOIN xcx_users c ON a.post_author = c.id INNER JOIN xcx_term_relationships b ON a.id = b.object_id  WHERE b.cg_id = 4 ORDER BY a.post_date DESC LIMIT 0,20  

[ 2017-10-26T21:10:43+08:00 ] 127.0.0.1 /index.php?g=&m=AdminAds&a=index
ERR: 1054:Unknown column 'b.adsid' in 'field list'
 [ SQL语句 ] : SELECT a.*,c.user_login,c.user_nicename,b.listorder,b.adsid FROM xcx_ads a INNER JOIN xcx_users c ON a.post_author = c.id INNER JOIN xcx_term_relationships b ON a.id = b.object_id  WHERE b.cg_id = 4 ORDER BY a.post_date DESC LIMIT 0,20  

[ 2017-10-26T21:10:43+08:00 ] 127.0.0.1 /index.php?g=&m=AdminAds&a=index
ERR: 1054:Unknown column 'b.adsid' in 'field list'
 [ SQL语句 ] : SELECT a.*,c.user_login,c.user_nicename,b.listorder,b.adsid FROM xcx_ads a INNER JOIN xcx_users c ON a.post_author = c.id INNER JOIN xcx_term_relationships b ON a.id = b.object_id  WHERE b.cg_id = 4 ORDER BY a.post_date DESC LIMIT 0,20  

[ 2017-10-26T21:10:43+08:00 ] 127.0.0.1 /index.php?g=&m=AdminAds&a=index
ERR: 1054:Unknown column 'b.adsid' in 'field list'
 [ SQL语句 ] : SELECT a.*,c.user_login,c.user_nicename,b.listorder,b.adsid FROM xcx_ads a INNER JOIN xcx_users c ON a.post_author = c.id INNER JOIN xcx_term_relationships b ON a.id = b.object_id  WHERE b.cg_id = 4 ORDER BY a.post_date DESC LIMIT 0,20  

[ 2017-10-26T21:10:44+08:00 ] 127.0.0.1 /index.php?g=&m=AdminAds&a=index
ERR: 1054:Unknown column 'b.adsid' in 'field list'
 [ SQL语句 ] : SELECT a.*,c.user_login,c.user_nicename,b.listorder,b.adsid FROM xcx_ads a INNER JOIN xcx_users c ON a.post_author = c.id INNER JOIN xcx_term_relationships b ON a.id = b.object_id  WHERE b.cg_id = 4 ORDER BY a.post_date DESC LIMIT 0,20  

[ 2017-10-26T21:10:44+08:00 ] 127.0.0.1 /index.php?g=&m=AdminAds&a=index
ERR: 1054:Unknown column 'b.adsid' in 'field list'
 [ SQL语句 ] : SELECT a.*,c.user_login,c.user_nicename,b.listorder,b.adsid FROM xcx_ads a INNER JOIN xcx_users c ON a.post_author = c.id INNER JOIN xcx_term_relationships b ON a.id = b.object_id  WHERE b.cg_id = 4 ORDER BY a.post_date DESC LIMIT 0,20  

[ 2017-10-26T21:10:44+08:00 ] 127.0.0.1 /index.php?g=&m=AdminAds&a=index
ERR: 1054:Unknown column 'b.adsid' in 'field list'
 [ SQL语句 ] : SELECT a.*,c.user_login,c.user_nicename,b.listorder,b.adsid FROM xcx_ads a INNER JOIN xcx_users c ON a.post_author = c.id INNER JOIN xcx_term_relationships b ON a.id = b.object_id  WHERE b.cg_id = 4 ORDER BY a.post_date DESC LIMIT 0,20  

[ 2017-10-26T21:10:44+08:00 ] 127.0.0.1 /index.php?g=&m=AdminAds&a=index
ERR: 1054:Unknown column 'b.adsid' in 'field list'
 [ SQL语句 ] : SELECT a.*,c.user_login,c.user_nicename,b.listorder,b.adsid FROM xcx_ads a INNER JOIN xcx_users c ON a.post_author = c.id INNER JOIN xcx_term_relationships b ON a.id = b.object_id  WHERE b.cg_id = 4 ORDER BY a.post_date DESC LIMIT 0,20  

[ 2017-10-26T21:20:58+08:00 ] 127.0.0.1 /index.php?g=&m=AdminAds&a=listorders
INFO: [ app_begin ] --START--
INFO: Run Behavior\ReadHtmlCacheBehavior [ RunTime:0.000403s ]
INFO: Run Behavior\CheckLangBehavior [ RunTime:0.000722s ]
INFO: Run Common\Behavior\UrldecodeGetBehavior [ RunTime:0.000275s ]
INFO: [ app_begin ] --END-- [ RunTime:0.001859s ]
INFO: [ admin_begin ] --START--
INFO: Run Common\Behavior\AdminDefaultLangBehavior [ RunTime:0.001047s ]
INFO: [ admin_begin ] --END-- [ RunTime:0.001190s ]
SQL: SHOW COLUMNS FROM `xcx_users` [ RunTime:0.0006s ]
SQL: SELECT * FROM `xcx_users` WHERE `id` = '1' LIMIT 1   [ RunTime:0.0003s ]
SQL: SHOW COLUMNS FROM `xcx_ads` [ RunTime:0.0004s ]
SQL: SHOW COLUMNS FROM `xcx_categorys` [ RunTime:0.0006s ]
SQL: SHOW COLUMNS FROM `xcx_ads_relationships` [ RunTime:0.0007s ]
SQL: UPDATE `xcx_ads_relationships` SET `listorder`='2' WHERE `adsid` = 9 [ RunTime:0.0006s ]
SQL: UPDATE `xcx_ads_relationships` SET `listorder`='0' WHERE `adsid` = 8 [ RunTime:0.0002s ]
SQL: UPDATE `xcx_ads_relationships` SET `listorder`='0' WHERE `adsid` = 7 [ RunTime:0.0002s ]

[ 2017-10-26T21:21:13+08:00 ] 127.0.0.1 /index.php?g=&m=AdminAds&a=listorders
INFO: [ app_begin ] --START--
INFO: Run Behavior\ReadHtmlCacheBehavior [ RunTime:0.000590s ]
INFO: Run Behavior\CheckLangBehavior [ RunTime:0.000826s ]
INFO: Run Common\Behavior\UrldecodeGetBehavior [ RunTime:0.000292s ]
INFO: [ app_begin ] --END-- [ RunTime:0.002351s ]
INFO: [ admin_begin ] --START--
INFO: Run Common\Behavior\AdminDefaultLangBehavior [ RunTime:0.001154s ]
INFO: [ admin_begin ] --END-- [ RunTime:0.001292s ]
SQL: SHOW COLUMNS FROM `xcx_users` [ RunTime:0.0006s ]
SQL: SELECT * FROM `xcx_users` WHERE `id` = '1' LIMIT 1   [ RunTime:0.0003s ]
SQL: SHOW COLUMNS FROM `xcx_ads` [ RunTime:0.0006s ]
SQL: SHOW COLUMNS FROM `xcx_categorys` [ RunTime:0.0004s ]
SQL: SHOW COLUMNS FROM `xcx_ads_relationships` [ RunTime:0.0004s ]
SQL: UPDATE `xcx_ads_relationships` SET `listorder`='2' WHERE `adsid` = 9 [ RunTime:0.0002s ]
SQL: UPDATE `xcx_ads_relationships` SET `listorder`='3' WHERE `adsid` = 8 [ RunTime:0.0003s ]
SQL: UPDATE `xcx_ads_relationships` SET `listorder`='4' WHERE `adsid` = 7 [ RunTime:0.0016s ]

[ 2017-10-26T21:22:44+08:00 ] 127.0.0.1 /statics/js/common.js?
ERR: 无法加载控制器:Statics

[ 2017-10-26T21:22:52+08:00 ] 127.0.0.1 /statics/js/common.js?
ERR: 无法加载控制器:Statics

[ 2017-10-26T21:22:56+08:00 ] 127.0.0.1 /statics/js/common.js?
ERR: 无法加载控制器:Statics

[ 2017-10-26T21:22:58+08:00 ] 127.0.0.1 /statics/js/common.js?
ERR: 无法加载控制器:Statics

[ 2017-10-26T21:53:27+08:00 ] 127.0.0.1 /statics/js/common.js?
ERR: 无法加载控制器:Statics

[ 2017-10-26T21:53:27+08:00 ] 127.0.0.1 /statics/js/common.js?
ERR: 无法加载控制器:Statics

[ 2017-10-26T21:53:28+08:00 ] 127.0.0.1 /statics/js/common.js?
ERR: 无法加载控制器:Statics

[ 2017-10-26T21:53:29+08:00 ] 127.0.0.1 /statics/js/common.js?
ERR: 无法加载控制器:Statics

[ 2017-10-26T21:53:30+08:00 ] 127.0.0.1 /statics/js/common.js?
ERR: 无法加载控制器:Statics

[ 2017-10-26T21:53:31+08:00 ] 127.0.0.1 /statics/js/common.js?
ERR: 无法加载控制器:Statics

[ 2017-10-26T21:53:33+08:00 ] 127.0.0.1 /statics/js/common.js?
ERR: 无法加载控制器:Statics

[ 2017-10-26T21:53:35+08:00 ] 127.0.0.1 /statics/js/common.js?
ERR: 无法加载控制器:Statics

[ 2017-10-26T22:37:40+08:00 ] 127.0.0.1 /index.php?g=&m=AdminAds&a=check&check=1
INFO: [ app_begin ] --START--
INFO: Run Behavior\ReadHtmlCacheBehavior [ RunTime:0.000449s ]
INFO: Run Behavior\CheckLangBehavior [ RunTime:0.000796s ]
INFO: Run Common\Behavior\UrldecodeGetBehavior [ RunTime:0.000328s ]
INFO: [ app_begin ] --END-- [ RunTime:0.002200s ]
INFO: [ admin_begin ] --START--
INFO: Run Common\Behavior\AdminDefaultLangBehavior [ RunTime:0.001039s ]
INFO: [ admin_begin ] --END-- [ RunTime:0.001138s ]
SQL: SHOW COLUMNS FROM `xcx_users` [ RunTime:0.0008s ]
SQL: SELECT * FROM `xcx_users` WHERE `id` = '1' LIMIT 1   [ RunTime:0.0004s ]
SQL: SHOW COLUMNS FROM `xcx_ads` [ RunTime:0.0006s ]
SQL: SHOW COLUMNS FROM `xcx_categorys` [ RunTime:0.0006s ]
SQL: SHOW COLUMNS FROM `xcx_ads_relationships` [ RunTime:0.0008s ]
SQL: UPDATE `xcx_ads` SET `post_status`='1' WHERE `id` IN ('434','433') [ RunTime:0.0006s ]

[ 2017-10-26T22:38:35+08:00 ] 127.0.0.1 /index.php?g=Portal&m=AdminInfoPost&a=index
ERR: 无法加载控制器:AdminInfoPost

[ 2017-10-26T22:39:54+08:00 ] 127.0.0.1 /index.php?g=Portal&m=AdminInfo&a=index
ERR: 无法加载控制器:AdminInfo

[ 2017-10-26T22:40:01+08:00 ] 127.0.0.1 /index.php?g=Portal&m=AdminInfo&a=index
ERR: 无法加载控制器:AdminInfo

[ 2017-10-26T22:40:24+08:00 ] 127.0.0.1 /index.php?g=Portal&m=AdminInfo&a=index
ERR: 模板不存在:admin/themes/simplebootx/Portal/AdminInfo/index.html

[ 2017-10-26T23:43:50+08:00 ] 127.0.0.1 /index.php?g=Portal&m=AdminInfo&a=index
ERR: 1146:Table 'xcx.xcx_members' doesn't exist
 [ SQL语句 ] : SELECT a.*,c.id,c.user_nicename,b.listorder,b.cg_id,b.cg_name FROM xcx_posts a INNER JOIN xcx_members c ON a.post_author = c.id INNER JOIN xcx_infos_relationships b ON a.id = b.object_id  WHERE `post_status` <> 3 ORDER BY a.post_date DESC LIMIT 0,20  

[ 2017-10-26T23:46:15+08:00 ] 127.0.0.1 /index.php?g=Portal&m=AdminInfo&a=index
ERR: 1146:Table 'xcx.xcx_members' doesn't exist
 [ SQL语句 ] : SELECT a.*,c.id,c.user_nicename,b.listorder,b.cg_id,b.cg_name FROM xcx_infos a INNER JOIN xcx_members c ON a.post_author = c.id INNER JOIN xcx_infos_relationships b ON a.id = b.object_id  WHERE `post_status` <> 3 ORDER BY a.post_date DESC LIMIT 0,20  

[ 2017-10-26T23:46:16+08:00 ] 127.0.0.1 /index.php?g=Portal&m=AdminInfo&a=index
ERR: 1146:Table 'xcx.xcx_members' doesn't exist
 [ SQL语句 ] : SELECT a.*,c.id,c.user_nicename,b.listorder,b.cg_id,b.cg_name FROM xcx_infos a INNER JOIN xcx_members c ON a.post_author = c.id INNER JOIN xcx_infos_relationships b ON a.id = b.object_id  WHERE `post_status` <> 3 ORDER BY a.post_date DESC LIMIT 0,20  

