[ 2017-10-25T14:16:13+08:00 ] 127.0.0.1 /index.php?g=Portal&m=AdminAds&a=index
ERR: 1146:Table 'xcx.xcx_ads' doesn't exist
 [ SQL语句 ] : SHOW COLUMNS FROM `xcx_ads`

[ 2017-10-25T14:20:54+08:00 ] 127.0.0.1 /index.php?g=Portal&m=AdminAds&a=index
ERR: 1146:Table 'xcx.xcx_ads' doesn't exist
 [ SQL语句 ] : SHOW COLUMNS FROM `xcx_ads`

[ 2017-10-25T14:20:54+08:00 ] 127.0.0.1 /index.php?g=Portal&m=AdminAds&a=index
ERR: 1146:Table 'xcx.xcx_ads' doesn't exist
 [ SQL语句 ] : SHOW COLUMNS FROM `xcx_ads`

[ 2017-10-25T14:20:55+08:00 ] 127.0.0.1 /index.php?g=Portal&m=AdminAds&a=index
ERR: 1146:Table 'xcx.xcx_ads' doesn't exist
 [ SQL语句 ] : SHOW COLUMNS FROM `xcx_ads`

[ 2017-10-25T14:20:55+08:00 ] 127.0.0.1 /index.php?g=Portal&m=AdminAds&a=index
ERR: 1146:Table 'xcx.xcx_ads' doesn't exist
 [ SQL语句 ] : SHOW COLUMNS FROM `xcx_ads`

[ 2017-10-25T14:20:55+08:00 ] 127.0.0.1 /index.php?g=Portal&m=AdminAds&a=index
ERR: 1146:Table 'xcx.xcx_ads' doesn't exist
 [ SQL语句 ] : SHOW COLUMNS FROM `xcx_ads`

[ 2017-10-25T14:20:55+08:00 ] 127.0.0.1 /index.php?g=Portal&m=AdminAds&a=index
ERR: 1146:Table 'xcx.xcx_ads' doesn't exist
 [ SQL语句 ] : SHOW COLUMNS FROM `xcx_ads`

[ 2017-10-25T15:06:16+08:00 ] 127.0.0.1 /index.php?g=Portal&m=AdminAds&a=index
ERR: 1146:Table 'xcx.xcx_ads' doesn't exist
 [ SQL语句 ] : SHOW COLUMNS FROM `xcx_ads`

[ 2017-10-25T15:06:17+08:00 ] 127.0.0.1 /index.php?g=Portal&m=AdminAds&a=index
ERR: 1146:Table 'xcx.xcx_ads' doesn't exist
 [ SQL语句 ] : SHOW COLUMNS FROM `xcx_ads`

[ 2017-10-25T15:06:17+08:00 ] 127.0.0.1 /index.php?g=Portal&m=AdminAds&a=index
ERR: 1146:Table 'xcx.xcx_ads' doesn't exist
 [ SQL语句 ] : SHOW COLUMNS FROM `xcx_ads`

[ 2017-10-25T15:06:18+08:00 ] 127.0.0.1 /index.php?g=Portal&m=AdminAds&a=index
ERR: 1146:Table 'xcx.xcx_ads' doesn't exist
 [ SQL语句 ] : SHOW COLUMNS FROM `xcx_ads`

[ 2017-10-25T15:06:18+08:00 ] 127.0.0.1 /index.php?g=Portal&m=AdminAds&a=index
ERR: 1146:Table 'xcx.xcx_ads' doesn't exist
 [ SQL语句 ] : SHOW COLUMNS FROM `xcx_ads`

[ 2017-10-25T16:28:17+08:00 ] 127.0.0.1 /index.php?g=&m=AdminAds&a=index
ERR: 1054:Unknown column 'b.cg_id' in 'where clause'
 [ SQL语句 ] : SELECT COUNT(*) AS tp_count FROM xcx_ads a WHERE `post_status` <> 3 AND b.cg_id = 4 LIMIT 1  

[ 2017-10-25T16:58:50+08:00 ] 127.0.0.1 /index.php?g=&m=AdminPost&a=add_post
INFO: [ app_begin ] --START--
INFO: Run Behavior\ReadHtmlCacheBehavior [ RunTime:0.000510s ]
INFO: Run Behavior\CheckLangBehavior [ RunTime:0.001158s ]
INFO: Run Common\Behavior\UrldecodeGetBehavior [ RunTime:0.000308s ]
INFO: [ app_begin ] --END-- [ RunTime:0.002385s ]
INFO: [ admin_begin ] --START--
INFO: Run Common\Behavior\AdminDefaultLangBehavior [ RunTime:0.001320s ]
INFO: [ admin_begin ] --END-- [ RunTime:0.001400s ]
SQL: SHOW COLUMNS FROM `xcx_users` [ RunTime:0.0005s ]
SQL: SELECT * FROM `xcx_users` WHERE `id` = '1' LIMIT 1   [ RunTime:0.0003s ]
SQL: SHOW COLUMNS FROM `xcx_posts` [ RunTime:0.0006s ]
SQL: SHOW COLUMNS FROM `xcx_terms` [ RunTime:0.0005s ]
SQL: SHOW COLUMNS FROM `xcx_term_relationships` [ RunTime:0.0005s ]
SQL: INSERT INTO `xcx_posts` (`post_title`,`post_keywords`,`post_source`,`post_excerpt`,`post_date`,`post_status`,`istop`,`recommended`,`post_content`,`post_modified`,`post_author`,`smeta`) VALUES ('asdfasdfasf','asdfa','ads','ad','2017-10-25 16:58:42','1','0','0','<p>asd</p>','2017-10-25 16:58:50','1','{\"thumb\":\"\",\"template\":\"\"}') [ RunTime:0.0007s ]
SQL: INSERT INTO `xcx_term_relationships` (`term_id`,`object_id`) VALUES ('2','2') [ RunTime:0.0013s ]

[ 2017-10-25T16:59:07+08:00 ] 127.0.0.1 /index.php?g=&m=AdminPost&a=add_post
INFO: [ app_begin ] --START--
INFO: Run Behavior\ReadHtmlCacheBehavior [ RunTime:0.000429s ]
INFO: Run Behavior\CheckLangBehavior [ RunTime:0.000988s ]
INFO: Run Common\Behavior\UrldecodeGetBehavior [ RunTime:0.000465s ]
INFO: [ app_begin ] --END-- [ RunTime:0.002410s ]
INFO: [ admin_begin ] --START--
INFO: Run Common\Behavior\AdminDefaultLangBehavior [ RunTime:0.002475s ]
INFO: [ admin_begin ] --END-- [ RunTime:0.002653s ]
SQL: SHOW COLUMNS FROM `xcx_users` [ RunTime:0.0006s ]
SQL: SELECT * FROM `xcx_users` WHERE `id` = '1' LIMIT 1   [ RunTime:0.0002s ]
SQL: SHOW COLUMNS FROM `xcx_posts` [ RunTime:0.0008s ]
SQL: SHOW COLUMNS FROM `xcx_terms` [ RunTime:0.0007s ]
SQL: SHOW COLUMNS FROM `xcx_term_relationships` [ RunTime:0.0007s ]
SQL: INSERT INTO `xcx_posts` (`post_title`,`post_keywords`,`post_source`,`post_excerpt`,`post_date`,`post_status`,`istop`,`recommended`,`post_content`,`post_modified`,`post_author`,`smeta`) VALUES ('ads','ads','ad','ad','2017-10-25 16:58:54','1','0','0','<p>asd</p>','2017-10-25 16:59:07','1','{\"thumb\":\"\",\"template\":\"\"}') [ RunTime:0.0007s ]
SQL: INSERT INTO `xcx_term_relationships` (`term_id`,`object_id`) VALUES ('2','3') [ RunTime:0.0004s ]

[ 2017-10-25T17:54:43+08:00 ] 127.0.0.1 /index.php?g=&m=AdminAds&a=add_post
INFO: [ app_begin ] --START--
INFO: Run Behavior\ReadHtmlCacheBehavior [ RunTime:0.001487s ]
INFO: Run Behavior\CheckLangBehavior [ RunTime:0.002256s ]
INFO: Run Common\Behavior\UrldecodeGetBehavior [ RunTime:0.001200s ]
INFO: [ app_begin ] --END-- [ RunTime:0.007414s ]
INFO: [ admin_begin ] --START--
INFO: Run Common\Behavior\AdminDefaultLangBehavior [ RunTime:0.002846s ]
INFO: [ admin_begin ] --END-- [ RunTime:0.002949s ]
SQL: SHOW COLUMNS FROM `xcx_users` [ RunTime:0.0006s ]
SQL: SELECT * FROM `xcx_users` WHERE `id` = '1' LIMIT 1   [ RunTime:0.0003s ]
SQL: SHOW COLUMNS FROM `xcx_ads` [ RunTime:0.0005s ]
SQL: SHOW COLUMNS FROM `xcx_categorys` [ RunTime:0.0005s ]
SQL: SHOW COLUMNS FROM `xcx_ads_relationships` [ RunTime:0.0005s ]

[ 2017-10-25T18:00:10+08:00 ] 127.0.0.1 /index.php?g=&m=AdminAds&a=add_post
INFO: [ app_begin ] --START--
INFO: Run Behavior\ReadHtmlCacheBehavior [ RunTime:0.000930s ]
INFO: Run Behavior\CheckLangBehavior [ RunTime:0.003899s ]
INFO: Run Common\Behavior\UrldecodeGetBehavior [ RunTime:0.000810s ]
INFO: [ app_begin ] --END-- [ RunTime:0.006298s ]
INFO: [ admin_begin ] --START--
INFO: Run Common\Behavior\AdminDefaultLangBehavior [ RunTime:0.001472s ]
INFO: [ admin_begin ] --END-- [ RunTime:0.001556s ]
SQL: SHOW COLUMNS FROM `xcx_users` [ RunTime:0.0008s ]
SQL: SELECT * FROM `xcx_users` WHERE `id` = '1' LIMIT 1   [ RunTime:0.0003s ]
SQL: SHOW COLUMNS FROM `xcx_ads` [ RunTime:0.0006s ]
SQL: SHOW COLUMNS FROM `xcx_categorys` [ RunTime:0.0007s ]
SQL: SHOW COLUMNS FROM `xcx_ads_relationships` [ RunTime:0.0003s ]
ERR: 1364:Field 'discount' doesn't have a default value
 [ SQL语句 ] : INSERT INTO `xcx_ads` (`post_title`,`post_keywords`,`post_excerpt`,`post_date`,`post_content`,`post_modified`,`post_author`) VALUES ('这是第一个测试','测试','这是第一个测试这是第一个测试','2017-10-25 17:53:12','<p>测试测试测试测试测试测试测试测试测试测试</p>','2017-10-25 18:00:10','1')
ERR: 1364:Field 'discount' doesn't have a default value
 [ SQL语句 ] : INSERT INTO `xcx_ads` (`post_title`,`post_keywords`,`post_excerpt`,`post_date`,`post_content`,`post_modified`,`post_author`) VALUES ('这是第一个测试','测试','这是第一个测试这是第一个测试','2017-10-25 17:53:12','<p>测试测试测试测试测试测试测试测试测试测试</p>','2017-10-25 18:00:10','1')

[ 2017-10-25T18:02:25+08:00 ] 127.0.0.1 /index.php?g=&m=AdminAds&a=add_post
INFO: [ app_begin ] --START--
INFO: Run Behavior\ReadHtmlCacheBehavior [ RunTime:0.000524s ]
INFO: Run Behavior\CheckLangBehavior [ RunTime:0.003302s ]
INFO: Run Common\Behavior\UrldecodeGetBehavior [ RunTime:0.000774s ]
INFO: [ app_begin ] --END-- [ RunTime:0.005131s ]
INFO: [ admin_begin ] --START--
INFO: Run Common\Behavior\AdminDefaultLangBehavior [ RunTime:0.001450s ]
INFO: [ admin_begin ] --END-- [ RunTime:0.001536s ]
SQL: SHOW COLUMNS FROM `xcx_users` [ RunTime:0.0010s ]
SQL: SELECT * FROM `xcx_users` WHERE `id` = '1' LIMIT 1   [ RunTime:0.0005s ]
SQL: SHOW COLUMNS FROM `xcx_ads` [ RunTime:0.0008s ]
SQL: SHOW COLUMNS FROM `xcx_categorys` [ RunTime:0.0004s ]
SQL: SHOW COLUMNS FROM `xcx_ads_relationships` [ RunTime:0.0004s ]
ERR: 1364:Field 'smeta' doesn't have a default value
 [ SQL语句 ] : INSERT INTO `xcx_ads` (`post_title`,`post_keywords`,`post_excerpt`,`post_discount`,`store_name`,`store_addr`,`store_contact`,`store_phone`,`post_date`,`post_content`,`post_modified`,`post_author`) VALUES ('是打发士大夫阿斯顿发送的','阿斯顿发','爱的色放啊手动阀阿道夫阿斯顿发送','爱的色放啊','爱的色放',' 阿道夫','都是发','都是','2017-10-25 18:01:37','<p>士大夫</p>','2017-10-25 18:02:25','1')
ERR: 1364:Field 'smeta' doesn't have a default value
 [ SQL语句 ] : INSERT INTO `xcx_ads` (`post_title`,`post_keywords`,`post_excerpt`,`post_discount`,`store_name`,`store_addr`,`store_contact`,`store_phone`,`post_date`,`post_content`,`post_modified`,`post_author`) VALUES ('是打发士大夫阿斯顿发送的','阿斯顿发','爱的色放啊手动阀阿道夫阿斯顿发送','爱的色放啊','爱的色放',' 阿道夫','都是发','都是','2017-10-25 18:01:37','<p>士大夫</p>','2017-10-25 18:02:25','1')

[ 2017-10-25T18:07:38+08:00 ] 127.0.0.1 /index.php?g=&m=AdminAds&a=add_post
INFO: [ app_begin ] --START--
INFO: Run Behavior\ReadHtmlCacheBehavior [ RunTime:0.002645s ]
INFO: Run Behavior\CheckLangBehavior [ RunTime:0.001501s ]
INFO: Run Common\Behavior\UrldecodeGetBehavior [ RunTime:0.000588s ]
INFO: [ app_begin ] --END-- [ RunTime:0.006106s ]
INFO: [ admin_begin ] --START--
INFO: Run Common\Behavior\AdminDefaultLangBehavior [ RunTime:0.002013s ]
INFO: [ admin_begin ] --END-- [ RunTime:0.002165s ]
SQL: SHOW COLUMNS FROM `xcx_users` [ RunTime:0.0007s ]
SQL: SELECT * FROM `xcx_users` WHERE `id` = '1' LIMIT 1   [ RunTime:0.0004s ]
SQL: SHOW COLUMNS FROM `xcx_ads` [ RunTime:0.0007s ]
SQL: SHOW COLUMNS FROM `xcx_categorys` [ RunTime:0.0004s ]
SQL: SHOW COLUMNS FROM `xcx_ads_relationships` [ RunTime:0.0015s ]
ERR: 1364:Field 'smeta' doesn't have a default value
 [ SQL语句 ] : INSERT INTO `xcx_ads` (`post_title`,`post_keywords`,`post_excerpt`,`post_discount`,`store_name`,`store_addr`,`store_contact`,`store_phone`,`post_date`,`post_content`,`post_modified`,`post_author`) VALUES ('title','keyword','摘要','discount','storename','storeaddr','storename','storephone','2017-10-25 18:06:32','<p>content</p>','2017-10-25 18:07:38','1')
ERR: 1364:Field 'smeta' doesn't have a default value
 [ SQL语句 ] : INSERT INTO `xcx_ads` (`post_title`,`post_keywords`,`post_excerpt`,`post_discount`,`store_name`,`store_addr`,`store_contact`,`store_phone`,`post_date`,`post_content`,`post_modified`,`post_author`) VALUES ('title','keyword','摘要','discount','storename','storeaddr','storename','storephone','2017-10-25 18:06:32','<p>content</p>','2017-10-25 18:07:38','1')

[ 2017-10-25T20:41:45+08:00 ] 127.0.0.1 /index.php?g=&m=AdminAds&a=add_post
INFO: [ app_begin ] --START--
INFO: Run Behavior\ReadHtmlCacheBehavior [ RunTime:0.002083s ]
INFO: Run Behavior\CheckLangBehavior [ RunTime:0.004330s ]
INFO: Run Common\Behavior\UrldecodeGetBehavior [ RunTime:0.001566s ]
INFO: [ app_begin ] --END-- [ RunTime:0.008904s ]
INFO: [ admin_begin ] --START--
INFO: Run Common\Behavior\AdminDefaultLangBehavior [ RunTime:0.002215s ]
INFO: [ admin_begin ] --END-- [ RunTime:0.002350s ]
SQL: SHOW COLUMNS FROM `xcx_users` [ RunTime:0.0006s ]
SQL: SELECT * FROM `xcx_users` WHERE `id` = '1' LIMIT 1   [ RunTime:0.0003s ]
SQL: SHOW COLUMNS FROM `xcx_ads` [ RunTime:0.0007s ]
SQL: SHOW COLUMNS FROM `xcx_categorys` [ RunTime:0.0004s ]
SQL: SHOW COLUMNS FROM `xcx_ads_relationships` [ RunTime:0.0003s ]
ERR: 1364:Field 'post_source' doesn't have a default value
 [ SQL语句 ] : INSERT INTO `xcx_ads` (`post_title`,`post_keywords`,`post_excerpt`,`post_discount`,`store_name`,`store_addr`,`store_contact`,`store_phone`,`post_date`,`post_content`,`post_modified`,`post_author`,`smeta`) VALUES ('1111','2222','333','44','qqqq','www','ee','rr','2017-10-25 20:41:04','<p>ddddd</p>','2017-10-25 20:41:45','1','portal/20171025/59f0868260aad.png')
ERR: 1364:Field 'post_source' doesn't have a default value
 [ SQL语句 ] : INSERT INTO `xcx_ads` (`post_title`,`post_keywords`,`post_excerpt`,`post_discount`,`store_name`,`store_addr`,`store_contact`,`store_phone`,`post_date`,`post_content`,`post_modified`,`post_author`,`smeta`) VALUES ('1111','2222','333','44','qqqq','www','ee','rr','2017-10-25 20:41:04','<p>ddddd</p>','2017-10-25 20:41:45','1','portal/20171025/59f0868260aad.png')

[ 2017-10-25T20:44:46+08:00 ] 127.0.0.1 /index.php?g=&m=AdminAds&a=add_post
INFO: [ app_begin ] --START--
INFO: Run Behavior\ReadHtmlCacheBehavior [ RunTime:0.000518s ]
INFO: Run Behavior\CheckLangBehavior [ RunTime:0.001103s ]
INFO: Run Common\Behavior\UrldecodeGetBehavior [ RunTime:0.000577s ]
INFO: [ app_begin ] --END-- [ RunTime:0.002694s ]
INFO: [ admin_begin ] --START--
INFO: Run Common\Behavior\AdminDefaultLangBehavior [ RunTime:0.002961s ]
INFO: [ admin_begin ] --END-- [ RunTime:0.003100s ]
SQL: SHOW COLUMNS FROM `xcx_users` [ RunTime:0.0009s ]
SQL: SELECT * FROM `xcx_users` WHERE `id` = '1' LIMIT 1   [ RunTime:0.0005s ]
SQL: SHOW COLUMNS FROM `xcx_ads` [ RunTime:0.0014s ]
SQL: SHOW COLUMNS FROM `xcx_categorys` [ RunTime:0.0007s ]
SQL: SHOW COLUMNS FROM `xcx_ads_relationships` [ RunTime:0.0011s ]
SQL: INSERT INTO `xcx_ads` (`post_title`,`post_keywords`,`post_excerpt`,`post_discount`,`store_name`,`store_addr`,`store_contact`,`store_phone`,`post_date`,`post_content`,`post_modified`,`post_author`,`smeta`) VALUES ('DDDDDDD','DDDDDD','SSSSSS','AAAAA','AAAA','AAAAAA','AAAAA','AAAA','2017-10-25 20:44:18','<p>FFFFFFFFFF</p>','2017-10-25 20:44:46','1','portal/20171025/59f0873157fcb.png') [ RunTime:0.0010s ]
NOTIC: [8] Undefined index: term D:\Work\thinkcmf\ThinkCMFX\application\Portal\Controller\AdminAdsController.class.php 第 63 行.
NOTIC: [2] Invalid argument supplied for foreach() D:\Work\thinkcmf\ThinkCMFX\application\Portal\Controller\AdminAdsController.class.php 第 63 行.

[ 2017-10-25T20:52:22+08:00 ] 127.0.0.1 /statics/js/common.js?
ERR: 无法加载控制器:Statics

[ 2017-10-25T21:24:35+08:00 ] 127.0.0.1 /index.php?g=&m=AdminAds&a=add_post
INFO: [ app_begin ] --START--
INFO: Run Behavior\ReadHtmlCacheBehavior [ RunTime:0.000772s ]
INFO: Run Behavior\CheckLangBehavior [ RunTime:0.001191s ]
INFO: Run Common\Behavior\UrldecodeGetBehavior [ RunTime:0.000712s ]
INFO: [ app_begin ] --END-- [ RunTime:0.003154s ]
INFO: [ admin_begin ] --START--
INFO: Run Common\Behavior\AdminDefaultLangBehavior [ RunTime:0.002749s ]
INFO: [ admin_begin ] --END-- [ RunTime:0.002947s ]
SQL: SHOW COLUMNS FROM `xcx_users` [ RunTime:0.0008s ]
SQL: SELECT * FROM `xcx_users` WHERE `id` = '1' LIMIT 1   [ RunTime:0.0003s ]
SQL: SHOW COLUMNS FROM `xcx_ads` [ RunTime:0.0006s ]
SQL: SHOW COLUMNS FROM `xcx_categorys` [ RunTime:0.0009s ]
SQL: SHOW COLUMNS FROM `xcx_ads_relationships` [ RunTime:0.0005s ]
SQL: INSERT INTO `xcx_ads` (`post_title`,`post_keywords`,`post_excerpt`,`post_discount`,`store_name`,`store_addr`,`store_contact`,`store_phone`,`post_date`,`post_content`,`post_modified`,`post_author`,`smeta`,`post_status`) VALUES ('sadadf','2323','dfsaf','2323','sdadf','2323','wewe','sdds','2017-10-25 21:24:12','<p>233</p>','2017-10-25 21:24:35','1','portal/20171025/59f09090e8b38.png','0') [ RunTime:0.0005s ]
NOTIC: [8] Undefined index: term D:\Work\thinkcmf\ThinkCMFX\application\Portal\Controller\AdminAdsController.class.php 第 56 行.
NOTIC: [2] Invalid argument supplied for foreach() D:\Work\thinkcmf\ThinkCMFX\application\Portal\Controller\AdminAdsController.class.php 第 56 行.

[ 2017-10-25T21:27:26+08:00 ] 127.0.0.1 /index.php?g=&m=AdminAds&a=add_post
INFO: [ app_begin ] --START--
INFO: Run Behavior\ReadHtmlCacheBehavior [ RunTime:0.000662s ]
INFO: Run Behavior\CheckLangBehavior [ RunTime:0.001216s ]
INFO: Run Common\Behavior\UrldecodeGetBehavior [ RunTime:0.000611s ]
INFO: [ app_begin ] --END-- [ RunTime:0.002951s ]
INFO: [ admin_begin ] --START--
INFO: Run Common\Behavior\AdminDefaultLangBehavior [ RunTime:0.002399s ]
INFO: [ admin_begin ] --END-- [ RunTime:0.002498s ]
SQL: SHOW COLUMNS FROM `xcx_users` [ RunTime:0.0006s ]
SQL: SELECT * FROM `xcx_users` WHERE `id` = '1' LIMIT 1   [ RunTime:0.0003s ]
SQL: SHOW COLUMNS FROM `xcx_ads` [ RunTime:0.0005s ]
SQL: SHOW COLUMNS FROM `xcx_categorys` [ RunTime:0.0007s ]
SQL: SHOW COLUMNS FROM `xcx_ads_relationships` [ RunTime:0.0010s ]
SQL: INSERT INTO `xcx_ads` (`post_title`,`post_keywords`,`post_excerpt`,`post_discount`,`store_name`,`store_addr`,`store_contact`,`store_phone`,`post_date`,`post_content`,`post_modified`,`post_author`,`smeta`,`post_status`) VALUES ('SDDS','A','sd','sdf','asd','23','sd','23','2017-10-25 21:27:06','<p>sd</p>','2017-10-25 21:27:26','1','portal/20171025/59f0913bb9581.png','0') [ RunTime:0.0004s ]
SQL: INSERT INTO `xcx_ads_relationships` (`cg_id`,`object_id`) VALUES ('5','425') [ RunTime:0.0003s ]

[ 2017-10-25T21:37:34+08:00 ] 127.0.0.1 /index.php?g=&m=AdminAds&a=edit_post
INFO: [ app_begin ] --START--
INFO: Run Behavior\ReadHtmlCacheBehavior [ RunTime:0.000397s ]
INFO: Run Behavior\CheckLangBehavior [ RunTime:0.000679s ]
INFO: Run Common\Behavior\UrldecodeGetBehavior [ RunTime:0.000280s ]
INFO: [ app_begin ] --END-- [ RunTime:0.001770s ]
INFO: [ admin_begin ] --START--
INFO: Run Common\Behavior\AdminDefaultLangBehavior [ RunTime:0.000994s ]
INFO: [ admin_begin ] --END-- [ RunTime:0.001071s ]
SQL: SHOW COLUMNS FROM `xcx_users` [ RunTime:0.0006s ]
SQL: SELECT * FROM `xcx_users` WHERE `id` = '1' LIMIT 1   [ RunTime:0.0003s ]
SQL: SHOW COLUMNS FROM `xcx_ads` [ RunTime:0.0007s ]
SQL: SHOW COLUMNS FROM `xcx_categorys` [ RunTime:0.0005s ]
SQL: SHOW COLUMNS FROM `xcx_ads_relationships` [ RunTime:0.0008s ]

[ 2017-10-25T21:48:06+08:00 ] 127.0.0.1 /index.php?g=&m=AdminAds&a=add_post
INFO: [ app_begin ] --START--
INFO: Run Behavior\ReadHtmlCacheBehavior [ RunTime:0.000508s ]
INFO: Run Behavior\CheckLangBehavior [ RunTime:0.001005s ]
INFO: Run Common\Behavior\UrldecodeGetBehavior [ RunTime:0.000329s ]
INFO: [ app_begin ] --END-- [ RunTime:0.002273s ]
INFO: [ admin_begin ] --START--
INFO: Run Common\Behavior\AdminDefaultLangBehavior [ RunTime:0.001518s ]
INFO: [ admin_begin ] --END-- [ RunTime:0.001675s ]
SQL: SHOW COLUMNS FROM `xcx_users` [ RunTime:0.0009s ]
SQL: SELECT * FROM `xcx_users` WHERE `id` = '1' LIMIT 1   [ RunTime:0.0017s ]
SQL: SHOW COLUMNS FROM `xcx_ads` [ RunTime:0.0006s ]
SQL: SHOW COLUMNS FROM `xcx_categorys` [ RunTime:0.0004s ]
SQL: SHOW COLUMNS FROM `xcx_ads_relationships` [ RunTime:0.0005s ]

[ 2017-10-25T21:49:35+08:00 ] 127.0.0.1 /index.php?g=&m=AdminAds&a=add_post
INFO: [ app_begin ] --START--
INFO: Run Behavior\ReadHtmlCacheBehavior [ RunTime:0.003754s ]
INFO: Run Behavior\CheckLangBehavior [ RunTime:0.004606s ]
INFO: Run Common\Behavior\UrldecodeGetBehavior [ RunTime:0.001055s ]
INFO: [ app_begin ] --END-- [ RunTime:0.010401s ]
INFO: [ admin_begin ] --START--
INFO: Run Common\Behavior\AdminDefaultLangBehavior [ RunTime:0.002462s ]
INFO: [ admin_begin ] --END-- [ RunTime:0.002558s ]
SQL: SHOW COLUMNS FROM `xcx_users` [ RunTime:0.0005s ]
SQL: SELECT * FROM `xcx_users` WHERE `id` = '1' LIMIT 1   [ RunTime:0.0003s ]
SQL: SHOW COLUMNS FROM `xcx_ads` [ RunTime:0.0025s ]
SQL: SHOW COLUMNS FROM `xcx_categorys` [ RunTime:0.0007s ]
SQL: SHOW COLUMNS FROM `xcx_ads_relationships` [ RunTime:0.0004s ]

[ 2017-10-25T21:57:20+08:00 ] 127.0.0.1 /index.php?g=&m=AdminAds&a=add_post
INFO: [ app_begin ] --START--
INFO: Run Behavior\ReadHtmlCacheBehavior [ RunTime:0.000820s ]
INFO: Run Behavior\CheckLangBehavior [ RunTime:0.001870s ]
INFO: Run Common\Behavior\UrldecodeGetBehavior [ RunTime:0.000741s ]
INFO: [ app_begin ] --END-- [ RunTime:0.004162s ]
INFO: [ admin_begin ] --START--
INFO: Run Common\Behavior\AdminDefaultLangBehavior [ RunTime:0.002184s ]
INFO: [ admin_begin ] --END-- [ RunTime:0.002377s ]
SQL: SHOW COLUMNS FROM `xcx_users` [ RunTime:0.0019s ]
SQL: SELECT * FROM `xcx_users` WHERE `id` = '1' LIMIT 1   [ RunTime:0.0005s ]
SQL: SHOW COLUMNS FROM `xcx_ads` [ RunTime:0.0006s ]
SQL: SHOW COLUMNS FROM `xcx_categorys` [ RunTime:0.0005s ]
SQL: SHOW COLUMNS FROM `xcx_ads_relationships` [ RunTime:0.0004s ]
SQL: INSERT INTO `xcx_ads` (`post_title`,`post_keywords`,`post_excerpt`,`post_discount`,`start_time`,`end_time`,`store_name`,`store_addr`,`store_contact`,`store_phone`,`post_date`,`post_content`,`post_modified`,`post_author`,`smeta`,`post_status`) VALUES ('title','keyword','zhaiyao','discount','2017-10-25 21:55','2017-10-31 21:55','storename','storeaddr','storecontact','storephone','2017-10-25 21:55:59','<p>content</p>','2017-10-25 21:57:20','1','portal/20171025/59f0983863d2d.png','0') [ RunTime:0.0004s ]

[ 2017-10-25T22:00:50+08:00 ] 127.0.0.1 /index.php?g=&m=AdminAds&a=add_post
INFO: [ app_begin ] --START--
INFO: Run Behavior\ReadHtmlCacheBehavior [ RunTime:0.000639s ]
INFO: Run Behavior\CheckLangBehavior [ RunTime:0.001179s ]
INFO: Run Common\Behavior\UrldecodeGetBehavior [ RunTime:0.001243s ]
INFO: [ app_begin ] --END-- [ RunTime:0.003609s ]
INFO: [ admin_begin ] --START--
INFO: Run Common\Behavior\AdminDefaultLangBehavior [ RunTime:0.001555s ]
INFO: [ admin_begin ] --END-- [ RunTime:0.001652s ]
SQL: SHOW COLUMNS FROM `xcx_users` [ RunTime:0.0008s ]
SQL: SELECT * FROM `xcx_users` WHERE `id` = '1' LIMIT 1   [ RunTime:0.0005s ]
SQL: SHOW COLUMNS FROM `xcx_ads` [ RunTime:0.0006s ]
SQL: SHOW COLUMNS FROM `xcx_categorys` [ RunTime:0.0004s ]
SQL: SHOW COLUMNS FROM `xcx_ads_relationships` [ RunTime:0.0006s ]
SQL: INSERT INTO `xcx_ads` (`post_title`,`post_keywords`,`post_excerpt`,`post_discount`,`start_time`,`end_time`,`store_name`,`store_addr`,`store_contact`,`store_phone`,`post_date`,`post_content`,`post_modified`,`post_author`,`smeta`,`post_status`) VALUES ('title','keyword','zhaiyao','discount','2017-10-25 22:00','2017-10-31 22:00','sname','saddr','scontact','sphone','2017-10-25 22:00:00','<p>content</p>','2017-10-25 22:00:50','1','portal/20171025/59f0990a5ba4a.png','0') [ RunTime:0.0017s ]

[ 2017-10-25T22:03:32+08:00 ] 127.0.0.1 /index.php?g=&m=AdminAds&a=add_post
INFO: [ app_begin ] --START--
INFO: Run Behavior\ReadHtmlCacheBehavior [ RunTime:0.000642s ]
INFO: Run Behavior\CheckLangBehavior [ RunTime:0.001204s ]
INFO: Run Common\Behavior\UrldecodeGetBehavior [ RunTime:0.000607s ]
INFO: [ app_begin ] --END-- [ RunTime:0.002881s ]
INFO: [ admin_begin ] --START--
INFO: Run Common\Behavior\AdminDefaultLangBehavior [ RunTime:0.002069s ]
INFO: [ admin_begin ] --END-- [ RunTime:0.002234s ]
SQL: SHOW COLUMNS FROM `xcx_users` [ RunTime:0.0008s ]
SQL: SELECT * FROM `xcx_users` WHERE `id` = '1' LIMIT 1   [ RunTime:0.0005s ]
SQL: SHOW COLUMNS FROM `xcx_ads` [ RunTime:0.0011s ]
SQL: SHOW COLUMNS FROM `xcx_categorys` [ RunTime:0.0006s ]
SQL: SHOW COLUMNS FROM `xcx_ads_relationships` [ RunTime:0.0004s ]
SQL: INSERT INTO `xcx_ads` (`post_title`,`post_keywords`,`post_excerpt`,`post_discount`,`start_time`,`end_time`,`store_name`,`store_addr`,`store_contact`,`store_phone`,`post_date`,`post_content`,`post_modified`,`post_author`,`smeta`,`post_status`) VALUES ('title','kword','zhaiyao','discount','2017-10-25 22:01','2017-10-31 22:01','sname','saddr','scontact','sphone','2017-10-25 22:01:06','<p>content&nbsp; &nbsp;&nbsp;</p>','2017-10-25 22:03:32','1','portal/20171025/59f099ab6104e.png','0') [ RunTime:0.0005s ]
SQL: INSERT INTO `xcx_ads_relationships` (`cg_id`,`object_id`) VALUES ('5','428') [ RunTime:0.0019s ]

[ 2017-10-25T22:04:04+08:00 ] 127.0.0.1 /statics/js/common.js?
ERR: 无法加载控制器:Statics

[ 2017-10-25T22:04:08+08:00 ] 127.0.0.1 /statics/js/common.js?
ERR: 无法加载控制器:Statics

[ 2017-10-25T22:09:56+08:00 ] 127.0.0.1 /index.php?g=&m=AdminAds&a=edit_post
INFO: [ app_begin ] --START--
INFO: Run Behavior\ReadHtmlCacheBehavior [ RunTime:0.000629s ]
INFO: Run Behavior\CheckLangBehavior [ RunTime:0.001266s ]
INFO: Run Common\Behavior\UrldecodeGetBehavior [ RunTime:0.000673s ]
INFO: [ app_begin ] --END-- [ RunTime:0.003002s ]
INFO: [ admin_begin ] --START--
INFO: Run Common\Behavior\AdminDefaultLangBehavior [ RunTime:0.001555s ]
INFO: [ admin_begin ] --END-- [ RunTime:0.001637s ]
SQL: SHOW COLUMNS FROM `xcx_users` [ RunTime:0.0007s ]
SQL: SELECT * FROM `xcx_users` WHERE `id` = '1' LIMIT 1   [ RunTime:0.0003s ]
SQL: SHOW COLUMNS FROM `xcx_ads` [ RunTime:0.0005s ]
SQL: SHOW COLUMNS FROM `xcx_categorys` [ RunTime:0.0004s ]
SQL: SHOW COLUMNS FROM `xcx_ads_relationships` [ RunTime:0.0003s ]
NOTIC: [8] Undefined index: term D:\Work\thinkcmf\ThinkCMFX\application\Portal\Controller\AdminAdsController.class.php 第 85 行.
NOTIC: [2] implode(): Invalid arguments passed D:\Work\thinkcmf\ThinkCMFX\application\Portal\Controller\AdminAdsController.class.php 第 85 行.
SQL: DELETE FROM `xcx_ads_relationships` WHERE `object_id` = 428 [ RunTime:0.0003s ]
NOTIC: [8] Undefined index: term D:\Work\thinkcmf\ThinkCMFX\application\Portal\Controller\AdminAdsController.class.php 第 86 行.
NOTIC: [2] Invalid argument supplied for foreach() D:\Work\thinkcmf\ThinkCMFX\application\Portal\Controller\AdminAdsController.class.php 第 86 行.
NOTIC: [2] Illegal string offset 'thumb' D:\Work\thinkcmf\ThinkCMFX\application\Portal\Controller\AdminAdsController.class.php 第 101 行.
NOTIC: [2] Illegal string offset 'thumb' D:\Work\thinkcmf\ThinkCMFX\application\Portal\Controller\AdminAdsController.class.php 第 101 行.
SQL: UPDATE `xcx_ads` SET `post_title`='title',`post_keywords`='kword',`post_excerpt`='zhaiyao',`post_discount`='discount',`start_time`='2017-10-25 22:01:00',`end_time`='2017-10-31 22:01:00',`store_name`='sname',`store_addr`='saddr',`store_contact`='scontact',`store_phone`='sphone',`post_date`='2017-10-25 22:01:06',`post_content`='<p>content&nbsp; &nbsp;&nbsp;</p>',`post_modified`='2017-10-25 22:09:56',`smeta`='\"portal\\/20171025\\/59f099ab6104e.png\"' WHERE `id` = '428' [ RunTime:0.0004s ]

[ 2017-10-25T22:22:09+08:00 ] 127.0.0.1 /index.php?g=&m=AdminAds&a=edit_post
INFO: [ app_begin ] --START--
INFO: Run Behavior\ReadHtmlCacheBehavior [ RunTime:0.000796s ]
INFO: Run Behavior\CheckLangBehavior [ RunTime:0.001596s ]
INFO: Run Common\Behavior\UrldecodeGetBehavior [ RunTime:0.000737s ]
INFO: [ app_begin ] --END-- [ RunTime:0.003624s ]
INFO: [ admin_begin ] --START--
INFO: Run Common\Behavior\AdminDefaultLangBehavior [ RunTime:0.001979s ]
INFO: [ admin_begin ] --END-- [ RunTime:0.002152s ]
SQL: SHOW COLUMNS FROM `xcx_users` [ RunTime:0.0006s ]
SQL: SELECT * FROM `xcx_users` WHERE `id` = '1' LIMIT 1   [ RunTime:0.0003s ]
SQL: SHOW COLUMNS FROM `xcx_ads` [ RunTime:0.0007s ]
SQL: SHOW COLUMNS FROM `xcx_categorys` [ RunTime:0.0008s ]
SQL: SHOW COLUMNS FROM `xcx_ads_relationships` [ RunTime:0.0005s ]
SQL: UPDATE `xcx_ads` SET `post_title`='DDDDDDD',`post_keywords`='DDDDDD',`post_excerpt`='SSSSSS',`post_discount`='AAAAA',`start_time`='2017-10-25 21:48:00',`end_time`='1000-01-01 00:00:00',`store_name`='AAAA',`store_addr`='AAAAAA',`store_contact`='AAAAA',`store_phone`='AAAA',`post_date`='2017-10-25 20:44:18',`post_content`='<p>FFFFFFFFFF</p>',`post_modified`='2017-10-25 22:22:09',`smeta`='portal/20171025/59f0873157fcb.png' WHERE `id` = '423' [ RunTime:0.0004s ]
SQL: INSERT INTO `xcx_ads_relationships` (`cg_id`,`object_id`) VALUES ('4','1') [ RunTime:0.0003s ]

[ 2017-10-25T22:25:45+08:00 ] 127.0.0.1 /index.php?g=&m=AdminAds&a=edit_post
INFO: [ app_begin ] --START--
INFO: Run Behavior\ReadHtmlCacheBehavior [ RunTime:0.000644s ]
INFO: Run Behavior\CheckLangBehavior [ RunTime:0.001194s ]
INFO: Run Common\Behavior\UrldecodeGetBehavior [ RunTime:0.000567s ]
INFO: [ app_begin ] --END-- [ RunTime:0.002862s ]
INFO: [ admin_begin ] --START--
INFO: Run Common\Behavior\AdminDefaultLangBehavior [ RunTime:0.003411s ]
INFO: [ admin_begin ] --END-- [ RunTime:0.003508s ]
SQL: SHOW COLUMNS FROM `xcx_users` [ RunTime:0.0009s ]
SQL: SELECT * FROM `xcx_users` WHERE `id` = '1' LIMIT 1   [ RunTime:0.0003s ]
SQL: SHOW COLUMNS FROM `xcx_ads` [ RunTime:0.0005s ]
SQL: SHOW COLUMNS FROM `xcx_categorys` [ RunTime:0.0011s ]
SQL: SHOW COLUMNS FROM `xcx_ads_relationships` [ RunTime:0.0010s ]
SQL: UPDATE `xcx_ads` SET `post_title`='DDDDDDD',`post_keywords`='DDDDDD',`post_excerpt`='SSSSSS',`post_discount`='AAAAA',`start_time`='2017-10-25 21:48:00',`end_time`='1000-01-01 00:00:00',`store_name`='AAAA',`store_addr`='AAAAAA',`store_contact`='AAAAA',`store_phone`='AAAA',`post_date`='2017-10-25 20:44:18',`post_content`='<p>FFFFFFFFFF</p>',`post_modified`='2017-10-25 22:25:45',`smeta`='portal/20171025/59f0873157fcb.png' WHERE `id` = '423' [ RunTime:0.0004s ]

[ 2017-10-25T22:26:14+08:00 ] 127.0.0.1 /index.php?g=&m=AdminAds&a=edit_post
INFO: [ app_begin ] --START--
INFO: Run Behavior\ReadHtmlCacheBehavior [ RunTime:0.003184s ]
INFO: Run Behavior\CheckLangBehavior [ RunTime:0.001781s ]
INFO: Run Common\Behavior\UrldecodeGetBehavior [ RunTime:0.001055s ]
INFO: [ app_begin ] --END-- [ RunTime:0.006975s ]
INFO: [ admin_begin ] --START--
INFO: Run Common\Behavior\AdminDefaultLangBehavior [ RunTime:0.003438s ]
INFO: [ admin_begin ] --END-- [ RunTime:0.003560s ]
SQL: SHOW COLUMNS FROM `xcx_users` [ RunTime:0.0006s ]
SQL: SELECT * FROM `xcx_users` WHERE `id` = '1' LIMIT 1   [ RunTime:0.0003s ]
SQL: SHOW COLUMNS FROM `xcx_ads` [ RunTime:0.0020s ]
SQL: SHOW COLUMNS FROM `xcx_categorys` [ RunTime:0.0005s ]
SQL: SHOW COLUMNS FROM `xcx_ads_relationships` [ RunTime:0.0020s ]
SQL: UPDATE `xcx_ads` SET `post_title`='DDDDDDD',`post_keywords`='DDDDDD',`post_excerpt`='SSSSSS',`post_discount`='AAAAA',`start_time`='2017-10-25 21:48:00',`end_time`='1000-01-01 00:00:00',`store_name`='AAAA',`store_addr`='AAAAAA',`store_contact`='AAAAA',`store_phone`='AAAA',`post_date`='2017-10-25 20:44:18',`post_content`='<p>FFFFFFFFFF</p>',`post_modified`='2017-10-25 22:26:14',`smeta`='portal/20171025/59f0873157fcb.png' WHERE `id` = '423' [ RunTime:0.0005s ]
NOTIC: [2] Invalid argument supplied for foreach() D:\Work\thinkcmf\ThinkCMFX\simplewind\Core\Library\Think\Model.class.php 第 267 行.
NOTIC: [2] Invalid argument supplied for foreach() D:\Work\thinkcmf\ThinkCMFX\simplewind\Core\Library\Think\Db\Driver.class.php 第 372 行.
NOTIC: [8] Undefined variable: set D:\Work\thinkcmf\ThinkCMFX\simplewind\Core\Library\Think\Db\Driver.class.php 第 387 行.
NOTIC: [2] implode(): Invalid arguments passed D:\Work\thinkcmf\ThinkCMFX\simplewind\Core\Library\Think\Db\Driver.class.php 第 387 行.
ERR: 1064:You have an error in your SQL syntax; check the manual that corresponds to your MySQL server version for the right syntax to use near 'WHERE `object_id` = '423'' at line 1
 [ SQL语句 ] : UPDATE `xcx_ads_relationships` SET  WHERE `object_id` = '423'
ERR: 1064:You have an error in your SQL syntax; check the manual that corresponds to your MySQL server version for the right syntax to use near 'WHERE `object_id` = '423'' at line 1
 [ SQL语句 ] : UPDATE `xcx_ads_relationships` SET  WHERE `object_id` = '423'

[ 2017-10-25T22:27:54+08:00 ] 127.0.0.1 /index.php?g=&m=AdminAds&a=edit_post
INFO: [ app_begin ] --START--
INFO: Run Behavior\ReadHtmlCacheBehavior [ RunTime:0.001308s ]
INFO: Run Behavior\CheckLangBehavior [ RunTime:0.003601s ]
INFO: Run Common\Behavior\UrldecodeGetBehavior [ RunTime:0.000628s ]
INFO: [ app_begin ] --END-- [ RunTime:0.006376s ]
INFO: [ admin_begin ] --START--
INFO: Run Common\Behavior\AdminDefaultLangBehavior [ RunTime:0.001572s ]
INFO: [ admin_begin ] --END-- [ RunTime:0.001677s ]
SQL: SHOW COLUMNS FROM `xcx_users` [ RunTime:0.0010s ]
SQL: SELECT * FROM `xcx_users` WHERE `id` = '1' LIMIT 1   [ RunTime:0.0004s ]
SQL: SHOW COLUMNS FROM `xcx_ads` [ RunTime:0.0006s ]
SQL: SHOW COLUMNS FROM `xcx_categorys` [ RunTime:0.0005s ]
SQL: SHOW COLUMNS FROM `xcx_ads_relationships` [ RunTime:0.0004s ]
SQL: UPDATE `xcx_ads` SET `post_title`='DDDDDDD',`post_keywords`='DDDDDD',`post_excerpt`='SSSSSS',`post_discount`='AAAAA',`start_time`='2017-10-25 21:48:00',`end_time`='1000-01-01 00:00:00',`store_name`='AAAA',`store_addr`='AAAAAA',`store_contact`='AAAAA',`store_phone`='AAAA',`post_date`='2017-10-25 20:44:18',`post_content`='<p>FFFFFFFFFF</p>',`post_modified`='2017-10-25 22:27:54',`smeta`='portal/20171025/59f0873157fcb.png' WHERE `id` = '423' [ RunTime:0.0005s ]
SQL: UPDATE `xcx_ads_relationships` SET `cg_id`='5' WHERE `object_id` = '423' [ RunTime:0.0003s ]

[ 2017-10-25T22:28:14+08:00 ] 127.0.0.1 /index.php?g=&m=AdminAds&a=edit_post
INFO: [ app_begin ] --START--
INFO: Run Behavior\ReadHtmlCacheBehavior [ RunTime:0.001002s ]
INFO: Run Behavior\CheckLangBehavior [ RunTime:0.001814s ]
INFO: Run Common\Behavior\UrldecodeGetBehavior [ RunTime:0.000886s ]
INFO: [ app_begin ] --END-- [ RunTime:0.004341s ]
INFO: [ admin_begin ] --START--
INFO: Run Common\Behavior\AdminDefaultLangBehavior [ RunTime:0.001498s ]
INFO: [ admin_begin ] --END-- [ RunTime:0.001595s ]
SQL: SHOW COLUMNS FROM `xcx_users` [ RunTime:0.0008s ]
SQL: SELECT * FROM `xcx_users` WHERE `id` = '1' LIMIT 1   [ RunTime:0.0003s ]
SQL: SHOW COLUMNS FROM `xcx_ads` [ RunTime:0.0007s ]
SQL: SHOW COLUMNS FROM `xcx_categorys` [ RunTime:0.0006s ]
SQL: SHOW COLUMNS FROM `xcx_ads_relationships` [ RunTime:0.0003s ]
SQL: UPDATE `xcx_ads` SET `post_title`='DDDDDDD',`post_keywords`='DDDDDD',`post_excerpt`='SSSSSS',`post_discount`='AAAAA',`start_time`='2017-10-25 21:48:00',`end_time`='1000-01-01 00:00:00',`store_name`='AAAA',`store_addr`='AAAAAA',`store_contact`='AAAAA',`store_phone`='AAAA',`post_date`='2017-10-25 20:44:18',`post_content`='<p>FFFFFFFFFF</p>',`post_modified`='2017-10-25 22:28:14',`smeta`='portal/20171025/59f0873157fcb.png' WHERE `id` = '423' [ RunTime:0.0016s ]
SQL: UPDATE `xcx_ads_relationships` SET `cg_id`='4' WHERE `object_id` = '423' [ RunTime:0.0003s ]

[ 2017-10-25T22:28:38+08:00 ] 127.0.0.1 /index.php?g=&m=AdminAds&a=edit_post
INFO: [ app_begin ] --START--
INFO: Run Behavior\ReadHtmlCacheBehavior [ RunTime:0.000746s ]
INFO: Run Behavior\CheckLangBehavior [ RunTime:0.001262s ]
INFO: Run Common\Behavior\UrldecodeGetBehavior [ RunTime:0.000614s ]
INFO: [ app_begin ] --END-- [ RunTime:0.003080s ]
INFO: [ admin_begin ] --START--
INFO: Run Common\Behavior\AdminDefaultLangBehavior [ RunTime:0.001735s ]
INFO: [ admin_begin ] --END-- [ RunTime:0.001850s ]
SQL: SHOW COLUMNS FROM `xcx_users` [ RunTime:0.0009s ]
SQL: SELECT * FROM `xcx_users` WHERE `id` = '1' LIMIT 1   [ RunTime:0.0004s ]
SQL: SHOW COLUMNS FROM `xcx_ads` [ RunTime:0.0011s ]
SQL: SHOW COLUMNS FROM `xcx_categorys` [ RunTime:0.0005s ]
SQL: SHOW COLUMNS FROM `xcx_ads_relationships` [ RunTime:0.0004s ]
SQL: UPDATE `xcx_ads` SET `post_title`='DDDDDDD',`post_keywords`='DDDDDD',`post_excerpt`='SSSSSS',`post_discount`='AAAAA',`start_time`='2017-10-25 21:48:00',`end_time`='1000-01-01 00:00:00',`store_name`='AAAA',`store_addr`='AAAAAA',`store_contact`='AAAAA',`store_phone`='AAAA',`post_date`='2017-10-25 20:44:18',`post_content`='<p>FFFFFFFFFF</p>',`post_modified`='2017-10-25 22:28:38',`smeta`='portal/20171025/59f0873157fcb.png' WHERE `id` = '423' [ RunTime:0.0005s ]
SQL: UPDATE `xcx_ads_relationships` SET `cg_id`='4' WHERE `object_id` = '423' [ RunTime:0.0002s ]

[ 2017-10-25T22:35:34+08:00 ] 127.0.0.1 /index.php?g=&m=AdminAds&a=add_post
INFO: [ app_begin ] --START--
INFO: Run Behavior\ReadHtmlCacheBehavior [ RunTime:0.000754s ]
INFO: Run Behavior\CheckLangBehavior [ RunTime:0.001206s ]
INFO: Run Common\Behavior\UrldecodeGetBehavior [ RunTime:0.000573s ]
INFO: [ app_begin ] --END-- [ RunTime:0.002957s ]
INFO: [ admin_begin ] --START--
INFO: Run Common\Behavior\AdminDefaultLangBehavior [ RunTime:0.001587s ]
INFO: [ admin_begin ] --END-- [ RunTime:0.001773s ]
SQL: SHOW COLUMNS FROM `xcx_users` [ RunTime:0.0007s ]
SQL: SELECT * FROM `xcx_users` WHERE `id` = '1' LIMIT 1   [ RunTime:0.0003s ]
SQL: SHOW COLUMNS FROM `xcx_ads` [ RunTime:0.0005s ]
SQL: SHOW COLUMNS FROM `xcx_categorys` [ RunTime:0.0004s ]
SQL: SHOW COLUMNS FROM `xcx_ads_relationships` [ RunTime:0.0005s ]
SQL: INSERT INTO `xcx_ads` (`post_title`,`post_keywords`,`post_excerpt`,`post_discount`,`start_time`,`end_time`,`store_name`,`store_addr`,`store_contact`,`store_phone`,`post_date`,`post_content`,`post_modified`,`post_author`,`smeta`,`post_status`) VALUES ('dddd','222','ddd','2222','2017-10-25 22:35','2017-10-31 22:35','ddd','222','ddd','222','2017-10-25 22:35:06','<p>ddd</p>','2017-10-25 22:35:34','1','portal/20171025/59f0a133a8c91.png','0') [ RunTime:0.0006s ]
SQL: INSERT INTO `xcx_ads_relationships` (`cg_id`,`object_id`) VALUES ('4','429') [ RunTime:0.0005s ]

[ 2017-10-25T22:35:39+08:00 ] 127.0.0.1 /index.php?g=&m=AdminAds&a=edit_post
INFO: [ app_begin ] --START--
INFO: Run Behavior\ReadHtmlCacheBehavior [ RunTime:0.000649s ]
INFO: Run Behavior\CheckLangBehavior [ RunTime:0.001304s ]
INFO: Run Common\Behavior\UrldecodeGetBehavior [ RunTime:0.000586s ]
INFO: [ app_begin ] --END-- [ RunTime:0.003048s ]
INFO: [ admin_begin ] --START--
INFO: Run Common\Behavior\AdminDefaultLangBehavior [ RunTime:0.001721s ]
INFO: [ admin_begin ] --END-- [ RunTime:0.001826s ]
SQL: SHOW COLUMNS FROM `xcx_users` [ RunTime:0.0005s ]
SQL: SELECT * FROM `xcx_users` WHERE `id` = '1' LIMIT 1   [ RunTime:0.0002s ]
SQL: SHOW COLUMNS FROM `xcx_ads` [ RunTime:0.0006s ]
SQL: SHOW COLUMNS FROM `xcx_categorys` [ RunTime:0.0005s ]
SQL: SHOW COLUMNS FROM `xcx_ads_relationships` [ RunTime:0.0004s ]
SQL: UPDATE `xcx_ads` SET `post_title`='dddd',`post_keywords`='222',`post_excerpt`='ddd',`post_discount`='2222',`start_time`='2017-10-25 22:35:00',`end_time`='2017-10-31 22:35:00',`store_name`='ddd',`store_addr`='222',`store_contact`='ddd',`store_phone`='222',`post_date`='2017-10-25 22:35:06',`post_content`='<p>ddd</p>',`post_modified`='2017-10-25 22:35:39',`smeta`='portal/20171025/59f0a133a8c91.png' WHERE `id` = '429' [ RunTime:0.0009s ]
SQL: UPDATE `xcx_ads_relationships` SET `cg_id`='4' WHERE `object_id` = '429' [ RunTime:0.0004s ]

[ 2017-10-25T22:35:47+08:00 ] 127.0.0.1 /index.php?g=&m=AdminAds&a=edit_post
INFO: [ app_begin ] --START--
INFO: Run Behavior\ReadHtmlCacheBehavior [ RunTime:0.000737s ]
INFO: Run Behavior\CheckLangBehavior [ RunTime:0.001730s ]
INFO: Run Common\Behavior\UrldecodeGetBehavior [ RunTime:0.000731s ]
INFO: [ app_begin ] --END-- [ RunTime:0.003688s ]
INFO: [ admin_begin ] --START--
INFO: Run Common\Behavior\AdminDefaultLangBehavior [ RunTime:0.001809s ]
INFO: [ admin_begin ] --END-- [ RunTime:0.001941s ]
SQL: SHOW COLUMNS FROM `xcx_users` [ RunTime:0.0010s ]
SQL: SELECT * FROM `xcx_users` WHERE `id` = '1' LIMIT 1   [ RunTime:0.0005s ]
SQL: SHOW COLUMNS FROM `xcx_ads` [ RunTime:0.0011s ]
SQL: SHOW COLUMNS FROM `xcx_categorys` [ RunTime:0.0009s ]
SQL: SHOW COLUMNS FROM `xcx_ads_relationships` [ RunTime:0.0005s ]
SQL: UPDATE `xcx_ads` SET `post_title`='dddd',`post_keywords`='222',`post_excerpt`='ddd',`post_discount`='2222',`start_time`='2017-10-25 22:35:00',`end_time`='2017-10-31 22:35:00',`store_name`='ddd',`store_addr`='222',`store_contact`='ddd',`store_phone`='222',`post_date`='2017-10-25 22:35:06',`post_content`='<p>ddd</p>',`post_modified`='2017-10-25 22:35:47',`smeta`='portal/20171025/59f0a133a8c91.png' WHERE `id` = '429' [ RunTime:0.0021s ]
SQL: UPDATE `xcx_ads_relationships` SET `cg_id`='4' WHERE `object_id` = '429' [ RunTime:0.0004s ]

[ 2017-10-25T22:37:45+08:00 ] 127.0.0.1 /index.php?g=&m=AdminAds&a=edit_post
INFO: [ app_begin ] --START--
INFO: Run Behavior\ReadHtmlCacheBehavior [ RunTime:0.000691s ]
INFO: Run Behavior\CheckLangBehavior [ RunTime:0.001506s ]
INFO: Run Common\Behavior\UrldecodeGetBehavior [ RunTime:0.000893s ]
INFO: [ app_begin ] --END-- [ RunTime:0.003625s ]
INFO: [ admin_begin ] --START--
INFO: Run Common\Behavior\AdminDefaultLangBehavior [ RunTime:0.001855s ]
INFO: [ admin_begin ] --END-- [ RunTime:0.001986s ]
SQL: SHOW COLUMNS FROM `xcx_users` [ RunTime:0.0007s ]
SQL: SELECT * FROM `xcx_users` WHERE `id` = '1' LIMIT 1   [ RunTime:0.0003s ]
SQL: SHOW COLUMNS FROM `xcx_ads` [ RunTime:0.0007s ]
SQL: SHOW COLUMNS FROM `xcx_categorys` [ RunTime:0.0009s ]
SQL: SHOW COLUMNS FROM `xcx_ads_relationships` [ RunTime:0.0008s ]
SQL: UPDATE `xcx_ads` SET `post_title`='dddd',`post_keywords`='222',`post_excerpt`='ddd',`post_discount`='2222',`start_time`='2017-10-25 22:35:00',`end_time`='2017-10-31 22:35:00',`store_name`='ddd',`store_addr`='222',`store_contact`='ddd',`store_phone`='222',`post_date`='2017-10-25 22:35:06',`post_content`='<p>ddd</p>',`post_modified`='2017-10-25 22:37:45',`smeta`='portal/20171025/59f0a133a8c91.png' WHERE `id` = '429' [ RunTime:0.0012s ]
SQL: UPDATE `xcx_ads_relationships` SET `cg_id`='4' WHERE `object_id` = '429' [ RunTime:0.0005s ]

[ 2017-10-25T22:39:33+08:00 ] 127.0.0.1 /index.php?g=&m=AdminAds&a=edit_post
INFO: [ app_begin ] --START--
INFO: Run Behavior\ReadHtmlCacheBehavior [ RunTime:0.000697s ]
INFO: Run Behavior\CheckLangBehavior [ RunTime:0.001237s ]
INFO: Run Common\Behavior\UrldecodeGetBehavior [ RunTime:0.000578s ]
INFO: [ app_begin ] --END-- [ RunTime:0.003224s ]
INFO: [ admin_begin ] --START--
INFO: Run Common\Behavior\AdminDefaultLangBehavior [ RunTime:0.001577s ]
INFO: [ admin_begin ] --END-- [ RunTime:0.001775s ]
SQL: SHOW COLUMNS FROM `xcx_users` [ RunTime:0.0009s ]
SQL: SELECT * FROM `xcx_users` WHERE `id` = '1' LIMIT 1   [ RunTime:0.0003s ]
SQL: SHOW COLUMNS FROM `xcx_ads` [ RunTime:0.0005s ]
SQL: SHOW COLUMNS FROM `xcx_categorys` [ RunTime:0.0010s ]
SQL: SHOW COLUMNS FROM `xcx_ads_relationships` [ RunTime:0.0005s ]
SQL: UPDATE `xcx_ads` SET `post_title`='dddd',`post_keywords`='222',`post_excerpt`='ddd',`post_discount`='2222',`start_time`='2017-10-25 22:35:00',`end_time`='2017-10-31 22:35:00',`store_name`='ddd',`store_addr`='222',`store_contact`='ddd',`store_phone`='222',`post_date`='2017-10-25 22:35:06',`post_content`='<p>ddd</p>',`post_modified`='2017-10-25 22:39:33',`smeta`='portal/20171025/59f0a133a8c91.png' WHERE `id` = '429' [ RunTime:0.0004s ]
SQL: UPDATE `xcx_ads_relationships` SET `cg_id`='5' WHERE `object_id` = '429' [ RunTime:0.0002s ]

[ 2017-10-25T22:39:53+08:00 ] 127.0.0.1 /index.php?g=&m=AdminAds&a=edit_post
INFO: [ app_begin ] --START--
INFO: Run Behavior\ReadHtmlCacheBehavior [ RunTime:0.000642s ]
INFO: Run Behavior\CheckLangBehavior [ RunTime:0.001192s ]
INFO: Run Common\Behavior\UrldecodeGetBehavior [ RunTime:0.000583s ]
INFO: [ app_begin ] --END-- [ RunTime:0.002843s ]
INFO: [ admin_begin ] --START--
INFO: Run Common\Behavior\AdminDefaultLangBehavior [ RunTime:0.002695s ]
INFO: [ admin_begin ] --END-- [ RunTime:0.002846s ]
SQL: SHOW COLUMNS FROM `xcx_users` [ RunTime:0.0005s ]
SQL: SELECT * FROM `xcx_users` WHERE `id` = '1' LIMIT 1   [ RunTime:0.0003s ]
SQL: SHOW COLUMNS FROM `xcx_ads` [ RunTime:0.0007s ]
SQL: SHOW COLUMNS FROM `xcx_categorys` [ RunTime:0.0006s ]
SQL: SHOW COLUMNS FROM `xcx_ads_relationships` [ RunTime:0.0011s ]
SQL: UPDATE `xcx_ads` SET `post_title`='dddd',`post_keywords`='222',`post_excerpt`='ddd',`post_discount`='2222',`start_time`='2017-10-25 22:35:00',`end_time`='2017-10-31 22:35:00',`store_name`='ddd',`store_addr`='222',`store_contact`='ddd',`store_phone`='222',`post_date`='2017-10-25 22:35:06',`post_content`='<p>ddd</p>',`post_modified`='2017-10-25 22:39:53',`smeta`='portal/20171025/59f0a133a8c91.png' WHERE `id` = '429' [ RunTime:0.0004s ]
SQL: UPDATE `xcx_ads_relationships` SET `cg_id`='5' WHERE `object_id` = '429' [ RunTime:0.0002s ]

[ 2017-10-25T22:40:05+08:00 ] 127.0.0.1 /index.php?g=&m=AdminAds&a=edit_post
INFO: [ app_begin ] --START--
INFO: Run Behavior\ReadHtmlCacheBehavior [ RunTime:0.000665s ]
INFO: Run Behavior\CheckLangBehavior [ RunTime:0.001202s ]
INFO: Run Common\Behavior\UrldecodeGetBehavior [ RunTime:0.000595s ]
INFO: [ app_begin ] --END-- [ RunTime:0.002899s ]
INFO: [ admin_begin ] --START--
INFO: Run Common\Behavior\AdminDefaultLangBehavior [ RunTime:0.001487s ]
INFO: [ admin_begin ] --END-- [ RunTime:0.001569s ]
SQL: SHOW COLUMNS FROM `xcx_users` [ RunTime:0.0006s ]
SQL: SELECT * FROM `xcx_users` WHERE `id` = '1' LIMIT 1   [ RunTime:0.0004s ]
SQL: SHOW COLUMNS FROM `xcx_ads` [ RunTime:0.0005s ]
SQL: SHOW COLUMNS FROM `xcx_categorys` [ RunTime:0.0004s ]
SQL: SHOW COLUMNS FROM `xcx_ads_relationships` [ RunTime:0.0004s ]
SQL: UPDATE `xcx_ads` SET `post_title`='dddd',`post_keywords`='222',`post_excerpt`='ddd',`post_discount`='2222',`start_time`='2017-10-25 22:35:00',`end_time`='2017-10-31 22:35:00',`store_name`='ddd',`store_addr`='222',`store_contact`='ddd',`store_phone`='222',`post_date`='2017-10-25 22:35:06',`post_content`='<p>ddd</p>',`post_modified`='2017-10-25 22:40:05',`smeta`='portal/20171025/59f0a133a8c91.png' WHERE `id` = '429' [ RunTime:0.0004s ]
SQL: UPDATE `xcx_ads_relationships` SET `cg_id`='5' WHERE `object_id` = '429' [ RunTime:0.0002s ]

[ 2017-10-25T22:40:20+08:00 ] 127.0.0.1 /index.php?g=&m=AdminAds&a=edit_post
INFO: [ app_begin ] --START--
INFO: Run Behavior\ReadHtmlCacheBehavior [ RunTime:0.000783s ]
INFO: Run Behavior\CheckLangBehavior [ RunTime:0.001847s ]
INFO: Run Common\Behavior\UrldecodeGetBehavior [ RunTime:0.001649s ]
INFO: [ app_begin ] --END-- [ RunTime:0.004776s ]
INFO: [ admin_begin ] --START--
INFO: Run Common\Behavior\AdminDefaultLangBehavior [ RunTime:0.002177s ]
INFO: [ admin_begin ] --END-- [ RunTime:0.002277s ]
SQL: SHOW COLUMNS FROM `xcx_users` [ RunTime:0.0015s ]
SQL: SELECT * FROM `xcx_users` WHERE `id` = '1' LIMIT 1   [ RunTime:0.0005s ]
SQL: SHOW COLUMNS FROM `xcx_ads` [ RunTime:0.0012s ]
SQL: SHOW COLUMNS FROM `xcx_categorys` [ RunTime:0.0006s ]
SQL: SHOW COLUMNS FROM `xcx_ads_relationships` [ RunTime:0.0004s ]
SQL: UPDATE `xcx_ads` SET `post_title`='dddd',`post_keywords`='222',`post_excerpt`='ddd',`post_discount`='2222',`start_time`='2017-10-25 22:35:00',`end_time`='2017-10-31 22:35:00',`store_name`='ddd',`store_addr`='222',`store_contact`='ddd',`store_phone`='222',`post_date`='2017-10-25 22:35:06',`post_content`='<p>ddd</p>',`post_modified`='2017-10-25 22:40:20',`smeta`='portal/20171025/59f0a133a8c91.png' WHERE `id` = '429' [ RunTime:0.0004s ]
SQL: UPDATE `xcx_ads_relationships` SET `cg_id`='5' WHERE `object_id` = '429' [ RunTime:0.0002s ]

[ 2017-10-25T22:41:19+08:00 ] 127.0.0.1 /index.php?g=&m=AdminAds&a=edit_post
INFO: [ app_begin ] --START--
INFO: Run Behavior\ReadHtmlCacheBehavior [ RunTime:0.000823s ]
INFO: Run Behavior\CheckLangBehavior [ RunTime:0.001314s ]
INFO: Run Common\Behavior\UrldecodeGetBehavior [ RunTime:0.000654s ]
INFO: [ app_begin ] --END-- [ RunTime:0.003257s ]
INFO: [ admin_begin ] --START--
INFO: Run Common\Behavior\AdminDefaultLangBehavior [ RunTime:0.002127s ]
INFO: [ admin_begin ] --END-- [ RunTime:0.002284s ]
SQL: SHOW COLUMNS FROM `xcx_users` [ RunTime:0.0019s ]
SQL: SELECT * FROM `xcx_users` WHERE `id` = '1' LIMIT 1   [ RunTime:0.0003s ]
SQL: SHOW COLUMNS FROM `xcx_ads` [ RunTime:0.0006s ]
SQL: SHOW COLUMNS FROM `xcx_categorys` [ RunTime:0.0005s ]
SQL: SHOW COLUMNS FROM `xcx_ads_relationships` [ RunTime:0.0004s ]
SQL: UPDATE `xcx_ads` SET `post_title`='dddd',`post_keywords`='222',`post_excerpt`='ddd',`post_discount`='2222',`start_time`='2017-10-25 22:35:00',`end_time`='2017-10-31 22:35:00',`store_name`='ddd',`store_addr`='222',`store_contact`='ddd',`store_phone`='222',`post_date`='2017-10-25 22:35:06',`post_content`='<p>ddd</p>',`post_modified`='2017-10-25 22:41:19',`smeta`='portal/20171025/59f0a133a8c91.png' WHERE `id` = '429' [ RunTime:0.0003s ]
SQL: UPDATE `xcx_ads_relationships` SET `cg_id`='5' WHERE `object_id` = '429' [ RunTime:0.0002s ]

[ 2017-10-25T22:42:14+08:00 ] 127.0.0.1 /index.php?g=&m=AdminAds&a=edit_post
INFO: [ app_begin ] --START--
INFO: Run Behavior\ReadHtmlCacheBehavior [ RunTime:0.002912s ]
INFO: Run Behavior\CheckLangBehavior [ RunTime:0.002474s ]
INFO: Run Common\Behavior\UrldecodeGetBehavior [ RunTime:0.000626s ]
INFO: [ app_begin ] --END-- [ RunTime:0.006735s ]
INFO: [ admin_begin ] --START--
INFO: Run Common\Behavior\AdminDefaultLangBehavior [ RunTime:0.001474s ]
INFO: [ admin_begin ] --END-- [ RunTime:0.001554s ]
SQL: SHOW COLUMNS FROM `xcx_users` [ RunTime:0.0005s ]
SQL: SELECT * FROM `xcx_users` WHERE `id` = '1' LIMIT 1   [ RunTime:0.0003s ]
SQL: SHOW COLUMNS FROM `xcx_ads` [ RunTime:0.0005s ]
SQL: SHOW COLUMNS FROM `xcx_categorys` [ RunTime:0.0015s ]
SQL: SHOW COLUMNS FROM `xcx_ads_relationships` [ RunTime:0.0004s ]
SQL: UPDATE `xcx_ads` SET `post_title`='dddd',`post_keywords`='222',`post_excerpt`='ddd',`post_discount`='2222',`start_time`='2017-10-25 22:35:00',`end_time`='2017-10-31 22:35:00',`store_name`='ddd',`store_addr`='222',`store_contact`='ddd',`store_phone`='222',`post_date`='2017-10-25 22:35:06',`post_content`='<p>ddd</p>',`post_modified`='2017-10-25 22:42:14',`smeta`='portal/20171025/59f0a133a8c91.png' WHERE `id` = '429' [ RunTime:0.0016s ]
SQL: UPDATE `xcx_ads_relationships` SET `cg_id`='5' WHERE `object_id` = '429' [ RunTime:0.0003s ]

[ 2017-10-25T22:43:46+08:00 ] 127.0.0.1 /index.php?g=&m=AdminAds&a=edit_post
INFO: [ app_begin ] --START--
INFO: Run Behavior\ReadHtmlCacheBehavior [ RunTime:0.001017s ]
INFO: Run Behavior\CheckLangBehavior [ RunTime:0.003414s ]
INFO: Run Common\Behavior\UrldecodeGetBehavior [ RunTime:0.001668s ]
INFO: [ app_begin ] --END-- [ RunTime:0.007061s ]
INFO: [ admin_begin ] --START--
INFO: Run Common\Behavior\AdminDefaultLangBehavior [ RunTime:0.004061s ]
INFO: [ admin_begin ] --END-- [ RunTime:0.004183s ]
SQL: SHOW COLUMNS FROM `xcx_users` [ RunTime:0.0012s ]
SQL: SELECT * FROM `xcx_users` WHERE `id` = '1' LIMIT 1   [ RunTime:0.0005s ]
SQL: SHOW COLUMNS FROM `xcx_ads` [ RunTime:0.0007s ]
SQL: SHOW COLUMNS FROM `xcx_categorys` [ RunTime:0.0006s ]
SQL: SHOW COLUMNS FROM `xcx_ads_relationships` [ RunTime:0.0004s ]
SQL: UPDATE `xcx_ads` SET `post_title`='dddd',`post_keywords`='222',`post_excerpt`='ddd',`post_discount`='2222',`start_time`='2017-10-25 22:35:00',`end_time`='2017-10-31 22:35:00',`store_name`='ddd',`store_addr`='222',`store_contact`='ddd',`store_phone`='222',`post_date`='2017-10-25 22:35:06',`post_content`='<p>ddd</p>',`post_modified`='2017-10-25 22:43:46',`smeta`='portal/20171025/59f0a133a8c91.png' WHERE `id` = '429' [ RunTime:0.0004s ]
SQL: UPDATE `xcx_ads_relationships` SET `cg_id`='5' WHERE `object_id` = '429' [ RunTime:0.0002s ]

[ 2017-10-25T22:43:56+08:00 ] 127.0.0.1 /index.php?g=&m=AdminAds&a=edit_post
INFO: [ app_begin ] --START--
INFO: Run Behavior\ReadHtmlCacheBehavior [ RunTime:0.002319s ]
INFO: Run Behavior\CheckLangBehavior [ RunTime:0.003818s ]
INFO: Run Common\Behavior\UrldecodeGetBehavior [ RunTime:0.001949s ]
INFO: [ app_begin ] --END-- [ RunTime:0.009452s ]
INFO: [ admin_begin ] --START--
INFO: Run Common\Behavior\AdminDefaultLangBehavior [ RunTime:0.001565s ]
INFO: [ admin_begin ] --END-- [ RunTime:0.001669s ]
SQL: SHOW COLUMNS FROM `xcx_users` [ RunTime:0.0006s ]
SQL: SELECT * FROM `xcx_users` WHERE `id` = '1' LIMIT 1   [ RunTime:0.0003s ]
SQL: SHOW COLUMNS FROM `xcx_ads` [ RunTime:0.0006s ]
SQL: SHOW COLUMNS FROM `xcx_categorys` [ RunTime:0.0011s ]
SQL: SHOW COLUMNS FROM `xcx_ads_relationships` [ RunTime:0.0005s ]
SQL: UPDATE `xcx_ads` SET `post_title`='dddd',`post_keywords`='222',`post_excerpt`='ddd',`post_discount`='2222',`start_time`='2017-10-25 22:35:00',`end_time`='2017-10-31 22:35:00',`store_name`='ddd',`store_addr`='222',`store_contact`='ddd',`store_phone`='222',`post_date`='2017-10-25 22:35:06',`post_content`='<p>ddd</p>',`post_modified`='2017-10-25 22:43:56',`smeta`='portal/20171025/59f0a133a8c91.png' WHERE `id` = '429' [ RunTime:0.0003s ]
SQL: UPDATE `xcx_ads_relationships` SET `cg_id`='4' WHERE `object_id` = '429' [ RunTime:0.0002s ]

[ 2017-10-25T22:44:10+08:00 ] 127.0.0.1 /index.php?g=&m=AdminAds&a=edit_post
INFO: [ app_begin ] --START--
INFO: Run Behavior\ReadHtmlCacheBehavior [ RunTime:0.000733s ]
INFO: Run Behavior\CheckLangBehavior [ RunTime:0.001390s ]
INFO: Run Common\Behavior\UrldecodeGetBehavior [ RunTime:0.003278s ]
INFO: [ app_begin ] --END-- [ RunTime:0.005936s ]
INFO: [ admin_begin ] --START--
INFO: Run Common\Behavior\AdminDefaultLangBehavior [ RunTime:0.001517s ]
INFO: [ admin_begin ] --END-- [ RunTime:0.001618s ]
SQL: SHOW COLUMNS FROM `xcx_users` [ RunTime:0.0006s ]
SQL: SELECT * FROM `xcx_users` WHERE `id` = '1' LIMIT 1   [ RunTime:0.0003s ]
SQL: SHOW COLUMNS FROM `xcx_ads` [ RunTime:0.0005s ]
SQL: SHOW COLUMNS FROM `xcx_categorys` [ RunTime:0.0004s ]
SQL: SHOW COLUMNS FROM `xcx_ads_relationships` [ RunTime:0.0020s ]
SQL: UPDATE `xcx_ads` SET `post_title`='dddd',`post_keywords`='222',`post_excerpt`='ddd',`post_discount`='2222',`start_time`='2017-10-25 22:35:00',`end_time`='2017-10-31 22:35:00',`store_name`='ddd',`store_addr`='222',`store_contact`='ddd',`store_phone`='222',`post_date`='2017-10-25 22:35:06',`post_content`='<p>ddd</p>',`post_modified`='2017-10-25 22:44:10',`smeta`='portal/20171025/59f0a133a8c91.png' WHERE `id` = '429' [ RunTime:0.0020s ]
SQL: UPDATE `xcx_ads_relationships` SET `cg_id`='4' WHERE `object_id` = '429' [ RunTime:0.0004s ]

[ 2017-10-25T22:44:45+08:00 ] 127.0.0.1 /index.php?g=&m=AdminAds&a=edit_post
INFO: [ app_begin ] --START--
INFO: Run Behavior\ReadHtmlCacheBehavior [ RunTime:0.001162s ]
INFO: Run Behavior\CheckLangBehavior [ RunTime:0.001935s ]
INFO: Run Common\Behavior\UrldecodeGetBehavior [ RunTime:0.004236s ]
INFO: [ app_begin ] --END-- [ RunTime:0.008409s ]
INFO: [ admin_begin ] --START--
INFO: Run Common\Behavior\AdminDefaultLangBehavior [ RunTime:0.002759s ]
INFO: [ admin_begin ] --END-- [ RunTime:0.002941s ]
SQL: SHOW COLUMNS FROM `xcx_users` [ RunTime:0.0008s ]
SQL: SELECT * FROM `xcx_users` WHERE `id` = '1' LIMIT 1   [ RunTime:0.0004s ]
SQL: SHOW COLUMNS FROM `xcx_ads` [ RunTime:0.0008s ]
SQL: SHOW COLUMNS FROM `xcx_categorys` [ RunTime:0.0011s ]
SQL: SHOW COLUMNS FROM `xcx_ads_relationships` [ RunTime:0.0006s ]
SQL: UPDATE `xcx_ads` SET `post_title`='dddd',`post_keywords`='222',`post_excerpt`='ddd',`post_discount`='2222',`start_time`='2017-10-25 22:35:00',`end_time`='2017-10-31 22:35:00',`store_name`='ddd',`store_addr`='222',`store_contact`='ddd',`store_phone`='222',`post_date`='2017-10-25 22:35:06',`post_content`='<p>ddd</p>',`post_modified`='2017-10-25 22:44:45',`smeta`='portal/20171025/59f0a133a8c91.png' WHERE `id` = '429' [ RunTime:0.0004s ]
SQL: UPDATE `xcx_ads_relationships` SET `cg_id`='4' WHERE `object_id` = '429' [ RunTime:0.0002s ]

[ 2017-10-25T22:44:48+08:00 ] 127.0.0.1 /index.php?g=&m=AdminAds&a=edit_post
INFO: [ app_begin ] --START--
INFO: Run Behavior\ReadHtmlCacheBehavior [ RunTime:0.000690s ]
INFO: Run Behavior\CheckLangBehavior [ RunTime:0.001241s ]
INFO: Run Common\Behavior\UrldecodeGetBehavior [ RunTime:0.000662s ]
INFO: [ app_begin ] --END-- [ RunTime:0.003028s ]
INFO: [ admin_begin ] --START--
INFO: Run Common\Behavior\AdminDefaultLangBehavior [ RunTime:0.004384s ]
INFO: [ admin_begin ] --END-- [ RunTime:0.004551s ]
SQL: SHOW COLUMNS FROM `xcx_users` [ RunTime:0.0010s ]
SQL: SELECT * FROM `xcx_users` WHERE `id` = '1' LIMIT 1   [ RunTime:0.0005s ]
SQL: SHOW COLUMNS FROM `xcx_ads` [ RunTime:0.0006s ]
SQL: SHOW COLUMNS FROM `xcx_categorys` [ RunTime:0.0005s ]
SQL: SHOW COLUMNS FROM `xcx_ads_relationships` [ RunTime:0.0004s ]
SQL: UPDATE `xcx_ads` SET `post_title`='dddd',`post_keywords`='222',`post_excerpt`='ddd',`post_discount`='2222',`start_time`='2017-10-25 22:35:00',`end_time`='2017-10-31 22:35:00',`store_name`='ddd',`store_addr`='222',`store_contact`='ddd',`store_phone`='222',`post_date`='2017-10-25 22:35:06',`post_content`='<p>ddd</p>',`post_modified`='2017-10-25 22:44:48',`smeta`='portal/20171025/59f0a133a8c91.png' WHERE `id` = '429' [ RunTime:0.0004s ]
SQL: UPDATE `xcx_ads_relationships` SET `cg_id`='4' WHERE `object_id` = '429' [ RunTime:0.0008s ]

[ 2017-10-25T22:45:07+08:00 ] 127.0.0.1 /index.php?g=&m=AdminAds&a=edit_post
INFO: [ app_begin ] --START--
INFO: Run Behavior\ReadHtmlCacheBehavior [ RunTime:0.000874s ]
INFO: Run Behavior\CheckLangBehavior [ RunTime:0.002635s ]
INFO: Run Common\Behavior\UrldecodeGetBehavior [ RunTime:0.000872s ]
INFO: [ app_begin ] --END-- [ RunTime:0.004999s ]
INFO: [ admin_begin ] --START--
INFO: Run Common\Behavior\AdminDefaultLangBehavior [ RunTime:0.001463s ]
INFO: [ admin_begin ] --END-- [ RunTime:0.001552s ]
SQL: SHOW COLUMNS FROM `xcx_users` [ RunTime:0.0011s ]
SQL: SELECT * FROM `xcx_users` WHERE `id` = '1' LIMIT 1   [ RunTime:0.0004s ]
SQL: SHOW COLUMNS FROM `xcx_ads` [ RunTime:0.0011s ]
SQL: SHOW COLUMNS FROM `xcx_categorys` [ RunTime:0.0005s ]
SQL: SHOW COLUMNS FROM `xcx_ads_relationships` [ RunTime:0.0004s ]
SQL: UPDATE `xcx_ads` SET `post_title`='title',`post_keywords`='kword',`post_excerpt`='zhaiyao',`post_discount`='discount',`start_time`='2017-10-25 22:01:00',`end_time`='2017-10-31 22:01:00',`store_name`='sname',`store_addr`='saddr',`store_contact`='scontact',`store_phone`='sphone',`post_date`='2017-10-25 22:01:06',`post_content`='<p>content&nbsp; &nbsp;&nbsp;</p>',`post_modified`='2017-10-25 22:45:07',`smeta`='' WHERE `id` = '428' [ RunTime:0.0004s ]
SQL: UPDATE `xcx_ads_relationships` SET `cg_id`='5' WHERE `object_id` = '428' [ RunTime:0.0002s ]

[ 2017-10-25T22:53:49+08:00 ] 127.0.0.1 /index.php?g=&m=AdminAds&a=edit_post
INFO: [ app_begin ] --START--
INFO: Run Behavior\ReadHtmlCacheBehavior [ RunTime:0.000646s ]
INFO: Run Behavior\CheckLangBehavior [ RunTime:0.001288s ]
INFO: Run Common\Behavior\UrldecodeGetBehavior [ RunTime:0.000629s ]
INFO: [ app_begin ] --END-- [ RunTime:0.003039s ]
INFO: [ admin_begin ] --START--
INFO: Run Common\Behavior\AdminDefaultLangBehavior [ RunTime:0.002483s ]
INFO: [ admin_begin ] --END-- [ RunTime:0.002589s ]
SQL: SHOW COLUMNS FROM `xcx_users` [ RunTime:0.0009s ]
SQL: SELECT * FROM `xcx_users` WHERE `id` = '1' LIMIT 1   [ RunTime:0.0004s ]
SQL: SHOW COLUMNS FROM `xcx_ads` [ RunTime:0.0008s ]
SQL: SHOW COLUMNS FROM `xcx_categorys` [ RunTime:0.0006s ]
SQL: SHOW COLUMNS FROM `xcx_ads_relationships` [ RunTime:0.0005s ]
SQL: UPDATE `xcx_ads` SET `post_title`='dddd',`post_keywords`='222',`post_excerpt`='dddd',`post_discount`='2222',`start_time`='2017-10-25 22:35:00',`end_time`='2017-10-31 22:35:00',`store_name`='ddd',`store_addr`='222',`store_contact`='ddd',`store_phone`='222',`post_date`='2017-10-25 22:35:06',`post_content`='<p>ddd</p>',`post_modified`='2017-10-25 22:53:49',`smeta`='portal/20171025/59f0a133a8c91.png' WHERE `id` = '429' [ RunTime:0.0006s ]
SQL: UPDATE `xcx_ads_relationships` SET `cg_id`='4' WHERE `object_id` = '429' [ RunTime:0.0002s ]

