[ 2017-10-27T09:52:48+08:00 ] 127.0.0.1 /index.php?g=Portal&m=AdminInfo&a=index
ERR: 1146:Table 'xcx.xcx_members' doesn't exist
 [ SQL语句 ] : SELECT a.*,c.id,c.user_nicename,b.listorder,b.cg_id,b.cg_name FROM xcx_infos a INNER JOIN xcx_members c ON a.post_author = c.id INNER JOIN xcx_infos_relationships b ON a.id = b.object_id  WHERE `post_status` <> 3 ORDER BY a.post_date DESC LIMIT 0,20  

[ 2017-10-27T15:41:08+08:00 ] 127.0.0.1 /index.php?g=Portal&m=AdminInfo&a=index
ERR: 1146:Table 'xcx.xcx_members' doesn't exist
 [ SQL语句 ] : SELECT a.*,c.id,c.user_nicename,b.listorder,b.cg_id,b.cg_name FROM xcx_infos a INNER JOIN xcx_members c ON a.post_author = c.id INNER JOIN xcx_infos_relationships b ON a.id = b.object_id  WHERE `post_status` <> 3 ORDER BY a.post_date DESC LIMIT 0,20  

[ 2017-10-27T15:41:09+08:00 ] 127.0.0.1 /index.php?g=Portal&m=AdminInfo&a=index
ERR: 1146:Table 'xcx.xcx_members' doesn't exist
 [ SQL语句 ] : SELECT a.*,c.id,c.user_nicename,b.listorder,b.cg_id,b.cg_name FROM xcx_infos a INNER JOIN xcx_members c ON a.post_author = c.id INNER JOIN xcx_infos_relationships b ON a.id = b.object_id  WHERE `post_status` <> 3 ORDER BY a.post_date DESC LIMIT 0,20  

[ 2017-10-27T15:41:09+08:00 ] 127.0.0.1 /index.php?g=Portal&m=AdminInfo&a=index
ERR: 1146:Table 'xcx.xcx_members' doesn't exist
 [ SQL语句 ] : SELECT a.*,c.id,c.user_nicename,b.listorder,b.cg_id,b.cg_name FROM xcx_infos a INNER JOIN xcx_members c ON a.post_author = c.id INNER JOIN xcx_infos_relationships b ON a.id = b.object_id  WHERE `post_status` <> 3 ORDER BY a.post_date DESC LIMIT 0,20  

[ 2017-10-27T15:41:09+08:00 ] 127.0.0.1 /index.php?g=Portal&m=AdminInfo&a=index
ERR: 1146:Table 'xcx.xcx_members' doesn't exist
 [ SQL语句 ] : SELECT a.*,c.id,c.user_nicename,b.listorder,b.cg_id,b.cg_name FROM xcx_infos a INNER JOIN xcx_members c ON a.post_author = c.id INNER JOIN xcx_infos_relationships b ON a.id = b.object_id  WHERE `post_status` <> 3 ORDER BY a.post_date DESC LIMIT 0,20  

[ 2017-10-27T15:41:09+08:00 ] 127.0.0.1 /index.php?g=Portal&m=AdminInfo&a=index
ERR: 1146:Table 'xcx.xcx_members' doesn't exist
 [ SQL语句 ] : SELECT a.*,c.id,c.user_nicename,b.listorder,b.cg_id,b.cg_name FROM xcx_infos a INNER JOIN xcx_members c ON a.post_author = c.id INNER JOIN xcx_infos_relationships b ON a.id = b.object_id  WHERE `post_status` <> 3 ORDER BY a.post_date DESC LIMIT 0,20  

[ 2017-10-27T15:41:10+08:00 ] 127.0.0.1 /index.php?g=Portal&m=AdminInfo&a=index
ERR: 1146:Table 'xcx.xcx_members' doesn't exist
 [ SQL语句 ] : SELECT a.*,c.id,c.user_nicename,b.listorder,b.cg_id,b.cg_name FROM xcx_infos a INNER JOIN xcx_members c ON a.post_author = c.id INNER JOIN xcx_infos_relationships b ON a.id = b.object_id  WHERE `post_status` <> 3 ORDER BY a.post_date DESC LIMIT 0,20  

[ 2017-10-27T15:41:10+08:00 ] 127.0.0.1 /index.php?g=Portal&m=AdminInfo&a=index
ERR: 1146:Table 'xcx.xcx_members' doesn't exist
 [ SQL语句 ] : SELECT a.*,c.id,c.user_nicename,b.listorder,b.cg_id,b.cg_name FROM xcx_infos a INNER JOIN xcx_members c ON a.post_author = c.id INNER JOIN xcx_infos_relationships b ON a.id = b.object_id  WHERE `post_status` <> 3 ORDER BY a.post_date DESC LIMIT 0,20  

[ 2017-10-27T15:41:10+08:00 ] 127.0.0.1 /index.php?g=Portal&m=AdminInfo&a=index
ERR: 1146:Table 'xcx.xcx_members' doesn't exist
 [ SQL语句 ] : SELECT a.*,c.id,c.user_nicename,b.listorder,b.cg_id,b.cg_name FROM xcx_infos a INNER JOIN xcx_members c ON a.post_author = c.id INNER JOIN xcx_infos_relationships b ON a.id = b.object_id  WHERE `post_status` <> 3 ORDER BY a.post_date DESC LIMIT 0,20  

[ 2017-10-27T15:41:10+08:00 ] 127.0.0.1 /index.php?g=Portal&m=AdminInfo&a=index
ERR: 1146:Table 'xcx.xcx_members' doesn't exist
 [ SQL语句 ] : SELECT a.*,c.id,c.user_nicename,b.listorder,b.cg_id,b.cg_name FROM xcx_infos a INNER JOIN xcx_members c ON a.post_author = c.id INNER JOIN xcx_infos_relationships b ON a.id = b.object_id  WHERE `post_status` <> 3 ORDER BY a.post_date DESC LIMIT 0,20  

[ 2017-10-27T15:41:10+08:00 ] 127.0.0.1 /index.php?g=Portal&m=AdminInfo&a=index
ERR: 1146:Table 'xcx.xcx_members' doesn't exist
 [ SQL语句 ] : SELECT a.*,c.id,c.user_nicename,b.listorder,b.cg_id,b.cg_name FROM xcx_infos a INNER JOIN xcx_members c ON a.post_author = c.id INNER JOIN xcx_infos_relationships b ON a.id = b.object_id  WHERE `post_status` <> 3 ORDER BY a.post_date DESC LIMIT 0,20  

[ 2017-10-27T15:41:10+08:00 ] 127.0.0.1 /index.php?g=Portal&m=AdminInfo&a=index
ERR: 1146:Table 'xcx.xcx_members' doesn't exist
 [ SQL语句 ] : SELECT a.*,c.id,c.user_nicename,b.listorder,b.cg_id,b.cg_name FROM xcx_infos a INNER JOIN xcx_members c ON a.post_author = c.id INNER JOIN xcx_infos_relationships b ON a.id = b.object_id  WHERE `post_status` <> 3 ORDER BY a.post_date DESC LIMIT 0,20  

[ 2017-10-27T15:41:11+08:00 ] 127.0.0.1 /index.php?g=Portal&m=AdminInfo&a=index
ERR: 1146:Table 'xcx.xcx_members' doesn't exist
 [ SQL语句 ] : SELECT a.*,c.id,c.user_nicename,b.listorder,b.cg_id,b.cg_name FROM xcx_infos a INNER JOIN xcx_members c ON a.post_author = c.id INNER JOIN xcx_infos_relationships b ON a.id = b.object_id  WHERE `post_status` <> 3 ORDER BY a.post_date DESC LIMIT 0,20  

[ 2017-10-27T15:41:11+08:00 ] 127.0.0.1 /index.php?g=Portal&m=AdminInfo&a=index
ERR: 1146:Table 'xcx.xcx_members' doesn't exist
 [ SQL语句 ] : SELECT a.*,c.id,c.user_nicename,b.listorder,b.cg_id,b.cg_name FROM xcx_infos a INNER JOIN xcx_members c ON a.post_author = c.id INNER JOIN xcx_infos_relationships b ON a.id = b.object_id  WHERE `post_status` <> 3 ORDER BY a.post_date DESC LIMIT 0,20  

[ 2017-10-27T15:41:11+08:00 ] 127.0.0.1 /index.php?g=Portal&m=AdminInfo&a=index
ERR: 1146:Table 'xcx.xcx_members' doesn't exist
 [ SQL语句 ] : SELECT a.*,c.id,c.user_nicename,b.listorder,b.cg_id,b.cg_name FROM xcx_infos a INNER JOIN xcx_members c ON a.post_author = c.id INNER JOIN xcx_infos_relationships b ON a.id = b.object_id  WHERE `post_status` <> 3 ORDER BY a.post_date DESC LIMIT 0,20  

[ 2017-10-27T15:41:11+08:00 ] 127.0.0.1 /index.php?g=Portal&m=AdminInfo&a=index
ERR: 1146:Table 'xcx.xcx_members' doesn't exist
 [ SQL语句 ] : SELECT a.*,c.id,c.user_nicename,b.listorder,b.cg_id,b.cg_name FROM xcx_infos a INNER JOIN xcx_members c ON a.post_author = c.id INNER JOIN xcx_infos_relationships b ON a.id = b.object_id  WHERE `post_status` <> 3 ORDER BY a.post_date DESC LIMIT 0,20  

[ 2017-10-27T15:41:11+08:00 ] 127.0.0.1 /index.php?g=Portal&m=AdminInfo&a=index
ERR: 1146:Table 'xcx.xcx_members' doesn't exist
 [ SQL语句 ] : SELECT a.*,c.id,c.user_nicename,b.listorder,b.cg_id,b.cg_name FROM xcx_infos a INNER JOIN xcx_members c ON a.post_author = c.id INNER JOIN xcx_infos_relationships b ON a.id = b.object_id  WHERE `post_status` <> 3 ORDER BY a.post_date DESC LIMIT 0,20  

[ 2017-10-27T15:41:11+08:00 ] 127.0.0.1 /index.php?g=Portal&m=AdminInfo&a=index
ERR: 1146:Table 'xcx.xcx_members' doesn't exist
 [ SQL语句 ] : SELECT a.*,c.id,c.user_nicename,b.listorder,b.cg_id,b.cg_name FROM xcx_infos a INNER JOIN xcx_members c ON a.post_author = c.id INNER JOIN xcx_infos_relationships b ON a.id = b.object_id  WHERE `post_status` <> 3 ORDER BY a.post_date DESC LIMIT 0,20  

[ 2017-10-27T15:42:05+08:00 ] 127.0.0.1 /index.php?g=Portal&m=AdminInfo&a=index
ERR: 1054:Unknown column 'c.id' in 'field list'
 [ SQL语句 ] : SELECT a.*,c.id,c.user_nicename,b.listorder,b.cg_id,b.cg_name FROM xcx_infos a INNER JOIN xcx_member c ON a.post_author = c.id INNER JOIN xcx_infos_relationships b ON a.id = b.object_id  WHERE `post_status` <> 3 ORDER BY a.post_date DESC LIMIT 0,20  

[ 2017-10-27T15:42:06+08:00 ] 127.0.0.1 /index.php?g=Portal&m=AdminInfo&a=index
ERR: 1054:Unknown column 'c.id' in 'field list'
 [ SQL语句 ] : SELECT a.*,c.id,c.user_nicename,b.listorder,b.cg_id,b.cg_name FROM xcx_infos a INNER JOIN xcx_member c ON a.post_author = c.id INNER JOIN xcx_infos_relationships b ON a.id = b.object_id  WHERE `post_status` <> 3 ORDER BY a.post_date DESC LIMIT 0,20  

[ 2017-10-27T15:42:06+08:00 ] 127.0.0.1 /index.php?g=Portal&m=AdminInfo&a=index
ERR: 1054:Unknown column 'c.id' in 'field list'
 [ SQL语句 ] : SELECT a.*,c.id,c.user_nicename,b.listorder,b.cg_id,b.cg_name FROM xcx_infos a INNER JOIN xcx_member c ON a.post_author = c.id INNER JOIN xcx_infos_relationships b ON a.id = b.object_id  WHERE `post_status` <> 3 ORDER BY a.post_date DESC LIMIT 0,20  

[ 2017-10-27T15:42:06+08:00 ] 127.0.0.1 /index.php?g=Portal&m=AdminInfo&a=index
ERR: 1054:Unknown column 'c.id' in 'field list'
 [ SQL语句 ] : SELECT a.*,c.id,c.user_nicename,b.listorder,b.cg_id,b.cg_name FROM xcx_infos a INNER JOIN xcx_member c ON a.post_author = c.id INNER JOIN xcx_infos_relationships b ON a.id = b.object_id  WHERE `post_status` <> 3 ORDER BY a.post_date DESC LIMIT 0,20  

[ 2017-10-27T15:42:06+08:00 ] 127.0.0.1 /index.php?g=Portal&m=AdminInfo&a=index
ERR: 1054:Unknown column 'c.id' in 'field list'
 [ SQL语句 ] : SELECT a.*,c.id,c.user_nicename,b.listorder,b.cg_id,b.cg_name FROM xcx_infos a INNER JOIN xcx_member c ON a.post_author = c.id INNER JOIN xcx_infos_relationships b ON a.id = b.object_id  WHERE `post_status` <> 3 ORDER BY a.post_date DESC LIMIT 0,20  

[ 2017-10-27T15:42:06+08:00 ] 127.0.0.1 /index.php?g=Portal&m=AdminInfo&a=index
ERR: 1054:Unknown column 'c.id' in 'field list'
 [ SQL语句 ] : SELECT a.*,c.id,c.user_nicename,b.listorder,b.cg_id,b.cg_name FROM xcx_infos a INNER JOIN xcx_member c ON a.post_author = c.id INNER JOIN xcx_infos_relationships b ON a.id = b.object_id  WHERE `post_status` <> 3 ORDER BY a.post_date DESC LIMIT 0,20  

[ 2017-10-27T15:42:06+08:00 ] 127.0.0.1 /index.php?g=Portal&m=AdminInfo&a=index
ERR: 1054:Unknown column 'c.id' in 'field list'
 [ SQL语句 ] : SELECT a.*,c.id,c.user_nicename,b.listorder,b.cg_id,b.cg_name FROM xcx_infos a INNER JOIN xcx_member c ON a.post_author = c.id INNER JOIN xcx_infos_relationships b ON a.id = b.object_id  WHERE `post_status` <> 3 ORDER BY a.post_date DESC LIMIT 0,20  

[ 2017-10-27T15:42:07+08:00 ] 127.0.0.1 /index.php?g=Portal&m=AdminInfo&a=index
ERR: 1054:Unknown column 'c.id' in 'field list'
 [ SQL语句 ] : SELECT a.*,c.id,c.user_nicename,b.listorder,b.cg_id,b.cg_name FROM xcx_infos a INNER JOIN xcx_member c ON a.post_author = c.id INNER JOIN xcx_infos_relationships b ON a.id = b.object_id  WHERE `post_status` <> 3 ORDER BY a.post_date DESC LIMIT 0,20  

[ 2017-10-27T15:42:07+08:00 ] 127.0.0.1 /index.php?g=Portal&m=AdminInfo&a=index
ERR: 1054:Unknown column 'c.id' in 'field list'
 [ SQL语句 ] : SELECT a.*,c.id,c.user_nicename,b.listorder,b.cg_id,b.cg_name FROM xcx_infos a INNER JOIN xcx_member c ON a.post_author = c.id INNER JOIN xcx_infos_relationships b ON a.id = b.object_id  WHERE `post_status` <> 3 ORDER BY a.post_date DESC LIMIT 0,20  

[ 2017-10-27T15:42:36+08:00 ] 127.0.0.1 /index.php?g=Portal&m=AdminInfo&a=index
ERR: 1054:Unknown column 'c.id' in 'on clause'
 [ SQL语句 ] : SELECT a.*,c.user_id,c.username,b.listorder,b.cg_id,b.cg_name FROM xcx_infos a INNER JOIN xcx_member c ON a.post_author = c.id INNER JOIN xcx_infos_relationships b ON a.id = b.object_id  WHERE `post_status` <> 3 ORDER BY a.post_date DESC LIMIT 0,20  

[ 2017-10-27T15:42:37+08:00 ] 127.0.0.1 /index.php?g=Portal&m=AdminInfo&a=index
ERR: 1054:Unknown column 'c.id' in 'on clause'
 [ SQL语句 ] : SELECT a.*,c.user_id,c.username,b.listorder,b.cg_id,b.cg_name FROM xcx_infos a INNER JOIN xcx_member c ON a.post_author = c.id INNER JOIN xcx_infos_relationships b ON a.id = b.object_id  WHERE `post_status` <> 3 ORDER BY a.post_date DESC LIMIT 0,20  

[ 2017-10-27T15:42:37+08:00 ] 127.0.0.1 /index.php?g=Portal&m=AdminInfo&a=index
ERR: 1054:Unknown column 'c.id' in 'on clause'
 [ SQL语句 ] : SELECT a.*,c.user_id,c.username,b.listorder,b.cg_id,b.cg_name FROM xcx_infos a INNER JOIN xcx_member c ON a.post_author = c.id INNER JOIN xcx_infos_relationships b ON a.id = b.object_id  WHERE `post_status` <> 3 ORDER BY a.post_date DESC LIMIT 0,20  

[ 2017-10-27T15:42:37+08:00 ] 127.0.0.1 /index.php?g=Portal&m=AdminInfo&a=index
ERR: 1054:Unknown column 'c.id' in 'on clause'
 [ SQL语句 ] : SELECT a.*,c.user_id,c.username,b.listorder,b.cg_id,b.cg_name FROM xcx_infos a INNER JOIN xcx_member c ON a.post_author = c.id INNER JOIN xcx_infos_relationships b ON a.id = b.object_id  WHERE `post_status` <> 3 ORDER BY a.post_date DESC LIMIT 0,20  

[ 2017-10-27T16:24:41+08:00 ] 127.0.0.1 /statics/js/common.js?
ERR: 无法加载控制器:Statics

[ 2017-10-27T16:25:02+08:00 ] 127.0.0.1 /statics/js/common.js?
ERR: 无法加载控制器:Statics

[ 2017-10-27T16:25:04+08:00 ] 127.0.0.1 /statics/js/common.js?
ERR: 无法加载控制器:Statics

[ 2017-10-27T16:31:35+08:00 ] 127.0.0.1 /statics/js/common.js?
ERR: 无法加载控制器:Statics

[ 2017-10-27T16:31:36+08:00 ] 127.0.0.1 /statics/js/common.js?
ERR: 无法加载控制器:Statics

[ 2017-10-27T17:52:59+08:00 ] 127.0.0.1 /index.php?g=&m=AdminInfo&a=listorders
INFO: [ app_begin ] --START--
INFO: Run Behavior\ReadHtmlCacheBehavior [ RunTime:0.000521s ]
INFO: Run Behavior\CheckLangBehavior [ RunTime:0.001080s ]
INFO: Run Common\Behavior\UrldecodeGetBehavior [ RunTime:0.000298s ]
INFO: [ app_begin ] --END-- [ RunTime:0.002436s ]
INFO: [ admin_begin ] --START--
INFO: Run Common\Behavior\AdminDefaultLangBehavior [ RunTime:0.000971s ]
INFO: [ admin_begin ] --END-- [ RunTime:0.001068s ]
SQL: SHOW COLUMNS FROM `xcx_users` [ RunTime:0.0029s ]
SQL: SELECT * FROM `xcx_users` WHERE `id` = '1' LIMIT 1   [ RunTime:0.0004s ]
SQL: SHOW COLUMNS FROM `xcx_infos` [ RunTime:0.0035s ]
SQL: SHOW COLUMNS FROM `xcx_categorys` [ RunTime:0.0009s ]
SQL: SHOW COLUMNS FROM `xcx_term_relationships` [ RunTime:0.0007s ]
SQL: UPDATE `xcx_term_relationships` SET `listorder`='1' WHERE `tid` = 0 [ RunTime:0.0005s ]
SQL: UPDATE `xcx_term_relationships` SET `listorder`='3' WHERE `tid` = 1 [ RunTime:0.0004s ]
SQL: UPDATE `xcx_term_relationships` SET `listorder`='0' WHERE `tid` = 2 [ RunTime:0.0002s ]

[ 2017-10-27T17:53:31+08:00 ] 127.0.0.1 /index.php?g=&m=AdminInfo&a=listorders
INFO: [ app_begin ] --START--
INFO: Run Behavior\ReadHtmlCacheBehavior [ RunTime:0.000338s ]
INFO: Run Behavior\CheckLangBehavior [ RunTime:0.000701s ]
INFO: Run Common\Behavior\UrldecodeGetBehavior [ RunTime:0.000289s ]
INFO: [ app_begin ] --END-- [ RunTime:0.001842s ]
INFO: [ admin_begin ] --START--
INFO: Run Common\Behavior\AdminDefaultLangBehavior [ RunTime:0.001080s ]
INFO: [ admin_begin ] --END-- [ RunTime:0.001180s ]
SQL: SHOW COLUMNS FROM `xcx_users` [ RunTime:0.0011s ]
SQL: SELECT * FROM `xcx_users` WHERE `id` = '1' LIMIT 1   [ RunTime:0.0005s ]
SQL: SHOW COLUMNS FROM `xcx_infos` [ RunTime:0.0006s ]
SQL: SHOW COLUMNS FROM `xcx_categorys` [ RunTime:0.0007s ]
SQL: SHOW COLUMNS FROM `xcx_term_relationships` [ RunTime:0.0007s ]
SQL: UPDATE `xcx_term_relationships` SET `listorder`='1' WHERE `tid` = 0 [ RunTime:0.0026s ]
SQL: UPDATE `xcx_term_relationships` SET `listorder`='3' WHERE `tid` = 1 [ RunTime:0.0003s ]
SQL: UPDATE `xcx_term_relationships` SET `listorder`='0' WHERE `tid` = 2 [ RunTime:0.0003s ]

[ 2017-10-27T17:53:49+08:00 ] 127.0.0.1 /index.php?g=&m=AdminInfo&a=listorders
INFO: [ app_begin ] --START--
INFO: Run Behavior\ReadHtmlCacheBehavior [ RunTime:0.002011s ]
INFO: Run Behavior\CheckLangBehavior [ RunTime:0.001179s ]
INFO: Run Common\Behavior\UrldecodeGetBehavior [ RunTime:0.000497s ]
INFO: [ app_begin ] --END-- [ RunTime:0.004437s ]
INFO: [ admin_begin ] --START--
INFO: Run Common\Behavior\AdminDefaultLangBehavior [ RunTime:0.000895s ]
INFO: [ admin_begin ] --END-- [ RunTime:0.000999s ]
SQL: SHOW COLUMNS FROM `xcx_users` [ RunTime:0.0018s ]
SQL: SELECT * FROM `xcx_users` WHERE `id` = '1' LIMIT 1   [ RunTime:0.0006s ]
SQL: SHOW COLUMNS FROM `xcx_infos` [ RunTime:0.0012s ]
SQL: SHOW COLUMNS FROM `xcx_categorys` [ RunTime:0.0009s ]
SQL: SHOW COLUMNS FROM `xcx_term_relationships` [ RunTime:0.0012s ]
SQL: UPDATE `xcx_term_relationships` SET `listorder`='0' WHERE `tid` = 0 [ RunTime:0.0003s ]
SQL: UPDATE `xcx_term_relationships` SET `listorder`='3' WHERE `tid` = 1 [ RunTime:0.0003s ]
SQL: UPDATE `xcx_term_relationships` SET `listorder`='1' WHERE `tid` = 2 [ RunTime:0.0020s ]

[ 2017-10-27T17:55:52+08:00 ] 127.0.0.1 /index.php?g=&m=AdminInfo&a=listorders
INFO: [ app_begin ] --START--
INFO: Run Behavior\ReadHtmlCacheBehavior [ RunTime:0.000366s ]
INFO: Run Behavior\CheckLangBehavior [ RunTime:0.000647s ]
INFO: Run Common\Behavior\UrldecodeGetBehavior [ RunTime:0.000298s ]
INFO: [ app_begin ] --END-- [ RunTime:0.001755s ]
INFO: [ admin_begin ] --START--
INFO: Run Common\Behavior\AdminDefaultLangBehavior [ RunTime:0.000993s ]
INFO: [ admin_begin ] --END-- [ RunTime:0.001115s ]
SQL: SHOW COLUMNS FROM `xcx_users` [ RunTime:0.0006s ]
SQL: SELECT * FROM `xcx_users` WHERE `id` = '1' LIMIT 1   [ RunTime:0.0003s ]
SQL: SHOW COLUMNS FROM `xcx_infos` [ RunTime:0.0007s ]
SQL: SHOW COLUMNS FROM `xcx_categorys` [ RunTime:0.0007s ]
SQL: SHOW COLUMNS FROM `xcx_term_relationships` [ RunTime:0.0005s ]
SQL: UPDATE `xcx_term_relationships` SET `listorder`='0' WHERE `tid` = 0 [ RunTime:0.0005s ]
SQL: UPDATE `xcx_term_relationships` SET `listorder`='3' WHERE `tid` = 1 [ RunTime:0.0014s ]
SQL: UPDATE `xcx_term_relationships` SET `listorder`='1' WHERE `tid` = 2 [ RunTime:0.0003s ]

[ 2017-10-27T17:56:07+08:00 ] 127.0.0.1 /index.php?g=&m=AdminInfo&a=listorders
INFO: [ app_begin ] --START--
INFO: Run Behavior\ReadHtmlCacheBehavior [ RunTime:0.000365s ]
INFO: Run Behavior\CheckLangBehavior [ RunTime:0.001312s ]
INFO: Run Common\Behavior\UrldecodeGetBehavior [ RunTime:0.000516s ]
INFO: [ app_begin ] --END-- [ RunTime:0.002665s ]
INFO: [ admin_begin ] --START--
INFO: Run Common\Behavior\AdminDefaultLangBehavior [ RunTime:0.000849s ]
INFO: [ admin_begin ] --END-- [ RunTime:0.000935s ]
SQL: SHOW COLUMNS FROM `xcx_users` [ RunTime:0.0006s ]
SQL: SELECT * FROM `xcx_users` WHERE `id` = '1' LIMIT 1   [ RunTime:0.0003s ]
SQL: SHOW COLUMNS FROM `xcx_infos` [ RunTime:0.0005s ]
SQL: SHOW COLUMNS FROM `xcx_categorys` [ RunTime:0.0005s ]
SQL: SHOW COLUMNS FROM `xcx_term_relationships` [ RunTime:0.0005s ]
SQL: UPDATE `xcx_term_relationships` SET `listorder`='1' WHERE `tid` = 0 [ RunTime:0.0002s ]
SQL: UPDATE `xcx_term_relationships` SET `listorder`='3' WHERE `tid` = 1 [ RunTime:0.0002s ]
SQL: UPDATE `xcx_term_relationships` SET `listorder`='0' WHERE `tid` = 2 [ RunTime:0.0002s ]

[ 2017-10-27T17:56:33+08:00 ] 127.0.0.1 /index.php?g=&m=AdminInfo&a=listorders
INFO: [ app_begin ] --START--
INFO: Run Behavior\ReadHtmlCacheBehavior [ RunTime:0.000564s ]
INFO: Run Behavior\CheckLangBehavior [ RunTime:0.000772s ]
INFO: Run Common\Behavior\UrldecodeGetBehavior [ RunTime:0.000281s ]
INFO: [ app_begin ] --END-- [ RunTime:0.002118s ]
INFO: [ admin_begin ] --START--
INFO: Run Common\Behavior\AdminDefaultLangBehavior [ RunTime:0.001019s ]
INFO: [ admin_begin ] --END-- [ RunTime:0.001184s ]
SQL: SHOW COLUMNS FROM `xcx_users` [ RunTime:0.0006s ]
SQL: SELECT * FROM `xcx_users` WHERE `id` = '1' LIMIT 1   [ RunTime:0.0002s ]
SQL: SHOW COLUMNS FROM `xcx_infos` [ RunTime:0.0004s ]
SQL: SHOW COLUMNS FROM `xcx_categorys` [ RunTime:0.0004s ]
SQL: SHOW COLUMNS FROM `xcx_infos_relationships` [ RunTime:0.0004s ]
SQL: UPDATE `xcx_infos_relationships` SET `listorder`='1' WHERE `infosid` = 0 [ RunTime:0.0003s ]
SQL: UPDATE `xcx_infos_relationships` SET `listorder`='3' WHERE `infosid` = 1 [ RunTime:0.0002s ]
SQL: UPDATE `xcx_infos_relationships` SET `listorder`='0' WHERE `infosid` = 2 [ RunTime:0.0006s ]

[ 2017-10-27T17:56:37+08:00 ] 127.0.0.1 /index.php?g=&m=AdminInfo&a=listorders
INFO: [ app_begin ] --START--
INFO: Run Behavior\ReadHtmlCacheBehavior [ RunTime:0.000417s ]
INFO: Run Behavior\CheckLangBehavior [ RunTime:0.000830s ]
INFO: Run Common\Behavior\UrldecodeGetBehavior [ RunTime:0.000251s ]
INFO: [ app_begin ] --END-- [ RunTime:0.001906s ]
INFO: [ admin_begin ] --START--
INFO: Run Common\Behavior\AdminDefaultLangBehavior [ RunTime:0.002961s ]
INFO: [ admin_begin ] --END-- [ RunTime:0.003336s ]
SQL: SHOW COLUMNS FROM `xcx_users` [ RunTime:0.0006s ]
SQL: SELECT * FROM `xcx_users` WHERE `id` = '1' LIMIT 1   [ RunTime:0.0002s ]
SQL: SHOW COLUMNS FROM `xcx_infos` [ RunTime:0.0004s ]
SQL: SHOW COLUMNS FROM `xcx_categorys` [ RunTime:0.0005s ]
SQL: SHOW COLUMNS FROM `xcx_infos_relationships` [ RunTime:0.0004s ]
SQL: UPDATE `xcx_infos_relationships` SET `listorder`='0' WHERE `infosid` = 0 [ RunTime:0.0002s ]
SQL: UPDATE `xcx_infos_relationships` SET `listorder`='3' WHERE `infosid` = 1 [ RunTime:0.0002s ]
SQL: UPDATE `xcx_infos_relationships` SET `listorder`='2' WHERE `infosid` = 2 [ RunTime:0.0002s ]

[ 2017-10-27T17:59:18+08:00 ] 127.0.0.1 /index.php?g=&m=AdminInfo&a=listorders
INFO: [ app_begin ] --START--
INFO: Run Behavior\ReadHtmlCacheBehavior [ RunTime:0.000381s ]
INFO: Run Behavior\CheckLangBehavior [ RunTime:0.000703s ]
INFO: Run Common\Behavior\UrldecodeGetBehavior [ RunTime:0.000216s ]
INFO: [ app_begin ] --END-- [ RunTime:0.001713s ]
INFO: [ admin_begin ] --START--
INFO: Run Common\Behavior\AdminDefaultLangBehavior [ RunTime:0.001218s ]
INFO: [ admin_begin ] --END-- [ RunTime:0.001392s ]
SQL: SHOW COLUMNS FROM `xcx_users` [ RunTime:0.0006s ]
SQL: SELECT * FROM `xcx_users` WHERE `id` = '1' LIMIT 1   [ RunTime:0.0003s ]
SQL: SHOW COLUMNS FROM `xcx_infos` [ RunTime:0.0009s ]
SQL: SHOW COLUMNS FROM `xcx_categorys` [ RunTime:0.0005s ]
SQL: SHOW COLUMNS FROM `xcx_infos_relationships` [ RunTime:0.0004s ]
SQL: UPDATE `xcx_infos_relationships` SET `listorder`='2' WHERE `infosid` = 4 [ RunTime:0.0003s ]
SQL: UPDATE `xcx_infos_relationships` SET `listorder`='3' WHERE `infosid` = 5 [ RunTime:0.0002s ]
SQL: UPDATE `xcx_infos_relationships` SET `listorder`='0' WHERE `infosid` = 6 [ RunTime:0.0002s ]

[ 2017-10-27T18:05:37+08:00 ] 127.0.0.1 /index.php?g=&m=AdminInfo&a=listorders
INFO: [ app_begin ] --START--
INFO: Run Behavior\ReadHtmlCacheBehavior [ RunTime:0.000407s ]
INFO: Run Behavior\CheckLangBehavior [ RunTime:0.000781s ]
INFO: Run Common\Behavior\UrldecodeGetBehavior [ RunTime:0.000225s ]
INFO: [ app_begin ] --END-- [ RunTime:0.001913s ]
INFO: [ admin_begin ] --START--
INFO: Run Common\Behavior\AdminDefaultLangBehavior [ RunTime:0.000988s ]
INFO: [ admin_begin ] --END-- [ RunTime:0.001088s ]
SQL: SHOW COLUMNS FROM `xcx_users` [ RunTime:0.0007s ]
SQL: SELECT * FROM `xcx_users` WHERE `id` = '1' LIMIT 1   [ RunTime:0.0003s ]
SQL: SHOW COLUMNS FROM `xcx_infos` [ RunTime:0.0011s ]
SQL: SHOW COLUMNS FROM `xcx_categorys` [ RunTime:0.0007s ]
SQL: SHOW COLUMNS FROM `xcx_infos_relationships` [ RunTime:0.0009s ]
SQL: UPDATE `xcx_infos_relationships` SET `listorder`='2' WHERE `infosid` = 4 [ RunTime:0.0005s ]
SQL: UPDATE `xcx_infos_relationships` SET `listorder`='3' WHERE `infosid` = 5 [ RunTime:0.0003s ]
SQL: UPDATE `xcx_infos_relationships` SET `listorder`='1' WHERE `infosid` = 6 [ RunTime:0.0003s ]

[ 2017-10-27T18:06:00+08:00 ] 127.0.0.1 /index.php?g=&m=AdminInfo&a=top&top=1
INFO: [ app_begin ] --START--
INFO: Run Behavior\ReadHtmlCacheBehavior [ RunTime:0.000459s ]
INFO: Run Behavior\CheckLangBehavior [ RunTime:0.000703s ]
INFO: Run Common\Behavior\UrldecodeGetBehavior [ RunTime:0.000235s ]
INFO: [ app_begin ] --END-- [ RunTime:0.001945s ]
INFO: [ admin_begin ] --START--
INFO: Run Common\Behavior\AdminDefaultLangBehavior [ RunTime:0.000860s ]
INFO: [ admin_begin ] --END-- [ RunTime:0.000996s ]
SQL: SHOW COLUMNS FROM `xcx_users` [ RunTime:0.0009s ]
SQL: SELECT * FROM `xcx_users` WHERE `id` = '1' LIMIT 1   [ RunTime:0.0003s ]
SQL: SHOW COLUMNS FROM `xcx_infos` [ RunTime:0.0005s ]
SQL: SHOW COLUMNS FROM `xcx_categorys` [ RunTime:0.0007s ]
SQL: SHOW COLUMNS FROM `xcx_infos_relationships` [ RunTime:0.0004s ]
SQL: UPDATE `xcx_infos` SET `istop`='1' WHERE `id` IN ('425') [ RunTime:0.0004s ]

[ 2017-10-27T18:06:07+08:00 ] 127.0.0.1 /index.php?g=&m=AdminInfo&a=top&top=1
INFO: [ app_begin ] --START--
INFO: Run Behavior\ReadHtmlCacheBehavior [ RunTime:0.000761s ]
INFO: Run Behavior\CheckLangBehavior [ RunTime:0.001109s ]
INFO: Run Common\Behavior\UrldecodeGetBehavior [ RunTime:0.000520s ]
INFO: [ app_begin ] --END-- [ RunTime:0.003140s ]
INFO: [ admin_begin ] --START--
INFO: Run Common\Behavior\AdminDefaultLangBehavior [ RunTime:0.000858s ]
INFO: [ admin_begin ] --END-- [ RunTime:0.000968s ]
SQL: SHOW COLUMNS FROM `xcx_users` [ RunTime:0.0010s ]
SQL: SELECT * FROM `xcx_users` WHERE `id` = '1' LIMIT 1   [ RunTime:0.0003s ]
SQL: SHOW COLUMNS FROM `xcx_infos` [ RunTime:0.0005s ]
SQL: SHOW COLUMNS FROM `xcx_categorys` [ RunTime:0.0004s ]
SQL: SHOW COLUMNS FROM `xcx_infos_relationships` [ RunTime:0.0003s ]
SQL: UPDATE `xcx_infos` SET `istop`='1' WHERE `id` IN ('424','425') [ RunTime:0.0003s ]

[ 2017-10-27T18:06:11+08:00 ] 127.0.0.1 /index.php?g=&m=AdminInfo&a=top&untop=1
INFO: [ app_begin ] --START--
INFO: Run Behavior\ReadHtmlCacheBehavior [ RunTime:0.000404s ]
INFO: Run Behavior\CheckLangBehavior [ RunTime:0.000643s ]
INFO: Run Common\Behavior\UrldecodeGetBehavior [ RunTime:0.000227s ]
INFO: [ app_begin ] --END-- [ RunTime:0.001718s ]
INFO: [ admin_begin ] --START--
INFO: Run Common\Behavior\AdminDefaultLangBehavior [ RunTime:0.001348s ]
INFO: [ admin_begin ] --END-- [ RunTime:0.001528s ]
SQL: SHOW COLUMNS FROM `xcx_users` [ RunTime:0.0005s ]
SQL: SELECT * FROM `xcx_users` WHERE `id` = '1' LIMIT 1   [ RunTime:0.0003s ]
SQL: SHOW COLUMNS FROM `xcx_infos` [ RunTime:0.0005s ]
SQL: SHOW COLUMNS FROM `xcx_categorys` [ RunTime:0.0004s ]
SQL: SHOW COLUMNS FROM `xcx_infos_relationships` [ RunTime:0.0003s ]
NOTIC: [8] Undefined index: top D:\Work\thinkcmf\ThinkCMFX\application\Portal\Controller\AdminInfoController.class.php 第 164 行.
SQL: UPDATE `xcx_infos` SET `istop`='0' WHERE `id` IN ('424','425') [ RunTime:0.0004s ]

[ 2017-10-27T18:09:10+08:00 ] 127.0.0.1 /index.php?g=&m=AdminInfo&a=check&check=1
INFO: [ app_begin ] --START--
INFO: Run Behavior\ReadHtmlCacheBehavior [ RunTime:0.000869s ]
INFO: Run Behavior\CheckLangBehavior [ RunTime:0.000994s ]
INFO: Run Common\Behavior\UrldecodeGetBehavior [ RunTime:0.000261s ]
INFO: [ app_begin ] --END-- [ RunTime:0.002869s ]
INFO: [ admin_begin ] --START--
INFO: Run Common\Behavior\AdminDefaultLangBehavior [ RunTime:0.003930s ]
INFO: [ admin_begin ] --END-- [ RunTime:0.004407s ]
SQL: SHOW COLUMNS FROM `xcx_users` [ RunTime:0.0007s ]
SQL: SELECT * FROM `xcx_users` WHERE `id` = '1' LIMIT 1   [ RunTime:0.0003s ]
SQL: SHOW COLUMNS FROM `xcx_infos` [ RunTime:0.0005s ]
SQL: SHOW COLUMNS FROM `xcx_categorys` [ RunTime:0.0004s ]
SQL: SHOW COLUMNS FROM `xcx_infos_relationships` [ RunTime:0.0003s ]

[ 2017-10-27T18:09:16+08:00 ] 127.0.0.1 /index.php?g=&m=AdminInfo&a=check&check=1
INFO: [ app_begin ] --START--
INFO: Run Behavior\ReadHtmlCacheBehavior [ RunTime:0.000486s ]
INFO: Run Behavior\CheckLangBehavior [ RunTime:0.000829s ]
INFO: Run Common\Behavior\UrldecodeGetBehavior [ RunTime:0.000481s ]
INFO: [ app_begin ] --END-- [ RunTime:0.002385s ]
INFO: [ admin_begin ] --START--
INFO: Run Common\Behavior\AdminDefaultLangBehavior [ RunTime:0.000854s ]
INFO: [ admin_begin ] --END-- [ RunTime:0.000954s ]
SQL: SHOW COLUMNS FROM `xcx_users` [ RunTime:0.0005s ]
SQL: SELECT * FROM `xcx_users` WHERE `id` = '1' LIMIT 1   [ RunTime:0.0003s ]
SQL: SHOW COLUMNS FROM `xcx_infos` [ RunTime:0.0004s ]
SQL: SHOW COLUMNS FROM `xcx_categorys` [ RunTime:0.0004s ]
SQL: SHOW COLUMNS FROM `xcx_infos_relationships` [ RunTime:0.0003s ]

[ 2017-10-27T18:09:26+08:00 ] 127.0.0.1 /index.php?g=&m=AdminInfo&a=check&check=1
INFO: [ app_begin ] --START--
INFO: Run Behavior\ReadHtmlCacheBehavior [ RunTime:0.000424s ]
INFO: Run Behavior\CheckLangBehavior [ RunTime:0.000768s ]
INFO: Run Common\Behavior\UrldecodeGetBehavior [ RunTime:0.000229s ]
INFO: [ app_begin ] --END-- [ RunTime:0.001825s ]
INFO: [ admin_begin ] --START--
INFO: Run Common\Behavior\AdminDefaultLangBehavior [ RunTime:0.001743s ]
INFO: [ admin_begin ] --END-- [ RunTime:0.001926s ]
SQL: SHOW COLUMNS FROM `xcx_users` [ RunTime:0.0006s ]
SQL: SELECT * FROM `xcx_users` WHERE `id` = '1' LIMIT 1   [ RunTime:0.0004s ]
SQL: SHOW COLUMNS FROM `xcx_infos` [ RunTime:0.0006s ]
SQL: SHOW COLUMNS FROM `xcx_categorys` [ RunTime:0.0009s ]
SQL: SHOW COLUMNS FROM `xcx_infos_relationships` [ RunTime:0.0016s ]

[ 2017-10-27T18:11:56+08:00 ] 127.0.0.1 /index.php?g=&m=AdminInfo&a=check&check=1
INFO: [ app_begin ] --START--
INFO: Run Behavior\ReadHtmlCacheBehavior [ RunTime:0.000632s ]
INFO: Run Behavior\CheckLangBehavior [ RunTime:0.000808s ]
INFO: Run Common\Behavior\UrldecodeGetBehavior [ RunTime:0.000288s ]
INFO: [ app_begin ] --END-- [ RunTime:0.002372s ]
INFO: [ admin_begin ] --START--
INFO: Run Common\Behavior\AdminDefaultLangBehavior [ RunTime:0.001316s ]
INFO: [ admin_begin ] --END-- [ RunTime:0.001474s ]
SQL: SHOW COLUMNS FROM `xcx_users` [ RunTime:0.0022s ]
SQL: SELECT * FROM `xcx_users` WHERE `id` = '1' LIMIT 1   [ RunTime:0.0004s ]
SQL: SHOW COLUMNS FROM `xcx_infos` [ RunTime:0.0005s ]
SQL: SHOW COLUMNS FROM `xcx_categorys` [ RunTime:0.0005s ]
SQL: SHOW COLUMNS FROM `xcx_infos_relationships` [ RunTime:0.0004s ]

[ 2017-10-27T18:13:43+08:00 ] 127.0.0.1 /index.php?g=&m=AdminInfo&a=check&check=1
INFO: [ app_begin ] --START--
INFO: Run Behavior\ReadHtmlCacheBehavior [ RunTime:0.000627s ]
INFO: Run Behavior\CheckLangBehavior [ RunTime:0.001185s ]
INFO: Run Common\Behavior\UrldecodeGetBehavior [ RunTime:0.000399s ]
INFO: [ app_begin ] --END-- [ RunTime:0.002919s ]
INFO: [ admin_begin ] --START--
INFO: Run Common\Behavior\AdminDefaultLangBehavior [ RunTime:0.001060s ]
INFO: [ admin_begin ] --END-- [ RunTime:0.001188s ]
SQL: SHOW COLUMNS FROM `xcx_users` [ RunTime:0.0019s ]
SQL: SELECT * FROM `xcx_users` WHERE `id` = '1' LIMIT 1   [ RunTime:0.0003s ]
SQL: SHOW COLUMNS FROM `xcx_infos` [ RunTime:0.0005s ]
SQL: SHOW COLUMNS FROM `xcx_categorys` [ RunTime:0.0005s ]
SQL: SHOW COLUMNS FROM `xcx_infos_relationships` [ RunTime:0.0006s ]

[ 2017-10-27T18:15:00+08:00 ] 127.0.0.1 /index.php?g=&m=AdminInfo&a=check&check=1
INFO: [ app_begin ] --START--
INFO: Run Behavior\ReadHtmlCacheBehavior [ RunTime:0.000429s ]
INFO: Run Behavior\CheckLangBehavior [ RunTime:0.000741s ]
INFO: Run Common\Behavior\UrldecodeGetBehavior [ RunTime:0.000843s ]
INFO: [ app_begin ] --END-- [ RunTime:0.002853s ]
INFO: [ admin_begin ] --START--
INFO: Run Common\Behavior\AdminDefaultLangBehavior [ RunTime:0.001243s ]
INFO: [ admin_begin ] --END-- [ RunTime:0.001385s ]
SQL: SHOW COLUMNS FROM `xcx_users` [ RunTime:0.0024s ]
SQL: SELECT * FROM `xcx_users` WHERE `id` = '1' LIMIT 1   [ RunTime:0.0005s ]
SQL: SHOW COLUMNS FROM `xcx_infos` [ RunTime:0.0005s ]
SQL: SHOW COLUMNS FROM `xcx_categorys` [ RunTime:0.0005s ]
SQL: SHOW COLUMNS FROM `xcx_infos_relationships` [ RunTime:0.0004s ]

[ 2017-10-27T18:15:24+08:00 ] 127.0.0.1 /index.php?g=&m=AdminInfo&a=check&check=1
INFO: [ app_begin ] --START--
INFO: Run Behavior\ReadHtmlCacheBehavior [ RunTime:0.000446s ]
INFO: Run Behavior\CheckLangBehavior [ RunTime:0.000761s ]
INFO: Run Common\Behavior\UrldecodeGetBehavior [ RunTime:0.000231s ]
INFO: [ app_begin ] --END-- [ RunTime:0.002070s ]
INFO: [ admin_begin ] --START--
INFO: Run Common\Behavior\AdminDefaultLangBehavior [ RunTime:0.001404s ]
INFO: [ admin_begin ] --END-- [ RunTime:0.001627s ]
SQL: SHOW COLUMNS FROM `xcx_users` [ RunTime:0.0006s ]
SQL: SELECT * FROM `xcx_users` WHERE `id` = '1' LIMIT 1   [ RunTime:0.0003s ]
SQL: SHOW COLUMNS FROM `xcx_infos` [ RunTime:0.0005s ]
SQL: SHOW COLUMNS FROM `xcx_categorys` [ RunTime:0.0006s ]
SQL: SHOW COLUMNS FROM `xcx_infos_relationships` [ RunTime:0.0004s ]
SQL: UPDATE `xcx_infos` SET `post_status`='0' WHERE `id` IN ('425') [ RunTime:0.0003s ]

[ 2017-10-27T18:30:11+08:00 ] 127.0.0.1 /index.php?g=&m=AdminInfo&a=check&uncheck=1
INFO: [ app_begin ] --START--
INFO: Run Behavior\ReadHtmlCacheBehavior [ RunTime:0.000424s ]
INFO: Run Behavior\CheckLangBehavior [ RunTime:0.001029s ]
INFO: Run Common\Behavior\UrldecodeGetBehavior [ RunTime:0.000294s ]
INFO: [ app_begin ] --END-- [ RunTime:0.002226s ]
INFO: [ admin_begin ] --START--
INFO: Run Common\Behavior\AdminDefaultLangBehavior [ RunTime:0.000973s ]
INFO: [ admin_begin ] --END-- [ RunTime:0.001127s ]
SQL: SHOW COLUMNS FROM `xcx_users` [ RunTime:0.0006s ]
SQL: SELECT * FROM `xcx_users` WHERE `id` = '1' LIMIT 1   [ RunTime:0.0004s ]
SQL: SHOW COLUMNS FROM `xcx_infos` [ RunTime:0.0005s ]
SQL: SHOW COLUMNS FROM `xcx_categorys` [ RunTime:0.0006s ]
SQL: SHOW COLUMNS FROM `xcx_infos_relationships` [ RunTime:0.0029s ]
NOTIC: [8] Undefined index: check D:\Work\thinkcmf\ThinkCMFX\application\Portal\Controller\AdminInfoController.class.php 第 186 行.
SQL: UPDATE `xcx_infos` SET `post_status`='1' WHERE `id` IN ('425') [ RunTime:0.0004s ]

[ 2017-10-27T18:30:13+08:00 ] 127.0.0.1 /index.php?g=&m=AdminInfo&a=check&check=1
INFO: [ app_begin ] --START--
INFO: Run Behavior\ReadHtmlCacheBehavior [ RunTime:0.000443s ]
INFO: Run Behavior\CheckLangBehavior [ RunTime:0.000639s ]
INFO: Run Common\Behavior\UrldecodeGetBehavior [ RunTime:0.000224s ]
INFO: [ app_begin ] --END-- [ RunTime:0.001743s ]
INFO: [ admin_begin ] --START--
INFO: Run Common\Behavior\AdminDefaultLangBehavior [ RunTime:0.000806s ]
INFO: [ admin_begin ] --END-- [ RunTime:0.000893s ]
SQL: SHOW COLUMNS FROM `xcx_users` [ RunTime:0.0009s ]
SQL: SELECT * FROM `xcx_users` WHERE `id` = '1' LIMIT 1   [ RunTime:0.0006s ]
SQL: SHOW COLUMNS FROM `xcx_infos` [ RunTime:0.0006s ]
SQL: SHOW COLUMNS FROM `xcx_categorys` [ RunTime:0.0005s ]
SQL: SHOW COLUMNS FROM `xcx_infos_relationships` [ RunTime:0.0004s ]
SQL: UPDATE `xcx_infos` SET `post_status`='0' WHERE `id` IN ('425') [ RunTime:0.0003s ]

[ 2017-10-27T18:30:16+08:00 ] 127.0.0.1 /index.php?g=&m=AdminInfo&a=top&top=1
INFO: [ app_begin ] --START--
INFO: Run Behavior\ReadHtmlCacheBehavior [ RunTime:0.000373s ]
INFO: Run Behavior\CheckLangBehavior [ RunTime:0.000639s ]
INFO: Run Common\Behavior\UrldecodeGetBehavior [ RunTime:0.000223s ]
INFO: [ app_begin ] --END-- [ RunTime:0.001634s ]
INFO: [ admin_begin ] --START--
INFO: Run Common\Behavior\AdminDefaultLangBehavior [ RunTime:0.000817s ]
INFO: [ admin_begin ] --END-- [ RunTime:0.000903s ]
SQL: SHOW COLUMNS FROM `xcx_users` [ RunTime:0.0007s ]
SQL: SELECT * FROM `xcx_users` WHERE `id` = '1' LIMIT 1   [ RunTime:0.0003s ]
SQL: SHOW COLUMNS FROM `xcx_infos` [ RunTime:0.0005s ]
SQL: SHOW COLUMNS FROM `xcx_categorys` [ RunTime:0.0004s ]
SQL: SHOW COLUMNS FROM `xcx_infos_relationships` [ RunTime:0.0004s ]
SQL: UPDATE `xcx_infos` SET `istop`='1' WHERE `id` IN ('425') [ RunTime:0.0003s ]

[ 2017-10-27T18:30:18+08:00 ] 127.0.0.1 /index.php?g=&m=AdminInfo&a=top&untop=1
INFO: [ app_begin ] --START--
INFO: Run Behavior\ReadHtmlCacheBehavior [ RunTime:0.000374s ]
INFO: Run Behavior\CheckLangBehavior [ RunTime:0.000643s ]
INFO: Run Common\Behavior\UrldecodeGetBehavior [ RunTime:0.000222s ]
INFO: [ app_begin ] --END-- [ RunTime:0.001714s ]
INFO: [ admin_begin ] --START--
INFO: Run Common\Behavior\AdminDefaultLangBehavior [ RunTime:0.002211s ]
INFO: [ admin_begin ] --END-- [ RunTime:0.002419s ]
SQL: SHOW COLUMNS FROM `xcx_users` [ RunTime:0.0009s ]
SQL: SELECT * FROM `xcx_users` WHERE `id` = '1' LIMIT 1   [ RunTime:0.0002s ]
SQL: SHOW COLUMNS FROM `xcx_infos` [ RunTime:0.0005s ]
SQL: SHOW COLUMNS FROM `xcx_categorys` [ RunTime:0.0005s ]
SQL: SHOW COLUMNS FROM `xcx_infos_relationships` [ RunTime:0.0004s ]
NOTIC: [8] Undefined index: top D:\Work\thinkcmf\ThinkCMFX\application\Portal\Controller\AdminInfoController.class.php 第 164 行.
SQL: UPDATE `xcx_infos` SET `istop`='0' WHERE `id` IN ('425') [ RunTime:0.0003s ]

[ 2017-10-27T18:30:21+08:00 ] 127.0.0.1 /index.php?g=&m=AdminInfo&a=check&uncheck=1
INFO: [ app_begin ] --START--
INFO: Run Behavior\ReadHtmlCacheBehavior [ RunTime:0.000415s ]
INFO: Run Behavior\CheckLangBehavior [ RunTime:0.001014s ]
INFO: Run Common\Behavior\UrldecodeGetBehavior [ RunTime:0.000398s ]
INFO: [ app_begin ] --END-- [ RunTime:0.002398s ]
INFO: [ admin_begin ] --START--
INFO: Run Common\Behavior\AdminDefaultLangBehavior [ RunTime:0.000899s ]
INFO: [ admin_begin ] --END-- [ RunTime:0.001017s ]
SQL: SHOW COLUMNS FROM `xcx_users` [ RunTime:0.0006s ]
SQL: SELECT * FROM `xcx_users` WHERE `id` = '1' LIMIT 1   [ RunTime:0.0002s ]
SQL: SHOW COLUMNS FROM `xcx_infos` [ RunTime:0.0004s ]
SQL: SHOW COLUMNS FROM `xcx_categorys` [ RunTime:0.0004s ]
SQL: SHOW COLUMNS FROM `xcx_infos_relationships` [ RunTime:0.0003s ]
NOTIC: [8] Undefined index: check D:\Work\thinkcmf\ThinkCMFX\application\Portal\Controller\AdminInfoController.class.php 第 186 行.
SQL: UPDATE `xcx_infos` SET `post_status`='1' WHERE `id` IN ('425') [ RunTime:0.0003s ]

[ 2017-10-27T21:36:57+08:00 ] 127.0.0.1 /index.php?g=&m=AdminInfo&a=check&check=1
INFO: [ app_begin ] --START--
INFO: Run Behavior\ReadHtmlCacheBehavior [ RunTime:0.000974s ]
INFO: Run Behavior\CheckLangBehavior [ RunTime:0.001435s ]
INFO: Run Common\Behavior\UrldecodeGetBehavior [ RunTime:0.000510s ]
INFO: [ app_begin ] --END-- [ RunTime:0.003699s ]
INFO: [ admin_begin ] --START--
INFO: Run Common\Behavior\AdminDefaultLangBehavior [ RunTime:0.002048s ]
INFO: [ admin_begin ] --END-- [ RunTime:0.002250s ]
SQL: SHOW COLUMNS FROM `xcx_users` [ RunTime:0.0009s ]
SQL: SELECT * FROM `xcx_users` WHERE `id` = '1' LIMIT 1   [ RunTime:0.0004s ]
SQL: SHOW COLUMNS FROM `xcx_infos` [ RunTime:0.0008s ]
SQL: SHOW COLUMNS FROM `xcx_categorys` [ RunTime:0.0008s ]
SQL: SHOW COLUMNS FROM `xcx_infos_relationships` [ RunTime:0.0006s ]
SQL: UPDATE `xcx_infos` SET `post_status`='0' WHERE `id` IN ('424') [ RunTime:0.0006s ]

[ 2017-10-27T21:37:02+08:00 ] 127.0.0.1 /index.php?g=&m=AdminInfo&a=check&check=1
INFO: [ app_begin ] --START--
INFO: Run Behavior\ReadHtmlCacheBehavior [ RunTime:0.000550s ]
INFO: Run Behavior\CheckLangBehavior [ RunTime:0.001093s ]
INFO: Run Common\Behavior\UrldecodeGetBehavior [ RunTime:0.000445s ]
INFO: [ app_begin ] --END-- [ RunTime:0.002781s ]
INFO: [ admin_begin ] --START--
INFO: Run Common\Behavior\AdminDefaultLangBehavior [ RunTime:0.001413s ]
INFO: [ admin_begin ] --END-- [ RunTime:0.001561s ]
SQL: SHOW COLUMNS FROM `xcx_users` [ RunTime:0.0009s ]
SQL: SELECT * FROM `xcx_users` WHERE `id` = '1' LIMIT 1   [ RunTime:0.0004s ]
SQL: SHOW COLUMNS FROM `xcx_infos` [ RunTime:0.0007s ]
SQL: SHOW COLUMNS FROM `xcx_categorys` [ RunTime:0.0007s ]
SQL: SHOW COLUMNS FROM `xcx_infos_relationships` [ RunTime:0.0005s ]
SQL: UPDATE `xcx_infos` SET `post_status`='0' WHERE `id` IN ('423') [ RunTime:0.0004s ]

