[ 2017-10-29T15:18:13+08:00 ] 127.0.0.1 /index.php?g=&m=AdminMember&a=edit&id=1
ERR: 1146:Table 'xcx.xcx_cicles_realtionships' doesn't exist
 [ SQL语句 ] : SHOW COLUMNS FROM `xcx_cicles_realtionships`

[ 2017-10-29T15:20:05+08:00 ] 127.0.0.1 /statics/js/common.js?
ERR: 无法加载控制器:Statics

[ 2017-10-29T15:20:08+08:00 ] 127.0.0.1 /statics/js/common.js?
ERR: 无法加载控制器:Statics

[ 2017-10-29T15:20:47+08:00 ] 127.0.0.1 /index.php?g=&m=AdminCategorys&a=add_post
INFO: [ app_begin ] --START--
INFO: Run Behavior\ReadHtmlCacheBehavior [ RunTime:0.001388s ]
INFO: Run Behavior\CheckLangBehavior [ RunTime:0.002169s ]
INFO: Run Common\Behavior\UrldecodeGetBehavior [ RunTime:0.001107s ]
INFO: [ app_begin ] --END-- [ RunTime:0.005384s ]
INFO: [ admin_begin ] --START--
INFO: Run Common\Behavior\AdminDefaultLangBehavior [ RunTime:0.003123s ]
INFO: [ admin_begin ] --END-- [ RunTime:0.003242s ]
SQL: SHOW COLUMNS FROM `xcx_users` [ RunTime:0.0022s ]
SQL: SELECT * FROM `xcx_users` WHERE `id` = '1' LIMIT 1   [ RunTime:0.0005s ]
SQL: SHOW COLUMNS FROM `xcx_categorys` [ RunTime:0.0007s ]
NOTIC: [8] Undefined index: validate D:\Work\thinkcmf\ThinkCMFX\simplewind\Core\Library\Think\Model.class.php 第 1185 行.
NOTIC: [8] Undefined index: auto D:\Work\thinkcmf\ThinkCMFX\simplewind\Core\Library\Think\Model.class.php 第 1128 行.
SQL: INSERT INTO `xcx_categorys` (`parent`,`name`,`description`,`type`,`icon`) VALUES ('0','舞动人生','舞动人生舞动人生','1','portal/20171029/59f5814d652b1.png') [ RunTime:0.0004s ]
SQL: UPDATE `xcx_categorys` SET `path`='0-6' WHERE ( cg_id=6 ) [ RunTime:0.0003s ]

[ 2017-10-29T15:20:48+08:00 ] 127.0.0.1 /statics/js/common.js?
ERR: 无法加载控制器:Statics

[ 2017-10-29T16:48:18+08:00 ] 127.0.0.1 /statics/js/common.js?
ERR: 无法加载控制器:Statics

[ 2017-10-29T17:07:07+08:00 ] 127.0.0.1 /index.php?g=&m=AdminInfo&a=index&post=1&m_id=1
ERR: 1054:Unknown column 'b.post_author' in 'where clause'
 [ SQL语句 ] : SELECT COUNT(*) AS tp_count FROM xcx_infos a INNER JOIN xcx_infos_relationships b ON a.id = b.object_id  WHERE b.post_author = '1' LIMIT 1  

[ 2017-10-29T17:07:33+08:00 ] 127.0.0.1 /index.php?g=&m=AdminInfo&a=index&post=1&m_id=1
ERR: 1054:Unknown column 'b.post_author' in 'where clause'
 [ SQL语句 ] : SELECT COUNT(*) AS tp_count FROM xcx_infos a INNER JOIN xcx_infos_relationships b ON a.id = b.object_id  WHERE b.post_author = '1' LIMIT 1  

[ 2017-10-29T17:34:35+08:00 ] 127.0.0.1 /index.php?g=&m=AdminInfo&a=check&check=1
INFO: [ app_begin ] --START--
INFO: Run Behavior\ReadHtmlCacheBehavior [ RunTime:0.000468s ]
INFO: Run Behavior\CheckLangBehavior [ RunTime:0.000842s ]
INFO: Run Common\Behavior\UrldecodeGetBehavior [ RunTime:0.000381s ]
INFO: [ app_begin ] --END-- [ RunTime:0.002112s ]
INFO: [ admin_begin ] --START--
INFO: Run Common\Behavior\AdminDefaultLangBehavior [ RunTime:0.001475s ]
INFO: [ admin_begin ] --END-- [ RunTime:0.001597s ]
SQL: SHOW COLUMNS FROM `xcx_users` [ RunTime:0.0006s ]
SQL: SELECT * FROM `xcx_users` WHERE `id` = '1' LIMIT 1   [ RunTime:0.0003s ]
SQL: SHOW COLUMNS FROM `xcx_infos` [ RunTime:0.0005s ]
SQL: SHOW COLUMNS FROM `xcx_categorys` [ RunTime:0.0004s ]
SQL: SHOW COLUMNS FROM `xcx_infos_relationships` [ RunTime:0.0004s ]
SQL: UPDATE `xcx_infos` SET `post_status`='0' WHERE `id` IN ('423') [ RunTime:0.0003s ]

[ 2017-10-29T17:34:39+08:00 ] 127.0.0.1 /index.php?g=&m=AdminInfo&a=check&uncheck=1
INFO: [ app_begin ] --START--
INFO: Run Behavior\ReadHtmlCacheBehavior [ RunTime:0.000365s ]
INFO: Run Behavior\CheckLangBehavior [ RunTime:0.000763s ]
INFO: Run Common\Behavior\UrldecodeGetBehavior [ RunTime:0.000472s ]
INFO: [ app_begin ] --END-- [ RunTime:0.002004s ]
INFO: [ admin_begin ] --START--
INFO: Run Common\Behavior\AdminDefaultLangBehavior [ RunTime:0.001024s ]
INFO: [ admin_begin ] --END-- [ RunTime:0.001137s ]
SQL: SHOW COLUMNS FROM `xcx_users` [ RunTime:0.0007s ]
SQL: SELECT * FROM `xcx_users` WHERE `id` = '1' LIMIT 1   [ RunTime:0.0003s ]
SQL: SHOW COLUMNS FROM `xcx_infos` [ RunTime:0.0009s ]
SQL: SHOW COLUMNS FROM `xcx_categorys` [ RunTime:0.0019s ]
SQL: SHOW COLUMNS FROM `xcx_infos_relationships` [ RunTime:0.0017s ]
NOTIC: [8] Undefined index: check D:\Work\thinkcmf\ThinkCMFX\application\Portal\Controller\AdminInfoController.class.php 第 196 行.
SQL: UPDATE `xcx_infos` SET `post_status`='1' WHERE `id` IN ('423') [ RunTime:0.0011s ]

[ 2017-10-29T18:32:04+08:00 ] 127.0.0.1 /index.php?g=&m=AdminInfo&a=check_comments&uncheck=1
INFO: [ app_begin ] --START--
INFO: Run Behavior\ReadHtmlCacheBehavior [ RunTime:0.000484s ]
INFO: Run Behavior\CheckLangBehavior [ RunTime:0.000911s ]
INFO: Run Common\Behavior\UrldecodeGetBehavior [ RunTime:0.000433s ]
INFO: [ app_begin ] --END-- [ RunTime:0.002278s ]
INFO: [ admin_begin ] --START--
INFO: Run Common\Behavior\AdminDefaultLangBehavior [ RunTime:0.000985s ]
INFO: [ admin_begin ] --END-- [ RunTime:0.001082s ]
SQL: SHOW COLUMNS FROM `xcx_users` [ RunTime:0.0006s ]
SQL: SELECT * FROM `xcx_users` WHERE `id` = '1' LIMIT 1   [ RunTime:0.0002s ]
SQL: SHOW COLUMNS FROM `xcx_infos` [ RunTime:0.0004s ]
SQL: SHOW COLUMNS FROM `xcx_categorys` [ RunTime:0.0004s ]
SQL: SHOW COLUMNS FROM `xcx_infos_relationships` [ RunTime:0.0003s ]
NOTIC: [8] Undefined index: check D:\Work\thinkcmf\ThinkCMFX\application\Portal\Controller\AdminInfoController.class.php 第 218 行.
SQL: SHOW COLUMNS FROM `xcx_info_comments` [ RunTime:0.0005s ]
SQL: UPDATE `xcx_info_comments` SET `status`='1' WHERE `id` IN ('4') [ RunTime:0.0005s ]

[ 2017-10-29T20:21:03+08:00 ] 127.0.0.1 /statics/js/common.js?
ERR: 无法加载控制器:Statics

[ 2017-10-29T21:23:50+08:00 ] 127.0.0.1 /statics/js/common.js?
ERR: 无法加载控制器:Statics

[ 2017-10-29T21:30:43+08:00 ] 127.0.0.1 /statics/js/common.js?
ERR: 无法加载控制器:Statics

