[ 2017-10-24T13:48:13+08:00 ] 127.0.0.1 /statics/js/common.js?
ERR: 无法加载控制器:Statics

[ 2017-10-24T13:58:07+08:00 ] 127.0.0.1 /statics/js/common.js?
ERR: 无法加载控制器:Statics

[ 2017-10-24T13:58:36+08:00 ] 127.0.0.1 /index.php?g=&m=AdminCategorys&a=add_post
INFO: [ app_begin ] --START--
INFO: Run Behavior\ReadHtmlCacheBehavior [ RunTime:0.001358s ]
INFO: Run Behavior\CheckLangBehavior [ RunTime:0.004166s ]
INFO: Run Common\Behavior\UrldecodeGetBehavior [ RunTime:0.001318s ]
INFO: [ app_begin ] --END-- [ RunTime:0.007524s ]
INFO: [ admin_begin ] --START--
INFO: Run Common\Behavior\AdminDefaultLangBehavior [ RunTime:0.002559s ]
INFO: [ admin_begin ] --END-- [ RunTime:0.002641s ]
SQL: SHOW COLUMNS FROM `xcx_users` [ RunTime:0.0006s ]
SQL: SELECT * FROM `xcx_users` WHERE `id` = '1' LIMIT 1   [ RunTime:0.0002s ]
SQL: SHOW COLUMNS FROM `xcx_categorys` [ RunTime:0.0006s ]
NOTIC: [8] Undefined index: validate D:\Work\thinkcmf\ThinkCMFX\simplewind\Core\Library\Think\Model.class.php 第 1185 行.

[ 2017-10-24T13:58:39+08:00 ] 127.0.0.1 /index.php?g=&m=AdminCategorys&a=add_post
INFO: [ app_begin ] --START--
INFO: Run Behavior\ReadHtmlCacheBehavior [ RunTime:0.001445s ]
INFO: Run Behavior\CheckLangBehavior [ RunTime:0.002208s ]
INFO: Run Common\Behavior\UrldecodeGetBehavior [ RunTime:0.001185s ]
INFO: [ app_begin ] --END-- [ RunTime:0.005493s ]
INFO: [ admin_begin ] --START--
INFO: Run Common\Behavior\AdminDefaultLangBehavior [ RunTime:0.003212s ]
INFO: [ admin_begin ] --END-- [ RunTime:0.003336s ]
SQL: SHOW COLUMNS FROM `xcx_users` [ RunTime:0.0007s ]
SQL: SELECT * FROM `xcx_users` WHERE `id` = '1' LIMIT 1   [ RunTime:0.0004s ]
SQL: SHOW COLUMNS FROM `xcx_categorys` [ RunTime:0.0008s ]
NOTIC: [8] Undefined index: validate D:\Work\thinkcmf\ThinkCMFX\simplewind\Core\Library\Think\Model.class.php 第 1185 行.

[ 2017-10-24T13:58:40+08:00 ] 127.0.0.1 /index.php?g=&m=AdminCategorys&a=add_post
INFO: [ app_begin ] --START--
INFO: Run Behavior\ReadHtmlCacheBehavior [ RunTime:0.001597s ]
INFO: Run Behavior\CheckLangBehavior [ RunTime:0.002408s ]
INFO: Run Common\Behavior\UrldecodeGetBehavior [ RunTime:0.001105s ]
INFO: [ app_begin ] --END-- [ RunTime:0.005822s ]
INFO: [ admin_begin ] --START--
INFO: Run Common\Behavior\AdminDefaultLangBehavior [ RunTime:0.002748s ]
INFO: [ admin_begin ] --END-- [ RunTime:0.002845s ]
SQL: SHOW COLUMNS FROM `xcx_users` [ RunTime:0.0007s ]
SQL: SELECT * FROM `xcx_users` WHERE `id` = '1' LIMIT 1   [ RunTime:0.0004s ]
SQL: SHOW COLUMNS FROM `xcx_categorys` [ RunTime:0.0007s ]
NOTIC: [8] Undefined index: validate D:\Work\thinkcmf\ThinkCMFX\simplewind\Core\Library\Think\Model.class.php 第 1185 行.

[ 2017-10-24T13:58:40+08:00 ] 127.0.0.1 /index.php?g=&m=AdminCategorys&a=add_post
INFO: [ app_begin ] --START--
INFO: Run Behavior\ReadHtmlCacheBehavior [ RunTime:0.001441s ]
INFO: Run Behavior\CheckLangBehavior [ RunTime:0.002235s ]
INFO: Run Common\Behavior\UrldecodeGetBehavior [ RunTime:0.001117s ]
INFO: [ app_begin ] --END-- [ RunTime:0.005442s ]
INFO: [ admin_begin ] --START--
INFO: Run Common\Behavior\AdminDefaultLangBehavior [ RunTime:0.002767s ]
INFO: [ admin_begin ] --END-- [ RunTime:0.002872s ]
SQL: SHOW COLUMNS FROM `xcx_users` [ RunTime:0.0009s ]
SQL: SELECT * FROM `xcx_users` WHERE `id` = '1' LIMIT 1   [ RunTime:0.0006s ]
SQL: SHOW COLUMNS FROM `xcx_categorys` [ RunTime:0.0007s ]
NOTIC: [8] Undefined index: validate D:\Work\thinkcmf\ThinkCMFX\simplewind\Core\Library\Think\Model.class.php 第 1185 行.

[ 2017-10-24T13:58:40+08:00 ] 127.0.0.1 /index.php?g=&m=AdminCategorys&a=add_post
INFO: [ app_begin ] --START--
INFO: Run Behavior\ReadHtmlCacheBehavior [ RunTime:0.001547s ]
INFO: Run Behavior\CheckLangBehavior [ RunTime:0.002249s ]
INFO: Run Common\Behavior\UrldecodeGetBehavior [ RunTime:0.001288s ]
INFO: [ app_begin ] --END-- [ RunTime:0.005739s ]
INFO: [ admin_begin ] --START--
INFO: Run Common\Behavior\AdminDefaultLangBehavior [ RunTime:0.003091s ]
INFO: [ admin_begin ] --END-- [ RunTime:0.003212s ]
SQL: SHOW COLUMNS FROM `xcx_users` [ RunTime:0.0011s ]
SQL: SELECT * FROM `xcx_users` WHERE `id` = '1' LIMIT 1   [ RunTime:0.0003s ]
SQL: SHOW COLUMNS FROM `xcx_categorys` [ RunTime:0.0006s ]
NOTIC: [8] Undefined index: validate D:\Work\thinkcmf\ThinkCMFX\simplewind\Core\Library\Think\Model.class.php 第 1185 行.

[ 2017-10-24T13:58:40+08:00 ] 127.0.0.1 /index.php?g=&m=AdminCategorys&a=add_post
INFO: [ app_begin ] --START--
INFO: Run Behavior\ReadHtmlCacheBehavior [ RunTime:0.001392s ]
INFO: Run Behavior\CheckLangBehavior [ RunTime:0.002151s ]
INFO: Run Common\Behavior\UrldecodeGetBehavior [ RunTime:0.001127s ]
INFO: [ app_begin ] --END-- [ RunTime:0.005314s ]
INFO: [ admin_begin ] --START--
INFO: Run Common\Behavior\AdminDefaultLangBehavior [ RunTime:0.003971s ]
INFO: [ admin_begin ] --END-- [ RunTime:0.004059s ]
SQL: SHOW COLUMNS FROM `xcx_users` [ RunTime:0.0007s ]
SQL: SELECT * FROM `xcx_users` WHERE `id` = '1' LIMIT 1   [ RunTime:0.0003s ]
SQL: SHOW COLUMNS FROM `xcx_categorys` [ RunTime:0.0010s ]
NOTIC: [8] Undefined index: validate D:\Work\thinkcmf\ThinkCMFX\simplewind\Core\Library\Think\Model.class.php 第 1185 行.

[ 2017-10-24T13:58:40+08:00 ] 127.0.0.1 /index.php?g=&m=AdminCategorys&a=add_post
INFO: [ app_begin ] --START--
INFO: Run Behavior\ReadHtmlCacheBehavior [ RunTime:0.001415s ]
INFO: Run Behavior\CheckLangBehavior [ RunTime:0.002136s ]
INFO: Run Common\Behavior\UrldecodeGetBehavior [ RunTime:0.001104s ]
INFO: [ app_begin ] --END-- [ RunTime:0.005290s ]
INFO: [ admin_begin ] --START--
INFO: Run Common\Behavior\AdminDefaultLangBehavior [ RunTime:0.002614s ]
INFO: [ admin_begin ] --END-- [ RunTime:0.002702s ]
SQL: SHOW COLUMNS FROM `xcx_users` [ RunTime:0.0008s ]
SQL: SELECT * FROM `xcx_users` WHERE `id` = '1' LIMIT 1   [ RunTime:0.0004s ]
SQL: SHOW COLUMNS FROM `xcx_categorys` [ RunTime:0.0008s ]
NOTIC: [8] Undefined index: validate D:\Work\thinkcmf\ThinkCMFX\simplewind\Core\Library\Think\Model.class.php 第 1185 行.

[ 2017-10-24T13:58:40+08:00 ] 127.0.0.1 /index.php?g=&m=AdminCategorys&a=add_post
INFO: [ app_begin ] --START--
INFO: Run Behavior\ReadHtmlCacheBehavior [ RunTime:0.001390s ]
INFO: Run Behavior\CheckLangBehavior [ RunTime:0.002686s ]
INFO: Run Common\Behavior\UrldecodeGetBehavior [ RunTime:0.001637s ]
INFO: [ app_begin ] --END-- [ RunTime:0.006424s ]
INFO: [ admin_begin ] --START--
INFO: Run Common\Behavior\AdminDefaultLangBehavior [ RunTime:0.002643s ]
INFO: [ admin_begin ] --END-- [ RunTime:0.002733s ]
SQL: SHOW COLUMNS FROM `xcx_users` [ RunTime:0.0008s ]
SQL: SELECT * FROM `xcx_users` WHERE `id` = '1' LIMIT 1   [ RunTime:0.0003s ]
SQL: SHOW COLUMNS FROM `xcx_categorys` [ RunTime:0.0007s ]
NOTIC: [8] Undefined index: validate D:\Work\thinkcmf\ThinkCMFX\simplewind\Core\Library\Think\Model.class.php 第 1185 行.

[ 2017-10-24T13:58:40+08:00 ] 127.0.0.1 /index.php?g=&m=AdminCategorys&a=add_post
INFO: [ app_begin ] --START--
INFO: Run Behavior\ReadHtmlCacheBehavior [ RunTime:0.001534s ]
INFO: Run Behavior\CheckLangBehavior [ RunTime:0.004394s ]
INFO: Run Common\Behavior\UrldecodeGetBehavior [ RunTime:0.001201s ]
INFO: [ app_begin ] --END-- [ RunTime:0.007870s ]
INFO: [ admin_begin ] --START--
INFO: Run Common\Behavior\AdminDefaultLangBehavior [ RunTime:0.002620s ]
INFO: [ admin_begin ] --END-- [ RunTime:0.002702s ]
SQL: SHOW COLUMNS FROM `xcx_users` [ RunTime:0.0006s ]
SQL: SELECT * FROM `xcx_users` WHERE `id` = '1' LIMIT 1   [ RunTime:0.0002s ]
SQL: SHOW COLUMNS FROM `xcx_categorys` [ RunTime:0.0008s ]
NOTIC: [8] Undefined index: validate D:\Work\thinkcmf\ThinkCMFX\simplewind\Core\Library\Think\Model.class.php 第 1185 行.

[ 2017-10-24T14:00:53+08:00 ] 127.0.0.1 /index.php?g=&m=AdminCategorys&a=add_post
INFO: [ app_begin ] --START--
INFO: Run Behavior\ReadHtmlCacheBehavior [ RunTime:0.000817s ]
INFO: Run Behavior\CheckLangBehavior [ RunTime:0.002454s ]
INFO: Run Common\Behavior\UrldecodeGetBehavior [ RunTime:0.000917s ]
INFO: [ app_begin ] --END-- [ RunTime:0.004855s ]
INFO: [ admin_begin ] --START--
INFO: Run Common\Behavior\AdminDefaultLangBehavior [ RunTime:0.001801s ]
INFO: [ admin_begin ] --END-- [ RunTime:0.001897s ]
SQL: SHOW COLUMNS FROM `xcx_users` [ RunTime:0.0006s ]
SQL: SELECT * FROM `xcx_users` WHERE `id` = '1' LIMIT 1   [ RunTime:0.0017s ]
SQL: SHOW COLUMNS FROM `xcx_categorys` [ RunTime:0.0007s ]
NOTIC: [8] Undefined index: validate D:\Work\thinkcmf\ThinkCMFX\simplewind\Core\Library\Think\Model.class.php 第 1185 行.
NOTIC: [8] Undefined index: auto D:\Work\thinkcmf\ThinkCMFX\simplewind\Core\Library\Think\Model.class.php 第 1128 行.
ERR: 1364:Field 'icon' doesn't have a default value
 [ SQL语句 ] : INSERT INTO `xcx_categorys` (`parent`,`name`,`description`,`type`) VALUES ('0','游泳健身','游泳健身游泳健身游泳健身游泳健身','0')
ERR: 1364:Field 'icon' doesn't have a default value
 [ SQL语句 ] : INSERT INTO `xcx_categorys` (`parent`,`name`,`description`,`type`) VALUES ('0','游泳健身','游泳健身游泳健身游泳健身游泳健身','0')

[ 2017-10-24T14:01:21+08:00 ] 127.0.0.1 /index.php?g=&m=AdminCategorys&a=add_post
INFO: [ app_begin ] --START--
INFO: Run Behavior\ReadHtmlCacheBehavior [ RunTime:0.000508s ]
INFO: Run Behavior\CheckLangBehavior [ RunTime:0.001962s ]
INFO: Run Common\Behavior\UrldecodeGetBehavior [ RunTime:0.002470s ]
INFO: [ app_begin ] --END-- [ RunTime:0.005629s ]
INFO: [ admin_begin ] --START--
INFO: Run Common\Behavior\AdminDefaultLangBehavior [ RunTime:0.001550s ]
INFO: [ admin_begin ] --END-- [ RunTime:0.001643s ]
SQL: SHOW COLUMNS FROM `xcx_users` [ RunTime:0.0014s ]
SQL: SELECT * FROM `xcx_users` WHERE `id` = '1' LIMIT 1   [ RunTime:0.0005s ]
SQL: SHOW COLUMNS FROM `xcx_categorys` [ RunTime:0.0008s ]
NOTIC: [8] Undefined index: validate D:\Work\thinkcmf\ThinkCMFX\simplewind\Core\Library\Think\Model.class.php 第 1185 行.
NOTIC: [8] Undefined index: auto D:\Work\thinkcmf\ThinkCMFX\simplewind\Core\Library\Think\Model.class.php 第 1128 行.
SQL: INSERT INTO `xcx_categorys` (`parent`,`name`,`description`,`type`,`icon`) VALUES ('0','游泳健身','游泳健身游泳健身','0','portal/20171024/59eed72620639.png') [ RunTime:0.0007s ]
SQL: UPDATE `xcx_categorys` SET `path`='0-3' WHERE ( cg_id=3 ) [ RunTime:0.0003s ]

[ 2017-10-24T14:01:21+08:00 ] 127.0.0.1 /statics/js/common.js?
ERR: 无法加载控制器:Statics

[ 2017-10-24T14:02:52+08:00 ] 127.0.0.1 /statics/js/common.js?
ERR: 无法加载控制器:Statics

[ 2017-10-24T14:06:22+08:00 ] 127.0.0.1 /index.php?g=&m=AdminPost&a=add_post
INFO: [ app_begin ] --START--
INFO: Run Behavior\ReadHtmlCacheBehavior [ RunTime:0.001296s ]
INFO: Run Behavior\CheckLangBehavior [ RunTime:0.001377s ]
INFO: Run Common\Behavior\UrldecodeGetBehavior [ RunTime:0.000576s ]
INFO: [ app_begin ] --END-- [ RunTime:0.003811s ]
INFO: [ admin_begin ] --START--
INFO: Run Common\Behavior\AdminDefaultLangBehavior [ RunTime:0.001751s ]
INFO: [ admin_begin ] --END-- [ RunTime:0.001836s ]
SQL: SHOW COLUMNS FROM `xcx_users` [ RunTime:0.0006s ]
SQL: SELECT * FROM `xcx_users` WHERE `id` = '1' LIMIT 1   [ RunTime:0.0003s ]
SQL: SHOW COLUMNS FROM `xcx_posts` [ RunTime:0.0005s ]
SQL: SHOW COLUMNS FROM `xcx_terms` [ RunTime:0.0004s ]
SQL: SHOW COLUMNS FROM `xcx_term_relationships` [ RunTime:0.0004s ]
SQL: INSERT INTO `xcx_posts` (`post_title`,`post_keywords`,`post_source`,`post_excerpt`,`post_date`,`post_status`,`istop`,`recommended`,`post_content`,`post_modified`,`post_author`,`smeta`) VALUES ('啊手动阀手动阀','阿斯顿','阿三','阿斯顿','2017-10-24 14:05:57','1','0','0','<p>阿三</p>','2017-10-24 14:06:22','1','{\"thumb\":\"portal\\/20171024\\/59eed84985a38.png\",\"template\":\"\"}') [ RunTime:0.0004s ]
SQL: INSERT INTO `xcx_term_relationships` (`term_id`,`object_id`) VALUES ('1','1') [ RunTime:0.0004s ]

[ 2017-10-24T14:11:10+08:00 ] 127.0.0.1 /statics/js/common.js?
ERR: 无法加载控制器:Statics

[ 2017-10-24T14:11:10+08:00 ] 127.0.0.1 /statics/js/common.js?
ERR: 无法加载控制器:Statics

[ 2017-10-24T14:11:14+08:00 ] 127.0.0.1 /statics/js/common.js?
ERR: 无法加载控制器:Statics

[ 2017-10-24T14:11:16+08:00 ] 127.0.0.1 /statics/js/common.js?
ERR: 无法加载控制器:Statics

[ 2017-10-24T14:11:47+08:00 ] 127.0.0.1 /index.php?g=&m=AdminCategorys&a=add_post
INFO: [ app_begin ] --START--
INFO: Run Behavior\ReadHtmlCacheBehavior [ RunTime:0.000563s ]
INFO: Run Behavior\CheckLangBehavior [ RunTime:0.001058s ]
INFO: Run Common\Behavior\UrldecodeGetBehavior [ RunTime:0.000699s ]
INFO: [ app_begin ] --END-- [ RunTime:0.002812s ]
INFO: [ admin_begin ] --START--
INFO: Run Common\Behavior\AdminDefaultLangBehavior [ RunTime:0.001518s ]
INFO: [ admin_begin ] --END-- [ RunTime:0.001607s ]
SQL: SHOW COLUMNS FROM `xcx_users` [ RunTime:0.0006s ]
SQL: SELECT * FROM `xcx_users` WHERE `id` = '1' LIMIT 1   [ RunTime:0.0003s ]
SQL: SHOW COLUMNS FROM `xcx_categorys` [ RunTime:0.0004s ]
NOTIC: [8] Undefined index: validate D:\Work\thinkcmf\ThinkCMFX\simplewind\Core\Library\Think\Model.class.php 第 1185 行.
NOTIC: [8] Undefined index: auto D:\Work\thinkcmf\ThinkCMFX\simplewind\Core\Library\Think\Model.class.php 第 1128 行.
SQL: INSERT INTO `xcx_categorys` (`parent`,`name`,`description`,`type`,`icon`) VALUES ('0','游泳健身','游泳健身游泳健身','0','portal/20171024/59eed9a10e0a6.png') [ RunTime:0.0003s ]
SQL: UPDATE `xcx_categorys` SET `path`='0-4' WHERE ( cg_id=4 ) [ RunTime:0.0002s ]

[ 2017-10-24T14:11:47+08:00 ] 127.0.0.1 /statics/js/common.js?
ERR: 无法加载控制器:Statics

[ 2017-10-24T14:11:47+08:00 ] 127.0.0.1 /statics/js/common.js?
ERR: 无法加载控制器:Statics

[ 2017-10-24T14:16:45+08:00 ] 127.0.0.1 /statics/js/common.js?
ERR: 无法加载控制器:Statics

[ 2017-10-24T14:17:25+08:00 ] 127.0.0.1 /statics/js/common.js?
ERR: 无法加载控制器:Statics

[ 2017-10-24T14:17:45+08:00 ] 127.0.0.1 /statics/js/common.js?
ERR: 无法加载控制器:Statics

[ 2017-10-24T14:17:59+08:00 ] 127.0.0.1 /statics/js/common.js?
ERR: 无法加载控制器:Statics

[ 2017-10-24T14:24:20+08:00 ] 127.0.0.1 /index.php?g=&m=AdminCategorys&a=edit_post
INFO: [ app_begin ] --START--
INFO: Run Behavior\ReadHtmlCacheBehavior [ RunTime:0.000725s ]
INFO: Run Behavior\CheckLangBehavior [ RunTime:0.001255s ]
INFO: Run Common\Behavior\UrldecodeGetBehavior [ RunTime:0.000751s ]
INFO: [ app_begin ] --END-- [ RunTime:0.003224s ]
INFO: [ admin_begin ] --START--
INFO: Run Common\Behavior\AdminDefaultLangBehavior [ RunTime:0.001908s ]
INFO: [ admin_begin ] --END-- [ RunTime:0.002098s ]
SQL: SHOW COLUMNS FROM `xcx_users` [ RunTime:0.0006s ]
SQL: SELECT * FROM `xcx_users` WHERE `id` = '1' LIMIT 1   [ RunTime:0.0003s ]
SQL: SHOW COLUMNS FROM `xcx_categorys` [ RunTime:0.0005s ]
NOTIC: [8] Undefined index: validate D:\Work\thinkcmf\ThinkCMFX\simplewind\Core\Library\Think\Model.class.php 第 1185 行.
NOTIC: [8] Undefined index: auto D:\Work\thinkcmf\ThinkCMFX\simplewind\Core\Library\Think\Model.class.php 第 1128 行.
SQL: UPDATE `xcx_categorys` SET `parent`='0',`name`='游泳健身',`description`='游泳健身游泳健身',`type`='0',`icon`='portal/20171024/59eedc917024a.png' WHERE `cg_id` = '4' [ RunTime:0.0004s ]
SQL: UPDATE `xcx_categorys` SET `path`='0-4' WHERE ( cg_id=4 ) [ RunTime:0.0002s ]

[ 2017-10-24T14:24:20+08:00 ] 127.0.0.1 /statics/js/common.js?
ERR: 无法加载控制器:Statics

[ 2017-10-24T14:24:29+08:00 ] 127.0.0.1 /statics/js/common.js?
ERR: 无法加载控制器:Statics

[ 2017-10-24T14:24:42+08:00 ] 127.0.0.1 /statics/js/common.js?
ERR: 无法加载控制器:Statics

[ 2017-10-24T14:25:05+08:00 ] 127.0.0.1 /index.php?g=&m=AdminCategorys&a=add_post
INFO: [ app_begin ] --START--
INFO: Run Behavior\ReadHtmlCacheBehavior [ RunTime:0.000680s ]
INFO: Run Behavior\CheckLangBehavior [ RunTime:0.001183s ]
INFO: Run Common\Behavior\UrldecodeGetBehavior [ RunTime:0.000594s ]
INFO: [ app_begin ] --END-- [ RunTime:0.002922s ]
INFO: [ admin_begin ] --START--
INFO: Run Common\Behavior\AdminDefaultLangBehavior [ RunTime:0.001443s ]
INFO: [ admin_begin ] --END-- [ RunTime:0.001525s ]
SQL: SHOW COLUMNS FROM `xcx_users` [ RunTime:0.0006s ]
SQL: SELECT * FROM `xcx_users` WHERE `id` = '1' LIMIT 1   [ RunTime:0.0003s ]
SQL: SHOW COLUMNS FROM `xcx_categorys` [ RunTime:0.0010s ]
NOTIC: [8] Undefined index: validate D:\Work\thinkcmf\ThinkCMFX\simplewind\Core\Library\Think\Model.class.php 第 1185 行.
NOTIC: [8] Undefined index: auto D:\Work\thinkcmf\ThinkCMFX\simplewind\Core\Library\Think\Model.class.php 第 1128 行.
SQL: INSERT INTO `xcx_categorys` (`parent`,`name`,`description`,`type`,`icon`) VALUES ('0','王者荣耀','王者荣耀','1','portal/20171024/59eedcbf1c8f5.png') [ RunTime:0.0003s ]
SQL: UPDATE `xcx_categorys` SET `path`='0-5' WHERE ( cg_id=5 ) [ RunTime:0.0004s ]

[ 2017-10-24T14:25:05+08:00 ] 127.0.0.1 /statics/js/common.js?
ERR: 无法加载控制器:Statics

[ 2017-10-24T14:25:11+08:00 ] 127.0.0.1 /statics/js/common.js?
ERR: 无法加载控制器:Statics

[ 2017-10-24T14:26:38+08:00 ] 127.0.0.1 /statics/js/common.js?
ERR: 无法加载控制器:Statics

[ 2017-10-24T14:28:04+08:00 ] 127.0.0.1 /statics/js/common.js?
ERR: 无法加载控制器:Statics

[ 2017-10-24T14:32:49+08:00 ] 127.0.0.1 /statics/js/common.js?
ERR: 无法加载控制器:Statics

[ 2017-10-24T14:32:55+08:00 ] 127.0.0.1 /statics/js/common.js?
ERR: 无法加载控制器:Statics

[ 2017-10-24T15:02:43+08:00 ] 127.0.0.1 /statics/js/common.js?
ERR: 无法加载控制器:Statics

[ 2017-10-24T15:03:14+08:00 ] 127.0.0.1 /statics/js/common.js?
ERR: 无法加载控制器:Statics

[ 2017-10-24T15:03:19+08:00 ] 127.0.0.1 /statics/js/common.js?
ERR: 无法加载控制器:Statics

