[ 2017-11-01T02:28:49+08:00 ] 127.0.0.1 /statics/js/common.js?
ERR: 无法加载控制器:Statics

[ 2017-11-01T15:19:11+08:00 ] 127.0.0.1 /statics/js/common.js?
ERR: 无法加载控制器:Statics

[ 2017-11-01T17:23:56+08:00 ] 127.0.0.1 /index.php?g=&m=AdminInfo&a=check&check=1
INFO: [ app_begin ] --START--
INFO: Run Behavior\ReadHtmlCacheBehavior [ RunTime:0.000495s ]
INFO: Run Behavior\CheckLangBehavior [ RunTime:0.001059s ]
INFO: Run Common\Behavior\UrldecodeGetBehavior [ RunTime:0.000389s ]
INFO: [ app_begin ] --END-- [ RunTime:0.002827s ]
INFO: [ admin_begin ] --START--
INFO: Run Common\Behavior\AdminDefaultLangBehavior [ RunTime:0.001083s ]
INFO: [ admin_begin ] --END-- [ RunTime:0.001203s ]
SQL: SHOW COLUMNS FROM `xcx_users` [ RunTime:0.0008s ]
SQL: SELECT * FROM `xcx_users` WHERE `id` = '1' LIMIT 1   [ RunTime:0.0003s ]
SQL: SHOW COLUMNS FROM `xcx_infos` [ RunTime:0.0007s ]
SQL: SHOW COLUMNS FROM `xcx_categorys` [ RunTime:0.0021s ]
SQL: SHOW COLUMNS FROM `xcx_infos_relationships` [ RunTime:0.0007s ]
SQL: UPDATE `xcx_infos_relationships` SET `status`='0' WHERE `object_id` IN ('423') [ RunTime:0.0006s ]

[ 2017-11-01T17:24:00+08:00 ] 127.0.0.1 /index.php?g=&m=AdminInfo&a=check&check=1
INFO: [ app_begin ] --START--
INFO: Run Behavior\ReadHtmlCacheBehavior [ RunTime:0.000432s ]
INFO: Run Behavior\CheckLangBehavior [ RunTime:0.001019s ]
INFO: Run Common\Behavior\UrldecodeGetBehavior [ RunTime:0.000709s ]
INFO: [ app_begin ] --END-- [ RunTime:0.002804s ]
INFO: [ admin_begin ] --START--
INFO: Run Common\Behavior\AdminDefaultLangBehavior [ RunTime:0.001007s ]
INFO: [ admin_begin ] --END-- [ RunTime:0.001097s ]
SQL: SHOW COLUMNS FROM `xcx_users` [ RunTime:0.0014s ]
SQL: SELECT * FROM `xcx_users` WHERE `id` = '1' LIMIT 1   [ RunTime:0.0004s ]
SQL: SHOW COLUMNS FROM `xcx_infos` [ RunTime:0.0008s ]
SQL: SHOW COLUMNS FROM `xcx_categorys` [ RunTime:0.0005s ]
SQL: SHOW COLUMNS FROM `xcx_infos_relationships` [ RunTime:0.0004s ]
SQL: UPDATE `xcx_infos_relationships` SET `status`='0' WHERE `object_id` IN ('423','424','425') [ RunTime:0.0003s ]

[ 2017-11-01T17:24:02+08:00 ] 127.0.0.1 /index.php?g=&m=AdminInfo&a=check&uncheck=1
INFO: [ app_begin ] --START--
INFO: Run Behavior\ReadHtmlCacheBehavior [ RunTime:0.000383s ]
INFO: Run Behavior\CheckLangBehavior [ RunTime:0.001044s ]
INFO: Run Common\Behavior\UrldecodeGetBehavior [ RunTime:0.000356s ]
INFO: [ app_begin ] --END-- [ RunTime:0.002271s ]
INFO: [ admin_begin ] --START--
INFO: Run Common\Behavior\AdminDefaultLangBehavior [ RunTime:0.003958s ]
INFO: [ admin_begin ] --END-- [ RunTime:0.004339s ]
SQL: SHOW COLUMNS FROM `xcx_users` [ RunTime:0.0005s ]
SQL: SELECT * FROM `xcx_users` WHERE `id` = '1' LIMIT 1   [ RunTime:0.0003s ]
SQL: SHOW COLUMNS FROM `xcx_infos` [ RunTime:0.0018s ]
SQL: SHOW COLUMNS FROM `xcx_categorys` [ RunTime:0.0007s ]
SQL: SHOW COLUMNS FROM `xcx_infos_relationships` [ RunTime:0.0004s ]
NOTIC: [8] Undefined index: check D:\Work\thinkcmf\ThinkCMFX\application\Portal\Controller\AdminInfoController.class.php 第 199 行.
SQL: UPDATE `xcx_infos_relationships` SET `status`='1' WHERE `object_id` IN ('423','424','425') [ RunTime:0.0005s ]

[ 2017-11-01T22:28:50+08:00 ] 127.0.0.1 /statics/js/common.js?
ERR: 无法加载控制器:Statics

[ 2017-11-01T22:28:56+08:00 ] 127.0.0.1 /statics/js/common.js?
ERR: 无法加载控制器:Statics

[ 2017-11-01T22:28:56+08:00 ] 127.0.0.1 /statics/js/common.js?
ERR: 无法加载控制器:Statics

[ 2017-11-01T22:29:09+08:00 ] 127.0.0.1 /statics/js/common.js?
ERR: 无法加载控制器:Statics

[ 2017-11-01T22:34:23+08:00 ] 127.0.0.1 /statics/js/common.js?
ERR: 无法加载控制器:Statics

[ 2017-11-01T22:36:49+08:00 ] 127.0.0.1 /index.php?g=&m=AdminInfo&a=check&check=1
INFO: [ app_begin ] --START--
INFO: Run Behavior\ReadHtmlCacheBehavior [ RunTime:0.000468s ]
INFO: Run Behavior\CheckLangBehavior [ RunTime:0.000817s ]
INFO: Run Common\Behavior\UrldecodeGetBehavior [ RunTime:0.000263s ]
INFO: [ app_begin ] --END-- [ RunTime:0.002117s ]
INFO: [ admin_begin ] --START--
INFO: Run Common\Behavior\AdminDefaultLangBehavior [ RunTime:0.000873s ]
INFO: [ admin_begin ] --END-- [ RunTime:0.000981s ]
SQL: SHOW COLUMNS FROM `xcx_users` [ RunTime:0.0008s ]
SQL: SELECT * FROM `xcx_users` WHERE `id` = '1' LIMIT 1   [ RunTime:0.0004s ]
SQL: SHOW COLUMNS FROM `xcx_infos` [ RunTime:0.0007s ]
SQL: SHOW COLUMNS FROM `xcx_categorys` [ RunTime:0.0005s ]
SQL: SHOW COLUMNS FROM `xcx_infos_relationships` [ RunTime:0.0004s ]
SQL: UPDATE `xcx_infos_relationships` SET `status`='0' WHERE `object_id` IN ('423') [ RunTime:0.0004s ]

