[ 2017-10-31T21:53:46+08:00 ] 127.0.0.1 /qmcy/ad/getadslist
ERR: 无法加载控制器:Qmcy

[ 2017-10-31T21:54:13+08:00 ] 127.0.0.1 /qmcy/ad/getadslist
ERR: 无法加载控制器:Qmcy

[ 2017-10-31T21:54:14+08:00 ] 127.0.0.1 /qmcy/ad/getadslist
ERR: 无法加载控制器:Qmcy

[ 2017-10-31T21:54:15+08:00 ] 127.0.0.1 /qmcy/ad/getadslist
ERR: 无法加载控制器:Qmcy

[ 2017-10-31T21:54:16+08:00 ] 127.0.0.1 /qmcy/ad/getadslist
ERR: 无法加载控制器:Qmcy

[ 2017-10-31T21:54:17+08:00 ] 127.0.0.1 /qmcy/ad/getadslist
ERR: 无法加载控制器:Qmcy

[ 2017-10-31T21:54:45+08:00 ] 127.0.0.1 /qmcy/ad/getadslist
ERR: 无法加载控制器:Qmcy

[ 2017-10-31T21:54:46+08:00 ] 127.0.0.1 /qmcy/ad/getadslist
ERR: 无法加载控制器:Qmcy

[ 2017-10-31T21:55:32+08:00 ] 127.0.0.1 /qmcy/ad/getadslist
ERR: 无法加载控制器:Qmcy

[ 2017-10-31T21:57:29+08:00 ] 127.0.0.1 /qmcy/ad/getadslist
ERR: 无法加载控制器:Qmcy

[ 2017-10-31T22:09:23+08:00 ] 127.0.0.1 /index.php?g=&m=AdminAds&a=check&check=1
INFO: [ app_begin ] --START--
INFO: Run Behavior\ReadHtmlCacheBehavior [ RunTime:0.000439s ]
INFO: Run Behavior\CheckLangBehavior [ RunTime:0.001262s ]
INFO: Run Common\Behavior\UrldecodeGetBehavior [ RunTime:0.000450s ]
INFO: [ app_begin ] --END-- [ RunTime:0.002748s ]
INFO: [ admin_begin ] --START--
INFO: Run Common\Behavior\AdminDefaultLangBehavior [ RunTime:0.001082s ]
INFO: [ admin_begin ] --END-- [ RunTime:0.001219s ]
SQL: SHOW COLUMNS FROM `xcx_users` [ RunTime:0.0007s ]
SQL: SELECT * FROM `xcx_users` WHERE `id` = '1' LIMIT 1   [ RunTime:0.0004s ]
SQL: SHOW COLUMNS FROM `xcx_ads` [ RunTime:0.0009s ]
SQL: SHOW COLUMNS FROM `xcx_categorys` [ RunTime:0.0006s ]
SQL: SHOW COLUMNS FROM `xcx_ads_relationships` [ RunTime:0.0005s ]
SQL: UPDATE `xcx_ads` SET `post_status`='1' WHERE `id` IN ('434','433','432') [ RunTime:0.0034s ]

[ 2017-10-31T22:09:30+08:00 ] 127.0.0.1 /index.php?g=&m=AdminAds&a=recommend&recommend=1
INFO: [ app_begin ] --START--
INFO: Run Behavior\ReadHtmlCacheBehavior [ RunTime:0.000968s ]
INFO: Run Behavior\CheckLangBehavior [ RunTime:0.000938s ]
INFO: Run Common\Behavior\UrldecodeGetBehavior [ RunTime:0.000283s ]
INFO: [ app_begin ] --END-- [ RunTime:0.002665s ]
INFO: [ admin_begin ] --START--
INFO: Run Common\Behavior\AdminDefaultLangBehavior [ RunTime:0.000967s ]
INFO: [ admin_begin ] --END-- [ RunTime:0.001086s ]
SQL: SHOW COLUMNS FROM `xcx_users` [ RunTime:0.0005s ]
SQL: SELECT * FROM `xcx_users` WHERE `id` = '1' LIMIT 1   [ RunTime:0.0004s ]
SQL: SHOW COLUMNS FROM `xcx_ads` [ RunTime:0.0007s ]
SQL: SHOW COLUMNS FROM `xcx_categorys` [ RunTime:0.0009s ]
SQL: SHOW COLUMNS FROM `xcx_ads_relationships` [ RunTime:0.0009s ]
SQL: UPDATE `xcx_ads` SET `recommended`='1' WHERE `id` IN ('434','433','432') [ RunTime:0.0004s ]

[ 2017-10-31T22:13:49+08:00 ] 127.0.0.1 /index.php?g=&m=AdminAds&a=listorders
INFO: [ app_begin ] --START--
INFO: Run Behavior\ReadHtmlCacheBehavior [ RunTime:0.000818s ]
INFO: Run Behavior\CheckLangBehavior [ RunTime:0.001036s ]
INFO: Run Common\Behavior\UrldecodeGetBehavior [ RunTime:0.000406s ]
INFO: [ app_begin ] --END-- [ RunTime:0.003021s ]
INFO: [ admin_begin ] --START--
INFO: Run Common\Behavior\AdminDefaultLangBehavior [ RunTime:0.000987s ]
INFO: [ admin_begin ] --END-- [ RunTime:0.001100s ]
SQL: SHOW COLUMNS FROM `xcx_users` [ RunTime:0.0009s ]
SQL: SELECT * FROM `xcx_users` WHERE `id` = '1' LIMIT 1   [ RunTime:0.0004s ]
SQL: SHOW COLUMNS FROM `xcx_ads` [ RunTime:0.0007s ]
SQL: SHOW COLUMNS FROM `xcx_categorys` [ RunTime:0.0007s ]
SQL: SHOW COLUMNS FROM `xcx_ads_relationships` [ RunTime:0.0028s ]
SQL: UPDATE `xcx_ads_relationships` SET `listorder`='5' WHERE `adsid` = 9 [ RunTime:0.0008s ]
SQL: UPDATE `xcx_ads_relationships` SET `listorder`='3' WHERE `adsid` = 8 [ RunTime:0.0003s ]
SQL: UPDATE `xcx_ads_relationships` SET `listorder`='4' WHERE `adsid` = 7 [ RunTime:0.0002s ]

[ 2017-10-31T22:15:01+08:00 ] 127.0.0.1 /index.php?g=&m=AdminAds&a=listorders
INFO: [ app_begin ] --START--
INFO: Run Behavior\ReadHtmlCacheBehavior [ RunTime:0.000892s ]
INFO: Run Behavior\CheckLangBehavior [ RunTime:0.001108s ]
INFO: Run Common\Behavior\UrldecodeGetBehavior [ RunTime:0.000493s ]
INFO: [ app_begin ] --END-- [ RunTime:0.003520s ]
INFO: [ admin_begin ] --START--
INFO: Run Common\Behavior\AdminDefaultLangBehavior [ RunTime:0.001227s ]
INFO: [ admin_begin ] --END-- [ RunTime:0.001422s ]
SQL: SHOW COLUMNS FROM `xcx_users` [ RunTime:0.0006s ]
SQL: SELECT * FROM `xcx_users` WHERE `id` = '1' LIMIT 1   [ RunTime:0.0003s ]
SQL: SHOW COLUMNS FROM `xcx_ads` [ RunTime:0.0007s ]
SQL: SHOW COLUMNS FROM `xcx_categorys` [ RunTime:0.0006s ]
SQL: SHOW COLUMNS FROM `xcx_ads_relationships` [ RunTime:0.0005s ]
SQL: UPDATE `xcx_ads_relationships` SET `listorder`='5' WHERE `adsid` = 9 [ RunTime:0.0002s ]
SQL: UPDATE `xcx_ads_relationships` SET `listorder`='3' WHERE `adsid` = 8 [ RunTime:0.0002s ]
SQL: UPDATE `xcx_ads_relationships` SET `listorder`='3' WHERE `adsid` = 7 [ RunTime:0.0002s ]

