[ 2018-01-04T12:52:21+08:00 ] 127.0.0.1 /index.php?g=&m=AdminFeedback&a=check&check=1
INFO: [ app_begin ] --START--
INFO: Run Behavior\ReadHtmlCacheBehavior [ RunTime:0.000400s ]
INFO: Run Behavior\CheckLangBehavior [ RunTime:0.000730s ]
INFO: Run Common\Behavior\UrldecodeGetBehavior [ RunTime:0.000233s ]
INFO: [ app_begin ] --END-- [ RunTime:0.002016s ]
INFO: [ admin_begin ] --START--
INFO: Run Common\Behavior\AdminDefaultLangBehavior [ RunTime:0.000880s ]
INFO: [ admin_begin ] --END-- [ RunTime:0.000965s ]
SQL: SHOW COLUMNS FROM `xcx_users` [ RunTime:0.0006s ]
SQL: SELECT * FROM `xcx_users` WHERE `id` = '1' LIMIT 1   [ RunTime:0.0003s ]
SQL: SHOW COLUMNS FROM `xcx_feedback` [ RunTime:0.0004s ]
SQL: UPDATE `xcx_feedback` SET `status`='1' WHERE `id` IN ('23') [ RunTime:0.0004s ]

[ 2018-01-04T12:52:23+08:00 ] 127.0.0.1 /index.php?g=&m=AdminFeedback&a=check&uncheck=1
INFO: [ app_begin ] --START--
INFO: Run Behavior\ReadHtmlCacheBehavior [ RunTime:0.000625s ]
INFO: Run Behavior\CheckLangBehavior [ RunTime:0.000649s ]
INFO: Run Common\Behavior\UrldecodeGetBehavior [ RunTime:0.000222s ]
INFO: [ app_begin ] --END-- [ RunTime:0.002340s ]
INFO: [ admin_begin ] --START--
INFO: Run Common\Behavior\AdminDefaultLangBehavior [ RunTime:0.000783s ]
INFO: [ admin_begin ] --END-- [ RunTime:0.000864s ]
SQL: SHOW COLUMNS FROM `xcx_users` [ RunTime:0.0008s ]
SQL: SELECT * FROM `xcx_users` WHERE `id` = '1' LIMIT 1   [ RunTime:0.0003s ]
SQL: SHOW COLUMNS FROM `xcx_feedback` [ RunTime:0.0003s ]
NOTIC: [8] Undefined index: check D:\Work\qmcy\application\Portal\Controller\AdminFeedbackController.class.php 第 40 行.
SQL: UPDATE `xcx_feedback` SET `status`='2' WHERE `id` IN ('23') [ RunTime:0.0003s ]

[ 2018-01-04T12:52:25+08:00 ] 127.0.0.1 /index.php?g=&m=AdminFeedback&a=check&uncheck=1
INFO: [ app_begin ] --START--
INFO: Run Behavior\ReadHtmlCacheBehavior [ RunTime:0.000352s ]
INFO: Run Behavior\CheckLangBehavior [ RunTime:0.000631s ]
INFO: Run Common\Behavior\UrldecodeGetBehavior [ RunTime:0.000237s ]
INFO: [ app_begin ] --END-- [ RunTime:0.001621s ]
INFO: [ admin_begin ] --START--
INFO: Run Common\Behavior\AdminDefaultLangBehavior [ RunTime:0.000804s ]
INFO: [ admin_begin ] --END-- [ RunTime:0.000881s ]
SQL: SHOW COLUMNS FROM `xcx_users` [ RunTime:0.0012s ]
SQL: SELECT * FROM `xcx_users` WHERE `id` = '1' LIMIT 1   [ RunTime:0.0004s ]
SQL: SHOW COLUMNS FROM `xcx_feedback` [ RunTime:0.0005s ]
NOTIC: [8] Undefined index: check D:\Work\qmcy\application\Portal\Controller\AdminFeedbackController.class.php 第 40 行.
SQL: UPDATE `xcx_feedback` SET `status`='2' WHERE `id` IN ('23') [ RunTime:0.0006s ]

[ 2018-01-04T12:52:27+08:00 ] 127.0.0.1 /index.php?g=&m=AdminFeedback&a=check&check=1
INFO: [ app_begin ] --START--
INFO: Run Behavior\ReadHtmlCacheBehavior [ RunTime:0.000542s ]
INFO: Run Behavior\CheckLangBehavior [ RunTime:0.001246s ]
INFO: Run Common\Behavior\UrldecodeGetBehavior [ RunTime:0.000232s ]
INFO: [ app_begin ] --END-- [ RunTime:0.002943s ]
INFO: [ admin_begin ] --START--
INFO: Run Common\Behavior\AdminDefaultLangBehavior [ RunTime:0.001087s ]
INFO: [ admin_begin ] --END-- [ RunTime:0.001167s ]
SQL: SHOW COLUMNS FROM `xcx_users` [ RunTime:0.0008s ]
SQL: SELECT * FROM `xcx_users` WHERE `id` = '1' LIMIT 1   [ RunTime:0.0003s ]
SQL: SHOW COLUMNS FROM `xcx_feedback` [ RunTime:0.0004s ]
SQL: UPDATE `xcx_feedback` SET `status`='1' WHERE `id` IN ('23') [ RunTime:0.0003s ]

