[ 2018-01-03T16:49:59+08:00 ] 127.0.0.1 /index.php?g=&m=AdminIllustrate&a=add_post
INFO: [ app_begin ] --START--
INFO: Run Behavior\ReadHtmlCacheBehavior [ RunTime:0.000655s ]
INFO: Run Behavior\CheckLangBehavior [ RunTime:0.001041s ]
INFO: Run Common\Behavior\UrldecodeGetBehavior [ RunTime:0.000310s ]
INFO: [ app_begin ] --END-- [ RunTime:0.002426s ]
INFO: [ admin_begin ] --START--
INFO: Run Common\Behavior\AdminDefaultLangBehavior [ RunTime:0.001042s ]
INFO: [ admin_begin ] --END-- [ RunTime:0.001123s ]
SQL: SHOW COLUMNS FROM `xcx_users` [ RunTime:0.0005s ]
SQL: SELECT * FROM `xcx_users` WHERE `id` = '1' LIMIT 1   [ RunTime:0.0003s ]
SQL: SHOW COLUMNS FROM `xcx_illustrate` [ RunTime:0.0003s ]
SQL: INSERT INTO `xcx_illustrate` (`name`,`content`) VALUES ('deposit','&lt;p&gt;啊手动阀手动阀手动阀地方啊手动阀阿斯顿 发的法撒旦地方啊手动阀&lt;/p&gt;') [ RunTime:0.0003s ]

[ 2018-01-03T16:53:22+08:00 ] 127.0.0.1 /index.php?g=&m=AdminIllustrate&a=delete&id=1
INFO: [ app_begin ] --START--
INFO: Run Behavior\ReadHtmlCacheBehavior [ RunTime:0.001235s ]
INFO: Run Behavior\CheckLangBehavior [ RunTime:0.001091s ]
INFO: Run Common\Behavior\UrldecodeGetBehavior [ RunTime:0.000441s ]
INFO: [ app_begin ] --END-- [ RunTime:0.003398s ]
INFO: [ admin_begin ] --START--
INFO: Run Common\Behavior\AdminDefaultLangBehavior [ RunTime:0.001486s ]
INFO: [ admin_begin ] --END-- [ RunTime:0.001569s ]
SQL: SHOW COLUMNS FROM `xcx_users` [ RunTime:0.0007s ]
SQL: SELECT * FROM `xcx_users` WHERE `id` = '1' LIMIT 1   [ RunTime:0.0004s ]
SQL: SHOW COLUMNS FROM `xcx_illustrate` [ RunTime:0.0006s ]
SQL: DELETE FROM `xcx_illustrate` WHERE `id` = 1 [ RunTime:0.0004s ]

[ 2018-01-03T16:53:38+08:00 ] 127.0.0.1 /index.php?g=&m=AdminIllustrate&a=add_post
INFO: [ app_begin ] --START--
INFO: Run Behavior\ReadHtmlCacheBehavior [ RunTime:0.000473s ]
INFO: Run Behavior\CheckLangBehavior [ RunTime:0.001010s ]
INFO: Run Common\Behavior\UrldecodeGetBehavior [ RunTime:0.000509s ]
INFO: [ app_begin ] --END-- [ RunTime:0.002494s ]
INFO: [ admin_begin ] --START--
INFO: Run Common\Behavior\AdminDefaultLangBehavior [ RunTime:0.001332s ]
INFO: [ admin_begin ] --END-- [ RunTime:0.001431s ]
SQL: SHOW COLUMNS FROM `xcx_users` [ RunTime:0.0010s ]
SQL: SELECT * FROM `xcx_users` WHERE `id` = '1' LIMIT 1   [ RunTime:0.0003s ]
SQL: SHOW COLUMNS FROM `xcx_illustrate` [ RunTime:0.0004s ]
SQL: INSERT INTO `xcx_illustrate` (`name`,`content`) VALUES ('deposit','<p>发射点发射点法撒旦发送打发但是发的发士大夫</p>') [ RunTime:0.0002s ]

[ 2018-01-03T16:58:24+08:00 ] 127.0.0.1 /index.php?g=&m=AdminIllustrate&a=edit_post
INFO: [ app_begin ] --START--
INFO: Run Behavior\ReadHtmlCacheBehavior [ RunTime:0.000504s ]
INFO: Run Behavior\CheckLangBehavior [ RunTime:0.000845s ]
INFO: Run Common\Behavior\UrldecodeGetBehavior [ RunTime:0.000353s ]
INFO: [ app_begin ] --END-- [ RunTime:0.002096s ]
INFO: [ admin_begin ] --START--
INFO: Run Common\Behavior\AdminDefaultLangBehavior [ RunTime:0.000970s ]
INFO: [ admin_begin ] --END-- [ RunTime:0.001051s ]
SQL: SHOW COLUMNS FROM `xcx_users` [ RunTime:0.0005s ]
SQL: SELECT * FROM `xcx_users` WHERE `id` = '1' LIMIT 1   [ RunTime:0.0005s ]
SQL: SHOW COLUMNS FROM `xcx_illustrate` [ RunTime:0.0005s ]
SQL: UPDATE `xcx_illustrate` SET `name`='deposit',`content`='<p>发射点发射点法撒旦发送打发但是发的发士大夫</p>' WHERE `id` = 2 [ RunTime:0.0004s ]

