[ 2017-10-22T10:52:51+08:00 ] 127.0.0.1 /index.php?g=Admin&m=public&a=dologin
INFO: [ app_begin ] --START--
INFO: Run Behavior\ReadHtmlCacheBehavior [ RunTime:0.000407s ]
INFO: Run Behavior\CheckLangBehavior [ RunTime:0.001176s ]
INFO: Run Common\Behavior\UrldecodeGetBehavior [ RunTime:0.000233s ]
INFO: [ app_begin ] --END-- [ RunTime:0.002297s ]
INFO: [ admin_begin ] --START--
INFO: Run Common\Behavior\AdminDefaultLangBehavior [ RunTime:0.001138s ]
INFO: [ admin_begin ] --END-- [ RunTime:0.001216s ]

[ 2017-10-22T10:52:57+08:00 ] 127.0.0.1 /index.php?g=Admin&m=public&a=dologin
INFO: [ app_begin ] --START--
INFO: Run Behavior\ReadHtmlCacheBehavior [ RunTime:0.000334s ]
INFO: Run Behavior\CheckLangBehavior [ RunTime:0.000970s ]
INFO: Run Common\Behavior\UrldecodeGetBehavior [ RunTime:0.000221s ]
INFO: [ app_begin ] --END-- [ RunTime:0.001954s ]
INFO: [ admin_begin ] --START--
INFO: Run Common\Behavior\AdminDefaultLangBehavior [ RunTime:0.001702s ]
INFO: [ admin_begin ] --END-- [ RunTime:0.001792s ]
SQL: SHOW COLUMNS FROM `xcx_users` [ RunTime:0.0105s ]
SQL: SELECT * FROM `xcx_users` WHERE `user_login` = 'admin' LIMIT 1   [ RunTime:0.0004s ]
SQL: SHOW COLUMNS FROM `xcx_role_user` [ RunTime:0.0074s ]
SQL: SELECT `role_id` FROM xcx_role_user a INNER JOIN xcx_role as b on a.role_id =b.id  WHERE `user_id` = '1' AND `status` = 1  [ RunTime:0.0116s ]
SQL: UPDATE `xcx_users` SET `user_login`='admin',`user_pass`='###768709a5b8b6c83f8d5492e387c25415',`user_nicename`='admin',`user_email`='chengzheng67@126.com',`user_url`='',`avatar`=NULL,`sex`='0',`birthday`='2000-01-01',`signature`=NULL,`last_login_ip`='127.0.0.1',`last_login_time`='2017-10-22 10:52:57',`create_time`='2017-10-19 01:01:23',`user_activation_key`='',`user_status`='1',`score`='0',`user_type`='1',`coin`='0',`mobile`='' WHERE `id` = '1' [ RunTime:0.0024s ]

[ 2017-10-22T15:12:41+08:00 ] 127.0.0.1 /index.php?g=Admin&m=Menu&a=index
NOTIC: D方法实例化没找到模型类Common\Model\AuthRuleModel

[ 2017-10-22T15:12:47+08:00 ] 127.0.0.1 /index.php?g=Admin&m=Menu&a=edit&id=187&menuid=
NOTIC: D方法实例化没找到模型类Common\Model\AuthRuleModel

[ 2017-10-22T15:12:56+08:00 ] 127.0.0.1 /index.php?g=Admin&m=menu&a=add
NOTIC: D方法实例化没找到模型类Common\Model\AuthRuleModel

[ 2017-10-22T15:13:54+08:00 ] 127.0.0.1 /index.php?g=Admin&m=Menu&a=add_post
INFO: [ app_begin ] --START--
INFO: Run Behavior\ReadHtmlCacheBehavior [ RunTime:0.000354s ]
INFO: Run Behavior\CheckLangBehavior [ RunTime:0.000839s ]
INFO: Run Common\Behavior\UrldecodeGetBehavior [ RunTime:0.000357s ]
INFO: [ app_begin ] --END-- [ RunTime:0.002025s ]
INFO: [ admin_begin ] --START--
INFO: Run Common\Behavior\AdminDefaultLangBehavior [ RunTime:0.001119s ]
INFO: [ admin_begin ] --END-- [ RunTime:0.001204s ]
SQL: SHOW COLUMNS FROM `xcx_users` [ RunTime:0.0013s ]
SQL: SELECT * FROM `xcx_users` WHERE `id` = '1' LIMIT 1   [ RunTime:0.0006s ]
SQL: SHOW COLUMNS FROM `xcx_menu` [ RunTime:0.0006s ]
NOTIC: D方法实例化没找到模型类Common\Model\AuthRuleModel
SQL: SHOW COLUMNS FROM `xcx_auth_rule` [ RunTime:0.0005s ]
NOTIC: [8] Undefined index: validate D:\Work\thinkcmf\ThinkCMFX\simplewind\Core\Library\Think\Model.class.php 第 1185 行.
SQL: SELECT * FROM `xcx_menu` WHERE `app` = 'Portal' AND `model` = 'AdminAd' AND `action` = 'default' LIMIT 1   [ RunTime:0.0003s ]
SQL: SELECT `parentid` FROM `xcx_menu` WHERE `id` = 0 LIMIT 1   [ RunTime:0.0002s ]
NOTIC: [8] Undefined index: auto D:\Work\thinkcmf\ThinkCMFX\simplewind\Core\Library\Think\Model.class.php 第 1128 行.
SQL: INSERT INTO `xcx_menu` (`parentid`,`name`,`app`,`model`,`action`,`data`,`icon`,`remark`,`status`,`type`) VALUES ('0','广告管理','Portal','AdminAd','default','','','','1','1') [ RunTime:0.0009s ]
SQL: SELECT COUNT(*) AS tp_count FROM `xcx_auth_rule` WHERE `name` = 'portal/adminad/default' LIMIT 1   [ RunTime:0.0014s ]
SQL: INSERT INTO `xcx_auth_rule` (`name`,`module`,`type`,`title`) VALUES ('portal/adminad/default','Portal','admin_url','广告管理') [ RunTime:0.0004s ]
SQL: SELECT * FROM `xcx_menu` WHERE `app` = 'Portal' ORDER BY `listorder` ASC,`app` ASC,`model` ASC,`action` ASC  [ RunTime:0.0006s ]
NOTIC: [2] mkdir(): File exists D:\Work\thinkcmf\ThinkCMFX\application\Admin\Controller\MenuController.class.php 第 247 行.

[ 2017-10-22T15:13:54+08:00 ] 127.0.0.1 /index.php?g=Admin&m=Menu&a=index
NOTIC: D方法实例化没找到模型类Common\Model\AuthRuleModel

[ 2017-10-22T16:41:26+08:00 ] 127.0.0.1 /index.php?g=Admin&m=Menu&a=index
NOTIC: D方法实例化没找到模型类Common\Model\AuthRuleModel

[ 2017-10-22T16:41:29+08:00 ] 127.0.0.1 /index.php?g=Admin&m=Menu&a=edit&id=195&menuid=
NOTIC: D方法实例化没找到模型类Common\Model\AuthRuleModel

[ 2017-10-22T16:41:33+08:00 ] 127.0.0.1 /index.php?g=Admin&m=Menu&a=edit_post
INFO: [ app_begin ] --START--
INFO: Run Behavior\ReadHtmlCacheBehavior [ RunTime:0.000575s ]
INFO: Run Behavior\CheckLangBehavior [ RunTime:0.002162s ]
INFO: Run Common\Behavior\UrldecodeGetBehavior [ RunTime:0.000782s ]
INFO: [ app_begin ] --END-- [ RunTime:0.004059s ]
INFO: [ admin_begin ] --START--
INFO: Run Common\Behavior\AdminDefaultLangBehavior [ RunTime:0.001855s ]
INFO: [ admin_begin ] --END-- [ RunTime:0.001953s ]
SQL: SHOW COLUMNS FROM `xcx_users` [ RunTime:0.0006s ]
SQL: SELECT * FROM `xcx_users` WHERE `id` = '1' LIMIT 1   [ RunTime:0.0003s ]
SQL: SHOW COLUMNS FROM `xcx_menu` [ RunTime:0.0006s ]
NOTIC: D方法实例化没找到模型类Common\Model\AuthRuleModel
SQL: SHOW COLUMNS FROM `xcx_auth_rule` [ RunTime:0.0005s ]
SQL: SELECT * FROM `xcx_menu` WHERE `id` = 195 LIMIT 1   [ RunTime:0.0002s ]
NOTIC: [8] Undefined index: validate D:\Work\thinkcmf\ThinkCMFX\simplewind\Core\Library\Think\Model.class.php 第 1185 行.
SQL: SELECT `id` FROM `xcx_menu` WHERE `app` = 'Portal' AND `model` = 'AdminAds' AND `action` = 'default' LIMIT 1   [ RunTime:0.0018s ]
NOTIC: [8] Undefined index: auto D:\Work\thinkcmf\ThinkCMFX\simplewind\Core\Library\Think\Model.class.php 第 1128 行.
SQL: UPDATE `xcx_menu` SET `parentid`='0',`name`='广告管理',`app`='Portal',`model`='AdminAds',`action`='default',`data`='',`icon`='',`remark`='',`status`='1',`type`='1' WHERE `id` = 195 [ RunTime:0.0011s ]
SQL: SELECT COUNT(*) AS tp_count FROM `xcx_auth_rule` WHERE `name` = 'portal/adminads/default' LIMIT 1   [ RunTime:0.0003s ]
SQL: SELECT `id` FROM `xcx_auth_rule` WHERE `name` = 'portal/adminad/default' LIMIT 1   [ RunTime:0.0002s ]
SQL: UPDATE `xcx_auth_rule` SET `name`='portal/adminads/default',`module`='Portal',`type`='admin_url',`title`='广告管理' WHERE `id` = 182 [ RunTime:0.0004s ]
SQL: SELECT * FROM `xcx_menu` WHERE `app` = 'Portal' ORDER BY `listorder` ASC,`app` ASC,`model` ASC,`action` ASC  [ RunTime:0.0006s ]
NOTIC: [2] mkdir(): File exists D:\Work\thinkcmf\ThinkCMFX\application\Admin\Controller\MenuController.class.php 第 247 行.

[ 2017-10-22T16:41:33+08:00 ] 127.0.0.1 /index.php?g=Admin&m=Menu&a=edit&id=195&menuid=
NOTIC: D方法实例化没找到模型类Common\Model\AuthRuleModel

[ 2017-10-22T16:45:23+08:00 ] 127.0.0.1 /index.php?g=Admin&m=Menu&a=index
NOTIC: D方法实例化没找到模型类Common\Model\AuthRuleModel

[ 2017-10-22T16:45:36+08:00 ] 127.0.0.1 /index.php?g=Admin&m=Menu&a=edit&id=195&menuid=
NOTIC: D方法实例化没找到模型类Common\Model\AuthRuleModel

[ 2017-10-22T16:45:42+08:00 ] 127.0.0.1 /index.php?g=Admin&m=Menu&a=edit_post
INFO: [ app_begin ] --START--
INFO: Run Behavior\ReadHtmlCacheBehavior [ RunTime:0.000548s ]
INFO: Run Behavior\CheckLangBehavior [ RunTime:0.001277s ]
INFO: Run Common\Behavior\UrldecodeGetBehavior [ RunTime:0.000238s ]
INFO: [ app_begin ] --END-- [ RunTime:0.002554s ]
INFO: [ admin_begin ] --START--
INFO: Run Common\Behavior\AdminDefaultLangBehavior [ RunTime:0.001613s ]
INFO: [ admin_begin ] --END-- [ RunTime:0.001827s ]
SQL: SHOW COLUMNS FROM `xcx_users` [ RunTime:0.0006s ]
SQL: SELECT * FROM `xcx_users` WHERE `id` = '1' LIMIT 1   [ RunTime:0.0003s ]
SQL: SHOW COLUMNS FROM `xcx_menu` [ RunTime:0.0009s ]
NOTIC: D方法实例化没找到模型类Common\Model\AuthRuleModel
SQL: SHOW COLUMNS FROM `xcx_auth_rule` [ RunTime:0.0006s ]
SQL: SELECT * FROM `xcx_menu` WHERE `id` = 195 LIMIT 1   [ RunTime:0.0003s ]
NOTIC: [8] Undefined index: validate D:\Work\thinkcmf\ThinkCMFX\simplewind\Core\Library\Think\Model.class.php 第 1185 行.
SQL: SELECT `id` FROM `xcx_menu` WHERE `app` = 'Portal' AND `model` = 'AdminAds' AND `action` = 'index' LIMIT 1   [ RunTime:0.0004s ]
NOTIC: [8] Undefined index: auto D:\Work\thinkcmf\ThinkCMFX\simplewind\Core\Library\Think\Model.class.php 第 1128 行.
SQL: UPDATE `xcx_menu` SET `parentid`='0',`name`='广告管理',`app`='Portal',`model`='AdminAds',`action`='index',`data`='',`icon`='',`remark`='',`status`='1',`type`='1' WHERE `id` = 195 [ RunTime:0.0004s ]
SQL: SELECT COUNT(*) AS tp_count FROM `xcx_auth_rule` WHERE `name` = 'portal/adminads/index' LIMIT 1   [ RunTime:0.0003s ]
SQL: SELECT `id` FROM `xcx_auth_rule` WHERE `name` = 'portal/adminads/default' LIMIT 1   [ RunTime:0.0002s ]
SQL: UPDATE `xcx_auth_rule` SET `name`='portal/adminads/index',`module`='Portal',`type`='admin_url',`title`='广告管理' WHERE `id` = 182 [ RunTime:0.0004s ]
SQL: SELECT * FROM `xcx_menu` WHERE `app` = 'Portal' ORDER BY `listorder` ASC,`app` ASC,`model` ASC,`action` ASC  [ RunTime:0.0008s ]
NOTIC: [2] mkdir(): File exists D:\Work\thinkcmf\ThinkCMFX\application\Admin\Controller\MenuController.class.php 第 247 行.

[ 2017-10-22T16:45:42+08:00 ] 127.0.0.1 /index.php?g=Admin&m=Menu&a=edit&id=195&menuid=
NOTIC: D方法实例化没找到模型类Common\Model\AuthRuleModel

[ 2017-10-22T17:42:16+08:00 ] 127.0.0.1 /index.php?g=Admin&m=Menu&a=index
NOTIC: D方法实例化没找到模型类Common\Model\AuthRuleModel

[ 2017-10-22T17:42:22+08:00 ] 127.0.0.1 /index.php?g=Admin&m=Menu&a=delete&id=188&menuid=
INFO: [ app_begin ] --START--
INFO: Run Behavior\ReadHtmlCacheBehavior [ RunTime:0.000582s ]
INFO: Run Behavior\CheckLangBehavior [ RunTime:0.001688s ]
INFO: Run Common\Behavior\UrldecodeGetBehavior [ RunTime:0.000387s ]
INFO: [ app_begin ] --END-- [ RunTime:0.003072s ]
INFO: [ admin_begin ] --START--
INFO: Run Common\Behavior\AdminDefaultLangBehavior [ RunTime:0.001835s ]
INFO: [ admin_begin ] --END-- [ RunTime:0.001927s ]
SQL: SHOW COLUMNS FROM `xcx_users` [ RunTime:0.0014s ]
SQL: SELECT * FROM `xcx_users` WHERE `id` = '1' LIMIT 1   [ RunTime:0.0008s ]
SQL: SHOW COLUMNS FROM `xcx_menu` [ RunTime:0.0011s ]
NOTIC: D方法实例化没找到模型类Common\Model\AuthRuleModel
SQL: SHOW COLUMNS FROM `xcx_auth_rule` [ RunTime:0.0008s ]
SQL: SELECT COUNT(*) AS tp_count FROM `xcx_menu` WHERE `parentid` = 188 LIMIT 1   [ RunTime:0.0006s ]

[ 2017-10-22T17:42:29+08:00 ] 127.0.0.1 /index.php?g=Admin&m=Menu&a=delete&id=192&menuid=
INFO: [ app_begin ] --START--
INFO: Run Behavior\ReadHtmlCacheBehavior [ RunTime:0.001390s ]
INFO: Run Behavior\CheckLangBehavior [ RunTime:0.001886s ]
INFO: Run Common\Behavior\UrldecodeGetBehavior [ RunTime:0.000402s ]
INFO: [ app_begin ] --END-- [ RunTime:0.004231s ]
INFO: [ admin_begin ] --START--
INFO: Run Common\Behavior\AdminDefaultLangBehavior [ RunTime:0.001671s ]
INFO: [ admin_begin ] --END-- [ RunTime:0.001750s ]
SQL: SHOW COLUMNS FROM `xcx_users` [ RunTime:0.0006s ]
SQL: SELECT * FROM `xcx_users` WHERE `id` = '1' LIMIT 1   [ RunTime:0.0002s ]
SQL: SHOW COLUMNS FROM `xcx_menu` [ RunTime:0.0006s ]
NOTIC: D方法实例化没找到模型类Common\Model\AuthRuleModel
SQL: SHOW COLUMNS FROM `xcx_auth_rule` [ RunTime:0.0005s ]
SQL: SELECT COUNT(*) AS tp_count FROM `xcx_menu` WHERE `parentid` = 192 LIMIT 1   [ RunTime:0.0002s ]
SQL: DELETE FROM `xcx_menu` WHERE `id` = 192 [ RunTime:0.0004s ]

[ 2017-10-22T17:42:29+08:00 ] 127.0.0.1 /index.php?g=Admin&m=Menu&a=index
NOTIC: D方法实例化没找到模型类Common\Model\AuthRuleModel

[ 2017-10-22T17:42:32+08:00 ] 127.0.0.1 /index.php?g=Admin&m=Menu&a=delete&id=188&menuid=
INFO: [ app_begin ] --START--
INFO: Run Behavior\ReadHtmlCacheBehavior [ RunTime:0.001081s ]
INFO: Run Behavior\CheckLangBehavior [ RunTime:0.004218s ]
INFO: Run Common\Behavior\UrldecodeGetBehavior [ RunTime:0.000513s ]
INFO: [ app_begin ] --END-- [ RunTime:0.006510s ]
INFO: [ admin_begin ] --START--
INFO: Run Common\Behavior\AdminDefaultLangBehavior [ RunTime:0.001564s ]
INFO: [ admin_begin ] --END-- [ RunTime:0.001655s ]
SQL: SHOW COLUMNS FROM `xcx_users` [ RunTime:0.0009s ]
SQL: SELECT * FROM `xcx_users` WHERE `id` = '1' LIMIT 1   [ RunTime:0.0002s ]
SQL: SHOW COLUMNS FROM `xcx_menu` [ RunTime:0.0005s ]
NOTIC: D方法实例化没找到模型类Common\Model\AuthRuleModel
SQL: SHOW COLUMNS FROM `xcx_auth_rule` [ RunTime:0.0003s ]
SQL: SELECT COUNT(*) AS tp_count FROM `xcx_menu` WHERE `parentid` = 188 LIMIT 1   [ RunTime:0.0002s ]
SQL: DELETE FROM `xcx_menu` WHERE `id` = 188 [ RunTime:0.0003s ]

[ 2017-10-22T17:42:32+08:00 ] 127.0.0.1 /index.php?g=Admin&m=Menu&a=index
NOTIC: D方法实例化没找到模型类Common\Model\AuthRuleModel

[ 2017-10-22T18:06:55+08:00 ] 127.0.0.1 /index.php?g=Admin&m=Menu&a=index
NOTIC: D方法实例化没找到模型类Common\Model\AuthRuleModel

[ 2017-10-22T18:07:56+08:00 ] 127.0.0.1 /index.php?g=Admin&m=Menu&a=edit&id=191&menuid=
NOTIC: D方法实例化没找到模型类Common\Model\AuthRuleModel

[ 2017-10-22T18:07:58+08:00 ] 127.0.0.1 /index.php?g=Admin&m=Menu&a=delete&id=191&menuid=
INFO: [ app_begin ] --START--
INFO: Run Behavior\ReadHtmlCacheBehavior [ RunTime:0.000567s ]
INFO: Run Behavior\CheckLangBehavior [ RunTime:0.001587s ]
INFO: Run Common\Behavior\UrldecodeGetBehavior [ RunTime:0.000384s ]
INFO: [ app_begin ] --END-- [ RunTime:0.003040s ]
INFO: [ admin_begin ] --START--
INFO: Run Common\Behavior\AdminDefaultLangBehavior [ RunTime:0.001692s ]
INFO: [ admin_begin ] --END-- [ RunTime:0.001773s ]
SQL: SHOW COLUMNS FROM `xcx_users` [ RunTime:0.0010s ]
SQL: SELECT * FROM `xcx_users` WHERE `id` = '1' LIMIT 1   [ RunTime:0.0003s ]
SQL: SHOW COLUMNS FROM `xcx_menu` [ RunTime:0.0005s ]
NOTIC: D方法实例化没找到模型类Common\Model\AuthRuleModel
SQL: SHOW COLUMNS FROM `xcx_auth_rule` [ RunTime:0.0005s ]
SQL: SELECT COUNT(*) AS tp_count FROM `xcx_menu` WHERE `parentid` = 191 LIMIT 1   [ RunTime:0.0002s ]
SQL: DELETE FROM `xcx_menu` WHERE `id` = 191 [ RunTime:0.0003s ]

[ 2017-10-22T18:07:58+08:00 ] 127.0.0.1 /index.php?g=Admin&m=Menu&a=index
NOTIC: D方法实例化没找到模型类Common\Model\AuthRuleModel

[ 2017-10-22T18:08:01+08:00 ] 127.0.0.1 /index.php?g=Admin&m=Menu&a=edit&id=187&menuid=
NOTIC: D方法实例化没找到模型类Common\Model\AuthRuleModel

[ 2017-10-22T18:08:15+08:00 ] 127.0.0.1 /index.php?g=Admin&m=Menu&a=edit_post
INFO: [ app_begin ] --START--
INFO: Run Behavior\ReadHtmlCacheBehavior [ RunTime:0.000760s ]
INFO: Run Behavior\CheckLangBehavior [ RunTime:0.001752s ]
INFO: Run Common\Behavior\UrldecodeGetBehavior [ RunTime:0.000428s ]
INFO: [ app_begin ] --END-- [ RunTime:0.003524s ]
INFO: [ admin_begin ] --START--
INFO: Run Common\Behavior\AdminDefaultLangBehavior [ RunTime:0.001764s ]
INFO: [ admin_begin ] --END-- [ RunTime:0.001910s ]
SQL: SHOW COLUMNS FROM `xcx_users` [ RunTime:0.0005s ]
SQL: SELECT * FROM `xcx_users` WHERE `id` = '1' LIMIT 1   [ RunTime:0.0002s ]
SQL: SHOW COLUMNS FROM `xcx_menu` [ RunTime:0.0004s ]
NOTIC: D方法实例化没找到模型类Common\Model\AuthRuleModel
SQL: SHOW COLUMNS FROM `xcx_auth_rule` [ RunTime:0.0004s ]
SQL: SELECT * FROM `xcx_menu` WHERE `id` = 187 LIMIT 1   [ RunTime:0.0002s ]
NOTIC: [8] Undefined index: validate D:\Work\thinkcmf\ThinkCMFX\simplewind\Core\Library\Think\Model.class.php 第 1185 行.
SQL: SELECT `id` FROM `xcx_menu` WHERE `app` = 'Portal' AND `model` = 'AdminInfoPost' AND `action` = 'index' LIMIT 1   [ RunTime:0.0003s ]
NOTIC: [8] Undefined index: auto D:\Work\thinkcmf\ThinkCMFX\simplewind\Core\Library\Think\Model.class.php 第 1128 行.
SQL: UPDATE `xcx_menu` SET `parentid`='0',`name`='信息管理',`app`='Portal',`model`='AdminInfoPost',`action`='index',`data`='',`icon`='',`remark`='',`status`='1',`type`='1' WHERE `id` = 187 [ RunTime:0.0004s ]
SQL: SELECT COUNT(*) AS tp_count FROM `xcx_auth_rule` WHERE `name` = 'portal/admininfopost/index' LIMIT 1   [ RunTime:0.0013s ]
SQL: UPDATE `xcx_auth_rule` SET `name`='portal/admininfopost/index',`module`='Portal',`type`='admin_url',`title`='信息管理' WHERE `name` = 'portal/admininfopost/index' [ RunTime:0.0013s ]
SQL: SELECT * FROM `xcx_menu` WHERE `app` = 'Portal' ORDER BY `listorder` ASC,`app` ASC,`model` ASC,`action` ASC  [ RunTime:0.0007s ]
NOTIC: [2] mkdir(): File exists D:\Work\thinkcmf\ThinkCMFX\application\Admin\Controller\MenuController.class.php 第 247 行.

[ 2017-10-22T18:08:15+08:00 ] 127.0.0.1 /index.php?g=Admin&m=Menu&a=edit&id=187&menuid=
NOTIC: D方法实例化没找到模型类Common\Model\AuthRuleModel

[ 2017-10-22T18:08:25+08:00 ] 127.0.0.1 /index.php?g=Admin&m=Menu&a=index
NOTIC: D方法实例化没找到模型类Common\Model\AuthRuleModel

