[ 2017-11-01T01:11:38+08:00 ] 127.0.0.1 /index.php?g=Admin&m=public&a=dologin
INFO: [ app_begin ] --START--
INFO: Run Behavior\ReadHtmlCacheBehavior [ RunTime:0.000458s ]
INFO: Run Behavior\CheckLangBehavior [ RunTime:0.001082s ]
INFO: Run Common\Behavior\UrldecodeGetBehavior [ RunTime:0.000474s ]
INFO: [ app_begin ] --END-- [ RunTime:0.002449s ]
INFO: [ admin_begin ] --START--
INFO: Run Common\Behavior\AdminDefaultLangBehavior [ RunTime:0.000907s ]
INFO: [ admin_begin ] --END-- [ RunTime:0.000989s ]

[ 2017-11-01T01:11:46+08:00 ] 127.0.0.1 /index.php?g=Admin&m=public&a=dologin
INFO: [ app_begin ] --START--
INFO: Run Behavior\ReadHtmlCacheBehavior [ RunTime:0.000325s ]
INFO: Run Behavior\CheckLangBehavior [ RunTime:0.000766s ]
INFO: Run Common\Behavior\UrldecodeGetBehavior [ RunTime:0.000303s ]
INFO: [ app_begin ] --END-- [ RunTime:0.001778s ]
INFO: [ admin_begin ] --START--
INFO: Run Common\Behavior\AdminDefaultLangBehavior [ RunTime:0.000946s ]
INFO: [ admin_begin ] --END-- [ RunTime:0.001024s ]
SQL: SHOW COLUMNS FROM `xcx_users` [ RunTime:0.0009s ]
SQL: SELECT * FROM `xcx_users` WHERE `user_login` = 'admin' LIMIT 1   [ RunTime:0.0003s ]
SQL: SHOW COLUMNS FROM `xcx_role_user` [ RunTime:0.0084s ]
SQL: SELECT `role_id` FROM xcx_role_user a INNER JOIN xcx_role as b on a.role_id =b.id  WHERE `user_id` = '1' AND `status` = 1  [ RunTime:0.0117s ]
SQL: UPDATE `xcx_users` SET `user_login`='admin',`user_pass`='###768709a5b8b6c83f8d5492e387c25415',`user_nicename`='admin',`user_email`='chengzheng67@126.com',`user_url`='',`avatar`=NULL,`sex`='0',`birthday`='2000-01-01',`signature`=NULL,`last_login_ip`='127.0.0.1',`last_login_time`='2017-11-01 01:11:46',`create_time`='2017-10-19 01:01:23',`user_activation_key`='',`user_status`='1',`score`='0',`user_type`='1',`coin`='0',`mobile`='' WHERE `id` = '1' [ RunTime:0.0016s ]

[ 2017-11-01T15:17:11+08:00 ] 127.0.0.1 /index.php?g=Admin&m=public&a=dologin
INFO: [ app_begin ] --START--
INFO: Run Behavior\ReadHtmlCacheBehavior [ RunTime:0.000928s ]
INFO: Run Behavior\CheckLangBehavior [ RunTime:0.001411s ]
INFO: Run Common\Behavior\UrldecodeGetBehavior [ RunTime:0.000365s ]
INFO: [ app_begin ] --END-- [ RunTime:0.003384s ]
INFO: [ admin_begin ] --START--
INFO: Run Common\Behavior\AdminDefaultLangBehavior [ RunTime:0.001195s ]
INFO: [ admin_begin ] --END-- [ RunTime:0.001277s ]
SQL: SHOW COLUMNS FROM `xcx_users` [ RunTime:0.0008s ]
SQL: SELECT * FROM `xcx_users` WHERE `user_login` = 'admin' LIMIT 1   [ RunTime:0.0002s ]
SQL: SHOW COLUMNS FROM `xcx_role_user` [ RunTime:0.0079s ]
SQL: SELECT `role_id` FROM xcx_role_user a INNER JOIN xcx_role as b on a.role_id =b.id  WHERE `user_id` = '1' AND `status` = 1  [ RunTime:0.0097s ]
SQL: UPDATE `xcx_users` SET `user_login`='admin',`user_pass`='###768709a5b8b6c83f8d5492e387c25415',`user_nicename`='admin',`user_email`='chengzheng67@126.com',`user_url`='',`avatar`=NULL,`sex`='0',`birthday`='2000-01-01',`signature`=NULL,`last_login_ip`='127.0.0.1',`last_login_time`='2017-11-01 15:17:11',`create_time`='2017-10-19 01:01:23',`user_activation_key`='',`user_status`='1',`score`='0',`user_type`='1',`coin`='0',`mobile`='' WHERE `id` = '1' [ RunTime:0.0006s ]

