[ 2017-10-21T10:12:22+08:00 ] 127.0.0.1 /index.php?g=Admin&m=public&a=dologin
INFO: [ app_begin ] --START--
INFO: Run Behavior\ReadHtmlCacheBehavior [ RunTime:0.000378s ]
INFO: Run Behavior\CheckLangBehavior [ RunTime:0.000781s ]
INFO: Run Common\Behavior\UrldecodeGetBehavior [ RunTime:0.000224s ]
INFO: [ app_begin ] --END-- [ RunTime:0.001792s ]
INFO: [ admin_begin ] --START--
INFO: Run Common\Behavior\AdminDefaultLangBehavior [ RunTime:0.001006s ]
INFO: [ admin_begin ] --END-- [ RunTime:0.001086s ]
SQL: SHOW COLUMNS FROM `xcx_users` [ RunTime:0.0010s ]
SQL: SELECT * FROM `xcx_users` WHERE `user_login` = 'admin' LIMIT 1   [ RunTime:0.0004s ]
SQL: SHOW COLUMNS FROM `xcx_role_user` [ RunTime:0.0086s ]
SQL: SELECT `role_id` FROM xcx_role_user a INNER JOIN xcx_role as b on a.role_id =b.id  WHERE `user_id` = '1' AND `status` = 1  [ RunTime:0.0107s ]
SQL: UPDATE `xcx_users` SET `user_login`='admin',`user_pass`='###768709a5b8b6c83f8d5492e387c25415',`user_nicename`='admin',`user_email`='chengzheng67@126.com',`user_url`='',`avatar`=NULL,`sex`='0',`birthday`='2000-01-01',`signature`=NULL,`last_login_ip`='127.0.0.1',`last_login_time`='2017-10-21 10:12:22',`create_time`='2017-10-19 01:01:23',`user_activation_key`='',`user_status`='1',`score`='0',`user_type`='1',`coin`='0',`mobile`='' WHERE `id` = '1' [ RunTime:0.0030s ]

[ 2017-10-21T14:52:00+08:00 ] 127.0.0.1 /index.php?g=Admin&m=Menu&a=index
NOTIC: D方法实例化没找到模型类Common\Model\AuthRuleModel

[ 2017-10-21T14:52:07+08:00 ] 127.0.0.1 /index.php?g=Admin&m=Menu&a=edit&id=189&menuid=
NOTIC: D方法实例化没找到模型类Common\Model\AuthRuleModel

[ 2017-10-21T14:52:17+08:00 ] 127.0.0.1 /index.php?g=Admin&m=Menu&a=edit_post
INFO: [ app_begin ] --START--
INFO: Run Behavior\ReadHtmlCacheBehavior [ RunTime:0.000569s ]
INFO: Run Behavior\CheckLangBehavior [ RunTime:0.001501s ]
INFO: Run Common\Behavior\UrldecodeGetBehavior [ RunTime:0.000279s ]
INFO: [ app_begin ] --END-- [ RunTime:0.002848s ]
INFO: [ admin_begin ] --START--
INFO: Run Common\Behavior\AdminDefaultLangBehavior [ RunTime:0.002015s ]
INFO: [ admin_begin ] --END-- [ RunTime:0.002159s ]
SQL: SHOW COLUMNS FROM `xcx_users` [ RunTime:0.0006s ]
SQL: SELECT * FROM `xcx_users` WHERE `id` = '1' LIMIT 1   [ RunTime:0.0004s ]
SQL: SHOW COLUMNS FROM `xcx_menu` [ RunTime:0.0009s ]
NOTIC: D方法实例化没找到模型类Common\Model\AuthRuleModel
SQL: SHOW COLUMNS FROM `xcx_auth_rule` [ RunTime:0.0006s ]
SQL: SELECT * FROM `xcx_menu` WHERE `id` = 189 LIMIT 1   [ RunTime:0.0003s ]
NOTIC: [8] Undefined index: validate D:\Work\thinkcmf\ThinkCMFX\simplewind\Core\Library\Think\Model.class.php 第 1185 行.
SQL: SELECT `id` FROM `xcx_menu` WHERE `app` = 'Portal' AND `model` = 'AdminCategorys' AND `action` = 'index' LIMIT 1   [ RunTime:0.0007s ]
NOTIC: [8] Undefined index: auto D:\Work\thinkcmf\ThinkCMFX\simplewind\Core\Library\Think\Model.class.php 第 1128 行.
SQL: UPDATE `xcx_menu` SET `parentid`='187',`name`='分类管理',`app`='Portal',`model`='AdminCategorys',`action`='index',`data`='',`icon`='',`remark`='',`status`='1',`type`='1' WHERE `id` = 189 [ RunTime:0.0014s ]
SQL: SELECT COUNT(*) AS tp_count FROM `xcx_auth_rule` WHERE `name` = 'portal/admincategorys/index' LIMIT 1   [ RunTime:0.0034s ]
SQL: SELECT `id` FROM `xcx_auth_rule` WHERE `name` = 'portal/admininfoterm/index' LIMIT 1   [ RunTime:0.0003s ]
SQL: UPDATE `xcx_auth_rule` SET `name`='portal/admincategorys/index',`module`='Portal',`type`='admin_url',`title`='分类管理' WHERE `id` = 176 [ RunTime:0.0004s ]
SQL: SELECT * FROM `xcx_menu` WHERE `app` = 'Portal' ORDER BY `listorder` ASC,`app` ASC,`model` ASC,`action` ASC  [ RunTime:0.0021s ]
NOTIC: [2] mkdir(): File exists D:\Work\thinkcmf\ThinkCMFX\application\Admin\Controller\MenuController.class.php 第 247 行.

[ 2017-10-21T14:52:17+08:00 ] 127.0.0.1 /index.php?g=Admin&m=Menu&a=edit&id=189&menuid=
NOTIC: D方法实例化没找到模型类Common\Model\AuthRuleModel

[ 2017-10-21T15:00:35+08:00 ] 127.0.0.1 /index.php?g=Admin&m=Menu&a=index
NOTIC: D方法实例化没找到模型类Common\Model\AuthRuleModel

[ 2017-10-21T15:00:42+08:00 ] 127.0.0.1 /index.php?g=Admin&m=Menu&a=edit&id=189&menuid=
NOTIC: D方法实例化没找到模型类Common\Model\AuthRuleModel

[ 2017-10-21T15:01:04+08:00 ] 127.0.0.1 /index.php?g=Admin&m=Menu&a=edit_post
INFO: [ app_begin ] --START--
INFO: Run Behavior\ReadHtmlCacheBehavior [ RunTime:0.000444s ]
INFO: Run Behavior\CheckLangBehavior [ RunTime:0.001428s ]
INFO: Run Common\Behavior\UrldecodeGetBehavior [ RunTime:0.000372s ]
INFO: [ app_begin ] --END-- [ RunTime:0.002712s ]
INFO: [ admin_begin ] --START--
INFO: Run Common\Behavior\AdminDefaultLangBehavior [ RunTime:0.002081s ]
INFO: [ admin_begin ] --END-- [ RunTime:0.002224s ]
SQL: SHOW COLUMNS FROM `xcx_users` [ RunTime:0.0007s ]
SQL: SELECT * FROM `xcx_users` WHERE `id` = '1' LIMIT 1   [ RunTime:0.0003s ]
SQL: SHOW COLUMNS FROM `xcx_menu` [ RunTime:0.0017s ]
NOTIC: D方法实例化没找到模型类Common\Model\AuthRuleModel
SQL: SHOW COLUMNS FROM `xcx_auth_rule` [ RunTime:0.0010s ]
SQL: SELECT * FROM `xcx_menu` WHERE `id` = 189 LIMIT 1   [ RunTime:0.0003s ]
NOTIC: [8] Undefined index: validate D:\Work\thinkcmf\ThinkCMFX\simplewind\Core\Library\Think\Model.class.php 第 1185 行.
SQL: SELECT `id` FROM `xcx_menu` WHERE `app` = 'Portal' AND `model` = 'AdminCategorys' AND `action` = 'index' LIMIT 1   [ RunTime:0.0004s ]
NOTIC: [8] Undefined index: auto D:\Work\thinkcmf\ThinkCMFX\simplewind\Core\Library\Think\Model.class.php 第 1128 行.
SQL: UPDATE `xcx_menu` SET `parentid`='187',`name`='分类管理',`app`='Portal',`model`='AdminCategorys',`action`='index',`data`='type=0',`icon`='',`remark`='',`status`='1',`type`='1' WHERE `id` = 189 [ RunTime:0.0005s ]
SQL: SELECT COUNT(*) AS tp_count FROM `xcx_auth_rule` WHERE `name` = 'portal/admincategorys/index' LIMIT 1   [ RunTime:0.0009s ]
SQL: UPDATE `xcx_auth_rule` SET `name`='portal/admincategorys/index',`module`='Portal',`type`='admin_url',`title`='分类管理' WHERE `name` = 'portal/admincategorys/index' [ RunTime:0.0023s ]
SQL: SELECT * FROM `xcx_menu` WHERE `app` = 'Portal' ORDER BY `listorder` ASC,`app` ASC,`model` ASC,`action` ASC  [ RunTime:0.0009s ]
NOTIC: [2] mkdir(): File exists D:\Work\thinkcmf\ThinkCMFX\application\Admin\Controller\MenuController.class.php 第 247 行.

[ 2017-10-21T15:01:04+08:00 ] 127.0.0.1 /index.php?g=Admin&m=Menu&a=edit&id=189&menuid=
NOTIC: D方法实例化没找到模型类Common\Model\AuthRuleModel

[ 2017-10-21T15:01:06+08:00 ] 127.0.0.1 /index.php?g=Admin&m=menu&a=index
NOTIC: D方法实例化没找到模型类Common\Model\AuthRuleModel

[ 2017-10-21T15:01:09+08:00 ] 127.0.0.1 /index.php?g=Admin&m=Menu&a=edit&id=190&menuid=
NOTIC: D方法实例化没找到模型类Common\Model\AuthRuleModel

[ 2017-10-21T15:01:13+08:00 ] 127.0.0.1 /index.php?g=Admin&m=Menu&a=edit_post
INFO: [ app_begin ] --START--
INFO: Run Behavior\ReadHtmlCacheBehavior [ RunTime:0.000562s ]
INFO: Run Behavior\CheckLangBehavior [ RunTime:0.001869s ]
INFO: Run Common\Behavior\UrldecodeGetBehavior [ RunTime:0.000409s ]
INFO: [ app_begin ] --END-- [ RunTime:0.003329s ]
INFO: [ admin_begin ] --START--
INFO: Run Common\Behavior\AdminDefaultLangBehavior [ RunTime:0.001898s ]
INFO: [ admin_begin ] --END-- [ RunTime:0.002009s ]
SQL: SHOW COLUMNS FROM `xcx_users` [ RunTime:0.0022s ]
SQL: SELECT * FROM `xcx_users` WHERE `id` = '1' LIMIT 1   [ RunTime:0.0016s ]
SQL: SHOW COLUMNS FROM `xcx_menu` [ RunTime:0.0007s ]
NOTIC: D方法实例化没找到模型类Common\Model\AuthRuleModel
SQL: SHOW COLUMNS FROM `xcx_auth_rule` [ RunTime:0.0006s ]
SQL: SELECT * FROM `xcx_menu` WHERE `id` = 190 LIMIT 1   [ RunTime:0.0002s ]
NOTIC: [8] Undefined index: validate D:\Work\thinkcmf\ThinkCMFX\simplewind\Core\Library\Think\Model.class.php 第 1185 行.
SQL: SELECT `id` FROM `xcx_menu` WHERE `app` = 'Portal' AND `model` = 'AdminCicleTerm' AND `action` = 'index' LIMIT 1   [ RunTime:0.0002s ]
NOTIC: [8] Undefined index: auto D:\Work\thinkcmf\ThinkCMFX\simplewind\Core\Library\Think\Model.class.php 第 1128 行.
SQL: UPDATE `xcx_menu` SET `parentid`='188',`name`='分类管理',`app`='Portal',`model`='AdminCicleTerm',`action`='index',`data`='type=1',`icon`='',`remark`='',`status`='1',`type`='1' WHERE `id` = 190 [ RunTime:0.0003s ]
SQL: SELECT COUNT(*) AS tp_count FROM `xcx_auth_rule` WHERE `name` = 'portal/admincicleterm/index' LIMIT 1   [ RunTime:0.0003s ]
SQL: UPDATE `xcx_auth_rule` SET `name`='portal/admincicleterm/index',`module`='Portal',`type`='admin_url',`title`='分类管理' WHERE `name` = 'portal/admincicleterm/index' [ RunTime:0.0007s ]
SQL: SELECT * FROM `xcx_menu` WHERE `app` = 'Portal' ORDER BY `listorder` ASC,`app` ASC,`model` ASC,`action` ASC  [ RunTime:0.0008s ]
NOTIC: [2] mkdir(): File exists D:\Work\thinkcmf\ThinkCMFX\application\Admin\Controller\MenuController.class.php 第 247 行.

[ 2017-10-21T15:01:13+08:00 ] 127.0.0.1 /index.php?g=Admin&m=Menu&a=edit&id=190&menuid=
NOTIC: D方法实例化没找到模型类Common\Model\AuthRuleModel

[ 2017-10-21T15:17:20+08:00 ] 127.0.0.1 /index.php?g=Admin&m=Menu&a=index
NOTIC: D方法实例化没找到模型类Common\Model\AuthRuleModel

[ 2017-10-21T15:17:32+08:00 ] 127.0.0.1 /index.php?g=Admin&m=Menu&a=edit&id=189&menuid=
NOTIC: D方法实例化没找到模型类Common\Model\AuthRuleModel

[ 2017-10-21T15:17:35+08:00 ] 127.0.0.1 /index.php?g=Admin&m=Menu&a=edit&id=190&menuid=
NOTIC: D方法实例化没找到模型类Common\Model\AuthRuleModel

[ 2017-10-21T15:17:55+08:00 ] 127.0.0.1 /index.php?g=Admin&m=Menu&a=edit_post
INFO: [ app_begin ] --START--
INFO: Run Behavior\ReadHtmlCacheBehavior [ RunTime:0.000612s ]
INFO: Run Behavior\CheckLangBehavior [ RunTime:0.001723s ]
INFO: Run Common\Behavior\UrldecodeGetBehavior [ RunTime:0.000413s ]
INFO: [ app_begin ] --END-- [ RunTime:0.003187s ]
INFO: [ admin_begin ] --START--
INFO: Run Common\Behavior\AdminDefaultLangBehavior [ RunTime:0.002007s ]
INFO: [ admin_begin ] --END-- [ RunTime:0.002094s ]
SQL: SHOW COLUMNS FROM `xcx_users` [ RunTime:0.0006s ]
SQL: SELECT * FROM `xcx_users` WHERE `id` = '1' LIMIT 1   [ RunTime:0.0003s ]
SQL: SHOW COLUMNS FROM `xcx_menu` [ RunTime:0.0006s ]
NOTIC: D方法实例化没找到模型类Common\Model\AuthRuleModel
SQL: SHOW COLUMNS FROM `xcx_auth_rule` [ RunTime:0.0006s ]
SQL: SELECT * FROM `xcx_menu` WHERE `id` = 190 LIMIT 1   [ RunTime:0.0002s ]
NOTIC: [8] Undefined index: validate D:\Work\thinkcmf\ThinkCMFX\simplewind\Core\Library\Think\Model.class.php 第 1185 行.
SQL: SELECT `id` FROM `xcx_menu` WHERE `app` = 'Portal' AND `model` = 'AdminCategorys' AND `action` = 'index' LIMIT 1   [ RunTime:0.0002s ]

[ 2017-10-21T15:24:30+08:00 ] 127.0.0.1 /index.php?g=Admin&m=Menu&a=index
NOTIC: D方法实例化没找到模型类Common\Model\AuthRuleModel

[ 2017-10-21T15:24:37+08:00 ] 127.0.0.1 /index.php?g=Admin&m=Menu&a=edit&id=189&menuid=
NOTIC: D方法实例化没找到模型类Common\Model\AuthRuleModel

[ 2017-10-21T15:24:45+08:00 ] 127.0.0.1 /index.php?g=Admin&m=menu&a=add
NOTIC: D方法实例化没找到模型类Common\Model\AuthRuleModel

[ 2017-10-21T15:25:12+08:00 ] 127.0.0.1 /index.php?g=Admin&m=Menu&a=edit_post
INFO: [ app_begin ] --START--
INFO: Run Behavior\ReadHtmlCacheBehavior [ RunTime:0.000686s ]
INFO: Run Behavior\CheckLangBehavior [ RunTime:0.001881s ]
INFO: Run Common\Behavior\UrldecodeGetBehavior [ RunTime:0.000427s ]
INFO: [ app_begin ] --END-- [ RunTime:0.003417s ]
INFO: [ admin_begin ] --START--
INFO: Run Common\Behavior\AdminDefaultLangBehavior [ RunTime:0.002078s ]
INFO: [ admin_begin ] --END-- [ RunTime:0.002221s ]
SQL: SHOW COLUMNS FROM `xcx_users` [ RunTime:0.0005s ]
SQL: SELECT * FROM `xcx_users` WHERE `id` = '1' LIMIT 1   [ RunTime:0.0003s ]
SQL: SHOW COLUMNS FROM `xcx_menu` [ RunTime:0.0004s ]
NOTIC: D方法实例化没找到模型类Common\Model\AuthRuleModel
SQL: SHOW COLUMNS FROM `xcx_auth_rule` [ RunTime:0.0004s ]
SQL: SELECT * FROM `xcx_menu` WHERE `id` = 189 LIMIT 1   [ RunTime:0.0002s ]
NOTIC: [8] Undefined index: validate D:\Work\thinkcmf\ThinkCMFX\simplewind\Core\Library\Think\Model.class.php 第 1185 行.
SQL: SELECT `id` FROM `xcx_menu` WHERE `app` = 'Portal' AND `model` = 'AdminCategory' AND `action` = 'index' LIMIT 1   [ RunTime:0.0015s ]
NOTIC: [8] Undefined index: auto D:\Work\thinkcmf\ThinkCMFX\simplewind\Core\Library\Think\Model.class.php 第 1128 行.
SQL: UPDATE `xcx_menu` SET `parentid`='187',`name`='分类管理',`app`='Portal',`model`='AdminCategory',`action`='index',`data`='type=0',`icon`='',`remark`='',`status`='1',`type`='1' WHERE `id` = 189 [ RunTime:0.0008s ]
SQL: SELECT COUNT(*) AS tp_count FROM `xcx_auth_rule` WHERE `name` = 'portal/admincategory/index' LIMIT 1   [ RunTime:0.0003s ]
SQL: SELECT `id` FROM `xcx_auth_rule` WHERE `name` = 'portal/admincategorys/index' LIMIT 1   [ RunTime:0.0002s ]
SQL: UPDATE `xcx_auth_rule` SET `name`='portal/admincategory/index',`module`='Portal',`type`='admin_url',`title`='分类管理' WHERE `id` = 176 [ RunTime:0.0003s ]
SQL: SELECT * FROM `xcx_menu` WHERE `app` = 'Portal' ORDER BY `listorder` ASC,`app` ASC,`model` ASC,`action` ASC  [ RunTime:0.0005s ]
NOTIC: [2] mkdir(): File exists D:\Work\thinkcmf\ThinkCMFX\application\Admin\Controller\MenuController.class.php 第 247 行.

[ 2017-10-21T15:25:13+08:00 ] 127.0.0.1 /index.php?g=Admin&m=Menu&a=edit&id=189&menuid=
NOTIC: D方法实例化没找到模型类Common\Model\AuthRuleModel

[ 2017-10-21T15:25:15+08:00 ] 127.0.0.1 /index.php?g=Admin&m=Menu&a=edit_post
INFO: [ app_begin ] --START--
INFO: Run Behavior\ReadHtmlCacheBehavior [ RunTime:0.000732s ]
INFO: Run Behavior\CheckLangBehavior [ RunTime:0.003101s ]
INFO: Run Common\Behavior\UrldecodeGetBehavior [ RunTime:0.000456s ]
INFO: [ app_begin ] --END-- [ RunTime:0.005315s ]
INFO: [ admin_begin ] --START--
INFO: Run Common\Behavior\AdminDefaultLangBehavior [ RunTime:0.001633s ]
INFO: [ admin_begin ] --END-- [ RunTime:0.001716s ]
SQL: SHOW COLUMNS FROM `xcx_users` [ RunTime:0.0009s ]
SQL: SELECT * FROM `xcx_users` WHERE `id` = '1' LIMIT 1   [ RunTime:0.0004s ]
SQL: SHOW COLUMNS FROM `xcx_menu` [ RunTime:0.0007s ]
NOTIC: D方法实例化没找到模型类Common\Model\AuthRuleModel
SQL: SHOW COLUMNS FROM `xcx_auth_rule` [ RunTime:0.0004s ]
SQL: SELECT * FROM `xcx_menu` WHERE `id` = 189 LIMIT 1   [ RunTime:0.0002s ]
NOTIC: [8] Undefined index: validate D:\Work\thinkcmf\ThinkCMFX\simplewind\Core\Library\Think\Model.class.php 第 1185 行.
SQL: SELECT `id` FROM `xcx_menu` WHERE `app` = 'Portal' AND `model` = 'AdminCategory' AND `action` = 'index' LIMIT 1   [ RunTime:0.0002s ]
NOTIC: [8] Undefined index: auto D:\Work\thinkcmf\ThinkCMFX\simplewind\Core\Library\Think\Model.class.php 第 1128 行.
SQL: UPDATE `xcx_menu` SET `parentid`='187',`name`='分类管理',`app`='Portal',`model`='AdminCategory',`action`='index',`data`='type=0',`icon`='',`remark`='',`status`='1',`type`='1' WHERE `id` = 189 [ RunTime:0.0002s ]
SQL: SELECT COUNT(*) AS tp_count FROM `xcx_auth_rule` WHERE `name` = 'portal/admincategory/index' LIMIT 1   [ RunTime:0.0002s ]
SQL: UPDATE `xcx_auth_rule` SET `name`='portal/admincategory/index',`module`='Portal',`type`='admin_url',`title`='分类管理' WHERE `name` = 'portal/admincategory/index' [ RunTime:0.0007s ]
SQL: SELECT * FROM `xcx_menu` WHERE `app` = 'Portal' ORDER BY `listorder` ASC,`app` ASC,`model` ASC,`action` ASC  [ RunTime:0.0006s ]
NOTIC: [2] mkdir(): File exists D:\Work\thinkcmf\ThinkCMFX\application\Admin\Controller\MenuController.class.php 第 247 行.

[ 2017-10-21T15:25:15+08:00 ] 127.0.0.1 /index.php?g=Admin&m=Menu&a=edit&id=189&menuid=
NOTIC: D方法实例化没找到模型类Common\Model\AuthRuleModel

[ 2017-10-21T15:25:18+08:00 ] 127.0.0.1 /index.php?g=Admin&m=Menu&a=add_post
INFO: [ app_begin ] --START--
INFO: Run Behavior\ReadHtmlCacheBehavior [ RunTime:0.001420s ]
INFO: Run Behavior\CheckLangBehavior [ RunTime:0.002158s ]
INFO: Run Common\Behavior\UrldecodeGetBehavior [ RunTime:0.000535s ]
INFO: [ app_begin ] --END-- [ RunTime:0.005295s ]
INFO: [ admin_begin ] --START--
INFO: Run Common\Behavior\AdminDefaultLangBehavior [ RunTime:0.002052s ]
INFO: [ admin_begin ] --END-- [ RunTime:0.002213s ]
SQL: SHOW COLUMNS FROM `xcx_users` [ RunTime:0.0006s ]
SQL: SELECT * FROM `xcx_users` WHERE `id` = '1' LIMIT 1   [ RunTime:0.0004s ]
SQL: SHOW COLUMNS FROM `xcx_menu` [ RunTime:0.0006s ]
NOTIC: D方法实例化没找到模型类Common\Model\AuthRuleModel
SQL: SHOW COLUMNS FROM `xcx_auth_rule` [ RunTime:0.0004s ]
NOTIC: [8] Undefined index: validate D:\Work\thinkcmf\ThinkCMFX\simplewind\Core\Library\Think\Model.class.php 第 1185 行.
SQL: SELECT * FROM `xcx_menu` WHERE `app` = 'Portal' AND `model` = 'AdminCategorys' AND `action` = 'index' LIMIT 1   [ RunTime:0.0003s ]
SQL: SELECT `parentid` FROM `xcx_menu` WHERE `id` = 0 LIMIT 1   [ RunTime:0.0002s ]
NOTIC: [8] Undefined index: auto D:\Work\thinkcmf\ThinkCMFX\simplewind\Core\Library\Think\Model.class.php 第 1128 行.
SQL: INSERT INTO `xcx_menu` (`parentid`,`name`,`app`,`model`,`action`,`data`,`icon`,`remark`,`status`,`type`) VALUES ('0','分类管理','Portal','AdminCategorys','index','','','','1','1') [ RunTime:0.0012s ]
SQL: SELECT COUNT(*) AS tp_count FROM `xcx_auth_rule` WHERE `name` = 'portal/admincategorys/index' LIMIT 1   [ RunTime:0.0002s ]
SQL: INSERT INTO `xcx_auth_rule` (`name`,`module`,`type`,`title`) VALUES ('portal/admincategorys/index','Portal','admin_url','分类管理') [ RunTime:0.0006s ]
SQL: SELECT * FROM `xcx_menu` WHERE `app` = 'Portal' ORDER BY `listorder` ASC,`app` ASC,`model` ASC,`action` ASC  [ RunTime:0.0005s ]
NOTIC: [2] mkdir(): File exists D:\Work\thinkcmf\ThinkCMFX\application\Admin\Controller\MenuController.class.php 第 247 行.

[ 2017-10-21T15:25:18+08:00 ] 127.0.0.1 /index.php?g=Admin&m=Menu&a=index
NOTIC: D方法实例化没找到模型类Common\Model\AuthRuleModel

[ 2017-10-21T15:25:28+08:00 ] 127.0.0.1 /index.php?g=Admin&m=Menu&a=index
NOTIC: D方法实例化没找到模型类Common\Model\AuthRuleModel

[ 2017-10-21T16:00:28+08:00 ] 127.0.0.1 /index.php?g=Admin&m=Menu&a=index
NOTIC: D方法实例化没找到模型类Common\Model\AuthRuleModel

[ 2017-10-21T17:30:50+08:00 ] 127.0.0.1 /index.php?g=Admin&m=Menu&a=index
NOTIC: D方法实例化没找到模型类Common\Model\AuthRuleModel

[ 2017-10-21T21:11:07+08:00 ] 127.0.0.1 /index.php?g=Admin&m=Menu&a=index
NOTIC: D方法实例化没找到模型类Common\Model\AuthRuleModel

[ 2017-10-21T21:11:27+08:00 ] 127.0.0.1 /index.php?g=Admin&m=Menu&a=index
NOTIC: D方法实例化没找到模型类Common\Model\AuthRuleModel

[ 2017-10-21T21:11:32+08:00 ] 127.0.0.1 /index.php?g=Admin&m=Menu&a=delete&id=189&menuid=
INFO: [ app_begin ] --START--
INFO: Run Behavior\ReadHtmlCacheBehavior [ RunTime:0.000545s ]
INFO: Run Behavior\CheckLangBehavior [ RunTime:0.001664s ]
INFO: Run Common\Behavior\UrldecodeGetBehavior [ RunTime:0.000388s ]
INFO: [ app_begin ] --END-- [ RunTime:0.003082s ]
INFO: [ admin_begin ] --START--
INFO: Run Common\Behavior\AdminDefaultLangBehavior [ RunTime:0.003358s ]
INFO: [ admin_begin ] --END-- [ RunTime:0.003507s ]
SQL: SHOW COLUMNS FROM `xcx_users` [ RunTime:0.0006s ]
SQL: SELECT * FROM `xcx_users` WHERE `id` = '1' LIMIT 1   [ RunTime:0.0003s ]
SQL: SHOW COLUMNS FROM `xcx_menu` [ RunTime:0.0006s ]
NOTIC: D方法实例化没找到模型类Common\Model\AuthRuleModel
SQL: SHOW COLUMNS FROM `xcx_auth_rule` [ RunTime:0.0006s ]
SQL: SELECT COUNT(*) AS tp_count FROM `xcx_menu` WHERE `parentid` = 189 LIMIT 1   [ RunTime:0.0003s ]
SQL: DELETE FROM `xcx_menu` WHERE `id` = 189 [ RunTime:0.0021s ]

[ 2017-10-21T21:11:33+08:00 ] 127.0.0.1 /index.php?g=Admin&m=Menu&a=index
NOTIC: D方法实例化没找到模型类Common\Model\AuthRuleModel

[ 2017-10-21T21:11:40+08:00 ] 127.0.0.1 /index.php?g=Admin&m=Menu&a=delete&id=190&menuid=
INFO: [ app_begin ] --START--
INFO: Run Behavior\ReadHtmlCacheBehavior [ RunTime:0.000356s ]
INFO: Run Behavior\CheckLangBehavior [ RunTime:0.002055s ]
INFO: Run Common\Behavior\UrldecodeGetBehavior [ RunTime:0.000420s ]
INFO: [ app_begin ] --END-- [ RunTime:0.003280s ]
INFO: [ admin_begin ] --START--
INFO: Run Common\Behavior\AdminDefaultLangBehavior [ RunTime:0.001531s ]
INFO: [ admin_begin ] --END-- [ RunTime:0.001616s ]
SQL: SHOW COLUMNS FROM `xcx_users` [ RunTime:0.0006s ]
SQL: SELECT * FROM `xcx_users` WHERE `id` = '1' LIMIT 1   [ RunTime:0.0003s ]
SQL: SHOW COLUMNS FROM `xcx_menu` [ RunTime:0.0004s ]
NOTIC: D方法实例化没找到模型类Common\Model\AuthRuleModel
SQL: SHOW COLUMNS FROM `xcx_auth_rule` [ RunTime:0.0004s ]
SQL: SELECT COUNT(*) AS tp_count FROM `xcx_menu` WHERE `parentid` = 190 LIMIT 1   [ RunTime:0.0003s ]
SQL: DELETE FROM `xcx_menu` WHERE `id` = 190 [ RunTime:0.0003s ]

[ 2017-10-21T21:11:40+08:00 ] 127.0.0.1 /index.php?g=Admin&m=Menu&a=index
NOTIC: D方法实例化没找到模型类Common\Model\AuthRuleModel

[ 2017-10-21T21:20:30+08:00 ] 127.0.0.1 /index.php?g=Admin&m=Menu&a=index
NOTIC: D方法实例化没找到模型类Common\Model\AuthRuleModel

[ 2017-10-21T21:20:33+08:00 ] 127.0.0.1 /index.php?g=Admin&m=Menu&a=edit&id=191&menuid=
NOTIC: D方法实例化没找到模型类Common\Model\AuthRuleModel

[ 2017-10-21T21:25:00+08:00 ] 127.0.0.1 /index.php?g=Admin&m=Menu&a=index
NOTIC: D方法实例化没找到模型类Common\Model\AuthRuleModel

[ 2017-10-21T21:25:04+08:00 ] 127.0.0.1 /index.php?g=Admin&m=Menu&a=edit&id=191&menuid=
NOTIC: D方法实例化没找到模型类Common\Model\AuthRuleModel

[ 2017-10-21T21:25:12+08:00 ] 127.0.0.1 /index.php?g=Admin&m=Menu&a=edit_post
INFO: [ app_begin ] --START--
INFO: Run Behavior\ReadHtmlCacheBehavior [ RunTime:0.000458s ]
INFO: Run Behavior\CheckLangBehavior [ RunTime:0.001778s ]
INFO: Run Common\Behavior\UrldecodeGetBehavior [ RunTime:0.000382s ]
INFO: [ app_begin ] --END-- [ RunTime:0.003350s ]
INFO: [ admin_begin ] --START--
INFO: Run Common\Behavior\AdminDefaultLangBehavior [ RunTime:0.002026s ]
INFO: [ admin_begin ] --END-- [ RunTime:0.002187s ]
SQL: SHOW COLUMNS FROM `xcx_users` [ RunTime:0.0006s ]
SQL: SELECT * FROM `xcx_users` WHERE `id` = '1' LIMIT 1   [ RunTime:0.0003s ]
SQL: SHOW COLUMNS FROM `xcx_menu` [ RunTime:0.0006s ]
NOTIC: D方法实例化没找到模型类Common\Model\AuthRuleModel
SQL: SHOW COLUMNS FROM `xcx_auth_rule` [ RunTime:0.0014s ]
SQL: SELECT * FROM `xcx_menu` WHERE `id` = 191 LIMIT 1   [ RunTime:0.0005s ]
NOTIC: [8] Undefined index: validate D:\Work\thinkcmf\ThinkCMFX\simplewind\Core\Library\Think\Model.class.php 第 1185 行.
SQL: SELECT `id` FROM `xcx_menu` WHERE `app` = 'Portal' AND `model` = 'AdminInfoPost' AND `action` = 'index' LIMIT 1   [ RunTime:0.0023s ]
NOTIC: [8] Undefined index: auto D:\Work\thinkcmf\ThinkCMFX\simplewind\Core\Library\Think\Model.class.php 第 1128 行.
SQL: UPDATE `xcx_menu` SET `parentid`='187',`name`='信息管理',`app`='Portal',`model`='AdminInfoPost',`action`='index',`data`='',`icon`='',`remark`='',`status`='1',`type`='1' WHERE `id` = 191 [ RunTime:0.0007s ]
SQL: SELECT COUNT(*) AS tp_count FROM `xcx_auth_rule` WHERE `name` = 'portal/admininfopost/index' LIMIT 1   [ RunTime:0.0004s ]
SQL: UPDATE `xcx_auth_rule` SET `name`='portal/admininfopost/index',`module`='Portal',`type`='admin_url',`title`='信息管理' WHERE `name` = 'portal/admininfopost/index' [ RunTime:0.0010s ]
SQL: SELECT * FROM `xcx_menu` WHERE `app` = 'Portal' ORDER BY `listorder` ASC,`app` ASC,`model` ASC,`action` ASC  [ RunTime:0.0006s ]
NOTIC: [2] mkdir(): File exists D:\Work\thinkcmf\ThinkCMFX\application\Admin\Controller\MenuController.class.php 第 247 行.

[ 2017-10-21T21:25:13+08:00 ] 127.0.0.1 /index.php?g=Admin&m=Menu&a=edit&id=191&menuid=
NOTIC: D方法实例化没找到模型类Common\Model\AuthRuleModel

[ 2017-10-21T21:25:18+08:00 ] 127.0.0.1 /index.php?g=Admin&m=menu&a=index
NOTIC: D方法实例化没找到模型类Common\Model\AuthRuleModel

[ 2017-10-21T21:25:23+08:00 ] 127.0.0.1 /index.php?g=Admin&m=Menu&a=edit&id=192&menuid=
NOTIC: D方法实例化没找到模型类Common\Model\AuthRuleModel

[ 2017-10-21T21:25:32+08:00 ] 127.0.0.1 /index.php?g=Admin&m=Menu&a=edit_post
INFO: [ app_begin ] --START--
INFO: Run Behavior\ReadHtmlCacheBehavior [ RunTime:0.000851s ]
INFO: Run Behavior\CheckLangBehavior [ RunTime:0.001825s ]
INFO: Run Common\Behavior\UrldecodeGetBehavior [ RunTime:0.000519s ]
INFO: [ app_begin ] --END-- [ RunTime:0.003900s ]
INFO: [ admin_begin ] --START--
INFO: Run Common\Behavior\AdminDefaultLangBehavior [ RunTime:0.001781s ]
INFO: [ admin_begin ] --END-- [ RunTime:0.001885s ]
SQL: SHOW COLUMNS FROM `xcx_users` [ RunTime:0.0006s ]
SQL: SELECT * FROM `xcx_users` WHERE `id` = '1' LIMIT 1   [ RunTime:0.0003s ]
SQL: SHOW COLUMNS FROM `xcx_menu` [ RunTime:0.0037s ]
NOTIC: D方法实例化没找到模型类Common\Model\AuthRuleModel
SQL: SHOW COLUMNS FROM `xcx_auth_rule` [ RunTime:0.0015s ]
SQL: SELECT * FROM `xcx_menu` WHERE `id` = 192 LIMIT 1   [ RunTime:0.0020s ]
NOTIC: [8] Undefined index: validate D:\Work\thinkcmf\ThinkCMFX\simplewind\Core\Library\Think\Model.class.php 第 1185 行.
SQL: SELECT `id` FROM `xcx_menu` WHERE `app` = 'Portal' AND `model` = 'AdminCiclePost' AND `action` = 'index' LIMIT 1   [ RunTime:0.0004s ]
NOTIC: [8] Undefined index: auto D:\Work\thinkcmf\ThinkCMFX\simplewind\Core\Library\Think\Model.class.php 第 1128 行.
SQL: UPDATE `xcx_menu` SET `parentid`='188',`name`='圈子管理',`app`='Portal',`model`='AdminCiclePost',`action`='index',`data`='',`icon`='',`remark`='',`status`='1',`type`='1' WHERE `id` = 192 [ RunTime:0.0003s ]
SQL: SELECT COUNT(*) AS tp_count FROM `xcx_auth_rule` WHERE `name` = 'portal/adminciclepost/index' LIMIT 1   [ RunTime:0.0003s ]
SQL: UPDATE `xcx_auth_rule` SET `name`='portal/adminciclepost/index',`module`='Portal',`type`='admin_url',`title`='圈子管理' WHERE `name` = 'portal/adminciclepost/index' [ RunTime:0.0008s ]
SQL: SELECT * FROM `xcx_menu` WHERE `app` = 'Portal' ORDER BY `listorder` ASC,`app` ASC,`model` ASC,`action` ASC  [ RunTime:0.0005s ]
NOTIC: [2] mkdir(): File exists D:\Work\thinkcmf\ThinkCMFX\application\Admin\Controller\MenuController.class.php 第 247 行.

[ 2017-10-21T21:25:32+08:00 ] 127.0.0.1 /index.php?g=Admin&m=Menu&a=edit&id=192&menuid=
NOTIC: D方法实例化没找到模型类Common\Model\AuthRuleModel

[ 2017-10-21T21:25:34+08:00 ] 127.0.0.1 /index.php?g=Admin&m=menu&a=index
NOTIC: D方法实例化没找到模型类Common\Model\AuthRuleModel

