[ 2017-10-26T11:16:00+08:00 ] 127.0.0.1 /index.php?g=Admin&m=public&a=dologin
INFO: [ app_begin ] --START--
INFO: Run Behavior\ReadHtmlCacheBehavior [ RunTime:0.000365s ]
INFO: Run Behavior\CheckLangBehavior [ RunTime:0.000952s ]
INFO: Run Common\Behavior\UrldecodeGetBehavior [ RunTime:0.000219s ]
INFO: [ app_begin ] --END-- [ RunTime:0.001937s ]
INFO: [ admin_begin ] --START--
INFO: Run Common\Behavior\AdminDefaultLangBehavior [ RunTime:0.001143s ]
INFO: [ admin_begin ] --END-- [ RunTime:0.001222s ]
SQL: SHOW COLUMNS FROM `xcx_users` [ RunTime:0.0129s ]
SQL: SELECT * FROM `xcx_users` WHERE `user_login` = 'admin' LIMIT 1   [ RunTime:0.0003s ]
SQL: SHOW COLUMNS FROM `xcx_role_user` [ RunTime:0.0079s ]
SQL: SELECT `role_id` FROM xcx_role_user a INNER JOIN xcx_role as b on a.role_id =b.id  WHERE `user_id` = '1' AND `status` = 1  [ RunTime:0.0169s ]
SQL: UPDATE `xcx_users` SET `user_login`='admin',`user_pass`='###768709a5b8b6c83f8d5492e387c25415',`user_nicename`='admin',`user_email`='chengzheng67@126.com',`user_url`='',`avatar`=NULL,`sex`='0',`birthday`='2000-01-01',`signature`=NULL,`last_login_ip`='127.0.0.1',`last_login_time`='2017-10-26 11:16:00',`create_time`='2017-10-19 01:01:23',`user_activation_key`='',`user_status`='1',`score`='0',`user_type`='1',`coin`='0',`mobile`='' WHERE `id` = '1' [ RunTime:0.0029s ]

[ 2017-10-26T22:39:41+08:00 ] 127.0.0.1 /index.php?g=Admin&m=Menu&a=index
NOTIC: D方法实例化没找到模型类Common\Model\AuthRuleModel

[ 2017-10-26T22:39:44+08:00 ] 127.0.0.1 /index.php?g=Admin&m=Menu&a=edit&id=187&menuid=
NOTIC: D方法实例化没找到模型类Common\Model\AuthRuleModel

[ 2017-10-26T22:39:51+08:00 ] 127.0.0.1 /index.php?g=Admin&m=Menu&a=edit_post
INFO: [ app_begin ] --START--
INFO: Run Behavior\ReadHtmlCacheBehavior [ RunTime:0.000454s ]
INFO: Run Behavior\CheckLangBehavior [ RunTime:0.001318s ]
INFO: Run Common\Behavior\UrldecodeGetBehavior [ RunTime:0.000327s ]
INFO: [ app_begin ] --END-- [ RunTime:0.002749s ]
INFO: [ admin_begin ] --START--
INFO: Run Common\Behavior\AdminDefaultLangBehavior [ RunTime:0.001490s ]
INFO: [ admin_begin ] --END-- [ RunTime:0.001612s ]
SQL: SHOW COLUMNS FROM `xcx_users` [ RunTime:0.0006s ]
SQL: SELECT * FROM `xcx_users` WHERE `id` = '1' LIMIT 1   [ RunTime:0.0003s ]
SQL: SHOW COLUMNS FROM `xcx_menu` [ RunTime:0.0039s ]
NOTIC: D方法实例化没找到模型类Common\Model\AuthRuleModel
SQL: SHOW COLUMNS FROM `xcx_auth_rule` [ RunTime:0.0014s ]
SQL: SELECT * FROM `xcx_menu` WHERE `id` = 187 LIMIT 1   [ RunTime:0.0003s ]
NOTIC: [8] Undefined index: validate D:\Work\thinkcmf\ThinkCMFX\simplewind\Core\Library\Think\Model.class.php 第 1185 行.
SQL: SELECT `id` FROM `xcx_menu` WHERE `app` = 'Portal' AND `model` = 'AdminInfo' AND `action` = 'index' LIMIT 1   [ RunTime:0.0003s ]
NOTIC: [8] Undefined index: auto D:\Work\thinkcmf\ThinkCMFX\simplewind\Core\Library\Think\Model.class.php 第 1128 行.
SQL: UPDATE `xcx_menu` SET `parentid`='0',`name`='信息管理',`app`='Portal',`model`='AdminInfo',`action`='index',`data`='',`icon`='',`remark`='',`status`='1',`type`='1' WHERE `id` = 187 [ RunTime:0.0006s ]
SQL: SELECT COUNT(*) AS tp_count FROM `xcx_auth_rule` WHERE `name` = 'portal/admininfo/index' LIMIT 1   [ RunTime:0.0003s ]
SQL: SELECT `id` FROM `xcx_auth_rule` WHERE `name` = 'portal/admininfopost/index' LIMIT 1   [ RunTime:0.0002s ]
SQL: UPDATE `xcx_auth_rule` SET `name`='portal/admininfo/index',`module`='Portal',`type`='admin_url',`title`='信息管理' WHERE `id` = 178 [ RunTime:0.0004s ]
SQL: SELECT * FROM `xcx_menu` WHERE `app` = 'Portal' ORDER BY `listorder` ASC,`app` ASC,`model` ASC,`action` ASC  [ RunTime:0.0005s ]
NOTIC: [2] mkdir(): File exists D:\Work\thinkcmf\ThinkCMFX\application\Admin\Controller\MenuController.class.php 第 247 行.

[ 2017-10-26T22:39:51+08:00 ] 127.0.0.1 /index.php?g=Admin&m=Menu&a=edit&id=187&menuid=
NOTIC: D方法实例化没找到模型类Common\Model\AuthRuleModel

