[ 2017-10-27T09:32:15+08:00 ] 127.0.0.1 /index.php?g=Admin&m=public&a=dologin
INFO: [ app_begin ] --START--
INFO: Run Behavior\ReadHtmlCacheBehavior [ RunTime:0.000388s ]
INFO: Run Behavior\CheckLangBehavior [ RunTime:0.001126s ]
INFO: Run Common\Behavior\UrldecodeGetBehavior [ RunTime:0.000290s ]
INFO: [ app_begin ] --END-- [ RunTime:0.002365s ]
INFO: [ admin_begin ] --START--
INFO: Run Common\Behavior\AdminDefaultLangBehavior [ RunTime:0.001381s ]
INFO: [ admin_begin ] --END-- [ RunTime:0.001461s ]
SQL: SHOW COLUMNS FROM `xcx_users` [ RunTime:0.0141s ]
SQL: SELECT * FROM `xcx_users` WHERE `user_login` = 'admin' LIMIT 1   [ RunTime:0.0003s ]
SQL: SHOW COLUMNS FROM `xcx_role_user` [ RunTime:0.0084s ]
SQL: SELECT `role_id` FROM xcx_role_user a INNER JOIN xcx_role as b on a.role_id =b.id  WHERE `user_id` = '1' AND `status` = 1  [ RunTime:0.0130s ]
SQL: UPDATE `xcx_users` SET `user_login`='admin',`user_pass`='###768709a5b8b6c83f8d5492e387c25415',`user_nicename`='admin',`user_email`='chengzheng67@126.com',`user_url`='',`avatar`=NULL,`sex`='0',`birthday`='2000-01-01',`signature`=NULL,`last_login_ip`='127.0.0.1',`last_login_time`='2017-10-27 09:32:15',`create_time`='2017-10-19 01:01:23',`user_activation_key`='',`user_status`='1',`score`='0',`user_type`='1',`coin`='0',`mobile`='' WHERE `id` = '1' [ RunTime:0.0022s ]

[ 2017-10-27T23:12:58+08:00 ] 127.0.0.1 /index.php?g=Admin&m=Menu&a=index
NOTIC: D方法实例化没找到模型类Common\Model\AuthRuleModel

[ 2017-10-27T23:13:01+08:00 ] 127.0.0.1 /index.php?g=Admin&m=Menu&a=edit&id=193&menuid=
NOTIC: D方法实例化没找到模型类Common\Model\AuthRuleModel

[ 2017-10-27T23:13:06+08:00 ] 127.0.0.1 /index.php?g=Admin&m=Menu&a=edit_post
INFO: [ app_begin ] --START--
INFO: Run Behavior\ReadHtmlCacheBehavior [ RunTime:0.000387s ]
INFO: Run Behavior\CheckLangBehavior [ RunTime:0.001506s ]
INFO: Run Common\Behavior\UrldecodeGetBehavior [ RunTime:0.000231s ]
INFO: [ app_begin ] --END-- [ RunTime:0.002542s ]
INFO: [ admin_begin ] --START--
INFO: Run Common\Behavior\AdminDefaultLangBehavior [ RunTime:0.001452s ]
INFO: [ admin_begin ] --END-- [ RunTime:0.001555s ]
SQL: SHOW COLUMNS FROM `xcx_users` [ RunTime:0.0007s ]
SQL: SELECT * FROM `xcx_users` WHERE `id` = '1' LIMIT 1   [ RunTime:0.0003s ]
SQL: SHOW COLUMNS FROM `xcx_menu` [ RunTime:0.0009s ]
NOTIC: D方法实例化没找到模型类Common\Model\AuthRuleModel
SQL: SHOW COLUMNS FROM `xcx_auth_rule` [ RunTime:0.0011s ]
SQL: SELECT * FROM `xcx_menu` WHERE `id` = 193 LIMIT 1   [ RunTime:0.0003s ]
NOTIC: [8] Undefined index: validate D:\Work\thinkcmf\ThinkCMFX\simplewind\Core\Library\Think\Model.class.php 第 1185 行.
SQL: SELECT `id` FROM `xcx_menu` WHERE `app` = 'Portal' AND `model` = 'AdminMember' AND `action` = 'index' LIMIT 1   [ RunTime:0.0007s ]
NOTIC: [8] Undefined index: auto D:\Work\thinkcmf\ThinkCMFX\simplewind\Core\Library\Think\Model.class.php 第 1128 行.
SQL: UPDATE `xcx_menu` SET `parentid`='0',`name`='会员管理',`app`='Portal',`model`='AdminMember',`action`='index',`data`='',`icon`='',`remark`='',`status`='1',`type`='1' WHERE `id` = 193 [ RunTime:0.0013s ]
SQL: SELECT COUNT(*) AS tp_count FROM `xcx_auth_rule` WHERE `name` = 'portal/adminmember/index' LIMIT 1   [ RunTime:0.0028s ]
SQL: SELECT `id` FROM `xcx_auth_rule` WHERE `name` = 'portal/adminmember/default' LIMIT 1   [ RunTime:0.0006s ]
SQL: UPDATE `xcx_auth_rule` SET `name`='portal/adminmember/index',`module`='Portal',`type`='admin_url',`title`='会员管理' WHERE `id` = 180 [ RunTime:0.0008s ]
SQL: SELECT * FROM `xcx_menu` WHERE `app` = 'Portal' ORDER BY `listorder` ASC,`app` ASC,`model` ASC,`action` ASC  [ RunTime:0.0010s ]
NOTIC: [2] mkdir(): File exists D:\Work\thinkcmf\ThinkCMFX\application\Admin\Controller\MenuController.class.php 第 247 行.

[ 2017-10-27T23:13:06+08:00 ] 127.0.0.1 /index.php?g=Admin&m=Menu&a=edit&id=193&menuid=
NOTIC: D方法实例化没找到模型类Common\Model\AuthRuleModel

