[ 2017-10-19T14:12:57+08:00 ] 127.0.0.1 /index.php?g=Admin&m=public&a=dologin
INFO: [ app_begin ] --START--
INFO: Run Behavior\ReadHtmlCacheBehavior [ RunTime:0.000335s ]
INFO: Run Behavior\CheckLangBehavior [ RunTime:0.001128s ]
INFO: Run Common\Behavior\UrldecodeGetBehavior [ RunTime:0.000224s ]
INFO: [ app_begin ] --END-- [ RunTime:0.002122s ]
INFO: [ admin_begin ] --START--
INFO: Run Common\Behavior\AdminDefaultLangBehavior [ RunTime:0.001261s ]
INFO: [ admin_begin ] --END-- [ RunTime:0.001344s ]
SQL: SHOW COLUMNS FROM `xcx_users` [ RunTime:0.0041s ]
SQL: SELECT * FROM `xcx_users` WHERE `user_login` = 'root' LIMIT 1   [ RunTime:0.0019s ]

[ 2017-10-19T14:13:14+08:00 ] 127.0.0.1 /index.php?g=Admin&m=public&a=dologin
INFO: [ app_begin ] --START--
INFO: Run Behavior\ReadHtmlCacheBehavior [ RunTime:0.000405s ]
INFO: Run Behavior\CheckLangBehavior [ RunTime:0.001019s ]
INFO: Run Common\Behavior\UrldecodeGetBehavior [ RunTime:0.000222s ]
INFO: [ app_begin ] --END-- [ RunTime:0.002055s ]
INFO: [ admin_begin ] --START--
INFO: Run Common\Behavior\AdminDefaultLangBehavior [ RunTime:0.002200s ]
INFO: [ admin_begin ] --END-- [ RunTime:0.002294s ]
SQL: SHOW COLUMNS FROM `xcx_users` [ RunTime:0.0008s ]
SQL: SELECT * FROM `xcx_users` WHERE `user_login` = 'admin' LIMIT 1   [ RunTime:0.0003s ]
SQL: SHOW COLUMNS FROM `xcx_role_user` [ RunTime:0.0081s ]
SQL: SELECT `role_id` FROM xcx_role_user a INNER JOIN xcx_role as b on a.role_id =b.id  WHERE `user_id` = '1' AND `status` = 1  [ RunTime:0.0065s ]
SQL: UPDATE `xcx_users` SET `user_login`='admin',`user_pass`='###768709a5b8b6c83f8d5492e387c25415',`user_nicename`='admin',`user_email`='chengzheng67@126.com',`user_url`='',`avatar`=NULL,`sex`='0',`birthday`='2000-01-01',`signature`=NULL,`last_login_ip`='127.0.0.1',`last_login_time`='2017-10-19 14:13:14',`create_time`='2017-10-19 01:01:23',`user_activation_key`='',`user_status`='1',`score`='0',`user_type`='1',`coin`='0',`mobile`='' WHERE `id` = '1' [ RunTime:0.0043s ]

[ 2017-10-19T14:13:42+08:00 ] 127.0.0.1 /index.php?g=Admin&m=Menu&a=index
NOTIC: D方法实例化没找到模型类Common\Model\AuthRuleModel

[ 2017-10-19T14:31:18+08:00 ] 127.0.0.1 /index.php?g=Admin&m=Menu&a=index
NOTIC: D方法实例化没找到模型类Common\Model\AuthRuleModel

[ 2017-10-19T14:39:06+08:00 ] 127.0.0.1 /index.php?g=Admin&m=Menu&a=index
NOTIC: D方法实例化没找到模型类Common\Model\AuthRuleModel

[ 2017-10-19T14:42:34+08:00 ] 127.0.0.1 /index.php?g=Admin&m=Menu&a=index
NOTIC: D方法实例化没找到模型类Common\Model\AuthRuleModel

[ 2017-10-19T14:44:11+08:00 ] 127.0.0.1 /index.php?g=Admin&m=Menu&a=edit&id=7&menuid=
NOTIC: D方法实例化没找到模型类Common\Model\AuthRuleModel

[ 2017-10-19T14:44:25+08:00 ] 127.0.0.1 /index.php?g=Admin&m=menu&a=index
NOTIC: D方法实例化没找到模型类Common\Model\AuthRuleModel

[ 2017-10-19T14:44:27+08:00 ] 127.0.0.1 /index.php?g=Admin&m=menu&a=add
NOTIC: D方法实例化没找到模型类Common\Model\AuthRuleModel

[ 2017-10-19T14:44:28+08:00 ] 127.0.0.1 /index.php?g=Admin&m=menu&a=index
NOTIC: D方法实例化没找到模型类Common\Model\AuthRuleModel

[ 2017-10-19T15:17:14+08:00 ] 127.0.0.1 /index.php?g=Admin&m=Menu&a=edit&id=7&menuid=
NOTIC: D方法实例化没找到模型类Common\Model\AuthRuleModel

[ 2017-10-19T15:17:18+08:00 ] 127.0.0.1 /index.php?g=Admin&m=Menu&a=add&parentid=1&menuid=
NOTIC: D方法实例化没找到模型类Common\Model\AuthRuleModel

[ 2017-10-19T15:19:17+08:00 ] 127.0.0.1 /index.php?g=Admin&m=Menu&a=add_post
INFO: [ app_begin ] --START--
INFO: Run Behavior\ReadHtmlCacheBehavior [ RunTime:0.000689s ]
INFO: Run Behavior\CheckLangBehavior [ RunTime:0.002175s ]
INFO: Run Common\Behavior\UrldecodeGetBehavior [ RunTime:0.000584s ]
INFO: [ app_begin ] --END-- [ RunTime:0.004024s ]
INFO: [ admin_begin ] --START--
INFO: Run Common\Behavior\AdminDefaultLangBehavior [ RunTime:0.002544s ]
INFO: [ admin_begin ] --END-- [ RunTime:0.002680s ]
SQL: SHOW COLUMNS FROM `xcx_users` [ RunTime:0.0006s ]
SQL: SELECT * FROM `xcx_users` WHERE `id` = '1' LIMIT 1   [ RunTime:0.0002s ]
SQL: SHOW COLUMNS FROM `xcx_menu` [ RunTime:0.0018s ]
NOTIC: D方法实例化没找到模型类Common\Model\AuthRuleModel
SQL: SHOW COLUMNS FROM `xcx_auth_rule` [ RunTime:0.0018s ]
NOTIC: [8] Undefined index: validate D:\Work\thinkcmf\ThinkCMFX\simplewind\Core\Library\Think\Model.class.php 第 1185 行.
SQL: SELECT * FROM `xcx_menu` WHERE `app` = 'Portal' AND `model` = 'AdminInfo' AND `action` = 'index' LIMIT 1   [ RunTime:0.0004s ]
SQL: SELECT `parentid` FROM `xcx_menu` WHERE `id` = 1 LIMIT 1   [ RunTime:0.0002s ]
NOTIC: [8] Undefined index: auto D:\Work\thinkcmf\ThinkCMFX\simplewind\Core\Library\Think\Model.class.php 第 1128 行.
SQL: INSERT INTO `xcx_menu` (`parentid`,`name`,`app`,`model`,`action`,`data`,`icon`,`remark`,`status`,`type`) VALUES ('1','信息管理','Portal','AdminInfo','index','','','','1','1') [ RunTime:0.0003s ]
SQL: SELECT COUNT(*) AS tp_count FROM `xcx_auth_rule` WHERE `name` = 'portal/admininfo/index' LIMIT 1   [ RunTime:0.0002s ]
SQL: INSERT INTO `xcx_auth_rule` (`name`,`module`,`type`,`title`) VALUES ('portal/admininfo/index','Portal','admin_url','信息管理') [ RunTime:0.0004s ]
SQL: SELECT * FROM `xcx_menu` WHERE `app` = 'Portal' ORDER BY `listorder` ASC,`app` ASC,`model` ASC,`action` ASC  [ RunTime:0.0004s ]

[ 2017-10-19T15:19:18+08:00 ] 127.0.0.1 /index.php?g=Admin&m=Menu&a=index
NOTIC: D方法实例化没找到模型类Common\Model\AuthRuleModel

[ 2017-10-19T15:19:47+08:00 ] 127.0.0.1 /index.php?g=Admin&m=Menu&a=index
NOTIC: D方法实例化没找到模型类Common\Model\AuthRuleModel

[ 2017-10-19T15:19:49+08:00 ] 127.0.0.1 /index.php?g=Admin&m=Menu&a=add&parentid=1&menuid=
NOTIC: D方法实例化没找到模型类Common\Model\AuthRuleModel

[ 2017-10-19T15:21:40+08:00 ] 127.0.0.1 /index.php?g=Admin&m=Menu&a=add_post
INFO: [ app_begin ] --START--
INFO: Run Behavior\ReadHtmlCacheBehavior [ RunTime:0.000778s ]
INFO: Run Behavior\CheckLangBehavior [ RunTime:0.002439s ]
INFO: Run Common\Behavior\UrldecodeGetBehavior [ RunTime:0.000981s ]
INFO: [ app_begin ] --END-- [ RunTime:0.004799s ]
INFO: [ admin_begin ] --START--
INFO: Run Common\Behavior\AdminDefaultLangBehavior [ RunTime:0.002524s ]
INFO: [ admin_begin ] --END-- [ RunTime:0.002628s ]
SQL: SHOW COLUMNS FROM `xcx_users` [ RunTime:0.0007s ]
SQL: SELECT * FROM `xcx_users` WHERE `id` = '1' LIMIT 1   [ RunTime:0.0003s ]
SQL: SHOW COLUMNS FROM `xcx_menu` [ RunTime:0.0005s ]
NOTIC: D方法实例化没找到模型类Common\Model\AuthRuleModel
SQL: SHOW COLUMNS FROM `xcx_auth_rule` [ RunTime:0.0004s ]
NOTIC: [8] Undefined index: validate D:\Work\thinkcmf\ThinkCMFX\simplewind\Core\Library\Think\Model.class.php 第 1185 行.
SQL: SELECT * FROM `xcx_menu` WHERE `app` = 'Portal' AND `model` = 'AdminCicle' AND `action` = 'index' LIMIT 1   [ RunTime:0.0003s ]
SQL: SELECT `parentid` FROM `xcx_menu` WHERE `id` = 1 LIMIT 1   [ RunTime:0.0002s ]
NOTIC: [8] Undefined index: auto D:\Work\thinkcmf\ThinkCMFX\simplewind\Core\Library\Think\Model.class.php 第 1128 行.
SQL: INSERT INTO `xcx_menu` (`parentid`,`name`,`app`,`model`,`action`,`data`,`icon`,`remark`,`status`,`type`) VALUES ('1','圈子管理','Portal','AdminCicle','index','','','','1','1') [ RunTime:0.0003s ]
SQL: SELECT COUNT(*) AS tp_count FROM `xcx_auth_rule` WHERE `name` = 'portal/admincicle/index' LIMIT 1   [ RunTime:0.0004s ]
SQL: INSERT INTO `xcx_auth_rule` (`name`,`module`,`type`,`title`) VALUES ('portal/admincicle/index','Portal','admin_url','圈子管理') [ RunTime:0.0016s ]
SQL: SELECT * FROM `xcx_menu` WHERE `app` = 'Portal' ORDER BY `listorder` ASC,`app` ASC,`model` ASC,`action` ASC  [ RunTime:0.0011s ]
NOTIC: [2] mkdir(): File exists D:\Work\thinkcmf\ThinkCMFX\application\Admin\Controller\MenuController.class.php 第 247 行.

[ 2017-10-19T15:21:40+08:00 ] 127.0.0.1 /index.php?g=Admin&m=Menu&a=index
NOTIC: D方法实例化没找到模型类Common\Model\AuthRuleModel

[ 2017-10-19T15:22:08+08:00 ] 127.0.0.1 /index.php?g=Admin&m=Menu&a=index
NOTIC: D方法实例化没找到模型类Common\Model\AuthRuleModel

[ 2017-10-19T15:22:17+08:00 ] 127.0.0.1 /index.php?g=Admin&m=Menu&a=edit&id=188&menuid=
NOTIC: D方法实例化没找到模型类Common\Model\AuthRuleModel

[ 2017-10-19T15:22:33+08:00 ] 127.0.0.1 /index.php?g=Admin&m=Menu&a=edit_post
INFO: [ app_begin ] --START--
INFO: Run Behavior\ReadHtmlCacheBehavior [ RunTime:0.001126s ]
INFO: Run Behavior\CheckLangBehavior [ RunTime:0.002024s ]
INFO: Run Common\Behavior\UrldecodeGetBehavior [ RunTime:0.000707s ]
INFO: [ app_begin ] --END-- [ RunTime:0.004594s ]
INFO: [ admin_begin ] --START--
INFO: Run Common\Behavior\AdminDefaultLangBehavior [ RunTime:0.002146s ]
INFO: [ admin_begin ] --END-- [ RunTime:0.002237s ]
SQL: SHOW COLUMNS FROM `xcx_users` [ RunTime:0.0007s ]
SQL: SELECT * FROM `xcx_users` WHERE `id` = '1' LIMIT 1   [ RunTime:0.0002s ]
SQL: SHOW COLUMNS FROM `xcx_menu` [ RunTime:0.0007s ]
NOTIC: D方法实例化没找到模型类Common\Model\AuthRuleModel
SQL: SHOW COLUMNS FROM `xcx_auth_rule` [ RunTime:0.0005s ]
SQL: SELECT * FROM `xcx_menu` WHERE `id` = 188 LIMIT 1   [ RunTime:0.0002s ]
NOTIC: [8] Undefined index: validate D:\Work\thinkcmf\ThinkCMFX\simplewind\Core\Library\Think\Model.class.php 第 1185 行.
SQL: SELECT `id` FROM `xcx_menu` WHERE `app` = 'Portal' AND `model` = 'AdminCicle' AND `action` = 'index' LIMIT 1   [ RunTime:0.0002s ]
NOTIC: [8] Undefined index: auto D:\Work\thinkcmf\ThinkCMFX\simplewind\Core\Library\Think\Model.class.php 第 1128 行.
SQL: UPDATE `xcx_menu` SET `parentid`='0',`name`='圈子管理',`app`='Portal',`model`='AdminCicle',`action`='index',`data`='',`icon`='',`remark`='',`status`='1',`type`='1' WHERE `id` = 188 [ RunTime:0.0009s ]
SQL: SELECT COUNT(*) AS tp_count FROM `xcx_auth_rule` WHERE `name` = 'portal/admincicle/index' LIMIT 1   [ RunTime:0.0004s ]
SQL: UPDATE `xcx_auth_rule` SET `name`='portal/admincicle/index',`module`='Portal',`type`='admin_url',`title`='圈子管理' WHERE `name` = 'portal/admincicle/index' [ RunTime:0.0008s ]
SQL: SELECT * FROM `xcx_menu` WHERE `app` = 'Portal' ORDER BY `listorder` ASC,`app` ASC,`model` ASC,`action` ASC  [ RunTime:0.0006s ]
NOTIC: [2] mkdir(): File exists D:\Work\thinkcmf\ThinkCMFX\application\Admin\Controller\MenuController.class.php 第 247 行.

[ 2017-10-19T15:22:33+08:00 ] 127.0.0.1 /index.php?g=Admin&m=Menu&a=edit&id=188&menuid=
NOTIC: D方法实例化没找到模型类Common\Model\AuthRuleModel

[ 2017-10-19T15:22:35+08:00 ] 127.0.0.1 /index.php?g=Admin&m=menu&a=index
NOTIC: D方法实例化没找到模型类Common\Model\AuthRuleModel

[ 2017-10-19T15:23:05+08:00 ] 127.0.0.1 /index.php?g=Admin&m=Menu&a=edit&id=1&menuid=
NOTIC: D方法实例化没找到模型类Common\Model\AuthRuleModel

[ 2017-10-19T15:26:02+08:00 ] 127.0.0.1 /index.php?g=Admin&m=Menu&a=index
NOTIC: D方法实例化没找到模型类Common\Model\AuthRuleModel

[ 2017-10-19T15:26:55+08:00 ] 127.0.0.1 /index.php?g=Admin&m=Menu&a=edit&id=187&menuid=
NOTIC: D方法实例化没找到模型类Common\Model\AuthRuleModel

[ 2017-10-19T15:27:04+08:00 ] 127.0.0.1 /index.php?g=Admin&m=Menu&a=edit_post
INFO: [ app_begin ] --START--
INFO: Run Behavior\ReadHtmlCacheBehavior [ RunTime:0.000709s ]
INFO: Run Behavior\CheckLangBehavior [ RunTime:0.001929s ]
INFO: Run Common\Behavior\UrldecodeGetBehavior [ RunTime:0.000896s ]
INFO: [ app_begin ] --END-- [ RunTime:0.004114s ]
INFO: [ admin_begin ] --START--
INFO: Run Common\Behavior\AdminDefaultLangBehavior [ RunTime:0.002196s ]
INFO: [ admin_begin ] --END-- [ RunTime:0.002297s ]
SQL: SHOW COLUMNS FROM `xcx_users` [ RunTime:0.0006s ]
SQL: SELECT * FROM `xcx_users` WHERE `id` = '1' LIMIT 1   [ RunTime:0.0003s ]
SQL: SHOW COLUMNS FROM `xcx_menu` [ RunTime:0.0005s ]
NOTIC: D方法实例化没找到模型类Common\Model\AuthRuleModel
SQL: SHOW COLUMNS FROM `xcx_auth_rule` [ RunTime:0.0004s ]
SQL: SELECT * FROM `xcx_menu` WHERE `id` = 187 LIMIT 1   [ RunTime:0.0003s ]
NOTIC: [8] Undefined index: validate D:\Work\thinkcmf\ThinkCMFX\simplewind\Core\Library\Think\Model.class.php 第 1185 行.
SQL: SELECT `id` FROM `xcx_menu` WHERE `app` = 'Portal' AND `model` = 'AdminInfo' AND `action` = 'default' LIMIT 1   [ RunTime:0.0003s ]
NOTIC: [8] Undefined index: auto D:\Work\thinkcmf\ThinkCMFX\simplewind\Core\Library\Think\Model.class.php 第 1128 行.
SQL: UPDATE `xcx_menu` SET `parentid`='0',`name`='信息管理',`app`='Portal',`model`='AdminInfo',`action`='default',`data`='',`icon`='',`remark`='',`status`='1',`type`='1' WHERE `id` = 187 [ RunTime:0.0006s ]
SQL: SELECT COUNT(*) AS tp_count FROM `xcx_auth_rule` WHERE `name` = 'portal/admininfo/default' LIMIT 1   [ RunTime:0.0012s ]
SQL: SELECT `id` FROM `xcx_auth_rule` WHERE `name` = 'portal/admininfo/index' LIMIT 1   [ RunTime:0.0014s ]
SQL: UPDATE `xcx_auth_rule` SET `name`='portal/admininfo/default',`module`='Portal',`type`='admin_url',`title`='信息管理' WHERE `id` = 174 [ RunTime:0.0004s ]
SQL: SELECT * FROM `xcx_menu` WHERE `app` = 'Portal' ORDER BY `listorder` ASC,`app` ASC,`model` ASC,`action` ASC  [ RunTime:0.0005s ]
NOTIC: [2] mkdir(): File exists D:\Work\thinkcmf\ThinkCMFX\application\Admin\Controller\MenuController.class.php 第 247 行.

[ 2017-10-19T15:27:05+08:00 ] 127.0.0.1 /index.php?g=Admin&m=Menu&a=edit&id=187&menuid=
NOTIC: D方法实例化没找到模型类Common\Model\AuthRuleModel

[ 2017-10-19T15:30:15+08:00 ] 127.0.0.1 /index.php?g=Admin&m=Menu&a=index
NOTIC: D方法实例化没找到模型类Common\Model\AuthRuleModel

[ 2017-10-19T15:31:11+08:00 ] 127.0.0.1 /index.php?g=Admin&m=Menu&a=edit_post
INFO: [ app_begin ] --START--
INFO: Run Behavior\ReadHtmlCacheBehavior [ RunTime:0.000669s ]
INFO: Run Behavior\CheckLangBehavior [ RunTime:0.001867s ]
INFO: Run Common\Behavior\UrldecodeGetBehavior [ RunTime:0.000530s ]
INFO: [ app_begin ] --END-- [ RunTime:0.003540s ]
INFO: [ admin_begin ] --START--
INFO: Run Common\Behavior\AdminDefaultLangBehavior [ RunTime:0.001822s ]
INFO: [ admin_begin ] --END-- [ RunTime:0.001948s ]
SQL: SHOW COLUMNS FROM `xcx_users` [ RunTime:0.0006s ]
SQL: SELECT * FROM `xcx_users` WHERE `id` = '1' LIMIT 1   [ RunTime:0.0003s ]
SQL: SHOW COLUMNS FROM `xcx_menu` [ RunTime:0.0007s ]
NOTIC: D方法实例化没找到模型类Common\Model\AuthRuleModel
SQL: SHOW COLUMNS FROM `xcx_auth_rule` [ RunTime:0.0006s ]
SQL: SELECT * FROM `xcx_menu` WHERE `id` = 188 LIMIT 1   [ RunTime:0.0003s ]
NOTIC: [8] Undefined index: validate D:\Work\thinkcmf\ThinkCMFX\simplewind\Core\Library\Think\Model.class.php 第 1185 行.
SQL: SELECT `id` FROM `xcx_menu` WHERE `app` = 'Portal' AND `model` = 'AdminCicle' AND `action` = 'default' LIMIT 1   [ RunTime:0.0015s ]
NOTIC: [8] Undefined index: auto D:\Work\thinkcmf\ThinkCMFX\simplewind\Core\Library\Think\Model.class.php 第 1128 行.
SQL: UPDATE `xcx_menu` SET `parentid`='0',`name`='圈子管理',`app`='Portal',`model`='AdminCicle',`action`='default',`data`='',`icon`='',`remark`='',`status`='1',`type`='1' WHERE `id` = 188 [ RunTime:0.0004s ]
SQL: SELECT COUNT(*) AS tp_count FROM `xcx_auth_rule` WHERE `name` = 'portal/admincicle/default' LIMIT 1   [ RunTime:0.0003s ]
SQL: SELECT `id` FROM `xcx_auth_rule` WHERE `name` = 'portal/admincicle/index' LIMIT 1   [ RunTime:0.0002s ]
SQL: UPDATE `xcx_auth_rule` SET `name`='portal/admincicle/default',`module`='Portal',`type`='admin_url',`title`='圈子管理' WHERE `id` = 175 [ RunTime:0.0003s ]
SQL: SELECT * FROM `xcx_menu` WHERE `app` = 'Portal' ORDER BY `listorder` ASC,`app` ASC,`model` ASC,`action` ASC  [ RunTime:0.0005s ]
NOTIC: [2] mkdir(): File exists D:\Work\thinkcmf\ThinkCMFX\application\Admin\Controller\MenuController.class.php 第 247 行.

[ 2017-10-19T15:31:11+08:00 ] 127.0.0.1 /index.php?g=Admin&m=Menu&a=edit&id=188&menuid=
NOTIC: D方法实例化没找到模型类Common\Model\AuthRuleModel

[ 2017-10-19T15:31:43+08:00 ] 127.0.0.1 /index.php?g=Admin&m=Menu&a=index
NOTIC: D方法实例化没找到模型类Common\Model\AuthRuleModel

[ 2017-10-19T15:34:42+08:00 ] 127.0.0.1 /index.php?g=admin&m=Menu&a=default
NOTIC: D方法实例化没找到模型类Common\Model\AuthRuleModel

[ 2017-10-19T15:35:28+08:00 ] 127.0.0.1 /index.php?g=Admin&m=Menu&a=index
NOTIC: D方法实例化没找到模型类Common\Model\AuthRuleModel

[ 2017-10-19T15:35:44+08:00 ] 127.0.0.1 /index.php?g=Admin&m=Menu&a=listorders
INFO: [ app_begin ] --START--
INFO: Run Behavior\ReadHtmlCacheBehavior [ RunTime:0.000427s ]
INFO: Run Behavior\CheckLangBehavior [ RunTime:0.001137s ]
INFO: Run Common\Behavior\UrldecodeGetBehavior [ RunTime:0.000396s ]
INFO: [ app_begin ] --END-- [ RunTime:0.002762s ]
INFO: [ admin_begin ] --START--
INFO: Run Common\Behavior\AdminDefaultLangBehavior [ RunTime:0.001171s ]
INFO: [ admin_begin ] --END-- [ RunTime:0.001297s ]
SQL: SHOW COLUMNS FROM `xcx_users` [ RunTime:0.0006s ]
SQL: SELECT * FROM `xcx_users` WHERE `id` = '1' LIMIT 1   [ RunTime:0.0003s ]
SQL: SHOW COLUMNS FROM `xcx_menu` [ RunTime:0.0016s ]
NOTIC: D方法实例化没找到模型类Common\Model\AuthRuleModel
SQL: SHOW COLUMNS FROM `xcx_auth_rule` [ RunTime:0.0028s ]
SQL: UPDATE `xcx_menu` SET `listorder`='50' WHERE `id` = 109 [ RunTime:0.0004s ]
SQL: UPDATE `xcx_menu` SET `listorder`='0' WHERE `id` = 110 [ RunTime:0.0002s ]
SQL: UPDATE `xcx_menu` SET `listorder`='0' WHERE `id` = 111 [ RunTime:0.0002s ]
SQL: UPDATE `xcx_menu` SET `listorder`='0' WHERE `id` = 112 [ RunTime:0.0002s ]
SQL: UPDATE `xcx_menu` SET `listorder`='0' WHERE `id` = 113 [ RunTime:0.0003s ]
SQL: UPDATE `xcx_menu` SET `listorder`='0' WHERE `id` = 114 [ RunTime:0.0002s ]
SQL: UPDATE `xcx_menu` SET `listorder`='0' WHERE `id` = 115 [ RunTime:0.0001s ]
SQL: UPDATE `xcx_menu` SET `listorder`='0' WHERE `id` = 116 [ RunTime:0.0001s ]
SQL: UPDATE `xcx_menu` SET `listorder`='0' WHERE `id` = 117 [ RunTime:0.0001s ]
SQL: UPDATE `xcx_menu` SET `listorder`='0' WHERE `id` = 118 [ RunTime:0.0001s ]
SQL: UPDATE `xcx_menu` SET `listorder`='0' WHERE `id` = 119 [ RunTime:0.0002s ]
SQL: UPDATE `xcx_menu` SET `listorder`='0' WHERE `id` = 120 [ RunTime:0.0001s ]
SQL: UPDATE `xcx_menu` SET `listorder`='0' WHERE `id` = 121 [ RunTime:0.0001s ]
SQL: UPDATE `xcx_menu` SET `listorder`='0' WHERE `id` = 122 [ RunTime:0.0003s ]
SQL: UPDATE `xcx_menu` SET `listorder`='0' WHERE `id` = 123 [ RunTime:0.0009s ]
SQL: UPDATE `xcx_menu` SET `listorder`='0' WHERE `id` = 124 [ RunTime:0.0012s ]
SQL: UPDATE `xcx_menu` SET `listorder`='0' WHERE `id` = 125 [ RunTime:0.0004s ]
SQL: UPDATE `xcx_menu` SET `listorder`='0' WHERE `id` = 126 [ RunTime:0.0002s ]
SQL: UPDATE `xcx_menu` SET `listorder`='0' WHERE `id` = 127 [ RunTime:0.0002s ]
SQL: UPDATE `xcx_menu` SET `listorder`='0' WHERE `id` = 128 [ RunTime:0.0002s ]
SQL: UPDATE `xcx_menu` SET `listorder`='0' WHERE `id` = 166 [ RunTime:0.0002s ]
SQL: UPDATE `xcx_menu` SET `listorder`='0' WHERE `id` = 129 [ RunTime:0.0001s ]
SQL: UPDATE `xcx_menu` SET `listorder`='0' WHERE `id` = 130 [ RunTime:0.0001s ]
SQL: UPDATE `xcx_menu` SET `listorder`='0' WHERE `id` = 156 [ RunTime:0.0001s ]
SQL: UPDATE `xcx_menu` SET `listorder`='0' WHERE `id` = 157 [ RunTime:0.0002s ]
SQL: UPDATE `xcx_menu` SET `listorder`='0' WHERE `id` = 167 [ RunTime:0.0002s ]
SQL: UPDATE `xcx_menu` SET `listorder`='0' WHERE `id` = 168 [ RunTime:0.0002s ]
SQL: UPDATE `xcx_menu` SET `listorder`='1' WHERE `id` = 131 [ RunTime:0.0002s ]
SQL: UPDATE `xcx_menu` SET `listorder`='0' WHERE `id` = 187 [ RunTime:0.0001s ]
SQL: UPDATE `xcx_menu` SET `listorder`='0' WHERE `id` = 188 [ RunTime:0.0001s ]
SQL: UPDATE `xcx_menu` SET `listorder`='10' WHERE `id` = 132 [ RunTime:0.0002s ]
SQL: UPDATE `xcx_menu` SET `listorder`='0' WHERE `id` = 133 [ RunTime:0.0002s ]
SQL: UPDATE `xcx_menu` SET `listorder`='0' WHERE `id` = 134 [ RunTime:0.0002s ]
SQL: UPDATE `xcx_menu` SET `listorder`='0' WHERE `id` = 135 [ RunTime:0.0002s ]
SQL: UPDATE `xcx_menu` SET `listorder`='0' WHERE `id` = 136 [ RunTime:0.0003s ]
SQL: UPDATE `xcx_menu` SET `listorder`='0' WHERE `id` = 137 [ RunTime:0.0012s ]
SQL: UPDATE `xcx_menu` SET `listorder`='0' WHERE `id` = 138 [ RunTime:0.0010s ]
SQL: UPDATE `xcx_menu` SET `listorder`='0' WHERE `id` = 139 [ RunTime:0.0005s ]
SQL: UPDATE `xcx_menu` SET `listorder`='0' WHERE `id` = 140 [ RunTime:0.0002s ]
SQL: UPDATE `xcx_menu` SET `listorder`='1000' WHERE `id` = 141 [ RunTime:0.0002s ]
SQL: UPDATE `xcx_menu` SET `listorder`='1000' WHERE `id` = 142 [ RunTime:0.0002s ]
SQL: UPDATE `xcx_menu` SET `listorder`='0' WHERE `id` = 143 [ RunTime:0.0002s ]
SQL: UPDATE `xcx_menu` SET `listorder`='1000' WHERE `id` = 144 [ RunTime:0.0002s ]
SQL: UPDATE `xcx_menu` SET `listorder`='0' WHERE `id` = 145 [ RunTime:0.0002s ]
SQL: UPDATE `xcx_menu` SET `listorder`='1000' WHERE `id` = 146 [ RunTime:0.0002s ]
SQL: UPDATE `xcx_menu` SET `listorder`='1000' WHERE `id` = 147 [ RunTime:0.0002s ]
SQL: UPDATE `xcx_menu` SET `listorder`='0' WHERE `id` = 148 [ RunTime:0.0002s ]
SQL: UPDATE `xcx_menu` SET `listorder`='0' WHERE `id` = 149 [ RunTime:0.0002s ]
SQL: UPDATE `xcx_menu` SET `listorder`='0' WHERE `id` = 160 [ RunTime:0.0002s ]
SQL: UPDATE `xcx_menu` SET `listorder`='0' WHERE `id` = 161 [ RunTime:0.0002s ]
SQL: UPDATE `xcx_menu` SET `listorder`='1000' WHERE `id` = 150 [ RunTime:0.0001s ]
SQL: UPDATE `xcx_menu` SET `listorder`='1000' WHERE `id` = 151 [ RunTime:0.0001s ]
SQL: UPDATE `xcx_menu` SET `listorder`='0' WHERE `id` = 152 [ RunTime:0.0001s ]
SQL: UPDATE `xcx_menu` SET `listorder`='1000' WHERE `id` = 153 [ RunTime:0.0002s ]
SQL: UPDATE `xcx_menu` SET `listorder`='0' WHERE `id` = 154 [ RunTime:0.0005s ]
SQL: UPDATE `xcx_menu` SET `listorder`='20' WHERE `id` = 85 [ RunTime:0.0015s ]
SQL: UPDATE `xcx_menu` SET `listorder`='0' WHERE `id` = 86 [ RunTime:0.0004s ]
SQL: UPDATE `xcx_menu` SET `listorder`='0' WHERE `id` = 87 [ RunTime:0.0006s ]
SQL: UPDATE `xcx_menu` SET `listorder`='0' WHERE `id` = 88 [ RunTime:0.0002s ]
SQL: UPDATE `xcx_menu` SET `listorder`='1000' WHERE `id` = 89 [ RunTime:0.0002s ]
SQL: UPDATE `xcx_menu` SET `listorder`='1000' WHERE `id` = 90 [ RunTime:0.0001s ]
SQL: UPDATE `xcx_menu` SET `listorder`='0' WHERE `id` = 91 [ RunTime:0.0001s ]
SQL: UPDATE `xcx_menu` SET `listorder`='1000' WHERE `id` = 92 [ RunTime:0.0002s ]
SQL: UPDATE `xcx_menu` SET `listorder`='0' WHERE `id` = 93 [ RunTime:0.0002s ]
SQL: UPDATE `xcx_menu` SET `listorder`='0' WHERE `id` = 94 [ RunTime:0.0002s ]
SQL: UPDATE `xcx_menu` SET `listorder`='1000' WHERE `id` = 95 [ RunTime:0.0002s ]
SQL: UPDATE `xcx_menu` SET `listorder`='1000' WHERE `id` = 96 [ RunTime:0.0002s ]
SQL: UPDATE `xcx_menu` SET `listorder`='0' WHERE `id` = 97 [ RunTime:0.0003s ]
SQL: UPDATE `xcx_menu` SET `listorder`='1000' WHERE `id` = 98 [ RunTime:0.0002s ]
SQL: UPDATE `xcx_menu` SET `listorder`='0' WHERE `id` = 99 [ RunTime:0.0001s ]
SQL: UPDATE `xcx_menu` SET `listorder`='0' WHERE `id` = 100 [ RunTime:0.0001s ]
SQL: UPDATE `xcx_menu` SET `listorder`='0' WHERE `id` = 101 [ RunTime:0.0001s ]
SQL: UPDATE `xcx_menu` SET `listorder`='0' WHERE `id` = 102 [ RunTime:0.0002s ]
SQL: UPDATE `xcx_menu` SET `listorder`='0' WHERE `id` = 103 [ RunTime:0.0001s ]
SQL: UPDATE `xcx_menu` SET `listorder`='0' WHERE `id` = 174 [ RunTime:0.0006s ]
SQL: UPDATE `xcx_menu` SET `listorder`='0' WHERE `id` = 175 [ RunTime:0.0016s ]
SQL: UPDATE `xcx_menu` SET `listorder`='0' WHERE `id` = 176 [ RunTime:0.0003s ]
SQL: UPDATE `xcx_menu` SET `listorder`='0' WHERE `id` = 177 [ RunTime:0.0002s ]
SQL: UPDATE `xcx_menu` SET `listorder`='1000' WHERE `id` = 104 [ RunTime:0.0001s ]
SQL: UPDATE `xcx_menu` SET `listorder`='1000' WHERE `id` = 105 [ RunTime:0.0001s ]
SQL: UPDATE `xcx_menu` SET `listorder`='0' WHERE `id` = 106 [ RunTime:0.0002s ]
SQL: UPDATE `xcx_menu` SET `listorder`='1000' WHERE `id` = 107 [ RunTime:0.0002s ]
SQL: UPDATE `xcx_menu` SET `listorder`='1000' WHERE `id` = 108 [ RunTime:0.0002s ]
SQL: UPDATE `xcx_menu` SET `listorder`='30' WHERE `id` = 1 [ RunTime:0.0002s ]
SQL: UPDATE `xcx_menu` SET `listorder`='0' WHERE `id` = 2 [ RunTime:0.0002s ]
SQL: UPDATE `xcx_menu` SET `listorder`='0' WHERE `id` = 3 [ RunTime:0.0002s ]
SQL: UPDATE `xcx_menu` SET `listorder`='0' WHERE `id` = 4 [ RunTime:0.0002s ]
SQL: UPDATE `xcx_menu` SET `listorder`='0' WHERE `id` = 5 [ RunTime:0.0002s ]
SQL: UPDATE `xcx_menu` SET `listorder`='0' WHERE `id` = 6 [ RunTime:0.0002s ]
SQL: UPDATE `xcx_menu` SET `listorder`='1' WHERE `id` = 7 [ RunTime:0.0002s ]
SQL: UPDATE `xcx_menu` SET `listorder`='0' WHERE `id` = 8 [ RunTime:0.0002s ]
SQL: UPDATE `xcx_menu` SET `listorder`='0' WHERE `id` = 9 [ RunTime:0.0002s ]
SQL: UPDATE `xcx_menu` SET `listorder`='0' WHERE `id` = 10 [ RunTime:0.0001s ]
SQL: UPDATE `xcx_menu` SET `listorder`='0' WHERE `id` = 169 [ RunTime:0.0001s ]
SQL: UPDATE `xcx_menu` SET `listorder`='1000' WHERE `id` = 11 [ RunTime:0.0001s ]
SQL: UPDATE `xcx_menu` SET `listorder`='1000' WHERE `id` = 12 [ RunTime:0.0002s ]
SQL: UPDATE `xcx_menu` SET `listorder`='1000' WHERE `id` = 13 [ RunTime:0.0002s ]
SQL: UPDATE `xcx_menu` SET `listorder`='1000' WHERE `id` = 14 [ RunTime:0.0008s ]
SQL: UPDATE `xcx_menu` SET `listorder`='0' WHERE `id` = 15 [ RunTime:0.0013s ]
SQL: UPDATE `xcx_menu` SET `listorder`='1000' WHERE `id` = 16 [ RunTime:0.0002s ]
SQL: UPDATE `xcx_menu` SET `listorder`='0' WHERE `id` = 17 [ RunTime:0.0001s ]
SQL: UPDATE `xcx_menu` SET `listorder`='2' WHERE `id` = 18 [ RunTime:0.0001s ]
SQL: UPDATE `xcx_menu` SET `listorder`='0' WHERE `id` = 19 [ RunTime:0.0001s ]
SQL: UPDATE `xcx_menu` SET `listorder`='1000' WHERE `id` = 20 [ RunTime:0.0001s ]
SQL: UPDATE `xcx_menu` SET `listorder`='1000' WHERE `id` = 21 [ RunTime:0.0001s ]
SQL: UPDATE `xcx_menu` SET `listorder`='0' WHERE `id` = 22 [ RunTime:0.0001s ]
SQL: UPDATE `xcx_menu` SET `listorder`='1000' WHERE `id` = 23 [ RunTime:0.0001s ]
SQL: UPDATE `xcx_menu` SET `listorder`='0' WHERE `id` = 24 [ RunTime:0.0001s ]
SQL: UPDATE `xcx_menu` SET `listorder`='3' WHERE `id` = 25 [ RunTime:0.0001s ]
SQL: UPDATE `xcx_menu` SET `listorder`='0' WHERE `id` = 26 [ RunTime:0.0002s ]
SQL: UPDATE `xcx_menu` SET `listorder`='1000' WHERE `id` = 27 [ RunTime:0.0002s ]
SQL: UPDATE `xcx_menu` SET `listorder`='1000' WHERE `id` = 28 [ RunTime:0.0002s ]
SQL: UPDATE `xcx_menu` SET `listorder`='0' WHERE `id` = 29 [ RunTime:0.0001s ]
SQL: UPDATE `xcx_menu` SET `listorder`='1000' WHERE `id` = 30 [ RunTime:0.0001s ]
SQL: UPDATE `xcx_menu` SET `listorder`='0' WHERE `id` = 31 [ RunTime:0.0001s ]
SQL: UPDATE `xcx_menu` SET `listorder`='4' WHERE `id` = 32 [ RunTime:0.0001s ]
SQL: UPDATE `xcx_menu` SET `listorder`='0' WHERE `id` = 33 [ RunTime:0.0001s ]
SQL: UPDATE `xcx_menu` SET `listorder`='1000' WHERE `id` = 34 [ RunTime:0.0001s ]
SQL: UPDATE `xcx_menu` SET `listorder`='1000' WHERE `id` = 35 [ RunTime:0.0001s ]
SQL: UPDATE `xcx_menu` SET `listorder`='1' WHERE `id` = 36 [ RunTime:0.0001s ]
SQL: UPDATE `xcx_menu` SET `listorder`='1000' WHERE `id` = 37 [ RunTime:0.0004s ]
SQL: UPDATE `xcx_menu` SET `listorder`='1000' WHERE `id` = 38 [ RunTime:0.0013s ]
SQL: UPDATE `xcx_menu` SET `listorder`='40' WHERE `id` = 39 [ RunTime:0.0002s ]
SQL: UPDATE `xcx_menu` SET `listorder`='0' WHERE `id` = 40 [ RunTime:0.0003s ]
SQL: UPDATE `xcx_menu` SET `listorder`='0' WHERE `id` = 41 [ RunTime:0.0002s ]
SQL: UPDATE `xcx_menu` SET `listorder`='0' WHERE `id` = 42 [ RunTime:0.0002s ]
SQL: UPDATE `xcx_menu` SET `listorder`='0' WHERE `id` = 43 [ RunTime:0.0001s ]
SQL: UPDATE `xcx_menu` SET `listorder`='1000' WHERE `id` = 44 [ RunTime:0.0001s ]
SQL: UPDATE `xcx_menu` SET `listorder`='1000' WHERE `id` = 45 [ RunTime:0.0001s ]
SQL: UPDATE `xcx_menu` SET `listorder`='1000' WHERE `id` = 46 [ RunTime:0.0001s ]
SQL: UPDATE `xcx_menu` SET `listorder`='0' WHERE `id` = 47 [ RunTime:0.0001s ]
SQL: UPDATE `xcx_menu` SET `listorder`='0' WHERE `id` = 48 [ RunTime:0.0001s ]
SQL: UPDATE `xcx_menu` SET `listorder`='0' WHERE `id` = 49 [ RunTime:0.0001s ]
SQL: UPDATE `xcx_menu` SET `listorder`='0' WHERE `id` = 50 [ RunTime:0.0001s ]
SQL: UPDATE `xcx_menu` SET `listorder`='0' WHERE `id` = 51 [ RunTime:0.0001s ]
SQL: UPDATE `xcx_menu` SET `listorder`='0' WHERE `id` = 52 [ RunTime:0.0001s ]
SQL: UPDATE `xcx_menu` SET `listorder`='0' WHERE `id` = 155 [ RunTime:0.0001s ]
SQL: UPDATE `xcx_menu` SET `listorder`='1' WHERE `id` = 53 [ RunTime:0.0001s ]
SQL: UPDATE `xcx_menu` SET `listorder`='0' WHERE `id` = 54 [ RunTime:0.0001s ]
SQL: UPDATE `xcx_menu` SET `listorder`='0' WHERE `id` = 55 [ RunTime:0.0001s ]
SQL: UPDATE `xcx_menu` SET `listorder`='0' WHERE `id` = 56 [ RunTime:0.0001s ]
SQL: UPDATE `xcx_menu` SET `listorder`='0' WHERE `id` = 158 [ RunTime:0.0002s ]
SQL: UPDATE `xcx_menu` SET `listorder`='0' WHERE `id` = 159 [ RunTime:0.0001s ]
SQL: UPDATE `xcx_menu` SET `listorder`='1000' WHERE `id` = 57 [ RunTime:0.0001s ]
SQL: UPDATE `xcx_menu` SET `listorder`='1000' WHERE `id` = 58 [ RunTime:0.0002s ]
SQL: UPDATE `xcx_menu` SET `listorder`='0' WHERE `id` = 59 [ RunTime:0.0001s ]
SQL: UPDATE `xcx_menu` SET `listorder`='1000' WHERE `id` = 60 [ RunTime:0.0002s ]
SQL: UPDATE `xcx_menu` SET `listorder`='0' WHERE `id` = 61 [ RunTime:0.0002s ]
SQL: UPDATE `xcx_menu` SET `listorder`='0' WHERE `id` = 62 [ RunTime:0.0002s ]
SQL: UPDATE `xcx_menu` SET `listorder`='1000' WHERE `id` = 63 [ RunTime:0.0003s ]
SQL: UPDATE `xcx_menu` SET `listorder`='1000' WHERE `id` = 64 [ RunTime:0.0001s ]
SQL: UPDATE `xcx_menu` SET `listorder`='0' WHERE `id` = 65 [ RunTime:0.0001s ]
SQL: UPDATE `xcx_menu` SET `listorder`='1000' WHERE `id` = 66 [ RunTime:0.0001s ]
SQL: UPDATE `xcx_menu` SET `listorder`='0' WHERE `id` = 67 [ RunTime:0.0003s ]
SQL: UPDATE `xcx_menu` SET `listorder`='2' WHERE `id` = 68 [ RunTime:0.0001s ]
SQL: UPDATE `xcx_menu` SET `listorder`='0' WHERE `id` = 69 [ RunTime:0.0001s ]
SQL: UPDATE `xcx_menu` SET `listorder`='1000' WHERE `id` = 70 [ RunTime:0.0001s ]
SQL: UPDATE `xcx_menu` SET `listorder`='1000' WHERE `id` = 71 [ RunTime:0.0001s ]
SQL: UPDATE `xcx_menu` SET `listorder`='0' WHERE `id` = 72 [ RunTime:0.0001s ]
SQL: UPDATE `xcx_menu` SET `listorder`='1000' WHERE `id` = 73 [ RunTime:0.0001s ]
SQL: UPDATE `xcx_menu` SET `listorder`='0' WHERE `id` = 74 [ RunTime:0.0002s ]
SQL: UPDATE `xcx_menu` SET `listorder`='3' WHERE `id` = 75 [ RunTime:0.0001s ]
SQL: UPDATE `xcx_menu` SET `listorder`='0' WHERE `id` = 76 [ RunTime:0.0001s ]
SQL: UPDATE `xcx_menu` SET `listorder`='0' WHERE `id` = 77 [ RunTime:0.0001s ]
SQL: UPDATE `xcx_menu` SET `listorder`='1000' WHERE `id` = 78 [ RunTime:0.0001s ]
SQL: UPDATE `xcx_menu` SET `listorder`='1000' WHERE `id` = 79 [ RunTime:0.0001s ]
SQL: UPDATE `xcx_menu` SET `listorder`='0' WHERE `id` = 80 [ RunTime:0.0001s ]
SQL: UPDATE `xcx_menu` SET `listorder`='1000' WHERE `id` = 81 [ RunTime:0.0001s ]
SQL: UPDATE `xcx_menu` SET `listorder`='0' WHERE `id` = 82 [ RunTime:0.0001s ]
SQL: UPDATE `xcx_menu` SET `listorder`='4' WHERE `id` = 83 [ RunTime:0.0001s ]
SQL: UPDATE `xcx_menu` SET `listorder`='0' WHERE `id` = 84 [ RunTime:0.0001s ]

[ 2017-10-19T15:35:44+08:00 ] 127.0.0.1 /index.php?g=Admin&m=Menu&a=index
NOTIC: D方法实例化没找到模型类Common\Model\AuthRuleModel

[ 2017-10-19T15:36:39+08:00 ] 127.0.0.1 /index.php?g=Admin&m=Menu&a=index
NOTIC: D方法实例化没找到模型类Common\Model\AuthRuleModel

[ 2017-10-19T15:37:03+08:00 ] 127.0.0.1 /index.php?g=Admin&m=Menu&a=listorders
INFO: [ app_begin ] --START--
INFO: Run Behavior\ReadHtmlCacheBehavior [ RunTime:0.000350s ]
INFO: Run Behavior\CheckLangBehavior [ RunTime:0.000970s ]
INFO: Run Common\Behavior\UrldecodeGetBehavior [ RunTime:0.000386s ]
INFO: [ app_begin ] --END-- [ RunTime:0.002294s ]
INFO: [ admin_begin ] --START--
INFO: Run Common\Behavior\AdminDefaultLangBehavior [ RunTime:0.001512s ]
INFO: [ admin_begin ] --END-- [ RunTime:0.001660s ]
SQL: SHOW COLUMNS FROM `xcx_users` [ RunTime:0.0009s ]
SQL: SELECT * FROM `xcx_users` WHERE `id` = '1' LIMIT 1   [ RunTime:0.0019s ]
SQL: SHOW COLUMNS FROM `xcx_menu` [ RunTime:0.0009s ]
NOTIC: D方法实例化没找到模型类Common\Model\AuthRuleModel
SQL: SHOW COLUMNS FROM `xcx_auth_rule` [ RunTime:0.0004s ]
SQL: UPDATE `xcx_menu` SET `listorder`='0' WHERE `id` = 187 [ RunTime:0.0003s ]
SQL: UPDATE `xcx_menu` SET `listorder`='0' WHERE `id` = 188 [ RunTime:0.0002s ]
SQL: UPDATE `xcx_menu` SET `listorder`='10' WHERE `id` = 132 [ RunTime:0.0002s ]
SQL: UPDATE `xcx_menu` SET `listorder`='0' WHERE `id` = 133 [ RunTime:0.0002s ]
SQL: UPDATE `xcx_menu` SET `listorder`='0' WHERE `id` = 134 [ RunTime:0.0002s ]
SQL: UPDATE `xcx_menu` SET `listorder`='0' WHERE `id` = 135 [ RunTime:0.0002s ]
SQL: UPDATE `xcx_menu` SET `listorder`='0' WHERE `id` = 136 [ RunTime:0.0002s ]
SQL: UPDATE `xcx_menu` SET `listorder`='0' WHERE `id` = 137 [ RunTime:0.0002s ]
SQL: UPDATE `xcx_menu` SET `listorder`='0' WHERE `id` = 138 [ RunTime:0.0002s ]
SQL: UPDATE `xcx_menu` SET `listorder`='0' WHERE `id` = 139 [ RunTime:0.0002s ]
SQL: UPDATE `xcx_menu` SET `listorder`='0' WHERE `id` = 140 [ RunTime:0.0002s ]
SQL: UPDATE `xcx_menu` SET `listorder`='1000' WHERE `id` = 141 [ RunTime:0.0003s ]
SQL: UPDATE `xcx_menu` SET `listorder`='1000' WHERE `id` = 142 [ RunTime:0.0002s ]
SQL: UPDATE `xcx_menu` SET `listorder`='0' WHERE `id` = 143 [ RunTime:0.0002s ]
SQL: UPDATE `xcx_menu` SET `listorder`='1000' WHERE `id` = 144 [ RunTime:0.0002s ]
SQL: UPDATE `xcx_menu` SET `listorder`='0' WHERE `id` = 145 [ RunTime:0.0002s ]
SQL: UPDATE `xcx_menu` SET `listorder`='1000' WHERE `id` = 146 [ RunTime:0.0002s ]
SQL: UPDATE `xcx_menu` SET `listorder`='1000' WHERE `id` = 147 [ RunTime:0.0002s ]
SQL: UPDATE `xcx_menu` SET `listorder`='0' WHERE `id` = 148 [ RunTime:0.0002s ]
SQL: UPDATE `xcx_menu` SET `listorder`='0' WHERE `id` = 149 [ RunTime:0.0002s ]
SQL: UPDATE `xcx_menu` SET `listorder`='0' WHERE `id` = 160 [ RunTime:0.0002s ]
SQL: UPDATE `xcx_menu` SET `listorder`='0' WHERE `id` = 161 [ RunTime:0.0010s ]
SQL: UPDATE `xcx_menu` SET `listorder`='1000' WHERE `id` = 150 [ RunTime:0.0015s ]
SQL: UPDATE `xcx_menu` SET `listorder`='1000' WHERE `id` = 151 [ RunTime:0.0005s ]
SQL: UPDATE `xcx_menu` SET `listorder`='0' WHERE `id` = 152 [ RunTime:0.0003s ]
SQL: UPDATE `xcx_menu` SET `listorder`='1000' WHERE `id` = 153 [ RunTime:0.0002s ]
SQL: UPDATE `xcx_menu` SET `listorder`='0' WHERE `id` = 154 [ RunTime:0.0002s ]
SQL: UPDATE `xcx_menu` SET `listorder`='20' WHERE `id` = 85 [ RunTime:0.0002s ]
SQL: UPDATE `xcx_menu` SET `listorder`='0' WHERE `id` = 86 [ RunTime:0.0002s ]
SQL: UPDATE `xcx_menu` SET `listorder`='0' WHERE `id` = 87 [ RunTime:0.0002s ]
SQL: UPDATE `xcx_menu` SET `listorder`='0' WHERE `id` = 88 [ RunTime:0.0002s ]
SQL: UPDATE `xcx_menu` SET `listorder`='1000' WHERE `id` = 89 [ RunTime:0.0002s ]
SQL: UPDATE `xcx_menu` SET `listorder`='1000' WHERE `id` = 90 [ RunTime:0.0002s ]
SQL: UPDATE `xcx_menu` SET `listorder`='0' WHERE `id` = 91 [ RunTime:0.0002s ]
SQL: UPDATE `xcx_menu` SET `listorder`='1000' WHERE `id` = 92 [ RunTime:0.0002s ]
SQL: UPDATE `xcx_menu` SET `listorder`='0' WHERE `id` = 93 [ RunTime:0.0002s ]
SQL: UPDATE `xcx_menu` SET `listorder`='0' WHERE `id` = 94 [ RunTime:0.0002s ]
SQL: UPDATE `xcx_menu` SET `listorder`='1000' WHERE `id` = 95 [ RunTime:0.0002s ]
SQL: UPDATE `xcx_menu` SET `listorder`='1000' WHERE `id` = 96 [ RunTime:0.0002s ]
SQL: UPDATE `xcx_menu` SET `listorder`='0' WHERE `id` = 97 [ RunTime:0.0002s ]
SQL: UPDATE `xcx_menu` SET `listorder`='1000' WHERE `id` = 98 [ RunTime:0.0005s ]
SQL: UPDATE `xcx_menu` SET `listorder`='0' WHERE `id` = 99 [ RunTime:0.0014s ]
SQL: UPDATE `xcx_menu` SET `listorder`='0' WHERE `id` = 100 [ RunTime:0.0003s ]
SQL: UPDATE `xcx_menu` SET `listorder`='0' WHERE `id` = 101 [ RunTime:0.0002s ]
SQL: UPDATE `xcx_menu` SET `listorder`='0' WHERE `id` = 102 [ RunTime:0.0002s ]
SQL: UPDATE `xcx_menu` SET `listorder`='0' WHERE `id` = 103 [ RunTime:0.0002s ]
SQL: UPDATE `xcx_menu` SET `listorder`='0' WHERE `id` = 174 [ RunTime:0.0002s ]
SQL: UPDATE `xcx_menu` SET `listorder`='0' WHERE `id` = 175 [ RunTime:0.0002s ]
SQL: UPDATE `xcx_menu` SET `listorder`='0' WHERE `id` = 176 [ RunTime:0.0002s ]
SQL: UPDATE `xcx_menu` SET `listorder`='0' WHERE `id` = 177 [ RunTime:0.0002s ]
SQL: UPDATE `xcx_menu` SET `listorder`='1000' WHERE `id` = 104 [ RunTime:0.0002s ]
SQL: UPDATE `xcx_menu` SET `listorder`='1000' WHERE `id` = 105 [ RunTime:0.0002s ]
SQL: UPDATE `xcx_menu` SET `listorder`='0' WHERE `id` = 106 [ RunTime:0.0002s ]
SQL: UPDATE `xcx_menu` SET `listorder`='1000' WHERE `id` = 107 [ RunTime:0.0002s ]
SQL: UPDATE `xcx_menu` SET `listorder`='1000' WHERE `id` = 108 [ RunTime:0.0003s ]
SQL: UPDATE `xcx_menu` SET `listorder`='30' WHERE `id` = 1 [ RunTime:0.0002s ]
SQL: UPDATE `xcx_menu` SET `listorder`='0' WHERE `id` = 2 [ RunTime:0.0002s ]
SQL: UPDATE `xcx_menu` SET `listorder`='0' WHERE `id` = 3 [ RunTime:0.0002s ]
SQL: UPDATE `xcx_menu` SET `listorder`='0' WHERE `id` = 4 [ RunTime:0.0002s ]
SQL: UPDATE `xcx_menu` SET `listorder`='0' WHERE `id` = 5 [ RunTime:0.0002s ]
SQL: UPDATE `xcx_menu` SET `listorder`='0' WHERE `id` = 6 [ RunTime:0.0002s ]
SQL: UPDATE `xcx_menu` SET `listorder`='1' WHERE `id` = 7 [ RunTime:0.0002s ]
SQL: UPDATE `xcx_menu` SET `listorder`='0' WHERE `id` = 8 [ RunTime:0.0010s ]
SQL: UPDATE `xcx_menu` SET `listorder`='0' WHERE `id` = 9 [ RunTime:0.0013s ]
SQL: UPDATE `xcx_menu` SET `listorder`='0' WHERE `id` = 10 [ RunTime:0.0003s ]
SQL: UPDATE `xcx_menu` SET `listorder`='0' WHERE `id` = 169 [ RunTime:0.0003s ]
SQL: UPDATE `xcx_menu` SET `listorder`='1000' WHERE `id` = 11 [ RunTime:0.0002s ]
SQL: UPDATE `xcx_menu` SET `listorder`='1000' WHERE `id` = 12 [ RunTime:0.0003s ]
SQL: UPDATE `xcx_menu` SET `listorder`='1000' WHERE `id` = 13 [ RunTime:0.0002s ]
SQL: UPDATE `xcx_menu` SET `listorder`='1000' WHERE `id` = 14 [ RunTime:0.0002s ]
SQL: UPDATE `xcx_menu` SET `listorder`='0' WHERE `id` = 15 [ RunTime:0.0002s ]
SQL: UPDATE `xcx_menu` SET `listorder`='1000' WHERE `id` = 16 [ RunTime:0.0002s ]
SQL: UPDATE `xcx_menu` SET `listorder`='0' WHERE `id` = 17 [ RunTime:0.0002s ]
SQL: UPDATE `xcx_menu` SET `listorder`='2' WHERE `id` = 18 [ RunTime:0.0002s ]
SQL: UPDATE `xcx_menu` SET `listorder`='0' WHERE `id` = 19 [ RunTime:0.0002s ]
SQL: UPDATE `xcx_menu` SET `listorder`='1000' WHERE `id` = 20 [ RunTime:0.0002s ]
SQL: UPDATE `xcx_menu` SET `listorder`='1000' WHERE `id` = 21 [ RunTime:0.0001s ]
SQL: UPDATE `xcx_menu` SET `listorder`='0' WHERE `id` = 22 [ RunTime:0.0002s ]
SQL: UPDATE `xcx_menu` SET `listorder`='1000' WHERE `id` = 23 [ RunTime:0.0002s ]
SQL: UPDATE `xcx_menu` SET `listorder`='0' WHERE `id` = 24 [ RunTime:0.0002s ]
SQL: UPDATE `xcx_menu` SET `listorder`='3' WHERE `id` = 25 [ RunTime:0.0002s ]
SQL: UPDATE `xcx_menu` SET `listorder`='0' WHERE `id` = 26 [ RunTime:0.0002s ]
SQL: UPDATE `xcx_menu` SET `listorder`='1000' WHERE `id` = 27 [ RunTime:0.0002s ]
SQL: UPDATE `xcx_menu` SET `listorder`='1000' WHERE `id` = 28 [ RunTime:0.0002s ]
SQL: UPDATE `xcx_menu` SET `listorder`='0' WHERE `id` = 29 [ RunTime:0.0006s ]
SQL: UPDATE `xcx_menu` SET `listorder`='1000' WHERE `id` = 30 [ RunTime:0.0016s ]
SQL: UPDATE `xcx_menu` SET `listorder`='0' WHERE `id` = 31 [ RunTime:0.0004s ]
SQL: UPDATE `xcx_menu` SET `listorder`='4' WHERE `id` = 32 [ RunTime:0.0002s ]
SQL: UPDATE `xcx_menu` SET `listorder`='0' WHERE `id` = 33 [ RunTime:0.0002s ]
SQL: UPDATE `xcx_menu` SET `listorder`='1000' WHERE `id` = 34 [ RunTime:0.0002s ]
SQL: UPDATE `xcx_menu` SET `listorder`='1000' WHERE `id` = 35 [ RunTime:0.0002s ]
SQL: UPDATE `xcx_menu` SET `listorder`='1' WHERE `id` = 36 [ RunTime:0.0002s ]
SQL: UPDATE `xcx_menu` SET `listorder`='1000' WHERE `id` = 37 [ RunTime:0.0001s ]
SQL: UPDATE `xcx_menu` SET `listorder`='1000' WHERE `id` = 38 [ RunTime:0.0001s ]
SQL: UPDATE `xcx_menu` SET `listorder`='90' WHERE `id` = 39 [ RunTime:0.0002s ]
SQL: UPDATE `xcx_menu` SET `listorder`='0' WHERE `id` = 40 [ RunTime:0.0001s ]
SQL: UPDATE `xcx_menu` SET `listorder`='0' WHERE `id` = 41 [ RunTime:0.0001s ]
SQL: UPDATE `xcx_menu` SET `listorder`='0' WHERE `id` = 42 [ RunTime:0.0001s ]
SQL: UPDATE `xcx_menu` SET `listorder`='0' WHERE `id` = 43 [ RunTime:0.0001s ]
SQL: UPDATE `xcx_menu` SET `listorder`='1000' WHERE `id` = 44 [ RunTime:0.0002s ]
SQL: UPDATE `xcx_menu` SET `listorder`='1000' WHERE `id` = 45 [ RunTime:0.0002s ]
SQL: UPDATE `xcx_menu` SET `listorder`='1000' WHERE `id` = 46 [ RunTime:0.0002s ]
SQL: UPDATE `xcx_menu` SET `listorder`='0' WHERE `id` = 47 [ RunTime:0.0002s ]
SQL: UPDATE `xcx_menu` SET `listorder`='0' WHERE `id` = 48 [ RunTime:0.0002s ]
SQL: UPDATE `xcx_menu` SET `listorder`='0' WHERE `id` = 49 [ RunTime:0.0002s ]
SQL: UPDATE `xcx_menu` SET `listorder`='0' WHERE `id` = 50 [ RunTime:0.0002s ]
SQL: UPDATE `xcx_menu` SET `listorder`='0' WHERE `id` = 51 [ RunTime:0.0002s ]
SQL: UPDATE `xcx_menu` SET `listorder`='0' WHERE `id` = 52 [ RunTime:0.0011s ]
SQL: UPDATE `xcx_menu` SET `listorder`='0' WHERE `id` = 155 [ RunTime:0.0014s ]
SQL: UPDATE `xcx_menu` SET `listorder`='1' WHERE `id` = 53 [ RunTime:0.0004s ]
SQL: UPDATE `xcx_menu` SET `listorder`='0' WHERE `id` = 54 [ RunTime:0.0003s ]
SQL: UPDATE `xcx_menu` SET `listorder`='0' WHERE `id` = 55 [ RunTime:0.0002s ]
SQL: UPDATE `xcx_menu` SET `listorder`='0' WHERE `id` = 56 [ RunTime:0.0002s ]
SQL: UPDATE `xcx_menu` SET `listorder`='0' WHERE `id` = 158 [ RunTime:0.0002s ]
SQL: UPDATE `xcx_menu` SET `listorder`='0' WHERE `id` = 159 [ RunTime:0.0003s ]
SQL: UPDATE `xcx_menu` SET `listorder`='1000' WHERE `id` = 57 [ RunTime:0.0002s ]
SQL: UPDATE `xcx_menu` SET `listorder`='1000' WHERE `id` = 58 [ RunTime:0.0002s ]
SQL: UPDATE `xcx_menu` SET `listorder`='0' WHERE `id` = 59 [ RunTime:0.0002s ]
SQL: UPDATE `xcx_menu` SET `listorder`='1000' WHERE `id` = 60 [ RunTime:0.0002s ]
SQL: UPDATE `xcx_menu` SET `listorder`='0' WHERE `id` = 61 [ RunTime:0.0002s ]
SQL: UPDATE `xcx_menu` SET `listorder`='0' WHERE `id` = 62 [ RunTime:0.0002s ]
SQL: UPDATE `xcx_menu` SET `listorder`='1000' WHERE `id` = 63 [ RunTime:0.0002s ]
SQL: UPDATE `xcx_menu` SET `listorder`='1000' WHERE `id` = 64 [ RunTime:0.0002s ]
SQL: UPDATE `xcx_menu` SET `listorder`='0' WHERE `id` = 65 [ RunTime:0.0002s ]
SQL: UPDATE `xcx_menu` SET `listorder`='1000' WHERE `id` = 66 [ RunTime:0.0002s ]
SQL: UPDATE `xcx_menu` SET `listorder`='0' WHERE `id` = 67 [ RunTime:0.0002s ]
SQL: UPDATE `xcx_menu` SET `listorder`='2' WHERE `id` = 68 [ RunTime:0.0002s ]
SQL: UPDATE `xcx_menu` SET `listorder`='0' WHERE `id` = 69 [ RunTime:0.0001s ]
SQL: UPDATE `xcx_menu` SET `listorder`='1000' WHERE `id` = 70 [ RunTime:0.0002s ]
SQL: UPDATE `xcx_menu` SET `listorder`='1000' WHERE `id` = 71 [ RunTime:0.0002s ]
SQL: UPDATE `xcx_menu` SET `listorder`='0' WHERE `id` = 72 [ RunTime:0.0002s ]
SQL: UPDATE `xcx_menu` SET `listorder`='1000' WHERE `id` = 73 [ RunTime:0.0009s ]
SQL: UPDATE `xcx_menu` SET `listorder`='0' WHERE `id` = 74 [ RunTime:0.0003s ]
SQL: UPDATE `xcx_menu` SET `listorder`='3' WHERE `id` = 75 [ RunTime:0.0002s ]
SQL: UPDATE `xcx_menu` SET `listorder`='0' WHERE `id` = 76 [ RunTime:0.0002s ]
SQL: UPDATE `xcx_menu` SET `listorder`='0' WHERE `id` = 77 [ RunTime:0.0002s ]
SQL: UPDATE `xcx_menu` SET `listorder`='1000' WHERE `id` = 78 [ RunTime:0.0001s ]
SQL: UPDATE `xcx_menu` SET `listorder`='1000' WHERE `id` = 79 [ RunTime:0.0001s ]
SQL: UPDATE `xcx_menu` SET `listorder`='0' WHERE `id` = 80 [ RunTime:0.0001s ]
SQL: UPDATE `xcx_menu` SET `listorder`='1000' WHERE `id` = 81 [ RunTime:0.0001s ]
SQL: UPDATE `xcx_menu` SET `listorder`='0' WHERE `id` = 82 [ RunTime:0.0002s ]
SQL: UPDATE `xcx_menu` SET `listorder`='4' WHERE `id` = 83 [ RunTime:0.0002s ]
SQL: UPDATE `xcx_menu` SET `listorder`='0' WHERE `id` = 84 [ RunTime:0.0002s ]
SQL: UPDATE `xcx_menu` SET `listorder`='100' WHERE `id` = 109 [ RunTime:0.0002s ]
SQL: UPDATE `xcx_menu` SET `listorder`='0' WHERE `id` = 110 [ RunTime:0.0001s ]
SQL: UPDATE `xcx_menu` SET `listorder`='0' WHERE `id` = 111 [ RunTime:0.0001s ]
SQL: UPDATE `xcx_menu` SET `listorder`='0' WHERE `id` = 112 [ RunTime:0.0001s ]
SQL: UPDATE `xcx_menu` SET `listorder`='0' WHERE `id` = 113 [ RunTime:0.0001s ]
SQL: UPDATE `xcx_menu` SET `listorder`='0' WHERE `id` = 114 [ RunTime:0.0001s ]
SQL: UPDATE `xcx_menu` SET `listorder`='0' WHERE `id` = 115 [ RunTime:0.0001s ]
SQL: UPDATE `xcx_menu` SET `listorder`='0' WHERE `id` = 116 [ RunTime:0.0001s ]
SQL: UPDATE `xcx_menu` SET `listorder`='0' WHERE `id` = 117 [ RunTime:0.0001s ]
SQL: UPDATE `xcx_menu` SET `listorder`='0' WHERE `id` = 118 [ RunTime:0.0001s ]
SQL: UPDATE `xcx_menu` SET `listorder`='0' WHERE `id` = 119 [ RunTime:0.0001s ]
SQL: UPDATE `xcx_menu` SET `listorder`='0' WHERE `id` = 120 [ RunTime:0.0001s ]
SQL: UPDATE `xcx_menu` SET `listorder`='0' WHERE `id` = 121 [ RunTime:0.0001s ]
SQL: UPDATE `xcx_menu` SET `listorder`='0' WHERE `id` = 122 [ RunTime:0.0001s ]
SQL: UPDATE `xcx_menu` SET `listorder`='0' WHERE `id` = 123 [ RunTime:0.0001s ]
SQL: UPDATE `xcx_menu` SET `listorder`='0' WHERE `id` = 124 [ RunTime:0.0001s ]
SQL: UPDATE `xcx_menu` SET `listorder`='0' WHERE `id` = 125 [ RunTime:0.0001s ]
SQL: UPDATE `xcx_menu` SET `listorder`='0' WHERE `id` = 126 [ RunTime:0.0001s ]
SQL: UPDATE `xcx_menu` SET `listorder`='0' WHERE `id` = 127 [ RunTime:0.0002s ]
SQL: UPDATE `xcx_menu` SET `listorder`='0' WHERE `id` = 128 [ RunTime:0.0001s ]
SQL: UPDATE `xcx_menu` SET `listorder`='0' WHERE `id` = 166 [ RunTime:0.0002s ]
SQL: UPDATE `xcx_menu` SET `listorder`='0' WHERE `id` = 129 [ RunTime:0.0001s ]
SQL: UPDATE `xcx_menu` SET `listorder`='0' WHERE `id` = 130 [ RunTime:0.0001s ]
SQL: UPDATE `xcx_menu` SET `listorder`='0' WHERE `id` = 156 [ RunTime:0.0001s ]
SQL: UPDATE `xcx_menu` SET `listorder`='0' WHERE `id` = 157 [ RunTime:0.0001s ]
SQL: UPDATE `xcx_menu` SET `listorder`='0' WHERE `id` = 167 [ RunTime:0.0001s ]
SQL: UPDATE `xcx_menu` SET `listorder`='0' WHERE `id` = 168 [ RunTime:0.0002s ]
SQL: UPDATE `xcx_menu` SET `listorder`='1' WHERE `id` = 131 [ RunTime:0.0001s ]

[ 2017-10-19T15:37:04+08:00 ] 127.0.0.1 /index.php?g=Admin&m=Menu&a=index
NOTIC: D方法实例化没找到模型类Common\Model\AuthRuleModel

[ 2017-10-19T15:37:13+08:00 ] 127.0.0.1 /index.php?g=Admin&m=Menu&a=edit&id=187&menuid=
NOTIC: D方法实例化没找到模型类Common\Model\AuthRuleModel

[ 2017-10-19T15:37:15+08:00 ] 127.0.0.1 /index.php?g=Admin&m=Menu&a=add&parentid=187&menuid=
NOTIC: D方法实例化没找到模型类Common\Model\AuthRuleModel

[ 2017-10-19T15:37:30+08:00 ] 127.0.0.1 /index.php?g=Admin&m=Menu&a=edit&id=18&menuid=
NOTIC: D方法实例化没找到模型类Common\Model\AuthRuleModel

[ 2017-10-19T15:38:41+08:00 ] 127.0.0.1 /index.php?g=Admin&m=Menu&a=add_post
INFO: [ app_begin ] --START--
INFO: Run Behavior\ReadHtmlCacheBehavior [ RunTime:0.000467s ]
INFO: Run Behavior\CheckLangBehavior [ RunTime:0.001210s ]
INFO: Run Common\Behavior\UrldecodeGetBehavior [ RunTime:0.000409s ]
INFO: [ app_begin ] --END-- [ RunTime:0.002498s ]
INFO: [ admin_begin ] --START--
INFO: Run Common\Behavior\AdminDefaultLangBehavior [ RunTime:0.001109s ]
INFO: [ admin_begin ] --END-- [ RunTime:0.001200s ]
SQL: SHOW COLUMNS FROM `xcx_users` [ RunTime:0.0009s ]
SQL: SELECT * FROM `xcx_users` WHERE `id` = '1' LIMIT 1   [ RunTime:0.0004s ]
SQL: SHOW COLUMNS FROM `xcx_menu` [ RunTime:0.0005s ]
NOTIC: D方法实例化没找到模型类Common\Model\AuthRuleModel
SQL: SHOW COLUMNS FROM `xcx_auth_rule` [ RunTime:0.0004s ]
NOTIC: [8] Undefined index: validate D:\Work\thinkcmf\ThinkCMFX\simplewind\Core\Library\Think\Model.class.php 第 1185 行.
SQL: SELECT * FROM `xcx_menu` WHERE `app` = 'Portal' AND `model` = 'AdminInfoTerm' AND `action` = 'index' LIMIT 1   [ RunTime:0.0003s ]
SQL: SELECT `parentid` FROM `xcx_menu` WHERE `id` = 187 LIMIT 1   [ RunTime:0.0002s ]
NOTIC: [8] Undefined index: auto D:\Work\thinkcmf\ThinkCMFX\simplewind\Core\Library\Think\Model.class.php 第 1128 行.
SQL: INSERT INTO `xcx_menu` (`parentid`,`name`,`app`,`model`,`action`,`data`,`icon`,`remark`,`status`,`type`) VALUES ('187','分类管理','Portal','AdminInfoTerm','index','','','','1','1') [ RunTime:0.0003s ]
SQL: SELECT COUNT(*) AS tp_count FROM `xcx_auth_rule` WHERE `name` = 'portal/admininfoterm/index' LIMIT 1   [ RunTime:0.0002s ]
SQL: INSERT INTO `xcx_auth_rule` (`name`,`module`,`type`,`title`) VALUES ('portal/admininfoterm/index','Portal','admin_url','分类管理') [ RunTime:0.0002s ]
SQL: SELECT * FROM `xcx_menu` WHERE `app` = 'Portal' ORDER BY `listorder` ASC,`app` ASC,`model` ASC,`action` ASC  [ RunTime:0.0005s ]
NOTIC: [2] mkdir(): File exists D:\Work\thinkcmf\ThinkCMFX\application\Admin\Controller\MenuController.class.php 第 247 行.

[ 2017-10-19T15:38:41+08:00 ] 127.0.0.1 /index.php?g=Admin&m=Menu&a=index
NOTIC: D方法实例化没找到模型类Common\Model\AuthRuleModel

[ 2017-10-19T15:38:56+08:00 ] 127.0.0.1 /index.php?g=Admin&m=Menu&a=add&parentid=188&menuid=
NOTIC: D方法实例化没找到模型类Common\Model\AuthRuleModel

[ 2017-10-19T15:39:00+08:00 ] 127.0.0.1 /index.php?g=Admin&m=Menu&a=edit&id=189&menuid=
NOTIC: D方法实例化没找到模型类Common\Model\AuthRuleModel

[ 2017-10-19T15:39:33+08:00 ] 127.0.0.1 /index.php?g=Admin&m=Menu&a=add_post
INFO: [ app_begin ] --START--
INFO: Run Behavior\ReadHtmlCacheBehavior [ RunTime:0.000689s ]
INFO: Run Behavior\CheckLangBehavior [ RunTime:0.001702s ]
INFO: Run Common\Behavior\UrldecodeGetBehavior [ RunTime:0.000416s ]
INFO: [ app_begin ] --END-- [ RunTime:0.003299s ]
INFO: [ admin_begin ] --START--
INFO: Run Common\Behavior\AdminDefaultLangBehavior [ RunTime:0.002152s ]
INFO: [ admin_begin ] --END-- [ RunTime:0.002343s ]
SQL: SHOW COLUMNS FROM `xcx_users` [ RunTime:0.0006s ]
SQL: SELECT * FROM `xcx_users` WHERE `id` = '1' LIMIT 1   [ RunTime:0.0003s ]
SQL: SHOW COLUMNS FROM `xcx_menu` [ RunTime:0.0007s ]
NOTIC: D方法实例化没找到模型类Common\Model\AuthRuleModel
SQL: SHOW COLUMNS FROM `xcx_auth_rule` [ RunTime:0.0008s ]
NOTIC: [8] Undefined index: validate D:\Work\thinkcmf\ThinkCMFX\simplewind\Core\Library\Think\Model.class.php 第 1185 行.
SQL: SELECT * FROM `xcx_menu` WHERE `app` = 'Portal' AND `model` = 'AdminCicleTerm' AND `action` = 'index' LIMIT 1   [ RunTime:0.0003s ]
SQL: SELECT `parentid` FROM `xcx_menu` WHERE `id` = 188 LIMIT 1   [ RunTime:0.0003s ]
NOTIC: [8] Undefined index: auto D:\Work\thinkcmf\ThinkCMFX\simplewind\Core\Library\Think\Model.class.php 第 1128 行.
SQL: INSERT INTO `xcx_menu` (`parentid`,`name`,`app`,`model`,`action`,`data`,`icon`,`remark`,`status`,`type`) VALUES ('188','分类管理','Portal','AdminCicleTerm','index','','','','1','1') [ RunTime:0.0003s ]
SQL: SELECT COUNT(*) AS tp_count FROM `xcx_auth_rule` WHERE `name` = 'portal/admincicleterm/index' LIMIT 1   [ RunTime:0.0002s ]
SQL: INSERT INTO `xcx_auth_rule` (`name`,`module`,`type`,`title`) VALUES ('portal/admincicleterm/index','Portal','admin_url','分类管理') [ RunTime:0.0003s ]
SQL: SELECT * FROM `xcx_menu` WHERE `app` = 'Portal' ORDER BY `listorder` ASC,`app` ASC,`model` ASC,`action` ASC  [ RunTime:0.0006s ]
NOTIC: [2] mkdir(): File exists D:\Work\thinkcmf\ThinkCMFX\application\Admin\Controller\MenuController.class.php 第 247 行.

[ 2017-10-19T15:39:33+08:00 ] 127.0.0.1 /index.php?g=Admin&m=Menu&a=index
NOTIC: D方法实例化没找到模型类Common\Model\AuthRuleModel

[ 2017-10-19T15:40:46+08:00 ] 127.0.0.1 /index.php?g=Admin&m=Menu&a=index
NOTIC: D方法实例化没找到模型类Common\Model\AuthRuleModel

[ 2017-10-19T15:40:49+08:00 ] 127.0.0.1 /index.php?g=Admin&m=Menu&a=add&parentid=187&menuid=
NOTIC: D方法实例化没找到模型类Common\Model\AuthRuleModel

[ 2017-10-19T15:40:50+08:00 ] 127.0.0.1 /index.php?g=Admin&m=Menu&a=add&parentid=188&menuid=
NOTIC: D方法实例化没找到模型类Common\Model\AuthRuleModel

[ 2017-10-19T15:40:58+08:00 ] 127.0.0.1 /index.php?g=Admin&m=Menu&a=edit&id=7&menuid=
NOTIC: D方法实例化没找到模型类Common\Model\AuthRuleModel

[ 2017-10-19T15:41:26+08:00 ] 127.0.0.1 /index.php?g=Admin&m=Menu&a=add_post
INFO: [ app_begin ] --START--
INFO: Run Behavior\ReadHtmlCacheBehavior [ RunTime:0.001364s ]
INFO: Run Behavior\CheckLangBehavior [ RunTime:0.002079s ]
INFO: Run Common\Behavior\UrldecodeGetBehavior [ RunTime:0.000390s ]
INFO: [ app_begin ] --END-- [ RunTime:0.005447s ]
INFO: [ admin_begin ] --START--
INFO: Run Common\Behavior\AdminDefaultLangBehavior [ RunTime:0.001720s ]
INFO: [ admin_begin ] --END-- [ RunTime:0.001815s ]
SQL: SHOW COLUMNS FROM `xcx_users` [ RunTime:0.0007s ]
SQL: SELECT * FROM `xcx_users` WHERE `id` = '1' LIMIT 1   [ RunTime:0.0003s ]
SQL: SHOW COLUMNS FROM `xcx_menu` [ RunTime:0.0005s ]
NOTIC: D方法实例化没找到模型类Common\Model\AuthRuleModel
SQL: SHOW COLUMNS FROM `xcx_auth_rule` [ RunTime:0.0004s ]
NOTIC: [8] Undefined index: validate D:\Work\thinkcmf\ThinkCMFX\simplewind\Core\Library\Think\Model.class.php 第 1185 行.
SQL: SELECT * FROM `xcx_menu` WHERE `app` = 'Portal' AND `model` = 'AdminInfoPost' AND `action` = 'index' LIMIT 1   [ RunTime:0.0002s ]
SQL: SELECT `parentid` FROM `xcx_menu` WHERE `id` = 187 LIMIT 1   [ RunTime:0.0002s ]
NOTIC: [8] Undefined index: auto D:\Work\thinkcmf\ThinkCMFX\simplewind\Core\Library\Think\Model.class.php 第 1128 行.
SQL: INSERT INTO `xcx_menu` (`parentid`,`name`,`app`,`model`,`action`,`data`,`icon`,`remark`,`status`,`type`) VALUES ('187','文章管理','Portal','AdminInfoPost','index','','','','1','1') [ RunTime:0.0004s ]
SQL: SELECT COUNT(*) AS tp_count FROM `xcx_auth_rule` WHERE `name` = 'portal/admininfopost/index' LIMIT 1   [ RunTime:0.0003s ]
SQL: INSERT INTO `xcx_auth_rule` (`name`,`module`,`type`,`title`) VALUES ('portal/admininfopost/index','Portal','admin_url','文章管理') [ RunTime:0.0003s ]
SQL: SELECT * FROM `xcx_menu` WHERE `app` = 'Portal' ORDER BY `listorder` ASC,`app` ASC,`model` ASC,`action` ASC  [ RunTime:0.0005s ]
NOTIC: [2] mkdir(): File exists D:\Work\thinkcmf\ThinkCMFX\application\Admin\Controller\MenuController.class.php 第 247 行.

[ 2017-10-19T15:41:26+08:00 ] 127.0.0.1 /index.php?g=Admin&m=Menu&a=index
NOTIC: D方法实例化没找到模型类Common\Model\AuthRuleModel

[ 2017-10-19T15:41:32+08:00 ] 127.0.0.1 /index.php?g=Admin&m=Menu&a=add_post
INFO: [ app_begin ] --START--
INFO: Run Behavior\ReadHtmlCacheBehavior [ RunTime:0.000851s ]
INFO: Run Behavior\CheckLangBehavior [ RunTime:0.001779s ]
INFO: Run Common\Behavior\UrldecodeGetBehavior [ RunTime:0.000385s ]
INFO: [ app_begin ] --END-- [ RunTime:0.003512s ]
INFO: [ admin_begin ] --START--
INFO: Run Common\Behavior\AdminDefaultLangBehavior [ RunTime:0.001736s ]
INFO: [ admin_begin ] --END-- [ RunTime:0.001828s ]
SQL: SHOW COLUMNS FROM `xcx_users` [ RunTime:0.0014s ]
SQL: SELECT * FROM `xcx_users` WHERE `id` = '1' LIMIT 1   [ RunTime:0.0004s ]
SQL: SHOW COLUMNS FROM `xcx_menu` [ RunTime:0.0005s ]
NOTIC: D方法实例化没找到模型类Common\Model\AuthRuleModel
SQL: SHOW COLUMNS FROM `xcx_auth_rule` [ RunTime:0.0004s ]
NOTIC: [8] Undefined index: validate D:\Work\thinkcmf\ThinkCMFX\simplewind\Core\Library\Think\Model.class.php 第 1185 行.
SQL: SELECT * FROM `xcx_menu` WHERE `app` = 'Portal' AND `model` = 'AdminCiclePost' AND `action` = 'index' LIMIT 1   [ RunTime:0.0003s ]
SQL: SELECT `parentid` FROM `xcx_menu` WHERE `id` = 188 LIMIT 1   [ RunTime:0.0002s ]
NOTIC: [8] Undefined index: auto D:\Work\thinkcmf\ThinkCMFX\simplewind\Core\Library\Think\Model.class.php 第 1128 行.
SQL: INSERT INTO `xcx_menu` (`parentid`,`name`,`app`,`model`,`action`,`data`,`icon`,`remark`,`status`,`type`) VALUES ('188','文章管理','Portal','AdminCiclePost','index','','','','1','1') [ RunTime:0.0004s ]
SQL: SELECT COUNT(*) AS tp_count FROM `xcx_auth_rule` WHERE `name` = 'portal/adminciclepost/index' LIMIT 1   [ RunTime:0.0003s ]
SQL: INSERT INTO `xcx_auth_rule` (`name`,`module`,`type`,`title`) VALUES ('portal/adminciclepost/index','Portal','admin_url','文章管理') [ RunTime:0.0003s ]
SQL: SELECT * FROM `xcx_menu` WHERE `app` = 'Portal' ORDER BY `listorder` ASC,`app` ASC,`model` ASC,`action` ASC  [ RunTime:0.0005s ]
NOTIC: [2] mkdir(): File exists D:\Work\thinkcmf\ThinkCMFX\application\Admin\Controller\MenuController.class.php 第 247 行.

[ 2017-10-19T15:41:33+08:00 ] 127.0.0.1 /index.php?g=Admin&m=Menu&a=index
NOTIC: D方法实例化没找到模型类Common\Model\AuthRuleModel

[ 2017-10-19T15:46:22+08:00 ] 127.0.0.1 /index.php?g=Admin&m=Menu&a=index
NOTIC: D方法实例化没找到模型类Common\Model\AuthRuleModel

[ 2017-10-19T15:46:28+08:00 ] 127.0.0.1 /index.php?g=Admin&m=Menu&a=edit&id=187&menuid=
NOTIC: D方法实例化没找到模型类Common\Model\AuthRuleModel

[ 2017-10-19T15:46:30+08:00 ] 127.0.0.1 /index.php?g=Admin&m=menu&a=add
NOTIC: D方法实例化没找到模型类Common\Model\AuthRuleModel

[ 2017-10-19T15:47:14+08:00 ] 127.0.0.1 /index.php?g=Admin&m=Menu&a=add_post
INFO: [ app_begin ] --START--
INFO: Run Behavior\ReadHtmlCacheBehavior [ RunTime:0.000904s ]
INFO: Run Behavior\CheckLangBehavior [ RunTime:0.001662s ]
INFO: Run Common\Behavior\UrldecodeGetBehavior [ RunTime:0.000379s ]
INFO: [ app_begin ] --END-- [ RunTime:0.003805s ]
INFO: [ admin_begin ] --START--
INFO: Run Common\Behavior\AdminDefaultLangBehavior [ RunTime:0.001575s ]
INFO: [ admin_begin ] --END-- [ RunTime:0.001697s ]
SQL: SHOW COLUMNS FROM `xcx_users` [ RunTime:0.0009s ]
SQL: SELECT * FROM `xcx_users` WHERE `id` = '1' LIMIT 1   [ RunTime:0.0006s ]
SQL: SHOW COLUMNS FROM `xcx_menu` [ RunTime:0.0005s ]
NOTIC: D方法实例化没找到模型类Common\Model\AuthRuleModel
SQL: SHOW COLUMNS FROM `xcx_auth_rule` [ RunTime:0.0003s ]
NOTIC: [8] Undefined index: validate D:\Work\thinkcmf\ThinkCMFX\simplewind\Core\Library\Think\Model.class.php 第 1185 行.
SQL: SELECT * FROM `xcx_menu` WHERE `app` = 'Portal' AND `model` = 'AdminMember' AND `action` = 'default' LIMIT 1   [ RunTime:0.0002s ]
SQL: SELECT `parentid` FROM `xcx_menu` WHERE `id` = 0 LIMIT 1   [ RunTime:0.0001s ]
NOTIC: [8] Undefined index: auto D:\Work\thinkcmf\ThinkCMFX\simplewind\Core\Library\Think\Model.class.php 第 1128 行.
SQL: INSERT INTO `xcx_menu` (`parentid`,`name`,`app`,`model`,`action`,`data`,`icon`,`remark`,`status`,`type`) VALUES ('0','会员管理','Portal','AdminMember','default','','','','1','1') [ RunTime:0.0003s ]
SQL: SELECT COUNT(*) AS tp_count FROM `xcx_auth_rule` WHERE `name` = 'portal/adminmember/default' LIMIT 1   [ RunTime:0.0002s ]
SQL: INSERT INTO `xcx_auth_rule` (`name`,`module`,`type`,`title`) VALUES ('portal/adminmember/default','Portal','admin_url','会员管理') [ RunTime:0.0003s ]
SQL: SELECT * FROM `xcx_menu` WHERE `app` = 'Portal' ORDER BY `listorder` ASC,`app` ASC,`model` ASC,`action` ASC  [ RunTime:0.0007s ]
NOTIC: [2] mkdir(): File exists D:\Work\thinkcmf\ThinkCMFX\application\Admin\Controller\MenuController.class.php 第 247 行.

[ 2017-10-19T15:47:14+08:00 ] 127.0.0.1 /index.php?g=Admin&m=Menu&a=index
NOTIC: D方法实例化没找到模型类Common\Model\AuthRuleModel

[ 2017-10-19T15:48:34+08:00 ] 127.0.0.1 /index.php?g=Admin&m=Menu&a=index
NOTIC: D方法实例化没找到模型类Common\Model\AuthRuleModel

[ 2017-10-19T15:48:42+08:00 ] 127.0.0.1 /index.php?g=Admin&m=Menu&a=edit&id=133&menuid=
NOTIC: D方法实例化没找到模型类Common\Model\AuthRuleModel

[ 2017-10-19T15:48:44+08:00 ] 127.0.0.1 /index.php?g=Admin&m=Menu&a=edit_post
INFO: [ app_begin ] --START--
INFO: Run Behavior\ReadHtmlCacheBehavior [ RunTime:0.000605s ]
INFO: Run Behavior\CheckLangBehavior [ RunTime:0.001734s ]
INFO: Run Common\Behavior\UrldecodeGetBehavior [ RunTime:0.000388s ]
INFO: [ app_begin ] --END-- [ RunTime:0.003193s ]
INFO: [ admin_begin ] --START--
INFO: Run Common\Behavior\AdminDefaultLangBehavior [ RunTime:0.002646s ]
INFO: [ admin_begin ] --END-- [ RunTime:0.002805s ]
SQL: SHOW COLUMNS FROM `xcx_users` [ RunTime:0.0006s ]
SQL: SELECT * FROM `xcx_users` WHERE `id` = '1' LIMIT 1   [ RunTime:0.0004s ]
SQL: SHOW COLUMNS FROM `xcx_menu` [ RunTime:0.0021s ]
NOTIC: D方法实例化没找到模型类Common\Model\AuthRuleModel
SQL: SHOW COLUMNS FROM `xcx_auth_rule` [ RunTime:0.0004s ]
SQL: SELECT * FROM `xcx_menu` WHERE `id` = 133 LIMIT 1   [ RunTime:0.0002s ]
NOTIC: [8] Undefined index: validate D:\Work\thinkcmf\ThinkCMFX\simplewind\Core\Library\Think\Model.class.php 第 1185 行.
SQL: SELECT `id` FROM `xcx_menu` WHERE `app` = 'User' AND `model` = 'Indexadmin' AND `action` = 'default1' LIMIT 1   [ RunTime:0.0002s ]
NOTIC: [8] Undefined index: auto D:\Work\thinkcmf\ThinkCMFX\simplewind\Core\Library\Think\Model.class.php 第 1128 行.
SQL: UPDATE `xcx_menu` SET `parentid`='132',`name`='用户组',`app`='User',`model`='Indexadmin',`action`='default1',`data`='',`icon`='',`remark`='',`status`='0',`type`='1' WHERE `id` = 133 [ RunTime:0.0004s ]
SQL: SELECT COUNT(*) AS tp_count FROM `xcx_auth_rule` WHERE `name` = 'user/indexadmin/default1' LIMIT 1   [ RunTime:0.0003s ]
SQL: UPDATE `xcx_auth_rule` SET `name`='user/indexadmin/default1',`module`='User',`type`='admin_url',`title`='用户组' WHERE `name` = 'user/indexadmin/default1' [ RunTime:0.0007s ]
SQL: SELECT * FROM `xcx_menu` WHERE `app` = 'User' ORDER BY `listorder` ASC,`app` ASC,`model` ASC,`action` ASC  [ RunTime:0.0003s ]

[ 2017-10-19T15:48:44+08:00 ] 127.0.0.1 /index.php?g=Admin&m=Menu&a=edit&id=133&menuid=
NOTIC: D方法实例化没找到模型类Common\Model\AuthRuleModel

[ 2017-10-19T15:52:31+08:00 ] 127.0.0.1 /index.php?g=Admin&m=Menu&a=index
NOTIC: D方法实例化没找到模型类Common\Model\AuthRuleModel

