[ 2017-10-31T14:13:06+08:00 ] 127.0.0.1 /index.php?g=user&m=index&a=is_login
INFO: [ app_begin ] --START--
INFO: Run Behavior\ReadHtmlCacheBehavior [ RunTime:0.000528s ]
INFO: Run Behavior\CheckLangBehavior [ RunTime:0.000907s ]
INFO: Run Common\Behavior\UrldecodeGetBehavior [ RunTime:0.000314s ]
INFO: [ app_begin ] --END-- [ RunTime:0.002452s ]
NOTIC: [8] Undefined index: url D:\Work\thinkcmf\ThinkCMFX\application\Common\Controller\AppframeController.class.php 第 22 行.

[ 2017-10-31T14:15:35+08:00 ] 127.0.0.1 /index.php?g=user&m=index&a=is_login
INFO: [ app_begin ] --START--
INFO: Run Behavior\ReadHtmlCacheBehavior [ RunTime:0.002420s ]
INFO: Run Behavior\CheckLangBehavior [ RunTime:0.002400s ]
INFO: Run Common\Behavior\UrldecodeGetBehavior [ RunTime:0.000518s ]
INFO: [ app_begin ] --END-- [ RunTime:0.007233s ]
NOTIC: [8] Undefined index: url D:\Work\thinkcmf\ThinkCMFX\application\Common\Controller\AppframeController.class.php 第 22 行.

[ 2017-10-31T14:15:55+08:00 ] 127.0.0.1 /index.php?g=user&m=index&a=is_login
INFO: [ app_begin ] --START--
INFO: Run Behavior\ReadHtmlCacheBehavior [ RunTime:0.000580s ]
INFO: Run Behavior\CheckLangBehavior [ RunTime:0.001231s ]
INFO: Run Common\Behavior\UrldecodeGetBehavior [ RunTime:0.000470s ]
INFO: [ app_begin ] --END-- [ RunTime:0.002814s ]
NOTIC: [8] Undefined index: url D:\Work\thinkcmf\ThinkCMFX\application\Common\Controller\AppframeController.class.php 第 22 行.

[ 2017-10-31T14:15:57+08:00 ] 127.0.0.1 /index.php?g=user&m=index&a=is_login
INFO: [ app_begin ] --START--
INFO: Run Behavior\ReadHtmlCacheBehavior [ RunTime:0.000385s ]
INFO: Run Behavior\CheckLangBehavior [ RunTime:0.000779s ]
INFO: Run Common\Behavior\UrldecodeGetBehavior [ RunTime:0.000845s ]
INFO: [ app_begin ] --END-- [ RunTime:0.002626s ]
NOTIC: [8] Undefined index: url D:\Work\thinkcmf\ThinkCMFX\application\Common\Controller\AppframeController.class.php 第 22 行.

[ 2017-10-31T14:16:01+08:00 ] 127.0.0.1 /index.php?g=user&m=index&a=is_login
INFO: [ app_begin ] --START--
INFO: Run Behavior\ReadHtmlCacheBehavior [ RunTime:0.000539s ]
INFO: Run Behavior\CheckLangBehavior [ RunTime:0.001210s ]
INFO: Run Common\Behavior\UrldecodeGetBehavior [ RunTime:0.000551s ]
INFO: [ app_begin ] --END-- [ RunTime:0.003169s ]
NOTIC: [8] Undefined index: url D:\Work\thinkcmf\ThinkCMFX\application\Common\Controller\AppframeController.class.php 第 22 行.

[ 2017-10-31T14:16:02+08:00 ] 127.0.0.1 /index.php?g=user&m=index&a=is_login
INFO: [ app_begin ] --START--
INFO: Run Behavior\ReadHtmlCacheBehavior [ RunTime:0.000482s ]
INFO: Run Behavior\CheckLangBehavior [ RunTime:0.000920s ]
INFO: Run Common\Behavior\UrldecodeGetBehavior [ RunTime:0.000316s ]
INFO: [ app_begin ] --END-- [ RunTime:0.002193s ]
NOTIC: [8] Undefined index: url D:\Work\thinkcmf\ThinkCMFX\application\Common\Controller\AppframeController.class.php 第 22 行.

[ 2017-10-31T14:16:05+08:00 ] 127.0.0.1 /index.php?g=user&m=index&a=is_login
INFO: [ app_begin ] --START--
INFO: Run Behavior\ReadHtmlCacheBehavior [ RunTime:0.000480s ]
INFO: Run Behavior\CheckLangBehavior [ RunTime:0.000809s ]
INFO: Run Common\Behavior\UrldecodeGetBehavior [ RunTime:0.000406s ]
INFO: [ app_begin ] --END-- [ RunTime:0.002277s ]
NOTIC: [8] Undefined index: url D:\Work\thinkcmf\ThinkCMFX\application\Common\Controller\AppframeController.class.php 第 22 行.

[ 2017-10-31T14:16:06+08:00 ] 127.0.0.1 /index.php?g=user&m=index&a=is_login
INFO: [ app_begin ] --START--
INFO: Run Behavior\ReadHtmlCacheBehavior [ RunTime:0.000846s ]
INFO: Run Behavior\CheckLangBehavior [ RunTime:0.002659s ]
INFO: Run Common\Behavior\UrldecodeGetBehavior [ RunTime:0.000411s ]
INFO: [ app_begin ] --END-- [ RunTime:0.004604s ]
NOTIC: [8] Undefined index: url D:\Work\thinkcmf\ThinkCMFX\application\Common\Controller\AppframeController.class.php 第 22 行.

[ 2017-10-31T21:20:25+08:00 ] 127.0.0.1 /index.php?g=user&m=index&a=is_login
INFO: [ app_begin ] --START--
INFO: Run Behavior\ReadHtmlCacheBehavior [ RunTime:0.000664s ]
INFO: Run Behavior\CheckLangBehavior [ RunTime:0.001192s ]
INFO: Run Common\Behavior\UrldecodeGetBehavior [ RunTime:0.000547s ]
INFO: [ app_begin ] --END-- [ RunTime:0.003252s ]
NOTIC: [8] Undefined index: url D:\Work\thinkcmf\ThinkCMFX\application\Common\Controller\AppframeController.class.php 第 22 行.

[ 2017-10-31T21:20:33+08:00 ] 127.0.0.1 /index.php?g=user&m=index&a=is_login
INFO: [ app_begin ] --START--
INFO: Run Behavior\ReadHtmlCacheBehavior [ RunTime:0.000457s ]
INFO: Run Behavior\CheckLangBehavior [ RunTime:0.000955s ]
INFO: Run Common\Behavior\UrldecodeGetBehavior [ RunTime:0.000389s ]
INFO: [ app_begin ] --END-- [ RunTime:0.002372s ]
NOTIC: [8] Undefined index: url D:\Work\thinkcmf\ThinkCMFX\application\Common\Controller\AppframeController.class.php 第 22 行.

