[ 2017-11-01T01:11:16+08:00 ] 127.0.0.1 /index.php?g=user&m=index&a=is_login
INFO: [ app_begin ] --START--
INFO: Run Behavior\ReadHtmlCacheBehavior [ RunTime:0.000480s ]
INFO: Run Behavior\CheckLangBehavior [ RunTime:0.000872s ]
INFO: Run Common\Behavior\UrldecodeGetBehavior [ RunTime:0.000388s ]
INFO: [ app_begin ] --END-- [ RunTime:0.002322s ]
NOTIC: [8] Undefined index: url D:\Work\thinkcmf\ThinkCMFX\application\Common\Controller\AppframeController.class.php 第 22 行.

[ 2017-11-01T15:17:00+08:00 ] 127.0.0.1 /index.php?g=user&m=index&a=is_login
INFO: [ app_begin ] --START--
INFO: Run Behavior\ReadHtmlCacheBehavior [ RunTime:0.000422s ]
INFO: Run Behavior\CheckLangBehavior [ RunTime:0.001855s ]
INFO: Run Common\Behavior\UrldecodeGetBehavior [ RunTime:0.000705s ]
INFO: [ app_begin ] --END-- [ RunTime:0.003744s ]
NOTIC: [8] Undefined index: url D:\Work\thinkcmf\ThinkCMFX\application\Common\Controller\AppframeController.class.php 第 22 行.

[ 2017-11-01T15:17:02+08:00 ] 127.0.0.1 /index.php?g=user&m=index&a=is_login
INFO: [ app_begin ] --START--
INFO: Run Behavior\ReadHtmlCacheBehavior [ RunTime:0.001429s ]
INFO: Run Behavior\CheckLangBehavior [ RunTime:0.003484s ]
INFO: Run Common\Behavior\UrldecodeGetBehavior [ RunTime:0.001401s ]
INFO: [ app_begin ] --END-- [ RunTime:0.008089s ]
NOTIC: [8] Undefined index: url D:\Work\thinkcmf\ThinkCMFX\application\Common\Controller\AppframeController.class.php 第 22 行.

