[ 2017-10-19T14:32:38+08:00 ] 127.0.0.1 /index.php?g=user&m=index&a=is_login
INFO: [ app_begin ] --START--
INFO: Run Behavior\ReadHtmlCacheBehavior [ RunTime:0.000506s ]
INFO: Run Behavior\CheckLangBehavior [ RunTime:0.000906s ]
INFO: Run Common\Behavior\UrldecodeGetBehavior [ RunTime:0.000347s ]
INFO: [ app_begin ] --END-- [ RunTime:0.002382s ]
NOTIC: [8] Undefined index: url D:\Work\thinkcmf\ThinkCMFX\application\Common\Controller\AppframeController.class.php 第 22 行.

[ 2017-10-19T14:33:41+08:00 ] 127.0.0.1 /index.php?g=user&m=index&a=is_login
INFO: [ app_begin ] --START--
INFO: Run Behavior\ReadHtmlCacheBehavior [ RunTime:0.000507s ]
INFO: Run Behavior\CheckLangBehavior [ RunTime:0.001242s ]
INFO: Run Common\Behavior\UrldecodeGetBehavior [ RunTime:0.000293s ]
INFO: [ app_begin ] --END-- [ RunTime:0.002648s ]
NOTIC: [8] Undefined index: url D:\Work\thinkcmf\ThinkCMFX\application\Common\Controller\AppframeController.class.php 第 22 行.

[ 2017-10-19T14:33:43+08:00 ] 127.0.0.1 /index.php?g=user&m=index&a=is_login
INFO: [ app_begin ] --START--
INFO: Run Behavior\ReadHtmlCacheBehavior [ RunTime:0.000381s ]
INFO: Run Behavior\CheckLangBehavior [ RunTime:0.000696s ]
INFO: Run Common\Behavior\UrldecodeGetBehavior [ RunTime:0.000312s ]
INFO: [ app_begin ] --END-- [ RunTime:0.001802s ]
NOTIC: [8] Undefined index: url D:\Work\thinkcmf\ThinkCMFX\application\Common\Controller\AppframeController.class.php 第 22 行.

[ 2017-10-19T14:33:45+08:00 ] 127.0.0.1 /index.php?g=user&m=index&a=is_login
INFO: [ app_begin ] --START--
INFO: Run Behavior\ReadHtmlCacheBehavior [ RunTime:0.000382s ]
INFO: Run Behavior\CheckLangBehavior [ RunTime:0.000753s ]
INFO: Run Common\Behavior\UrldecodeGetBehavior [ RunTime:0.000237s ]
INFO: [ app_begin ] --END-- [ RunTime:0.001802s ]
NOTIC: [8] Undefined index: url D:\Work\thinkcmf\ThinkCMFX\application\Common\Controller\AppframeController.class.php 第 22 行.

[ 2017-10-19T14:33:46+08:00 ] 127.0.0.1 /index.php?g=user&m=index&a=is_login
INFO: [ app_begin ] --START--
INFO: Run Behavior\ReadHtmlCacheBehavior [ RunTime:0.000418s ]
INFO: Run Behavior\CheckLangBehavior [ RunTime:0.001004s ]
INFO: Run Common\Behavior\UrldecodeGetBehavior [ RunTime:0.000357s ]
INFO: [ app_begin ] --END-- [ RunTime:0.002449s ]
NOTIC: [8] Undefined index: url D:\Work\thinkcmf\ThinkCMFX\application\Common\Controller\AppframeController.class.php 第 22 行.

[ 2017-10-19T15:59:18+08:00 ] 127.0.0.1 /index.php?g=user&m=index&a=is_login
INFO: [ app_begin ] --START--
INFO: Run Behavior\ReadHtmlCacheBehavior [ RunTime:0.000587s ]
INFO: Run Behavior\CheckLangBehavior [ RunTime:0.001102s ]
INFO: Run Common\Behavior\UrldecodeGetBehavior [ RunTime:0.000455s ]
INFO: [ app_begin ] --END-- [ RunTime:0.002714s ]
NOTIC: [8] Undefined index: url D:\Work\thinkcmf\ThinkCMFX\application\Common\Controller\AppframeController.class.php 第 22 行.

[ 2017-10-19T16:04:40+08:00 ] 127.0.0.1 /index.php?g=user&m=index&a=is_login
INFO: [ app_begin ] --START--
INFO: Run Behavior\ReadHtmlCacheBehavior [ RunTime:0.000975s ]
INFO: Run Behavior\CheckLangBehavior [ RunTime:0.002280s ]
INFO: Run Common\Behavior\UrldecodeGetBehavior [ RunTime:0.000666s ]
INFO: [ app_begin ] --END-- [ RunTime:0.004774s ]
NOTIC: [8] Undefined index: url D:\Work\thinkcmf\ThinkCMFX\application\Common\Controller\AppframeController.class.php 第 22 行.

